2025-01-17 23:03:55.202 [info] Starting Python Locator /home/iujeong/.vscode-server/extensions/ms-python.python-2024.22.2/python-env-tools/bin/pet server
2025-01-17 23:03:55.204 [info] Discovered manager: (Conda) /opt/anaconda3/bin/conda
2025-01-17 23:03:55.204 [info] Discovered env: /opt/anaconda3/bin/python
2025-01-17 23:03:55.208 [info] Discovered env: /opt/anaconda3/envs/python=3.13
2025-01-17 23:03:55.209 [info] Discovered env: /opt/anaconda3/envs/env_lsy/bin/python
2025-01-17 23:03:55.209 [info] Discovered env: /opt/anaconda3/envs/aicar/bin/python
2025-01-17 23:03:55.209 [info] Discovered env: /opt/anaconda3/envs/JokerK/bin/python
2025-01-17 23:03:55.209 [info] Discovered env: /opt/anaconda3/envs/autopilot_lsm/bin/python
2025-01-17 23:03:55.209 [info] Discovered env: /opt/anaconda3/envs/cdp310/bin/python
2025-01-17 23:03:55.209 [info] Discovered env: /opt/anaconda3/envs/bin123/bin/python
2025-01-17 23:03:55.209 [info] Discovered env: /opt/anaconda3/envs/myenv/bin/python
2025-01-17 23:03:55.209 [info] Discovered env: /opt/anaconda3/envs/gps/bin/python
2025-01-17 23:03:55.209 [info] Discovered env: /opt/anaconda3/envs/bin345/bin/python
2025-01-17 23:03:55.209 [info] Discovered env: /opt/anaconda3/envs/kaldi/bin/python
2025-01-17 23:03:55.210 [info] Discovered env: /opt/anaconda3/envs/ezh123/bin/python
2025-01-17 23:03:55.210 [info] Discovered env: /opt/anaconda3/envs/bin234/bin/python
2025-01-17 23:03:55.210 [info] Discovered env: /opt/anaconda3/envs/dlalsrb123/bin/python
2025-01-17 23:03:55.210 [info] Discovered env: /opt/anaconda3/envs/hansol/bin/python
2025-01-17 23:03:55.210 [info] Discovered env: /opt/anaconda3/envs/ehdnjs_yolo/bin/python
2025-01-17 23:03:55.210 [info] Discovered env: /opt/anaconda3/envs/goguma/bin/python
2025-01-17 23:03:55.210 [info] Discovered env: /opt/anaconda3/envs/lanenet_env/bin/python
2025-01-17 23:03:55.210 [info] Discovered env: /opt/anaconda3/envs/jayeon/bin/python
2025-01-17 23:03:55.210 [info] Discovered env: /opt/anaconda3/envs/surveybay/bin/python
2025-01-17 23:03:55.210 [info] Discovered env: /opt/anaconda3/envs/golf/bin/python
2025-01-17 23:03:55.210 [info] Discovered env: /opt/anaconda3/envs/test999/bin/python
2025-01-17 23:03:55.210 [info] Discovered env: /opt/anaconda3/envs/newenv/bin/python
2025-01-17 23:03:55.210 [info] Discovered env: /opt/anaconda3/envs/basic/bin/python
2025-01-17 23:03:55.210 [info] Discovered env: /opt/anaconda3/envs/person_tracking/bin/python
2025-01-17 23:03:55.210 [info] Discovered env: /opt/anaconda3/envs/kgjtest/bin/python
2025-01-17 23:03:55.210 [info] Discovered env: /opt/anaconda3/envs/test1299/bin/python
2025-01-17 23:03:55.210 [info] Discovered env: /opt/anaconda3/envs/skaigroove/bin/python
2025-01-17 23:03:55.210 [info] Discovered env: /opt/anaconda3/envs/test1026/bin/python
2025-01-17 23:03:55.210 [info] Discovered env: /opt/anaconda3/envs/yolop/bin/python
2025-01-17 23:03:55.210 [info] Discovered env: /opt/anaconda3/envs/yangpa/bin/python
2025-01-17 23:03:55.210 [info] Discovered env: /opt/anaconda3/envs/water/bin/python
2025-01-17 23:03:55.210 [info] Discovered env: /opt/anaconda3/envs/nanie1664/bin/python
2025-01-17 23:03:55.210 [info] Discovered env: /opt/anaconda3/envs/bk7602/bin/python
2025-01-17 23:03:55.210 [info] Discovered env: /bin/python3
2025-01-17 23:03:55.210 [info] Discovered env: /opt/anaconda3/envs/nanie/bin/python
2025-01-17 23:03:55.210 [info] Discovered env: /usr/bin/python3
2025-01-17 23:03:55.210 [info] Discovered env: /opt/anaconda3/envs/KGJ/bin/python
2025-01-17 23:03:55.210 [info] Discovered env: /opt/anaconda3/envs/msoh/bin/python
2025-01-17 23:03:55.210 [info] Discovered env: /opt/anaconda3/envs/hjjeon/bin/python
2025-01-17 23:03:55.210 [info] Discovered env: /opt/anaconda3/envs/adas_cju/bin/python
2025-01-17 23:03:55.210 [info] Discovered env: /opt/anaconda3/envs/test8737/bin/python
2025-01-17 23:03:55.210 [info] Discovered env: /opt/anaconda3/envs/nanie1/bin/python
2025-01-17 23:03:55.210 [info] Discovered env: /opt/anaconda3/envs/cju_mlane/bin/python
2025-01-17 23:03:55.210 [info] Discovered env: /opt/anaconda3/envs/jha/bin/python
2025-01-17 23:03:55.211 [info] Discovered env: /opt/anaconda3/envs/bogdong/bin/python
2025-01-17 23:03:55.211 [info] Discovered env: /opt/anaconda3/envs/cju/bin/python
2025-01-17 23:03:55.211 [info] Discovered env: /opt/anaconda3/envs/cgh/bin/python
2025-01-17 23:03:55.211 [info] Discovered env: /opt/anaconda3/envs/test123/bin/python
2025-01-17 23:03:55.211 [info] Discovered env: /opt/anaconda3/envs/shkim/bin/python
2025-01-17 23:03:55.211 [info] Discovered env: /opt/anaconda3/envs/torch/bin/python
2025-01-17 23:03:55.211 [info] Locator Conda took 65.247972ms
2025-01-17 23:03:55.211 [info] Locator Homebrew took 82.299µs
2025-01-17 23:03:55.211 [info] Locator LinuxGlobal took 64.428601ms
2025-01-17 23:03:55.211 [info] Locator PipEnv took 51.156µs
2025-01-17 23:03:55.211 [info] Locator Poetry took 298.006µs
2025-01-17 23:03:55.211 [info] Locator PyEnv took 204.663µs
2025-01-17 23:03:55.211 [info] Locator Venv took 69.514µs
2025-01-17 23:03:55.211 [info] Locator VirtualEnv took 72.009µs
2025-01-17 23:03:55.211 [info] Locator VirtualEnvWrapper took 59.19µs
2025-01-17 23:03:55.211 [info] Locator GlobalVirtualEnvs took 406.518µs
2025-01-17 23:03:55.211 [info] Locator Locators took 65.444955ms
2025-01-17 23:03:55.211 [info] Locator Path took 111.590884ms
2025-01-17 23:03:55.211 [info] Locator Workspaces took 1.916825ms
2025-01-17 23:03:55.211 [info] Refresh completed in 111ms
2025-01-17 23:03:55.217 [info] Resolved Python Environment /usr/bin/python3
2025-01-17 23:03:55.325 [info] Resolved Python Environment /bin/python3
2025-01-17 23:08:07.322 [info] Resolved Python Environment /bin/python3
