Visual Studio Code (1.96.3, ssh-remote, desktop)
Jupyter Extension Version: 2024.11.0.
Python Extension Version: 2024.22.2.
Pylance Extension Version: 2024.12.1.
Platform: linux (x64).
Temp Storage folder ~/.vscode-server/data/User/globalStorage/ms-toolsai.jupyter/version-2024.11.0
Workspace folder /home/iujeong, Home = /home/iujeong
12:32:03.919 [warn] No interpreter with path /opt/anaconda3/bin/python found in Python API, will convert Uri path to string as Id /opt/anaconda3/bin/python
12:32:03.920 [warn] No interpreter with path /opt/anaconda3/envs/bogdong/bin/python found in Python API, will convert Uri path to string as Id /opt/anaconda3/envs/bogdong/bin/python
12:32:04.442 [info] Starting Kernel (Python Path: /opt/anaconda3/envs/bogdong/bin/python, Conda, 3.12.8) for '~/Jan_20.ipynb' (disableUI=true)
12:32:04.442 [info] Starting Kernel (Python Path: /opt/anaconda3/envs/bogdong/bin/python, Conda, 3.12.8) for '~/python.ipynb' (disableUI=true)
12:32:05.823 [info] Process Execution: /opt/anaconda3/envs/bogdong/bin/python -c "import ipykernel; print(ipykernel.__version__); print("5dc3a68c-e34e-4080-9c3e-2a532b2ccb4d"); print(ipykernel.__file__)"
12:32:05.847 [info] Process Execution: /opt/anaconda3/envs/bogdong/bin/python -m ipykernel_launcher --f=/home/~/.local/share/jupyter/runtime/kernel-v37a314baeca7344a5bc7e8e342ef4e148d6fd7156.json
    > cwd: //home/~
12:32:05.892 [info] Process Execution: /opt/anaconda3/envs/bogdong/bin/python -c "import ipykernel; print(ipykernel.__version__); print("5dc3a68c-e34e-4080-9c3e-2a532b2ccb4d"); print(ipykernel.__file__)"
12:32:05.894 [info] Process Execution: /opt/anaconda3/envs/bogdong/bin/python -m ipykernel_launcher --f=/home/~/.local/share/jupyter/runtime/kernel-v3bb7600824b931ed3d7179aa6e11aeff7c1088703.json
    > cwd: //home/~
12:32:05.952 [info] Process Execution: /opt/anaconda3/envs/bogdong/bin/python -m pip list
12:32:06.315 [info] Kernel successfully started
12:32:06.319 [info] Process Execution: /opt/anaconda3/envs/bogdong/bin/python /home/~/.vscode-server/extensions/ms-toolsai.jupyter-2024.11.0-linux-x64/pythonFiles/printJupyterDataDir.py
12:32:06.336 [info] Kernel successfully started
12:40:51.555 [warn] Cell completed with errors [iu [Error]: 'yield' outside function (2732473124.py, line 8)
	at n.execute (/home/~/.vscode-server/extensions/ms-toolsai.jupyter-2024.11.0-linux-x64/dist/extension.node.js:297:4958)] {
  ename: 'SyntaxError',
  evalue: "'yield' outside function (2732473124.py, line 8)",
  traceback: [
    '\x1B[0;36m  Cell \x1B[0;32mIn[2], line 8\x1B[0;36m\x1B[0m\n' +
      '\x1B[0;31m    yield line\x1B[0m\n' +
      '\x1B[0m    ^\x1B[0m\n' +
      "\x1B[0;31mSyntaxError\x1B[0m\x1B[0;31m:\x1B[0m 'yield' outside function\n"
  ]
}
12:42:19.386 [warn] Cell completed with errors [iu [Error]: name 'read_large_fil' is not defined
	at n.execute (/home/~/.vscode-server/extensions/ms-toolsai.jupyter-2024.11.0-linux-x64/dist/extension.node.js:297:4958)] {
  ename: 'NameError',
  evalue: "name 'read_large_fil' is not defined",
  traceback: [
    '\x1B[0;31m---------------------------------------------------------------------------\x1B[0m',
    '\x1B[0;31mNameError\x1B[0m                                 Traceback (most recent call last)',
    'Cell \x1B[0;32mIn[3], line 7\x1B[0m\n' +
      '\x1B[1;32m      4\x1B[0m             \x1B[38;5;28;01myield\x1B[39;00m line\n' +
      '\x1B[1;32m      6\x1B[0m \x1B[38;5;66;03m# 재내레이터 사용\x1B[39;00m\n' +
      "\x1B[0;32m----> 7\x1B[0m \x1B[38;5;28;01mfor\x1B[39;00m line \x1B[38;5;129;01min\x1B[39;00m read_large_fil(\x1B[38;5;124m'\x1B[39m\x1B[38;5;124mlarge_text_file.txt\x1B[39m\x1B[38;5;124m'\x1B[39m):\n" +
      "\x1B[1;32m      8\x1B[0m     \x1B[38;5;28mprint\x1B[39m(line, end\x1B[38;5;241m=\x1B[39m\x1B[38;5;124m'\x1B[39m\x1B[38;5;124m'\x1B[39m)\n",
    "\x1B[0;31mNameError\x1B[0m: name 'read_large_fil' is not defined"
  ]
}
12:44:12.748 [warn] Cell completed with errors [iu [Error]: [Errno 2] No such file or directory: 'large_text_file.txt'
	at n.execute (/home/~/.vscode-server/extensions/ms-toolsai.jupyter-2024.11.0-linux-x64/dist/extension.node.js:297:4958)] {
  ename: 'FileNotFoundError',
  evalue: "[Errno 2] No such file or directory: 'large_text_file.txt'",
  traceback: [
    '\x1B[0;31m---------------------------------------------------------------------------\x1B[0m',
    '\x1B[0;31mFileNotFoundError\x1B[0m                         Traceback (most recent call last)',
    'Cell \x1B[0;32mIn[5], line 7\x1B[0m\n' +
      '\x1B[1;32m      4\x1B[0m             \x1B[38;5;28;01myield\x1B[39;00m line\n' +
      '\x1B[1;32m      6\x1B[0m \x1B[38;5;66;03m# 재내레이터 사용\x1B[39;00m\n' +
      "\x1B[0;32m----> 7\x1B[0m \x1B[38;5;28;01mfor\x1B[39;00m line \x1B[38;5;129;01min\x1B[39;00m read_large_file(\x1B[38;5;124m'\x1B[39m\x1B[38;5;124mlarge_text_file.txt\x1B[39m\x1B[38;5;124m'\x1B[39m):\n" +
      "\x1B[1;32m      8\x1B[0m     \x1B[38;5;28mprint\x1B[39m(line, end\x1B[38;5;241m=\x1B[39m\x1B[38;5;124m'\x1B[39m\x1B[38;5;124m'\x1B[39m)\n",
    'Cell \x1B[0;32mIn[5], line 2\x1B[0m, in \x1B[0;36mread_large_file\x1B[0;34m(file_path)\x1B[0m\n' +
      '\x1B[1;32m      1\x1B[0m \x1B[38;5;28;01mdef\x1B[39;00m  \x1B[38;5;21mread_large_file\x1B[39m(file_path):\n' +
      "\x1B[0;32m----> 2\x1B[0m     \x1B[38;5;28;01mwith\x1B[39;00m \x1B[38;5;28mopen\x1B[39m(file_path, \x1B[38;5;124m'\x1B[39m\x1B[38;5;124mr\x1B[39m\x1B[38;5;124m'\x1B[39m) \x1B[38;5;28;01mas\x1B[39;00m file:\n" +
      '\x1B[1;32m      3\x1B[0m         \x1B[38;5;28;01mfor\x1B[39;00m line \x1B[38;5;129;01min\x1B[39;00m file:\n' +
      '\x1B[1;32m      4\x1B[0m             \x1B[38;5;28;01myield\x1B[39;00m line\n',
    'File \x1B[0;32m/opt/anaconda3/envs/bogdong/lib/python3.12/site-packages/IPython/core/interactiveshell.py:324\x1B[0m, in \x1B[0;36m_modified_open\x1B[0;34m(file, *args, **kwargs)\x1B[0m\n' +
      '\x1B[1;32m    317\x1B[0m \x1B[38;5;28;01mif\x1B[39;00m file \x1B[38;5;129;01min\x1B[39;00m {\x1B[38;5;241m0\x1B[39m, \x1B[38;5;241m1\x1B[39m, \x1B[38;5;241m2\x1B[39m}:\n' +
      '\x1B[1;32m    318\x1B[0m     \x1B[38;5;28;01mraise\x1B[39;00m \x1B[38;5;167;01mValueError\x1B[39;00m(\n' +
      `\x1B[1;32m    319\x1B[0m         \x1B[38;5;124mf\x1B[39m\x1B[38;5;124m"\x1B[39m\x1B[38;5;124mIPython won\x1B[39m\x1B[38;5;124m'\x1B[39m\x1B[38;5;124mt let you open fd=\x1B[39m\x1B[38;5;132;01m{\x1B[39;00mfile\x1B[38;5;132;01m}\x1B[39;00m\x1B[38;5;124m by default \x1B[39m\x1B[38;5;124m"\x1B[39m\n` +
      '\x1B[1;32m    320\x1B[0m         \x1B[38;5;124m"\x1B[39m\x1B[38;5;124mas it is likely to crash IPython. If you know what you are doing, \x1B[39m\x1B[38;5;124m"\x1B[39m\n' +
      `\x1B[1;32m    321\x1B[0m         \x1B[38;5;124m"\x1B[39m\x1B[38;5;124myou can use builtins\x1B[39m\x1B[38;5;124m'\x1B[39m\x1B[38;5;124m open.\x1B[39m\x1B[38;5;124m"\x1B[39m\n` +
      '\x1B[1;32m    322\x1B[0m     )\n' +
      '\x1B[0;32m--> 324\x1B[0m \x1B[38;5;28;01mreturn\x1B[39;00m io_open(file, \x1B[38;5;241m*\x1B[39margs, \x1B[38;5;241m*\x1B[39m\x1B[38;5;241m*\x1B[39mkwargs)\n',
    "\x1B[0;31mFileNotFoundError\x1B[0m: [Errno 2] No such file or directory: 'large_text_file.txt'"
  ]
}
14:52:20.181 [warn] Cell completed with errors [iu [Error]: module 'os' has no attribute 'systm'
	at n.execute (/home/~/.vscode-server/extensions/ms-toolsai.jupyter-2024.11.0-linux-x64/dist/extension.node.js:297:4958)] {
  ename: 'AttributeError',
  evalue: "module 'os' has no attribute 'systm'",
  traceback: [
    '\x1B[0;31m---------------------------------------------------------------------------\x1B[0m',
    '\x1B[0;31mAttributeError\x1B[0m                            Traceback (most recent call last)',
    'Cell \x1B[0;32mIn[13], line 4\x1B[0m\n' +
      '\x1B[1;32m      1\x1B[0m \x1B[38;5;66;03m# 프로세스 제어\x1B[39;00m\n' +
      '\x1B[1;32m      2\x1B[0m \x1B[38;5;66;03m# 운영 체제 명령 실행\x1B[39;00m\n' +
      `\x1B[1;32m      3\x1B[0m os\x1B[38;5;241m.\x1B[39msystem(\x1B[38;5;124m"\x1B[39m\x1B[38;5;124mecho \x1B[39m\x1B[38;5;124m'\x1B[39m\x1B[38;5;124mHello, World!\x1B[39m\x1B[38;5;124m'\x1B[39m\x1B[38;5;124m"\x1B[39m)\n` +
      '\x1B[0;32m----> 4\x1B[0m os\x1B[38;5;241m.\x1B[39msystm(\x1B[38;5;124m"\x1B[39m\x1B[38;5;124mLS\x1B[39m\x1B[38;5;124m"\x1B[39m)\n' +
      '\x1B[1;32m      6\x1B[0m \x1B[38;5;66;03m# 현재 프로세스 ID 출력\x1B[39;00m\n' +
      '\x1B[1;32m      7\x1B[0m \x1B[38;5;28mprint\x1B[39m(\x1B[38;5;124m"\x1B[39m\x1B[38;5;124m현재 프로세스 ID:\x1B[39m\x1B[38;5;124m"\x1B[39m, os\x1B[38;5;241m.\x1B[39mgetpid())\n',
    "\x1B[0;31mAttributeError\x1B[0m: module 'os' has no attribute 'systm'"
  ]
}
14:52:41.041 [warn] Cell completed with errors [iu [Error]: module 'os' has no attribute 'systm'
	at n.execute (/home/~/.vscode-server/extensions/ms-toolsai.jupyter-2024.11.0-linux-x64/dist/extension.node.js:297:4958)] {
  ename: 'AttributeError',
  evalue: "module 'os' has no attribute 'systm'",
  traceback: [
    '\x1B[0;31m---------------------------------------------------------------------------\x1B[0m',
    '\x1B[0;31mAttributeError\x1B[0m                            Traceback (most recent call last)',
    'Cell \x1B[0;32mIn[14], line 4\x1B[0m\n' +
      '\x1B[1;32m      1\x1B[0m \x1B[38;5;66;03m# 프로세스 제어\x1B[39;00m\n' +
      '\x1B[1;32m      2\x1B[0m \x1B[38;5;66;03m# 운영 체제 명령 실행\x1B[39;00m\n' +
      `\x1B[1;32m      3\x1B[0m os\x1B[38;5;241m.\x1B[39msystem(\x1B[38;5;124m"\x1B[39m\x1B[38;5;124mecho \x1B[39m\x1B[38;5;124m'\x1B[39m\x1B[38;5;124mHello, World!\x1B[39m\x1B[38;5;124m'\x1B[39m\x1B[38;5;124m"\x1B[39m)\n` +
      '\x1B[0;32m----> 4\x1B[0m os\x1B[38;5;241m.\x1B[39msystm(\x1B[38;5;124m"\x1B[39m\x1B[38;5;124mls\x1B[39m\x1B[38;5;124m"\x1B[39m)\n' +
      '\x1B[1;32m      6\x1B[0m \x1B[38;5;66;03m# 현재 프로세스 ID 출력\x1B[39;00m\n' +
      '\x1B[1;32m      7\x1B[0m \x1B[38;5;28mprint\x1B[39m(\x1B[38;5;124m"\x1B[39m\x1B[38;5;124m현재 프로세스 ID:\x1B[39m\x1B[38;5;124m"\x1B[39m, os\x1B[38;5;241m.\x1B[39mgetpid())\n',
    "\x1B[0;31mAttributeError\x1B[0m: module 'os' has no attribute 'systm'"
  ]
}
14:52:45.338 [info] Disposing request as the cell (-1) was deleted ~/Jan_20.ipynb
