2025-01-20 15:54:09.465 [info] 실험 'pythonRecommendTensorboardExt'이(가) 활성 상태입니다.
2025-01-20 15:54:09.465 [info] 실험 'pythonTerminalEnvVarActivation'이(가) 활성 상태입니다.
2025-01-20 15:54:09.465 [info] 실험 'pythonTestAdapter'이(가) 활성 상태입니다.
2025-01-20 15:54:09.465 [info] Native locator: Refresh started
2025-01-20 15:54:09.465 [info] Native locator: Refresh started
2025-01-20 15:54:09.465 [info] Native locator: Refresh started
2025-01-20 15:54:09.476 [info] > pyenv which python
2025-01-20 15:54:09.476 [info] cwd: .
2025-01-20 15:54:09.556 [info] > conda info --json
2025-01-20 15:54:09.558 [info] Conda environment manager found at: /opt/anaconda3/bin/conda
2025-01-20 15:54:09.707 [info] Native locator: Refresh finished in 935 ms
2025-01-20 15:54:09.709 [info] Python 인터프리터 경로: /bin/python3
2025-01-20 15:54:09.751 [info] > /opt/anaconda3/bin/conda info --json
2025-01-20 15:54:09.927 [info] Discover tests for workspace name: iujeong - uri: /home/iujeong/script.py
2025-01-20 15:54:10.210 [info] > /opt/anaconda3/bin/conda run -n bogdong --no-capture-output python ./.vscode-server/extensions/ms-python.python-2024.22.2/python_files/get_output_via_markers.py ./.vscode-server/extensions/ms-python.python-2024.22.2/python_files/printEnvVariables.py
2025-01-20 15:54:10.210 [info] shell: bash
2025-01-20 15:54:10.210 [info] > /opt/anaconda3/bin/conda run -n bogdong --no-capture-output python ./.vscode-server/extensions/ms-python.python-2024.22.2/python_files/get_output_via_markers.py ./.vscode-server/extensions/ms-python.python-2024.22.2/python_files/printEnvVariables.py
2025-01-20 15:54:10.210 [info] shell: bash
2025-01-20 15:54:12.043 [info] Discover tests for workspace name: iujeong - uri: /home/iujeong/Study/my_package3/module2.py
2025-01-20 15:54:20.178 [info] Pylance 언어 서버를 시작하는 중입니다.
2025-01-20 16:38:54.098 [info] > /opt/anaconda3/bin/conda run -n bogdong --no-capture-output python ./.vscode-server/extensions/ms-python.python-2024.22.2/python_files/get_output_via_markers.py ./.vscode-server/extensions/ms-python.python-2024.22.2/python_files/printEnvVariables.py
2025-01-20 16:38:54.098 [info] shell: bash
2025-01-20 16:38:54.101 [info] > /opt/anaconda3/bin/conda run -n bogdong --no-capture-output python ./.vscode-server/extensions/ms-python.python-2024.22.2/python_files/get_output_via_markers.py ./.vscode-server/extensions/ms-python.python-2024.22.2/python_files/printEnvVariables.py
2025-01-20 16:38:54.101 [info] shell: bash
2025-01-20 16:53:54.181 [info] Discover tests for workspace name: iujeong - uri: /home/iujeong/project/withpaw/main.py
2025-01-20 16:56:28.698 [info] Discover tests for workspace name: iujeong - uri: /home/iujeong/project/withpaw/user_management.py
2025-01-20 16:57:57.567 [info] Discover tests for workspace name: iujeong - uri: /home/iujeong/project/withpaw/main.py
2025-01-20 17:01:54.760 [info] Discover tests for workspace name: iujeong - uri: /home/iujeong/project/withpaw/main.py
2025-01-20 17:06:00.231 [info] Discover tests for workspace name: iujeong - uri: /home/iujeong/project/withpaw/pet_management.py
2025-01-20 17:08:11.501 [info] Discover tests for workspace name: iujeong - uri: /home/iujeong/project/withpaw/main.py
2025-01-20 17:09:24.314 [info] Discover tests for workspace name: iujeong - uri: /home/iujeong/project/withpaw/main.py
2025-01-20 17:10:28.407 [info] Discover tests for workspace name: iujeong - uri: /home/iujeong/project/withpaw/main.py
2025-01-20 17:10:29.564 [info] Discover tests for workspace name: iujeong - uri: /home/iujeong/project/withpaw/main.py
2025-01-20 17:12:52.360 [info] Discover tests for workspace name: iujeong - uri: /home/iujeong/project/withpaw/main.py
2025-01-20 17:15:11.834 [info] Discover tests for workspace name: iujeong - uri: /home/iujeong/project/withpaw/database.py
2025-01-20 17:15:12.298 [info] Discover tests for workspace name: iujeong - uri: /home/iujeong/project/withpaw/database.py
2025-01-20 17:16:04.565 [info] Discover tests for workspace name: iujeong - uri: /home/iujeong/project/withpaw/database.py
2025-01-20 17:16:24.896 [info] Discover tests for workspace name: iujeong - uri: /home/iujeong/project/withpaw/database.py
2025-01-20 17:16:25.376 [info] Discover tests for workspace name: iujeong - uri: /home/iujeong/project/withpaw/database.py
2025-01-20 17:18:35.443 [info] Discover tests for workspace name: iujeong - uri: /home/iujeong/project/withpaw/main.py
