2025-01-17 16:04:17.224 [info] Extension host with pid 213516 started
2025-01-17 16:04:17.232 [info] Lock '/home/iujeong/.vscode-server/data/User/workspaceStorage/d93eea3a3c3f435b3cabd9cc82da6704/vscode.lock': Lock acquired.
2025-01-17 16:04:17.261 [info] Eager extensions activated
2025-01-17 16:04:20.291 [info] ExtensionService#_doActivateExtension vscode.debug-auto-launch, startup: false, activationEvent: 'onStartupFinished'
2025-01-17 16:04:20.291 [info] ExtensionService#_doActivateExtension vscode.git-base, startup: false, activationEvent: '*', root cause: vscode.git
2025-01-17 16:04:20.292 [info] ExtensionService#_doActivateExtension vscode.merge-conflict, startup: false, activationEvent: 'onStartupFinished'
2025-01-17 16:04:20.303 [info] ExtensionService#_doActivateExtension vscode.git, startup: false, activationEvent: '*'
2025-01-17 16:04:20.303 [info] ExtensionService#_doActivateExtension vscode.github, startup: false, activationEvent: '*'
2025-01-17 16:13:17.284 [info] ExtensionService#_doActivateExtension vscode.emmet, startup: false, activationEvent: 'onLanguage'
2025-01-17 16:27:12.459 [info] ExtensionService#_doActivateExtension YuTengjing.vscode-colorize-plus, startup: false, activationEvent: 'onStartupFinished'
2025-01-17 16:27:24.198 [info] ExtensionService#_doActivateExtension mechatroner.rainbow-csv, startup: false, activationEvent: 'onLanguage:plaintext'
2025-01-17 16:29:11.071 [info] ExtensionService#_doActivateExtension innerlee.nvidia-smi, startup: false, activationEvent: '*'
2025-01-17 16:29:16.184 [info] ExtensionService#_doActivateExtension RSIP-Vision.nvidia-smi-plus, startup: false, activationEvent: 'onStartupFinished'
2025-01-17 16:29:37.329 [info] ExtensionService#_doActivateExtension vscode.configuration-editing, startup: false, activationEvent: 'onLanguage:jsonc'
2025-01-17 16:29:37.329 [info] ExtensionService#_doActivateExtension vscode.json-language-features, startup: false, activationEvent: 'onLanguage:jsonc'
2025-01-17 16:29:37.329 [info] ExtensionService#_doActivateExtension vscode.typescript-language-features, startup: false, activationEvent: 'onLanguage:jsonc'
2025-01-17 16:29:43.980 [info] ExtensionService#_doActivateExtension mutantdino.resourcemonitor, startup: false, activationEvent: '*'
2025-01-17 16:30:40.895 [info] ExtensionService#_doActivateExtension vscode.extension-editing, startup: false, activationEvent: 'onLanguage:json'
2025-01-17 16:30:40.895 [info] ExtensionService#_doActivateExtension vscode.npm, startup: false, activationEvent: 'onLanguage:json'
2025-01-17 16:37:45.069 [info] ExtensionService#_doActivateExtension hoovercj.vscode-power-mode, startup: false, activationEvent: 'onStartupFinished'
2025-01-17 17:16:05.453 [info] Extension host terminating: received terminate message from renderer
2025-01-17 17:16:05.460 [info] Lock '/home/iujeong/.vscode-server/data/User/workspaceStorage/d93eea3a3c3f435b3cabd9cc82da6704/vscode.lock': Marking the lockfile as scheduled to be released in 6000 ms.
2025-01-17 17:16:05.477 [info] Extension host with pid 213516 exiting with code 0
