2025-01-21 09:00:59.687 [info] 실험 'pythonRecommendTensorboardExt'이(가) 활성 상태입니다.
2025-01-21 09:00:59.687 [info] 실험 'pythonTerminalEnvVarActivation'이(가) 활성 상태입니다.
2025-01-21 09:00:59.687 [info] 실험 'pythonTestAdapter'이(가) 활성 상태입니다.
2025-01-21 09:00:59.687 [info] Native locator: Refresh started
2025-01-21 09:00:59.687 [info] Native locator: Refresh started
2025-01-21 09:00:59.687 [info] Native locator: Refresh started
2025-01-21 09:00:59.697 [info] > pyenv which python
2025-01-21 09:00:59.697 [info] cwd: .
2025-01-21 09:00:59.736 [info] > conda info --json
2025-01-21 09:00:59.738 [info] Conda environment manager found at: /opt/anaconda3/bin/conda
2025-01-21 09:01:00.027 [info] Native locator: Refresh finished in 884 ms
2025-01-21 09:01:00.029 [info] Python 인터프리터 경로: /bin/python3
2025-01-21 09:01:00.073 [info] > /opt/anaconda3/bin/conda info --json
2025-01-21 09:01:00.524 [info] > /opt/anaconda3/bin/conda run -n bogdong --no-capture-output python ./.vscode-server/extensions/ms-python.python-2024.22.2/python_files/get_output_via_markers.py ./.vscode-server/extensions/ms-python.python-2024.22.2/python_files/printEnvVariables.py
2025-01-21 09:01:00.524 [info] shell: bash
2025-01-21 09:01:00.524 [info] > /opt/anaconda3/bin/conda run -n bogdong --no-capture-output python ./.vscode-server/extensions/ms-python.python-2024.22.2/python_files/get_output_via_markers.py ./.vscode-server/extensions/ms-python.python-2024.22.2/python_files/printEnvVariables.py
2025-01-21 09:01:00.524 [info] shell: bash
2025-01-21 09:01:10.195 [info] Pylance 언어 서버를 시작하는 중입니다.
2025-01-21 09:04:27.026 [info] Discover tests for workspace name: iujeong - uri: /home/iujeong/project/withpaw/main.py
2025-01-21 09:04:27.581 [info] Discover tests for workspace name: iujeong - uri: /home/iujeong/project/withpaw/main.py
2025-01-21 09:04:30.490 [info] Discover tests for workspace name: iujeong - uri: /home/iujeong/project/withpaw/database.py
2025-01-21 09:04:31.600 [info] Discover tests for workspace name: iujeong - uri: /home/iujeong/project/withpaw/pet_management.py
2025-01-21 09:04:33.067 [info] Discover tests for workspace name: iujeong - uri: /home/iujeong/project/withpaw/user_management.py
2025-01-21 09:04:37.973 [info] Discover tests for workspace name: iujeong - uri: /home/iujeong/Study/main.py
2025-01-21 09:09:46.543 [info] Discover tests for workspace name: iujeong - uri: /home/iujeong/project/withpaw/data_visualization.py
2025-01-21 09:09:47.381 [info] Discover tests for workspace name: iujeong - uri: /home/iujeong/project/withpaw/data_visualization.py
2025-01-21 09:09:47.870 [info] Discover tests for workspace name: iujeong - uri: /home/iujeong/project/withpaw/data_visualization.py
2025-01-21 09:09:56.096 [info] Discover tests for workspace name: iujeong - uri: /home/iujeong/project/withpaw/main.py
2025-01-21 09:09:56.857 [info] Discover tests for workspace name: iujeong - uri: /home/iujeong/project/withpaw/main.py
2025-01-21 09:10:23.114 [info] Discover tests for workspace name: iujeong - uri: /home/iujeong/project/withpaw/data_visualization.py
2025-01-21 09:10:24.059 [info] Discover tests for workspace name: iujeong - uri: /home/iujeong/project/withpaw/data_visualization.py
2025-01-21 09:11:01.509 [info] Discover tests for workspace name: iujeong - uri: /home/iujeong/project/withpaw/data_visualization.py
2025-01-21 09:11:01.761 [info] Discover tests for workspace name: iujeong - uri: /home/iujeong/project/withpaw/data_visualization.py
2025-01-21 09:11:02.767 [info] Discover tests for workspace name: iujeong - uri: /home/iujeong/project/withpaw/main.py
2025-01-21 09:13:53.543 [info] Discover tests for workspace name: iujeong - uri: /home/iujeong/project/withpaw/main.py
2025-01-21 09:13:54.138 [info] Discover tests for workspace name: iujeong - uri: /home/iujeong/project/withpaw/main.py
2025-01-21 09:14:23.411 [info] Discover tests for workspace name: iujeong - uri: /home/iujeong/project/withpaw/data_visualization.py
2025-01-21 09:14:24.320 [info] Discover tests for workspace name: iujeong - uri: /home/iujeong/project/withpaw/data_visualization.py
