Visual Studio Code (1.96.3, ssh-remote, desktop)
Jupyter Extension Version: 2024.11.0.
Python Extension Version: 2024.22.2.
Pylance Extension Version: 2024.12.1.
Platform: linux (x64).
Temp Storage folder ~/.vscode-server/data/User/globalStorage/ms-toolsai.jupyter/version-2024.11.0
Workspace folder /home/iujeong, Home = /home/iujeong
12:05:48.844 [info] Starting Kernel (Python Path: /opt/anaconda3/envs/bogdong/bin/python, Conda, 3.12.8) for '~/Study/250117.ipynb' (disableUI=true)
12:05:49.959 [info] Process Execution: /opt/anaconda3/envs/bogdong/bin/python -m pip list
12:05:49.976 [info] Process Execution: /opt/anaconda3/envs/bogdong/bin/python -c "import ipykernel; print(ipykernel.__version__); print("5dc3a68c-e34e-4080-9c3e-2a532b2ccb4d"); print(ipykernel.__file__)"
12:05:49.978 [info] Process Execution: /opt/anaconda3/envs/bogdong/bin/python -m ipykernel_launcher --f=/home/~/.local/share/jupyter/runtime/kernel-v3300929dd2707741096d076e03ffd9f3f6c5b774d.json
    > cwd: //home/~/Study
12:05:50.233 [info] Kernel successfully started
12:05:50.237 [info] Process Execution: /opt/anaconda3/envs/bogdong/bin/python /home/~/.vscode-server/extensions/ms-toolsai.jupyter-2024.11.0-linux-x64/pythonFiles/printJupyterDataDir.py
12:19:01.335 [warn] Cell completed with errors [iu [Error]: 'set' object has no attribute 'get'
	at n.execute (/home/~/.vscode-server/extensions/ms-toolsai.jupyter-2024.11.0-linux-x64/dist/extension.node.js:297:4958)] {
  ename: 'AttributeError',
  evalue: "'set' object has no attribute 'get'",
  traceback: [
    '\x1B[0;31m---------------------------------------------------------------------------\x1B[0m',
    '\x1B[0;31mAttributeError\x1B[0m                            Traceback (most recent call last)',
    'Cell \x1B[0;32mIn[10], line 3\x1B[0m\n' +
      '\x1B[1;32m      1\x1B[0m unique_numbers \x1B[38;5;241m=\x1B[39m {\x1B[38;5;241m1\x1B[39m, \x1B[38;5;241m2\x1B[39m, \x1B[38;5;241m3\x1B[39m, \x1B[38;5;241m4\x1B[39m, \x1B[38;5;241m5\x1B[39m}\n' +
      '\x1B[1;32m      2\x1B[0m unique_numbers\x1B[38;5;241m.\x1B[39madd(\x1B[38;5;241m6\x1B[39m)\n' +
      '\x1B[0;32m----> 3\x1B[0m \x1B[38;5;28mprint\x1B[39m(unique_numbers\x1B[38;5;241m.\x1B[39mget)\n',
    "\x1B[0;31mAttributeError\x1B[0m: 'set' object has no attribute 'get'"
  ]
}
12:41:17.646 [warn] Cell completed with errors [iu [Error]: 'int' object is not iterable
	at n.execute (/home/~/.vscode-server/extensions/ms-toolsai.jupyter-2024.11.0-linux-x64/dist/extension.node.js:297:4958)] {
  ename: 'TypeError',
  evalue: "'int' object is not iterable",
  traceback: [
    '\x1B[0;31m---------------------------------------------------------------------------\x1B[0m',
    '\x1B[0;31mTypeError\x1B[0m                                 Traceback (most recent call last)',
    'Cell \x1B[0;32mIn[18], line 3\x1B[0m\n' +
      '\x1B[1;32m      1\x1B[0m num1 \x1B[38;5;241m=\x1B[39m \x1B[38;5;28mint\x1B[39m(\x1B[38;5;28minput\x1B[39m(\x1B[38;5;124m"\x1B[39m\x1B[38;5;124m첫 번째 숫자를 입력하세요: \x1B[39m\x1B[38;5;124m"\x1B[39m))\n' +
      '\x1B[1;32m      2\x1B[0m num2 \x1B[38;5;241m=\x1B[39m \x1B[38;5;28mint\x1B[39m(\x1B[38;5;28minput\x1B[39m(\x1B[38;5;124m"\x1B[39m\x1B[38;5;124m두 번째 숫자를 입력하세요: \x1B[39m\x1B[38;5;124m"\x1B[39m))\n' +
      '\x1B[0;32m----> 3\x1B[0m \x1B[38;5;28mprint\x1B[39m(\x1B[38;5;28msum\x1B[39m(num1 \x1B[38;5;241m+\x1B[39m num2))\n',
    "\x1B[0;31mTypeError\x1B[0m: 'int' object is not iterable"
  ]
}
12:41:41.744 [warn] Cell completed with errors [iu [Error]: 'int' object is not iterable
	at n.execute (/home/~/.vscode-server/extensions/ms-toolsai.jupyter-2024.11.0-linux-x64/dist/extension.node.js:297:4958)] {
  ename: 'TypeError',
  evalue: "'int' object is not iterable",
  traceback: [
    '\x1B[0;31m---------------------------------------------------------------------------\x1B[0m',
    '\x1B[0;31mTypeError\x1B[0m                                 Traceback (most recent call last)',
    'Cell \x1B[0;32mIn[19], line 3\x1B[0m\n' +
      '\x1B[1;32m      1\x1B[0m num1 \x1B[38;5;241m=\x1B[39m \x1B[38;5;28mint\x1B[39m(\x1B[38;5;28minput\x1B[39m(\x1B[38;5;124m"\x1B[39m\x1B[38;5;124m첫 번째 숫자를 입력하세요: \x1B[39m\x1B[38;5;124m"\x1B[39m))\n' +
      '\x1B[1;32m      2\x1B[0m num2 \x1B[38;5;241m=\x1B[39m \x1B[38;5;28mint\x1B[39m(\x1B[38;5;28minput\x1B[39m(\x1B[38;5;124m"\x1B[39m\x1B[38;5;124m두 번째 숫자를 입력하세요: \x1B[39m\x1B[38;5;124m"\x1B[39m))\n' +
      '\x1B[0;32m----> 3\x1B[0m num \x1B[38;5;241m=\x1B[39m \x1B[38;5;28msum\x1B[39m(num1 \x1B[38;5;241m+\x1B[39m num2)\n' +
      '\x1B[1;32m      4\x1B[0m \x1B[38;5;28mprint\x1B[39m(num)\n',
    "\x1B[0;31mTypeError\x1B[0m: 'int' object is not iterable"
  ]
}
12:47:22.776 [info] Starting Kernel (Python Path: /opt/anaconda3/envs/bogdong/bin/python, Conda, 3.12.8) for '~/Study/250118_game.ipynb' (disableUI=true)
12:47:23.794 [info] Process Execution: /opt/anaconda3/envs/bogdong/bin/python -m pip list
12:47:23.812 [info] Process Execution: /opt/anaconda3/envs/bogdong/bin/python -c "import ipykernel; print(ipykernel.__version__); print("5dc3a68c-e34e-4080-9c3e-2a532b2ccb4d"); print(ipykernel.__file__)"
12:47:23.814 [info] Process Execution: /opt/anaconda3/envs/bogdong/bin/python -m ipykernel_launcher --f=/home/~/.local/share/jupyter/runtime/kernel-v34c8d6503c9a0569ac76b98797fd0569f6678e058.json
    > cwd: //home/~/Study
12:47:24.050 [info] Kernel successfully started
12:52:53.582 [warn] Cell completed with errors [iu [Error]: Kernel.raw_input() takes from 1 to 2 positional arguments but 5 were given
	at n.execute (/home/~/.vscode-server/extensions/ms-toolsai.jupyter-2024.11.0-linux-x64/dist/extension.node.js:297:4958)] {
  ename: 'TypeError',
  evalue: 'Kernel.raw_input() takes from 1 to 2 positional arguments but 5 were given',
  traceback: [
    '\x1B[0;31m---------------------------------------------------------------------------\x1B[0m',
    '\x1B[0;31mTypeError\x1B[0m                                 Traceback (most recent call last)',
    'Cell \x1B[0;32mIn[1], line 17\x1B[0m\n' +
      '\x1B[1;32m     14\x1B[0m         \x1B[38;5;28;01mreturn\x1B[39;00m \x1B[38;5;28mself\x1B[39m\x1B[38;5;241m.\x1B[39mhealth \x1B[38;5;241m>\x1B[39m \x1B[38;5;241m0\x1B[39m\n' +
      '\x1B[1;32m     16\x1B[0m \x1B[38;5;66;03m# 캐릭터 생성\x1B[39;00m\n' +
      '\x1B[0;32m---> 17\x1B[0m player \x1B[38;5;241m=\x1B[39m Character(\x1B[38;5;28minput\x1B[39m(\x1B[38;5;124m"\x1B[39m\x1B[38;5;124m이름을 입럭하세요: \x1B[39m\x1B[38;5;124m"\x1B[39m, \x1B[38;5;241m100\x1B[39m, \x1B[38;5;241m20\x1B[39m, \x1B[38;5;241m10\x1B[39m))\n' +
      '\x1B[1;32m     18\x1B[0m \x1B[38;5;28mprint\x1B[39m(\x1B[38;5;124mf\x1B[39m\x1B[38;5;124m"\x1B[39m\x1B[38;5;132;01m{\x1B[39;00mplayer\x1B[38;5;241m.\x1B[39mname\x1B[38;5;132;01m}\x1B[39;00m\x1B[38;5;124m 캐릭터가 생성되었습니다! 체력: \x1B[39m\x1B[38;5;132;01m{\x1B[39;00mplayer\x1B[38;5;241m.\x1B[39mhealth\x1B[38;5;132;01m}\x1B[39;00m\x1B[38;5;124m, 공격력: \x1B[39m\x1B[38;5;132;01m{\x1B[39;00mplayer\x1B[38;5;241m.\x1B[39mattack\x1B[38;5;132;01m}\x1B[39;00m\x1B[38;5;124m, 방어력: \x1B[39m\x1B[38;5;132;01m{\x1B[39;00mplayer\x1B[38;5;241m.\x1B[39mdefense\x1B[38;5;132;01m}\x1B[39;00m\x1B[38;5;124m"\x1B[39m)\n',
    '\x1B[0;31mTypeError\x1B[0m: Kernel.raw_input() takes from 1 to 2 positional arguments but 5 were given'
  ]
}
12:53:25.887 [warn] Cell completed with errors [iu [Error]: unmatched ')' (1206646879.py, line 17)
	at n.execute (/home/~/.vscode-server/extensions/ms-toolsai.jupyter-2024.11.0-linux-x64/dist/extension.node.js:297:4958)] {
  ename: 'SyntaxError',
  evalue: "unmatched ')' (1206646879.py, line 17)",
  traceback: [
    '\x1B[0;36m  Cell \x1B[0;32mIn[2], line 17\x1B[0;36m\x1B[0m\n' +
      '\x1B[0;31m    player = Character("유정", 100, 20, 10))\x1B[0m\n' +
      '\x1B[0m                                         ^\x1B[0m\n' +
      "\x1B[0;31mSyntaxError\x1B[0m\x1B[0;31m:\x1B[0m unmatched ')'\n"
  ]
}
13:00:21.394 [info] Interrupt kernel execution
13:00:21.394 [info] Interrupt requested ~/Study/250118_game.ipynb
13:00:21.397 [info] Interrupt kernel execution
13:00:21.398 [info] Interrupting kernel: python3128jvsc74a57bd08825821440f3862603bbdaf866cc8ac10bfab06393672815caa87c47036074fb
13:00:21.398 [info] Interrupting kernel via SIGINT
13:00:21.440 [warn] Cell completed with errors (cancelled)
13:00:21.441 [info] Interrupt requested & sent for ~/Study/250118_game.ipynb in notebookEditor.
13:12:09.087 [warn] Cell completed with errors [iu [Error]: 'Character' object has no attribute 'exp'
	at n.execute (/home/~/.vscode-server/extensions/ms-toolsai.jupyter-2024.11.0-linux-x64/dist/extension.node.js:297:4958)] {
  ename: 'AttributeError',
  evalue: "'Character' object has no attribute 'exp'",
  traceback: [
    '\x1B[0;31m---------------------------------------------------------------------------\x1B[0m',
    '\x1B[0;31mAttributeError\x1B[0m                            Traceback (most recent call last)',
    'Cell \x1B[0;32mIn[8], line 1\x1B[0m\n' +
      '\x1B[0;32m----> 1\x1B[0m player\x1B[38;5;241m.\x1B[39mexp \x1B[38;5;241m+\x1B[39m\x1B[38;5;241m=\x1B[39m \x1B[38;5;241m50\x1B[39m\n' +
      '\x1B[1;32m      2\x1B[0m \x1B[38;5;28;01mif\x1B[39;00m player\x1B[38;5;241m.\x1B[39mexp \x1B[38;5;241m>\x1B[39m\x1B[38;5;241m=\x1B[39m \x1B[38;5;241m100\x1B[39m:\n' +
      '\x1B[1;32m      3\x1B[0m     player\x1B[38;5;241m.\x1B[39mleverl \x1B[38;5;241m+\x1B[39m\x1B[38;5;241m=\x1B[39m \x1B[38;5;241m1\x1B[39m\n',
    "\x1B[0;31mAttributeError\x1B[0m: 'Character' object has no attribute 'exp'"
  ]
}
13:18:59.825 [warn] Cell completed with errors [iu [Error]: 'Character' object has no attribute 'exp'
	at n.execute (/home/~/.vscode-server/extensions/ms-toolsai.jupyter-2024.11.0-linux-x64/dist/extension.node.js:297:4958)] {
  ename: 'AttributeError',
  evalue: "'Character' object has no attribute 'exp'",
  traceback: [
    '\x1B[0;31m---------------------------------------------------------------------------\x1B[0m',
    '\x1B[0;31mAttributeError\x1B[0m                            Traceback (most recent call last)',
    'Cell \x1B[0;32mIn[9], line 1\x1B[0m\n' +
      '\x1B[0;32m----> 1\x1B[0m player\x1B[38;5;241m.\x1B[39mexp \x1B[38;5;241m+\x1B[39m\x1B[38;5;241m=\x1B[39m \x1B[38;5;241m50\x1B[39m\n' +
      '\x1B[1;32m      2\x1B[0m \x1B[38;5;28;01mif\x1B[39;00m player\x1B[38;5;241m.\x1B[39mexp \x1B[38;5;241m>\x1B[39m\x1B[38;5;241m=\x1B[39m \x1B[38;5;241m100\x1B[39m:\n' +
      '\x1B[1;32m      3\x1B[0m     player\x1B[38;5;241m.\x1B[39mlevel \x1B[38;5;241m+\x1B[39m\x1B[38;5;241m=\x1B[39m \x1B[38;5;241m1\x1B[39m\n',
    "\x1B[0;31mAttributeError\x1B[0m: 'Character' object has no attribute 'exp'"
  ]
}
13:20:59.656 [info] Disposing request as the cell (-1) was deleted ~/Study/250118_game.ipynb
13:21:30.727 [info] Disposing request as the cell (-1) was deleted ~/Study/250118_game.ipynb
13:21:30.727 [info] Disposing request as the cell (-1) was deleted ~/Study/250118_game.ipynb
13:21:32.271 [info] Disposing request as the cell (-1) was deleted ~/Study/250118_game.ipynb
13:29:35.283 [warn] Error in background execution:
 Traceback (most recent call last):
  File "/tmp/ipykernel_92017/84227734.py", line 17, in bg_main
    output.update({"application/vnd.vscode.bg.execution.606.result": do_implementation()}, raw=True)
                                                                     ^^^^^^^^^^^^^^^^^^^
  File "/tmp/ipykernel_92017/84227734.py", line 13, in do_implementation
    return get_ipython().kernel.do_complete("# 캐릭터 생성\nclass Character:\n    def __init__(self, name, health, attack, defense, exp):\n        self.name = name\n        self.health = health\n        self.attack = attack\n        self.defense = defense\n        self.exp = 0\n        self.level = 1\n\n    def take_damage(self, damage):\n        self.health -= damage\n        if self.health < 0:\n            self.health = 0\n\n    def is_alive(self):\n        return self.health > 0\n    \n    def is_alive(self):\n        return self.health > 0\n    \n    def level_up(self):\n        self.level += 1\n        self.exp = 0\n        self.health += 50\n        self.attack += 5\n        print(f\"축하합니다! {self.name}이(가) 레벨 {self.level}로 올라갔습니다!\")\n        print(f\"새로운 체력: {self.health}, 공격력: {self.attack}\")\n\n# 몬스터 클래스\nclass Monster:\n    def __init__(self, name, health, attack):\n        self.name = name\n        self.health = health\n        self.attack = attack\n\n    def take_damage(self, damage):\n        self.health -= damage\n        if self.health < 0:\n            self.health = 0\n        \n    def is_alive(self):\n        return self.health > 0\n\n# 캐릭터 생성\nplayer = Character(\"유정\", 100, 20, 10)\nprint(f\"{player.name} 캐릭터가 생성되었습니다! 체력: {player.health}, 공격력: {player.attack}, 방어력: {player.defense}\")\n\n# 몬스터 생성\nmonster = Monster(\"슬라임\", 50, 10)\nprint(f\"{monster.name}이(가) 나타났습니다! 체력: {monster.health}, 공격력: {monster.attack}\")\n\n\n# 전투 시스템\nimport random\n\ninventory = [\"포션\"]\n\nwhile player.is_alive() and monster.is_alive():\n    print(f\"\\n{player.name}: {player.health} 체력\")\n    print(f\"{monster.name}: {monster.health} 체력\")\n\n    action = input(\"공격하러면 '1', 방어하려면 '2', 포션을 사용하려면 '3'을 입력하세요: \")\n\n    if action == \"1\":\n        # 플레이어의 공격\n        damage = player.attack\n        monster.take_damage(damage)\n        print(f\"{player.name}이(가) {monster.name}에게 {damage} 데미지를 입혔습니다!\")\n    elif action == \"2\":\n        print(f\"{player.name}이(가) 방어 태세를 취합니다!\")\n    elif action == \"3\":\n        # 포션 사용\n        if \"포션\" in inventory:\n            print(\"꿀꺽! 포션을 사용하여 체력을 20 회복했습니다!\")\n            player.he\n\n    # 몬스터의 공격\n    if monster.is_alive():\n        damage = monster.attack - player.defense\n        if damage < 0:\n            damage = 0\n        player.take_damage(damage)\n        print(f\"{monster.name}이(가) {player.name}에게 {damage} 데미지를 입혔습니다!\")\n\n# 전투 결과\nif player.is_alive():\n    print(f\"\\n{player.name}이(가) 승리했습니다!\")\nelse:\n    print(f\"\\n{monster.name}이(가) 승리했습니다!\")\n\n# 포션\n    inventory = [\"포션\"]\nif \"포션\" in inventory:\n    print(\"포션을 사용하여 체력을 회복합니다!\")\n    player.health += 20\n", 2006)
           ^^^^^^^^^^^^^^^^^^^^^^^^^^^^^^^^^^^^^^^^^^^^^^^^^^^^^^^^^^^^^^^^^^^^^^^^^^^^^^^^^^^^^^^^^^^^^^^^^^^^^^^^^^^^^^^^^^^^^^^^^^^^^^^^^^^^^^^^^^^^^^^^^^^^^^^^^^^^^^^^^^^^^^^^^^^^^^^^^^^^^^^^^^^^^^^^^^^^^^^^^^^^^^^^^^^^^^^^^^^^^^^^^^^^^^^^^^^^^^^^^^^^^^^^^^^^^^^^^^^^^^^^^^^^^^^^^^^^^^^^^^^^^^^^^^^^^^^^^^^^^^^^^^^^^^^^^^^^^^^^^^^^^^^^^^^^^^^^^^^^^^^^^^^^^^^^^^^^^^^^^^^^^^^^^^^^^^^^^^^^^^^^^^^^^^^^^^^^^^^^^^^^^^^^^^^^^^^^^^^^^^^^^^^^^^^^^^^^^^^^^^^^^^^^^^^^^^^^^^^^^^^^^^^^^^^^^^^^^^^^^^^^^^^^^^^^^^^^^^^^^^^^^^^^^^^^^^^^^^^^^^^^^^^^^^^^^^^^^^^^^^^^^^^^^^^^^^^^^^^^^^^^^^^^^^^^^^^^^^^^^^^^^^^^^^^^^^^^^^^^^^^^^^^^^^^^^^^^^^^^^^^^^^^^^^^^^^^^^^^^^^^^^^^^^^^^^^^^^^^^^^^^^^^^^^^^^^^^^^^^^^^^^^^^^^^^^^^^^^^^^^^^^^^^^^^^^^^^^^^^^^^^^^^^^^^^^^^^^^^^^^^^^^^^^^^^^^^^^^^^^^^^^^^^^^^^^^^^^^^^^^^^^^^^^^^^^^^^^^^^^^^^^^^^^^^^^^^^^^^^^^^^^^^^^^^^^^^^^^^^^^^^^^^^^^^^^^^^^^^^^^^^^^^^^^^^^^^^^^^^^^^^^^^^^^^^^^^^^^^^^^^^^^^^^^^^^^^^^^^^^^^^^^^^^^^^^^^^^^^^^^^^^^^^^^^^^^^^^^^^^^^^^^^^^^^^^^^^^^^^^^^^^^^^^^^^^^^^^^^^^^^^^^^^^^^^^^^^^^^^^^^^^^^^^^^^^^^^^^^^^^^^^^^^^^^^^^^^^^^^^^^^^^^^^^^^^^^^^^^^^^^^^^^^^^^^^^^^^^^^^^^^^^^^^^^^^^^^^^^^^^^^^^^^^^^^^^^^^^^^^^^^^^^^^^^^^^^^^^^^^^^^^^^^^^^^^^^^^^^^^^^^^^^^^^^^^^^^^^^^^^^^^^^^^^^^^^^^^^^^^^^^^^^^^^^^^^^^^^^^^^^^^^^^^^^^^^^^^^^^^^^^^^^^^^^^^^^^^^^^^^^^^^^^^^^^^^^^^^^^^^^^^^^^^^^^^^^^^^^^^^^^^^^^^^^^^^^^^^^^^^^^^^^^^^^^^^^^^^^^^^^^^^^^^^^^^^^^^^^^^^^^^^^^^^^^^^^^^^^^^^^^^^^^^^^^^^^^^^^^^^^^^^^^^^^^^^^^^^^^^^^^^^^^^^^^^^^^^^^^^^^^^^^^^^^^^^^^^^^^^^^^^^^^^^^^^^^^^^^^^^^^^^^^^^^^^^^^^^^^^^^^^^^^^^^^^^^^^^^^^^^^^^^^^^^^^^^^^^^^^^^^^^^^^^^^^^^^^^^^^^^^^^^^^^^^^^^^^^^^^^^^^^^^^^^^^^^^^^^^^^^^^^^^^^^^^^^^^^^^^^^^^^^^^^^^^^^^^^^^^^^^^^^^^^^^^^^^^^^^^^^^^^^^^^^^^^^^^^^^^^^^^^^^^^^^^^^^^^^^^^^^^^^^^^^^^^^^^^^^^^^^^^^^^^^^^^^^^^^^^^^^^^^^^^^^^^^^^^^^^^^^^^^^^^^^^^^^^^^^^^^^^^^^^^^^^^^^^^^^^^^^^^^^^^^^^^^^^^^^^^^^^^^^^^^^^^^^^^^^^^^^^^^^^^^^^^^^^^^^^^^^^^^^^^^^^^^^^^^^^^^^^^^^^^^^^^^^^^^^^^^^^^^^^^^^^^^^^^^^^^^^^^^^^^^^^^^^^^^^^^^^^^^^^^^^^^^^^^^^^^^^^^^^^^^^^^^^^^^^^^^^^^^^^^^^^^^^^^^^^^^^^^^^^^^^^^^^^^^^^^^^^^^^^^^^^^^^^^^^^^^^^^^^^^^^^^^^^^^^^^^^^^^^^^^^^^^^^^^^^^^^^^^^^^^^^^^^^^^^^^^^^^^^^^^^^^^^^^^^^^^^^^^^^^^^^^^^^^^^^^^^^^^^^^^^^^^^^^^^^^^^^^^^^^^^^^^^^^^^^^^^^^^^^^^^^^^^^^^^^^^^^^^^^^^^^^^^^^^^^^^^^^^^^^^^^^^^^^^^^^^^^^^^^^^^^^^^^^^^^^^^^^^^^^^^^^^^^^^^^^^^^^^^^^^^^^^^^^^^^^^^^^^^^^^^^^^^^^^^^^^^^^^^^^^^^^^^^^^^^^^^^^^^^^^^^^^^^^^^^^^^^^^^^^^^^^^^^^^^^^^^^^^^^^^^^^^^^^^^^^^^^^^^^^^^^^^^^^^^^^^^^^^^^^^^^^^^^^^^^^^^^^^^^^^^^^^^^^^^^^^^^^^^^^^^^^^^^^^^^^^^^^^^^^^^^^^^^^^^^^^^^^^^^^^^^^^^^^^^^^^^^^^^^^^^^^^^^^^^^^^^^^^^^^^^^^^^^^^^^^^^^^^^^^^^^^^^^^^^^^^^^^^^^^^^^^^^^^^^^^^^^^^^^^^^^^^^^^^^^^^^^^^^^^^^^^^^^^^^^^^^^^^^^^^^^^^^^^^^^^^^^^^^^^^^^^^^^^^^^^^^^^^^^^^^^^^^^^^^^^^^^^^^^^^^^^^^^^^^^^^^^^^^^^^^^^^^^^^^^^^^^^^^^^^^^^^^^^^^^^^^^^^^^^^^^^^^^^^^^^^^^^^^^^^^^^^^^^^^^^^^^^^^^^^^^^^^^^^^^^^^^^^^^^^^^^^^^^^^^^^^^^^^^^^^^^^^^^^^^^^^^^^^^^^^^^^^^^^^^^^
  File "/opt/anaconda3/envs/bogdong/lib/python3.12/site-packages/ipykernel/ipkernel.py", line 509, in do_complete
    return self._experimental_do_complete(code, cursor_pos)
           ^^^^^^^^^^^^^^^^^^^^^^^^^^^^^^^^^^^^^^^^^^^^^^^^
  File "/opt/anaconda3/envs/bogdong/lib/python3.12/site-packages/ipykernel/ipkernel.py", line 545, in _experimental_do_complete
    completions = list(_rectify_completions(code, raw_completions))
                  ^^^^^^^^^^^^^^^^^^^^^^^^^^^^^^^^^^^^^^^^^^^^^^^^^
  File "/opt/anaconda3/envs/bogdong/lib/python3.12/site-packages/IPython/core/completer.py", line 886, in rectify_completions
    completions = list(completions)
                  ^^^^^^^^^^^^^^^^^
  File "/opt/anaconda3/envs/bogdong/lib/python3.12/site-packages/IPython/core/completer.py", line 2871, in completions
    for c in self._completions(text, offset, _timeout=self.jedi_compute_type_timeout/1000):
             ^^^^^^^^^^^^^^^^^^^^^^^^^^^^^^^^^^^^^^^^^^^^^^^^^^^^^^^^^^^^^^^^^^^^^^^^^^^^^
  File "/opt/anaconda3/envs/bogdong/lib/python3.12/site-packages/IPython/core/completer.py", line 3003, in _completions
    assert before.endswith(matched_text)
           ^^^^^^^^^^^^^^^^^^^^^^^^^^^^^
AssertionError

13:30:57.944 [warn] Cell completed with errors [iu [Error]: Character.__init__() missing 1 required positional argument: 'exp'
	at n.execute (/home/~/.vscode-server/extensions/ms-toolsai.jupyter-2024.11.0-linux-x64/dist/extension.node.js:297:4958)] {
  ename: 'TypeError',
  evalue: "Character.__init__() missing 1 required positional argument: 'exp'",
  traceback: [
    '\x1B[0;31m---------------------------------------------------------------------------\x1B[0m',
    '\x1B[0;31mTypeError\x1B[0m                                 Traceback (most recent call last)',
    'Cell \x1B[0;32mIn[10], line 46\x1B[0m\n' +
      '\x1B[1;32m     43\x1B[0m         \x1B[38;5;28;01mreturn\x1B[39;00m \x1B[38;5;28mself\x1B[39m\x1B[38;5;241m.\x1B[39mhealth \x1B[38;5;241m>\x1B[39m \x1B[38;5;241m0\x1B[39m\n' +
      '\x1B[1;32m     45\x1B[0m \x1B[38;5;66;03m# 캐릭터 생성\x1B[39;00m\n' +
      '\x1B[0;32m---> 46\x1B[0m player \x1B[38;5;241m=\x1B[39m Character(\x1B[38;5;124m"\x1B[39m\x1B[38;5;124m유정\x1B[39m\x1B[38;5;124m"\x1B[39m, \x1B[38;5;241m100\x1B[39m, \x1B[38;5;241m20\x1B[39m, \x1B[38;5;241m10\x1B[39m)\n' +
      '\x1B[1;32m     47\x1B[0m \x1B[38;5;28mprint\x1B[39m(\x1B[38;5;124mf\x1B[39m\x1B[38;5;124m"\x1B[39m\x1B[38;5;132;01m{\x1B[39;00mplayer\x1B[38;5;241m.\x1B[39mname\x1B[38;5;132;01m}\x1B[39;00m\x1B[38;5;124m 캐릭터가 생성되었습니다! 체력: \x1B[39m\x1B[38;5;132;01m{\x1B[39;00mplayer\x1B[38;5;241m.\x1B[39mhealth\x1B[38;5;132;01m}\x1B[39;00m\x1B[38;5;124m, 공격력: \x1B[39m\x1B[38;5;132;01m{\x1B[39;00mplayer\x1B[38;5;241m.\x1B[39mattack\x1B[38;5;132;01m}\x1B[39;00m\x1B[38;5;124m, 방어력: \x1B[39m\x1B[38;5;132;01m{\x1B[39;00mplayer\x1B[38;5;241m.\x1B[39mdefense\x1B[38;5;132;01m}\x1B[39;00m\x1B[38;5;124m"\x1B[39m)\n' +
      '\x1B[1;32m     49\x1B[0m \x1B[38;5;66;03m# 몬스터 생성\x1B[39;00m\n',
    "\x1B[0;31mTypeError\x1B[0m: Character.__init__() missing 1 required positional argument: 'exp'"
  ]
}
13:31:00.611 [warn] Cell completed with errors [iu [Error]: Character.__init__() missing 1 required positional argument: 'exp'
	at n.execute (/home/~/.vscode-server/extensions/ms-toolsai.jupyter-2024.11.0-linux-x64/dist/extension.node.js:297:4958)] {
  ename: 'TypeError',
  evalue: "Character.__init__() missing 1 required positional argument: 'exp'",
  traceback: [
    '\x1B[0;31m---------------------------------------------------------------------------\x1B[0m',
    '\x1B[0;31mTypeError\x1B[0m                                 Traceback (most recent call last)',
    'Cell \x1B[0;32mIn[11], line 46\x1B[0m\n' +
      '\x1B[1;32m     43\x1B[0m         \x1B[38;5;28;01mreturn\x1B[39;00m \x1B[38;5;28mself\x1B[39m\x1B[38;5;241m.\x1B[39mhealth \x1B[38;5;241m>\x1B[39m \x1B[38;5;241m0\x1B[39m\n' +
      '\x1B[1;32m     45\x1B[0m \x1B[38;5;66;03m# 캐릭터 생성\x1B[39;00m\n' +
      '\x1B[0;32m---> 46\x1B[0m player \x1B[38;5;241m=\x1B[39m Character(\x1B[38;5;124m"\x1B[39m\x1B[38;5;124m유정\x1B[39m\x1B[38;5;124m"\x1B[39m, \x1B[38;5;241m100\x1B[39m, \x1B[38;5;241m20\x1B[39m, \x1B[38;5;241m10\x1B[39m)\n' +
      '\x1B[1;32m     47\x1B[0m \x1B[38;5;28mprint\x1B[39m(\x1B[38;5;124mf\x1B[39m\x1B[38;5;124m"\x1B[39m\x1B[38;5;132;01m{\x1B[39;00mplayer\x1B[38;5;241m.\x1B[39mname\x1B[38;5;132;01m}\x1B[39;00m\x1B[38;5;124m 캐릭터가 생성되었습니다! 체력: \x1B[39m\x1B[38;5;132;01m{\x1B[39;00mplayer\x1B[38;5;241m.\x1B[39mhealth\x1B[38;5;132;01m}\x1B[39;00m\x1B[38;5;124m, 공격력: \x1B[39m\x1B[38;5;132;01m{\x1B[39;00mplayer\x1B[38;5;241m.\x1B[39mattack\x1B[38;5;132;01m}\x1B[39;00m\x1B[38;5;124m, 방어력: \x1B[39m\x1B[38;5;132;01m{\x1B[39;00mplayer\x1B[38;5;241m.\x1B[39mdefense\x1B[38;5;132;01m}\x1B[39;00m\x1B[38;5;124m"\x1B[39m)\n' +
      '\x1B[1;32m     49\x1B[0m \x1B[38;5;66;03m# 몬스터 생성\x1B[39;00m\n',
    "\x1B[0;31mTypeError\x1B[0m: Character.__init__() missing 1 required positional argument: 'exp'"
  ]
}
13:32:50.569 [warn] Cell completed with errors [iu [Error]: Character.__init__() missing 1 required positional argument: 'exp'
	at n.execute (/home/~/.vscode-server/extensions/ms-toolsai.jupyter-2024.11.0-linux-x64/dist/extension.node.js:297:4958)] {
  ename: 'TypeError',
  evalue: "Character.__init__() missing 1 required positional argument: 'exp'",
  traceback: [
    '\x1B[0;31m---------------------------------------------------------------------------\x1B[0m',
    '\x1B[0;31mTypeError\x1B[0m                                 Traceback (most recent call last)',
    'Cell \x1B[0;32mIn[12], line 43\x1B[0m\n' +
      '\x1B[1;32m     40\x1B[0m         \x1B[38;5;28;01mreturn\x1B[39;00m \x1B[38;5;28mself\x1B[39m\x1B[38;5;241m.\x1B[39mhealth \x1B[38;5;241m>\x1B[39m \x1B[38;5;241m0\x1B[39m\n' +
      '\x1B[1;32m     42\x1B[0m \x1B[38;5;66;03m# 캐릭터 생성\x1B[39;00m\n' +
      '\x1B[0;32m---> 43\x1B[0m player \x1B[38;5;241m=\x1B[39m Character(\x1B[38;5;124m"\x1B[39m\x1B[38;5;124m유정\x1B[39m\x1B[38;5;124m"\x1B[39m, \x1B[38;5;241m100\x1B[39m, \x1B[38;5;241m20\x1B[39m, \x1B[38;5;241m10\x1B[39m)\n' +
      '\x1B[1;32m     44\x1B[0m \x1B[38;5;28mprint\x1B[39m(\x1B[38;5;124mf\x1B[39m\x1B[38;5;124m"\x1B[39m\x1B[38;5;132;01m{\x1B[39;00mplayer\x1B[38;5;241m.\x1B[39mname\x1B[38;5;132;01m}\x1B[39;00m\x1B[38;5;124m 캐릭터가 생성되었습니다! 체력: \x1B[39m\x1B[38;5;132;01m{\x1B[39;00mplayer\x1B[38;5;241m.\x1B[39mhealth\x1B[38;5;132;01m}\x1B[39;00m\x1B[38;5;124m, 공격력: \x1B[39m\x1B[38;5;132;01m{\x1B[39;00mplayer\x1B[38;5;241m.\x1B[39mattack\x1B[38;5;132;01m}\x1B[39;00m\x1B[38;5;124m, 방어력: \x1B[39m\x1B[38;5;132;01m{\x1B[39;00mplayer\x1B[38;5;241m.\x1B[39mdefense\x1B[38;5;132;01m}\x1B[39;00m\x1B[38;5;124m"\x1B[39m)\n' +
      '\x1B[1;32m     46\x1B[0m \x1B[38;5;66;03m# 몬스터 생성\x1B[39;00m\n',
    "\x1B[0;31mTypeError\x1B[0m: Character.__init__() missing 1 required positional argument: 'exp'"
  ]
}
13:33:24.422 [warn] Cell completed with errors [iu [Error]: Character.__init__() takes 6 positional arguments but 7 were given
	at n.execute (/home/~/.vscode-server/extensions/ms-toolsai.jupyter-2024.11.0-linux-x64/dist/extension.node.js:297:4958)] {
  ename: 'TypeError',
  evalue: 'Character.__init__() takes 6 positional arguments but 7 were given',
  traceback: [
    '\x1B[0;31m---------------------------------------------------------------------------\x1B[0m',
    '\x1B[0;31mTypeError\x1B[0m                                 Traceback (most recent call last)',
    'Cell \x1B[0;32mIn[13], line 43\x1B[0m\n' +
      '\x1B[1;32m     40\x1B[0m         \x1B[38;5;28;01mreturn\x1B[39;00m \x1B[38;5;28mself\x1B[39m\x1B[38;5;241m.\x1B[39mhealth \x1B[38;5;241m>\x1B[39m \x1B[38;5;241m0\x1B[39m\n' +
      '\x1B[1;32m     42\x1B[0m \x1B[38;5;66;03m# 캐릭터 생성\x1B[39;00m\n' +
      '\x1B[0;32m---> 43\x1B[0m player \x1B[38;5;241m=\x1B[39m Character(\x1B[38;5;124m"\x1B[39m\x1B[38;5;124m유정\x1B[39m\x1B[38;5;124m"\x1B[39m, \x1B[38;5;241m100\x1B[39m, \x1B[38;5;241m20\x1B[39m, \x1B[38;5;241m10\x1B[39m, \x1B[38;5;241m0\x1B[39m, \x1B[38;5;241m1\x1B[39m)\n' +
      '\x1B[1;32m     44\x1B[0m \x1B[38;5;28mprint\x1B[39m(\x1B[38;5;124mf\x1B[39m\x1B[38;5;124m"\x1B[39m\x1B[38;5;132;01m{\x1B[39;00mplayer\x1B[38;5;241m.\x1B[39mname\x1B[38;5;132;01m}\x1B[39;00m\x1B[38;5;124m 캐릭터가 생성되었습니다! 체력: \x1B[39m\x1B[38;5;132;01m{\x1B[39;00mplayer\x1B[38;5;241m.\x1B[39mhealth\x1B[38;5;132;01m}\x1B[39;00m\x1B[38;5;124m, 공격력: \x1B[39m\x1B[38;5;132;01m{\x1B[39;00mplayer\x1B[38;5;241m.\x1B[39mattack\x1B[38;5;132;01m}\x1B[39;00m\x1B[38;5;124m, 방어력: \x1B[39m\x1B[38;5;132;01m{\x1B[39;00mplayer\x1B[38;5;241m.\x1B[39mdefense\x1B[38;5;132;01m}\x1B[39;00m\x1B[38;5;124m"\x1B[39m)\n' +
      '\x1B[1;32m     46\x1B[0m \x1B[38;5;66;03m# 몬스터 생성\x1B[39;00m\n',
    '\x1B[0;31mTypeError\x1B[0m: Character.__init__() takes 6 positional arguments but 7 were given'
  ]
}
13:41:00.423 [warn] Cell completed with errors [iu [Error]: invalid syntax. Perhaps you forgot a comma? (4164921759.py, line 50)
	at n.execute (/home/~/.vscode-server/extensions/ms-toolsai.jupyter-2024.11.0-linux-x64/dist/extension.node.js:297:4958)] {
  ename: 'SyntaxError',
  evalue: 'invalid syntax. Perhaps you forgot a comma? (4164921759.py, line 50)',
  traceback: [
    '\x1B[0;36m  Cell \x1B[0;32mIn[15], line 50\x1B[0;36m\x1B[0m\n' +
      '\x1B[0;31m    Monster("슬라임", 50, 10)\x1B[0m\n' +
      '\x1B[0m    ^\x1B[0m\n' +
      '\x1B[0;31mSyntaxError\x1B[0m\x1B[0;31m:\x1B[0m invalid syntax. Perhaps you forgot a comma?\n'
  ]
}
13:43:43.020 [warn] Cell completed with errors [iu [Error]: 'list' object has no attribute 'name'
	at n.execute (/home/~/.vscode-server/extensions/ms-toolsai.jupyter-2024.11.0-linux-x64/dist/extension.node.js:297:4958)] {
  ename: 'AttributeError',
  evalue: "'list' object has no attribute 'name'",
  traceback: [
    '\x1B[0;31m---------------------------------------------------------------------------\x1B[0m',
    '\x1B[0;31mAttributeError\x1B[0m                            Traceback (most recent call last)',
    'Cell \x1B[0;32mIn[17], line 56\x1B[0m\n' +
      '\x1B[1;32m     54\x1B[0m current_monster \x1B[38;5;241m=\x1B[39m random\x1B[38;5;241m.\x1B[39mchoice(monsters)\n' +
      '\x1B[1;32m     55\x1B[0m current_monster \x1B[38;5;241m=\x1B[39m random\x1B[38;5;241m.\x1B[39mchoice(monsters)\n' +
      '\x1B[0;32m---> 56\x1B[0m \x1B[38;5;28mprint\x1B[39m(\x1B[38;5;124mf\x1B[39m\x1B[38;5;124m"\x1B[39m\x1B[38;5;132;01m{\x1B[39;00mmonsters\x1B[38;5;241m.\x1B[39mname\x1B[38;5;132;01m}\x1B[39;00m\x1B[38;5;124m이(가) 나타났습니다! 체력: \x1B[39m\x1B[38;5;132;01m{\x1B[39;00mmonsters\x1B[38;5;241m.\x1B[39mhealth\x1B[38;5;132;01m}\x1B[39;00m\x1B[38;5;124m, 공격력: \x1B[39m\x1B[38;5;132;01m{\x1B[39;00mmonsters\x1B[38;5;241m.\x1B[39mattack\x1B[38;5;132;01m}\x1B[39;00m\x1B[38;5;124m"\x1B[39m)\n' +
      '\x1B[1;32m     59\x1B[0m \x1B[38;5;66;03m# 전투 시스템\x1B[39;00m\n' +
      '\x1B[1;32m     60\x1B[0m \x1B[38;5;28;01mimport\x1B[39;00m \x1B[38;5;21;01mrandom\x1B[39;00m\n',
    "\x1B[0;31mAttributeError\x1B[0m: 'list' object has no attribute 'name'"
  ]
}
13:44:49.648 [warn] Cell completed with errors [iu [Error]: 'list' object has no attribute 'name'
	at n.execute (/home/~/.vscode-server/extensions/ms-toolsai.jupyter-2024.11.0-linux-x64/dist/extension.node.js:297:4958)] {
  ename: 'AttributeError',
  evalue: "'list' object has no attribute 'name'",
  traceback: [
    '\x1B[0;31m---------------------------------------------------------------------------\x1B[0m',
    '\x1B[0;31mAttributeError\x1B[0m                            Traceback (most recent call last)',
    'Cell \x1B[0;32mIn[18], line 55\x1B[0m\n' +
      '\x1B[1;32m     49\x1B[0m monsters \x1B[38;5;241m=\x1B[39m [\n' +
      '\x1B[1;32m     50\x1B[0m     Monster(\x1B[38;5;124m"\x1B[39m\x1B[38;5;124m슬라임\x1B[39m\x1B[38;5;124m"\x1B[39m, \x1B[38;5;241m50\x1B[39m, \x1B[38;5;241m10\x1B[39m),\n' +
      '\x1B[1;32m     51\x1B[0m     Monster(\x1B[38;5;124m"\x1B[39m\x1B[38;5;124m고블린\x1B[39m\x1B[38;5;124m"\x1B[39m, \x1B[38;5;241m80\x1B[39m, \x1B[38;5;241m15\x1B[39m),\n' +
      '\x1B[1;32m     52\x1B[0m     Monster(\x1B[38;5;124m"\x1B[39m\x1B[38;5;124m드래곤\x1B[39m\x1B[38;5;124m"\x1B[39m, \x1B[38;5;241m200\x1B[39m, \x1B[38;5;241m50\x1B[39m)\n' +
      '\x1B[1;32m     53\x1B[0m ]\n' +
      '\x1B[1;32m     54\x1B[0m current_monster \x1B[38;5;241m=\x1B[39m random\x1B[38;5;241m.\x1B[39mchoice(monsters)\n' +
      '\x1B[0;32m---> 55\x1B[0m \x1B[38;5;28mprint\x1B[39m(\x1B[38;5;124mf\x1B[39m\x1B[38;5;124m"\x1B[39m\x1B[38;5;132;01m{\x1B[39;00mmonsters\x1B[38;5;241m.\x1B[39mname\x1B[38;5;132;01m}\x1B[39;00m\x1B[38;5;124m이(가) 나타났습니다! 체력: \x1B[39m\x1B[38;5;132;01m{\x1B[39;00mmonsters\x1B[38;5;241m.\x1B[39mhealth\x1B[38;5;132;01m}\x1B[39;00m\x1B[38;5;124m, 공격력: \x1B[39m\x1B[38;5;132;01m{\x1B[39;00mmonsters\x1B[38;5;241m.\x1B[39mattack\x1B[38;5;132;01m}\x1B[39;00m\x1B[38;5;124m"\x1B[39m)\n' +
      '\x1B[1;32m     58\x1B[0m \x1B[38;5;66;03m# 전투 시스템\x1B[39;00m\n' +
      '\x1B[1;32m     59\x1B[0m \x1B[38;5;28;01mimport\x1B[39;00m \x1B[38;5;21;01mrandom\x1B[39;00m\n',
    "\x1B[0;31mAttributeError\x1B[0m: 'list' object has no attribute 'name'"
  ]
}
13:45:06.315 [warn] Cell completed with errors [iu [Error]: 'list' object has no attribute 'name'
	at n.execute (/home/~/.vscode-server/extensions/ms-toolsai.jupyter-2024.11.0-linux-x64/dist/extension.node.js:297:4958)] {
  ename: 'AttributeError',
  evalue: "'list' object has no attribute 'name'",
  traceback: [
    '\x1B[0;31m---------------------------------------------------------------------------\x1B[0m',
    '\x1B[0;31mAttributeError\x1B[0m                            Traceback (most recent call last)',
    'Cell \x1B[0;32mIn[19], line 55\x1B[0m\n' +
      '\x1B[1;32m     49\x1B[0m monsters \x1B[38;5;241m=\x1B[39m [\n' +
      '\x1B[1;32m     50\x1B[0m     Monster(\x1B[38;5;124m"\x1B[39m\x1B[38;5;124m슬라임\x1B[39m\x1B[38;5;124m"\x1B[39m, \x1B[38;5;241m50\x1B[39m, \x1B[38;5;241m10\x1B[39m),\n' +
      '\x1B[1;32m     51\x1B[0m     Monster(\x1B[38;5;124m"\x1B[39m\x1B[38;5;124m고블린\x1B[39m\x1B[38;5;124m"\x1B[39m, \x1B[38;5;241m80\x1B[39m, \x1B[38;5;241m15\x1B[39m),\n' +
      '\x1B[1;32m     52\x1B[0m     Monster(\x1B[38;5;124m"\x1B[39m\x1B[38;5;124m드래곤\x1B[39m\x1B[38;5;124m"\x1B[39m, \x1B[38;5;241m200\x1B[39m, \x1B[38;5;241m50\x1B[39m)\n' +
      '\x1B[1;32m     53\x1B[0m ]\n' +
      '\x1B[1;32m     54\x1B[0m current_monster \x1B[38;5;241m=\x1B[39m random\x1B[38;5;241m.\x1B[39mchoice(monsters)\n' +
      '\x1B[0;32m---> 55\x1B[0m \x1B[38;5;28mprint\x1B[39m(\x1B[38;5;124mf\x1B[39m\x1B[38;5;124m"\x1B[39m\x1B[38;5;132;01m{\x1B[39;00mmonsters\x1B[38;5;241m.\x1B[39mname\x1B[38;5;132;01m}\x1B[39;00m\x1B[38;5;124m이(가) 나타났습니다! 체력: \x1B[39m\x1B[38;5;132;01m{\x1B[39;00mmonsters\x1B[38;5;241m.\x1B[39mhealth\x1B[38;5;132;01m}\x1B[39;00m\x1B[38;5;124m, 공격력: \x1B[39m\x1B[38;5;132;01m{\x1B[39;00mmonsters\x1B[38;5;241m.\x1B[39mattack\x1B[38;5;132;01m}\x1B[39;00m\x1B[38;5;124m"\x1B[39m)\n' +
      '\x1B[1;32m     58\x1B[0m \x1B[38;5;66;03m# 전투 시스템\x1B[39;00m\n' +
      '\x1B[1;32m     59\x1B[0m \x1B[38;5;28;01mimport\x1B[39;00m \x1B[38;5;21;01mrandom\x1B[39;00m\n',
    "\x1B[0;31mAttributeError\x1B[0m: 'list' object has no attribute 'name'"
  ]
}
13:46:47.997 [warn] Cell completed with errors [iu [Error]: expected an indented block after 'if' statement on line 27 (3132704637.py, line 28)
	at n.execute (/home/~/.vscode-server/extensions/ms-toolsai.jupyter-2024.11.0-linux-x64/dist/extension.node.js:297:4958)] {
  ename: 'IndentationError',
  evalue: "expected an indented block after 'if' statement on line 27 (3132704637.py, line 28)",
  traceback: [
    '\x1B[0;36m  Cell \x1B[0;32mIn[20], line 28\x1B[0;36m\x1B[0m\n' +
      '\x1B[0;31m    print(f"\\n{player.name}이(가) {monster.name}을(를) 처치했습니다!")\x1B[0m\n' +
      '\x1B[0m    ^\x1B[0m\n' +
      "\x1B[0;31mIndentationError\x1B[0m\x1B[0;31m:\x1B[0m expected an indented block after 'if' statement on line 27\n"
  ]
}
13:47:36.490 [warn] Cell completed with errors [iu [Error]: expected an indented block after 'if' statement on line 24 (3256019203.py, line 25)
	at n.execute (/home/~/.vscode-server/extensions/ms-toolsai.jupyter-2024.11.0-linux-x64/dist/extension.node.js:297:4958)] {
  ename: 'IndentationError',
  evalue: "expected an indented block after 'if' statement on line 24 (3256019203.py, line 25)",
  traceback: [
    '\x1B[0;36m  Cell \x1B[0;32mIn[21], line 25\x1B[0;36m\x1B[0m\n' +
      '\x1B[0;31m    print(f"\\n{player.name}이(가) {monster.name}을(를) 처치했습니다!")\x1B[0m\n' +
      '\x1B[0m    ^\x1B[0m\n' +
      "\x1B[0;31mIndentationError\x1B[0m\x1B[0;31m:\x1B[0m expected an indented block after 'if' statement on line 24\n"
  ]
}
13:48:45.848 [warn] Cell completed with errors [iu [Error]: 'list' object has no attribute 'name'
	at n.execute (/home/~/.vscode-server/extensions/ms-toolsai.jupyter-2024.11.0-linux-x64/dist/extension.node.js:297:4958)] {
  ename: 'AttributeError',
  evalue: "'list' object has no attribute 'name'",
  traceback: [
    '\x1B[0;31m---------------------------------------------------------------------------\x1B[0m',
    '\x1B[0;31mAttributeError\x1B[0m                            Traceback (most recent call last)',
    'Cell \x1B[0;32mIn[22], line 51\x1B[0m\n' +
      '\x1B[1;32m     45\x1B[0m monsters \x1B[38;5;241m=\x1B[39m [\n' +
      '\x1B[1;32m     46\x1B[0m     Monster(\x1B[38;5;124m"\x1B[39m\x1B[38;5;124m슬라임\x1B[39m\x1B[38;5;124m"\x1B[39m, \x1B[38;5;241m50\x1B[39m, \x1B[38;5;241m10\x1B[39m),\n' +
      '\x1B[1;32m     47\x1B[0m     Monster(\x1B[38;5;124m"\x1B[39m\x1B[38;5;124m고블린\x1B[39m\x1B[38;5;124m"\x1B[39m, \x1B[38;5;241m80\x1B[39m, \x1B[38;5;241m15\x1B[39m),\n' +
      '\x1B[1;32m     48\x1B[0m     Monster(\x1B[38;5;124m"\x1B[39m\x1B[38;5;124m드래곤\x1B[39m\x1B[38;5;124m"\x1B[39m, \x1B[38;5;241m200\x1B[39m, \x1B[38;5;241m50\x1B[39m)\n' +
      '\x1B[1;32m     49\x1B[0m ]\n' +
      '\x1B[1;32m     50\x1B[0m current_monster \x1B[38;5;241m=\x1B[39m random\x1B[38;5;241m.\x1B[39mchoice(monsters)\n' +
      '\x1B[0;32m---> 51\x1B[0m \x1B[38;5;28mprint\x1B[39m(\x1B[38;5;124mf\x1B[39m\x1B[38;5;124m"\x1B[39m\x1B[38;5;132;01m{\x1B[39;00mmonsters\x1B[38;5;241m.\x1B[39mname\x1B[38;5;132;01m}\x1B[39;00m\x1B[38;5;124m이(가) 나타났습니다! 체력: \x1B[39m\x1B[38;5;132;01m{\x1B[39;00mmonsters\x1B[38;5;241m.\x1B[39mhealth\x1B[38;5;132;01m}\x1B[39;00m\x1B[38;5;124m, 공격력: \x1B[39m\x1B[38;5;132;01m{\x1B[39;00mmonsters\x1B[38;5;241m.\x1B[39mattack\x1B[38;5;132;01m}\x1B[39;00m\x1B[38;5;124m"\x1B[39m)    \n' +
      '\x1B[1;32m     53\x1B[0m \x1B[38;5;66;03m# 캐릭터 생성\x1B[39;00m\n' +
      '\x1B[1;32m     54\x1B[0m player \x1B[38;5;241m=\x1B[39m Character(\x1B[38;5;124m"\x1B[39m\x1B[38;5;124m유정\x1B[39m\x1B[38;5;124m"\x1B[39m, \x1B[38;5;241m100\x1B[39m, \x1B[38;5;241m20\x1B[39m, \x1B[38;5;241m10\x1B[39m)\n',
    "\x1B[0;31mAttributeError\x1B[0m: 'list' object has no attribute 'name'"
  ]
}
13:52:40.689 [info] Starting Kernel (Python Path: /opt/anaconda3/envs/bogdong/bin/python, Conda, 3.12.8) for '~/Study/250118_game2.ipynb' (disableUI=true)
13:52:41.717 [info] Process Execution: /opt/anaconda3/envs/bogdong/bin/python -m pip list
13:52:41.885 [info] Process Execution: /opt/anaconda3/envs/bogdong/bin/python -c "import ipykernel; print(ipykernel.__version__); print("5dc3a68c-e34e-4080-9c3e-2a532b2ccb4d"); print(ipykernel.__file__)"
13:52:41.888 [info] Process Execution: /opt/anaconda3/envs/bogdong/bin/python -m ipykernel_launcher --f=/home/~/.local/share/jupyter/runtime/kernel-v348e70b0a670b0c1b6c6b45ffb7e0f463116a7d01.json
    > cwd: //home/~/Study
13:52:42.143 [info] Kernel successfully started
14:38:45.629 [info] Interrupt kernel execution
14:38:45.629 [info] Interrupt requested ~/Study/250118_game2.ipynb
14:38:45.629 [info] Interrupt kernel execution
14:38:45.629 [info] Interrupting kernel: python3128jvsc74a57bd08825821440f3862603bbdaf866cc8ac10bfab06393672815caa87c47036074fb
14:38:45.629 [info] Interrupting kernel via SIGINT
14:38:55.631 [info] Interrupt requested & sent for ~/Study/250118_game2.ipynb in notebookEditor.
14:39:06.213 [warn] Cell completed with errors (cancelled)
14:40:49.091 [info] Interrupt kernel execution
14:40:49.091 [info] Interrupt requested ~/Study/250118_game2.ipynb
14:40:49.091 [info] Interrupt kernel execution
14:40:49.091 [info] Interrupting kernel: python3128jvsc74a57bd08825821440f3862603bbdaf866cc8ac10bfab06393672815caa87c47036074fb
14:40:49.091 [info] Interrupting kernel via SIGINT
14:40:49.194 [warn] Cell completed with errors (cancelled)
14:40:49.196 [info] Interrupt requested & sent for ~/Study/250118_game2.ipynb in notebookEditor.
14:52:04.374 [warn] Cell completed with errors [iu [Error]: name 'sys' is not defined
	at n.execute (/home/~/.vscode-server/extensions/ms-toolsai.jupyter-2024.11.0-linux-x64/dist/extension.node.js:297:4958)] {
  ename: 'NameError',
  evalue: "name 'sys' is not defined",
  traceback: [
    '\x1B[0;31m---------------------------------------------------------------------------\x1B[0m',
    '\x1B[0;31mNameError\x1B[0m                                 Traceback (most recent call last)',
    'Cell \x1B[0;32mIn[5], line 103\x1B[0m\n' +
      '\x1B[1;32m    100\x1B[0m \x1B[38;5;28;01melif\x1B[39;00m action \x1B[38;5;241m==\x1B[39m \x1B[38;5;124m"\x1B[39m\x1B[38;5;124m4\x1B[39m\x1B[38;5;124m"\x1B[39m:\n' +
      '\x1B[1;32m    101\x1B[0m     \x1B[38;5;66;03m# 도망가기: 게임 종료\x1B[39;00m\n' +
      '\x1B[1;32m    102\x1B[0m     \x1B[38;5;28mprint\x1B[39m(\x1B[38;5;124mf\x1B[39m\x1B[38;5;124m"\x1B[39m\x1B[38;5;132;01m{\x1B[39;00mplayer\x1B[38;5;241m.\x1B[39mname\x1B[38;5;132;01m}\x1B[39;00m\x1B[38;5;124m이(가) \x1B[39m\x1B[38;5;132;01m{\x1B[39;00mmonster\x1B[38;5;241m.\x1B[39mname\x1B[38;5;132;01m}\x1B[39;00m\x1B[38;5;124m으로부터 도망쳤습니다!\x1B[39m\x1B[38;5;124m"\x1B[39m)\n' +
      '\x1B[0;32m--> 103\x1B[0m     sys\x1B[38;5;241m.\x1B[39mexit()   \x1B[38;5;66;03m# 전투 종료 (도망가기)\x1B[39;00m\n' +
      '\x1B[1;32m    104\x1B[0m \x1B[38;5;28;01melse\x1B[39;00m:\n' +
      '\x1B[1;32m    105\x1B[0m     \x1B[38;5;28mprint\x1B[39m(\x1B[38;5;124m"\x1B[39m\x1B[38;5;124m잘못된 입력입니다. 다시 선택하세요.\x1B[39m\x1B[38;5;124m"\x1B[39m)\n',
    "\x1B[0;31mNameError\x1B[0m: name 'sys' is not defined"
  ]
}
14:53:12.367 [warn] Cell completed with errors [iu [Error]: SystemExit
	at n.execute (/home/~/.vscode-server/extensions/ms-toolsai.jupyter-2024.11.0-linux-x64/dist/extension.node.js:297:4958)] {
  ename: 'SystemExit',
  evalue: '',
  traceback: [
    'An exception has occurred, use %tb to see the full traceback.\n',
    '\x1B[0;31mSystemExit\x1B[0m\n'
  ]
}
14:59:21.791 [warn] Cell completed with errors [iu [Error]: SystemExit
	at n.execute (/home/~/.vscode-server/extensions/ms-toolsai.jupyter-2024.11.0-linux-x64/dist/extension.node.js:297:4958)] {
  ename: 'SystemExit',
  evalue: '',
  traceback: [
    'An exception has occurred, use %tb to see the full traceback.\n',
    '\x1B[0;31mSystemExit\x1B[0m\n'
  ]
}
14:59:39.886 [warn] Cell completed with errors [iu [Error]: SystemExit
	at n.execute (/home/~/.vscode-server/extensions/ms-toolsai.jupyter-2024.11.0-linux-x64/dist/extension.node.js:297:4958)] {
  ename: 'SystemExit',
  evalue: '',
  traceback: [
    'An exception has occurred, use %tb to see the full traceback.\n',
    '\x1B[0;31mSystemExit\x1B[0m\n'
  ]
}
14:59:57.412 [warn] Cell completed with errors [iu [Error]: SystemExit
	at n.execute (/home/~/.vscode-server/extensions/ms-toolsai.jupyter-2024.11.0-linux-x64/dist/extension.node.js:297:4958)] {
  ename: 'SystemExit',
  evalue: '',
  traceback: [
    'An exception has occurred, use %tb to see the full traceback.\n',
    '\x1B[0;31mSystemExit\x1B[0m\n'
  ]
}
15:06:02.772 [info] Starting Kernel (Python Path: /opt/anaconda3/envs/bogdong/bin/python, Conda, 3.12.8) for '~/Study/250118_game3.ipynb' (disableUI=true)
15:06:03.788 [info] Process Execution: /opt/anaconda3/envs/bogdong/bin/python -c "import ipykernel; print(ipykernel.__version__); print("5dc3a68c-e34e-4080-9c3e-2a532b2ccb4d"); print(ipykernel.__file__)"
15:06:03.791 [info] Process Execution: /opt/anaconda3/envs/bogdong/bin/python -m ipykernel_launcher --f=/home/~/.local/share/jupyter/runtime/kernel-v31677509ede09392bea007f7ecc072bb405a0ead2.json
    > cwd: //home/~/Study
15:06:03.906 [info] Process Execution: /opt/anaconda3/envs/bogdong/bin/python -m pip list
15:06:04.048 [info] Kernel successfully started
15:08:44.356 [info] Disposing request as the cell (-1) was deleted ~/Study/250118_game3.ipynb
15:45:16.009 [warn] Cell completed with errors [iu [Error]: 'Monster' object has no attribute 'is_alive'
	at n.execute (/home/~/.vscode-server/extensions/ms-toolsai.jupyter-2024.11.0-linux-x64/dist/extension.node.js:297:4958)] {
  ename: 'AttributeError',
  evalue: "'Monster' object has no attribute 'is_alive'",
  traceback: [
    '\x1B[0;31m---------------------------------------------------------------------------\x1B[0m',
    '\x1B[0;31mAttributeError\x1B[0m                            Traceback (most recent call last)',
    'Cell \x1B[0;32mIn[3], line 82\x1B[0m\n' +
      '\x1B[1;32m     79\x1B[0m \x1B[38;5;28mprint\x1B[39m(\x1B[38;5;124mf\x1B[39m\x1B[38;5;124m"\x1B[39m\x1B[38;5;132;01m{\x1B[39;00mmonster\x1B[38;5;241m.\x1B[39mname\x1B[38;5;132;01m}\x1B[39;00m\x1B[38;5;124m이(가) 나타났습니다! 체력: \x1B[39m\x1B[38;5;132;01m{\x1B[39;00mmonster\x1B[38;5;241m.\x1B[39mhealth\x1B[38;5;132;01m}\x1B[39;00m\x1B[38;5;124m, 공격력: \x1B[39m\x1B[38;5;132;01m{\x1B[39;00mmonster\x1B[38;5;241m.\x1B[39mattack\x1B[38;5;132;01m}\x1B[39;00m\x1B[38;5;124m"\x1B[39m)\n' +
      '\x1B[1;32m     81\x1B[0m \x1B[38;5;66;03m# 전투 시스템\x1B[39;00m\n' +
      '\x1B[0;32m---> 82\x1B[0m \x1B[38;5;28;01mwhile\x1B[39;00m player\x1B[38;5;241m.\x1B[39mis_alive() \x1B[38;5;129;01mand\x1B[39;00m monster\x1B[38;5;241m.\x1B[39mis_alive():\n' +
      '\x1B[1;32m     83\x1B[0m     \x1B[38;5;28mprint\x1B[39m(\x1B[38;5;124mf\x1B[39m\x1B[38;5;124m"\x1B[39m\x1B[38;5;130;01m\\n\x1B[39;00m\x1B[38;5;132;01m{\x1B[39;00mplayer\x1B[38;5;241m.\x1B[39mname\x1B[38;5;132;01m}\x1B[39;00m\x1B[38;5;124m: \x1B[39m\x1B[38;5;132;01m{\x1B[39;00mplayer\x1B[38;5;241m.\x1B[39mhealth\x1B[38;5;132;01m}\x1B[39;00m\x1B[38;5;124m 체력\x1B[39m\x1B[38;5;124m"\x1B[39m)\n' +
      '\x1B[1;32m     84\x1B[0m     \x1B[38;5;28mprint\x1B[39m(\x1B[38;5;124mf\x1B[39m\x1B[38;5;124m"\x1B[39m\x1B[38;5;132;01m{\x1B[39;00mmonster\x1B[38;5;241m.\x1B[39mname\x1B[38;5;132;01m}\x1B[39;00m\x1B[38;5;124m: \x1B[39m\x1B[38;5;132;01m{\x1B[39;00mmonster\x1B[38;5;241m.\x1B[39mhealth\x1B[38;5;132;01m}\x1B[39;00m\x1B[38;5;124m 체력\x1B[39m\x1B[38;5;124m"\x1B[39m)\n',
    "\x1B[0;31mAttributeError\x1B[0m: 'Monster' object has no attribute 'is_alive'"
  ]
}
16:52:11.625 [info] Dispose Kernel '~/Study/250117.ipynb' associated with '~/Study/250117.ipynb'
16:52:11.631 [info] Dispose Kernel '~/Study/250118_game.ipynb' associated with '~/Study/250118_game.ipynb'
16:52:11.636 [info] Dispose Kernel '~/Study/250118_game2.ipynb' associated with '~/Study/250118_game2.ipynb'
16:52:11.641 [info] Dispose Kernel '~/Study/250118_game3.ipynb' associated with '~/Study/250118_game3.ipynb'
