Visual Studio Code (1.96.3, ssh-remote, desktop)
Jupyter Extension Version: 2024.11.0.
Python Extension Version: 2024.22.2.
Pylance Extension Version: 2024.12.1.
Platform: linux (x64).
Temp Storage folder ~/.vscode-server/data/User/globalStorage/ms-toolsai.jupyter/version-2024.11.0
Workspace folder /home/iujeong, Home = /home/iujeong
15:54:09.158 [warn] No interpreter with path /opt/anaconda3/bin/python found in Python API, will convert Uri path to string as Id /opt/anaconda3/bin/python
15:54:09.663 [info] Starting Kernel (Python Path: /opt/anaconda3/envs/bogdong/bin/python, Conda, 3.12.8) for '~/python.ipynb' (disableUI=true)
15:54:11.299 [info] Process Execution: /opt/anaconda3/envs/bogdong/bin/python -m pip list
15:54:11.406 [info] Process Execution: /opt/anaconda3/envs/bogdong/bin/python -c "import ipykernel; print(ipykernel.__version__); print("5dc3a68c-e34e-4080-9c3e-2a532b2ccb4d"); print(ipykernel.__file__)"
15:54:11.408 [info] Process Execution: /opt/anaconda3/envs/bogdong/bin/python -m ipykernel_launcher --f=/home/~/.local/share/jupyter/runtime/kernel-v32f91bca1b92365e66e385f4783ad0731264c9db9.json
    > cwd: //home/~
15:54:11.905 [info] Kernel successfully started
15:54:12.825 [info] Process Execution: /opt/anaconda3/envs/bogdong/bin/python /home/~/.vscode-server/extensions/ms-toolsai.jupyter-2024.11.0-linux-x64/pythonFiles/printJupyterDataDir.py
15:55:09.605 [info] Dispose Kernel '~/python.ipynb' associated with '~/python.ipynb'
15:55:10.331 [info] Starting Kernel (Python Path: /opt/anaconda3/envs/bogdong/bin/python, Conda, 3.12.8) for '~/Jan_20.ipynb' (disableUI=true)
15:55:10.345 [info] Process Execution: /opt/anaconda3/envs/bogdong/bin/python -c "import ipykernel; print(ipykernel.__version__); print("5dc3a68c-e34e-4080-9c3e-2a532b2ccb4d"); print(ipykernel.__file__)"
15:55:10.349 [info] Process Execution: /opt/anaconda3/envs/bogdong/bin/python -m ipykernel_launcher --f=/home/~/.local/share/jupyter/runtime/kernel-v3594d199d5b5589887e675f58b51e21bc5089617d.json
    > cwd: //home/~
15:55:10.631 [info] Kernel successfully started
16:02:16.968 [warn] Cell completed with errors [iu [Error]: name 'now' is not defined
	at n.execute (/home/~/.vscode-server/extensions/ms-toolsai.jupyter-2024.11.0-linux-x64/dist/extension.node.js:297:4958)] {
  ename: 'NameError',
  evalue: "name 'now' is not defined",
  traceback: [
    '\x1B[0;31m---------------------------------------------------------------------------\x1B[0m',
    '\x1B[0;31mNameError\x1B[0m                                 Traceback (most recent call last)',
    'Cell \x1B[0;32mIn[1], line 2\x1B[0m\n' +
      '\x1B[1;32m      1\x1B[0m \x1B[38;5;66;03m# 날짜와 시간 포맷팅\x1B[39;00m\n' +
      '\x1B[0;32m----> 2\x1B[0m formatted_date \x1B[38;5;241m=\x1B[39m now\x1B[38;5;241m.\x1B[39mstrftime(\x1B[38;5;124m"\x1B[39m\x1B[38;5;124m%\x1B[39m\x1B[38;5;124mY-\x1B[39m\x1B[38;5;124m%\x1B[39m\x1B[38;5;124mm-\x1B[39m\x1B[38;5;132;01m%d\x1B[39;00m\x1B[38;5;124m \x1B[39m\x1B[38;5;124m%\x1B[39m\x1B[38;5;124mH:\x1B[39m\x1B[38;5;124m%\x1B[39m\x1B[38;5;124mM:\x1B[39m\x1B[38;5;124m%\x1B[39m\x1B[38;5;124mS\x1B[39m\x1B[38;5;124m"\x1B[39m)\n' +
      '\x1B[1;32m      4\x1B[0m \x1B[38;5;66;03m# 문자열을 날짜와  시가 객체로 변환\x1B[39;00m\n' +
      '\x1B[1;32m      5\x1B[0m date_str \x1B[38;5;241m=\x1B[39m \x1B[38;5;124m"\x1B[39m\x1B[38;5;124m2025-01-20 15:30:00\x1B[39m\x1B[38;5;124m"\x1B[39m\n',
    "\x1B[0;31mNameError\x1B[0m: name 'now' is not defined"
  ]
}
16:05:49.152 [warn] Cell completed with errors [iu [Error]: name 'now' is not defined
	at n.execute (/home/~/.vscode-server/extensions/ms-toolsai.jupyter-2024.11.0-linux-x64/dist/extension.node.js:297:4958)] {
  ename: 'NameError',
  evalue: "name 'now' is not defined",
  traceback: [
    '\x1B[0;31m---------------------------------------------------------------------------\x1B[0m',
    '\x1B[0;31mNameError\x1B[0m                                 Traceback (most recent call last)',
    'Cell \x1B[0;32mIn[3], line 2\x1B[0m\n' +
      '\x1B[1;32m      1\x1B[0m \x1B[38;5;66;03m# 날짜와 시간 포맷팅\x1B[39;00m\n' +
      '\x1B[0;32m----> 2\x1B[0m formatted_date \x1B[38;5;241m=\x1B[39m now\x1B[38;5;241m.\x1B[39mstrftime(\x1B[38;5;124m"\x1B[39m\x1B[38;5;124m%\x1B[39m\x1B[38;5;124mY-\x1B[39m\x1B[38;5;124m%\x1B[39m\x1B[38;5;124mm-\x1B[39m\x1B[38;5;132;01m%d\x1B[39;00m\x1B[38;5;124m \x1B[39m\x1B[38;5;124m%\x1B[39m\x1B[38;5;124mH:\x1B[39m\x1B[38;5;124m%\x1B[39m\x1B[38;5;124mM:\x1B[39m\x1B[38;5;124m%\x1B[39m\x1B[38;5;124mS\x1B[39m\x1B[38;5;124m"\x1B[39m)\n' +
      '\x1B[1;32m      3\x1B[0m \x1B[38;5;28mprint\x1B[39m(\x1B[38;5;124m"\x1B[39m\x1B[38;5;124m포맷팅된 날짜와 시간:\x1B[39m\x1B[38;5;124m"\x1B[39m, formatted_date)\n' +
      '\x1B[1;32m      5\x1B[0m \x1B[38;5;66;03m# 문자열을 날짜와 시간 객체로 변환\x1B[39;00m\n',
    "\x1B[0;31mNameError\x1B[0m: name 'now' is not defined"
  ]
}
16:06:05.568 [warn] Cell completed with errors [iu [Error]: name 'now' is not defined
	at n.execute (/home/~/.vscode-server/extensions/ms-toolsai.jupyter-2024.11.0-linux-x64/dist/extension.node.js:297:4958)] {
  ename: 'NameError',
  evalue: "name 'now' is not defined",
  traceback: [
    '\x1B[0;31m---------------------------------------------------------------------------\x1B[0m',
    '\x1B[0;31mNameError\x1B[0m                                 Traceback (most recent call last)',
    'Cell \x1B[0;32mIn[4], line 4\x1B[0m\n' +
      '\x1B[1;32m      1\x1B[0m \x1B[38;5;28;01mfrom\x1B[39;00m \x1B[38;5;21;01mdatetime\x1B[39;00m \x1B[38;5;28;01mimport\x1B[39;00m timedelta\n' +
      '\x1B[1;32m      3\x1B[0m \x1B[38;5;66;03m# 현재 날짜로부터 5일 후의 날짜 계산\x1B[39;00m\n' +
      '\x1B[0;32m----> 4\x1B[0m future_date \x1B[38;5;241m=\x1B[39m now \x1B[38;5;241m+\x1B[39m timedelta(days\x1B[38;5;241m=\x1B[39m\x1B[38;5;241m5\x1B[39m)\n' +
      '\x1B[1;32m      5\x1B[0m \x1B[38;5;28mprint\x1B[39m(\x1B[38;5;124m"\x1B[39m\x1B[38;5;124m5일 후의 날짜:\x1B[39m\x1B[38;5;124m"\x1B[39m, future_date)\n' +
      '\x1B[1;32m      7\x1B[0m \x1B[38;5;66;03m# 날짜와 시간 포맷팅\x1B[39;00m\n',
    "\x1B[0;31mNameError\x1B[0m: name 'now' is not defined"
  ]
}
16:29:16.079 [warn] Cell completed with errors [iu [Error]: 'NoneType' object has no attribute 'group'
	at n.execute (/home/~/.vscode-server/extensions/ms-toolsai.jupyter-2024.11.0-linux-x64/dist/extension.node.js:297:4958)] {
  ename: 'AttributeError',
  evalue: "'NoneType' object has no attribute 'group'",
  traceback: [
    '\x1B[0;31m---------------------------------------------------------------------------\x1B[0m',
    '\x1B[0;31mAttributeError\x1B[0m                            Traceback (most recent call last)',
    'Cell \x1B[0;32mIn[9], line 4\x1B[0m\n' +
      '\x1B[1;32m      2\x1B[0m email_text \x1B[38;5;241m=\x1B[39m \x1B[38;5;124m"\x1B[39m\x1B[38;5;124mPlease contact us at support@example.com for more information.\x1B[39m\x1B[38;5;124m"\x1B[39m\n' +
      '\x1B[1;32m      3\x1B[0m result \x1B[38;5;241m=\x1B[39m email_pattern\x1B[38;5;241m.\x1B[39msearch(email_text)\n' +
      '\x1B[0;32m----> 4\x1B[0m \x1B[38;5;28mprint\x1B[39m(result\x1B[38;5;241m.\x1B[39mgroup())\n',
    "\x1B[0;31mAttributeError\x1B[0m: 'NoneType' object has no attribute 'group'"
  ]
}
16:38:54.094 [info] Starting Kernel (Python Path: /opt/anaconda3/envs/bogdong/bin/python, Conda, 3.12.8) for '~/파일숨기기.ipynb' (disableUI=true)
16:38:55.274 [info] Process Execution: /opt/anaconda3/envs/bogdong/bin/python -m pip list
16:38:55.284 [info] Process Execution: /opt/anaconda3/envs/bogdong/bin/python -c "import ipykernel; print(ipykernel.__version__); print("5dc3a68c-e34e-4080-9c3e-2a532b2ccb4d"); print(ipykernel.__file__)"
16:38:55.286 [info] Process Execution: /opt/anaconda3/envs/bogdong/bin/python -m ipykernel_launcher --f=/home/~/.local/share/jupyter/runtime/kernel-v3d6458716d8e9102bc181d63bbbed54ec30895fd4.json
    > cwd: //home/~
16:38:55.534 [info] Kernel successfully started
16:39:37.129 [warn] Cell completed with errors [iu [Error]: invalid syntax (614821673.py, line 3)
	at n.execute (/home/~/.vscode-server/extensions/ms-toolsai.jupyter-2024.11.0-linux-x64/dist/extension.node.js:297:4958)] {
  ename: 'SyntaxError',
  evalue: 'invalid syntax (614821673.py, line 3)',
  traceback: [
    '\x1B[0;36m  Cell \x1B[0;32mIn[1], line 3\x1B[0;36m\x1B[0m\n' +
      '\x1B[0;31m    "**/.cach": true,      // 예: node_modules 폴더 숨기기\x1B[0m\n' +
      '\x1B[0m                           ^\x1B[0m\n' +
      '\x1B[0;31mSyntaxError\x1B[0m\x1B[0;31m:\x1B[0m invalid syntax\n'
  ]
}
16:39:47.963 [info] Disposing request as the cell (0) was deleted ~/파일숨기기.ipynb
16:39:47.963 [info] Dispose Kernel '~/파일숨기기.ipynb' associated with '~/파일숨기기.ipynb'
20:46:04.174 [info] Dispose Kernel '~/python.ipynb' associated with '~/python.ipynb'
20:46:04.174 [info] Dispose Kernel '~/Jan_20.ipynb' associated with '~/Jan_20.ipynb'
20:46:04.182 [info] Dispose Kernel '~/파일숨기기.ipynb' associated with '~/파일숨기기.ipynb'
