2025-01-18 11:59:08.501 [info] [main] 로그 수준: Info
2025-01-18 11:59:08.501 [info] [main] "git"에서 찾은 git 유효성을 검사하는 중
2025-01-18 11:59:08.501 [info] [main] "2.43.0"에서 git "git"을(를) 사용하는 중
2025-01-18 11:59:08.501 [info] [Model][doInitialScan] Initial repository scan started
2025-01-18 11:59:08.501 [info] > git rev-parse --show-toplevel [1ms]
2025-01-18 11:59:08.501 [info] fatal: not a git repository (or any of the parent directories): .git
2025-01-18 11:59:08.501 [info] > git rev-parse --show-toplevel [2ms]
2025-01-18 11:59:08.501 [info] fatal: not a git repository (or any of the parent directories): .git
2025-01-18 11:59:08.501 [info] > git rev-parse --show-toplevel [0ms]
2025-01-18 11:59:08.501 [info] fatal: not a git repository (or any of the parent directories): .git
2025-01-18 11:59:08.501 [info] > git rev-parse --show-toplevel [0ms]
2025-01-18 11:59:08.501 [info] fatal: not a git repository (or any of the parent directories): .git
2025-01-18 11:59:08.501 [info] > git rev-parse --show-toplevel [1ms]
2025-01-18 11:59:08.501 [info] fatal: not a git repository (or any of the parent directories): .git
2025-01-18 11:59:08.502 [info] > git rev-parse --show-toplevel [1ms]
2025-01-18 11:59:08.502 [info] fatal: not a git repository (or any of the parent directories): .git
2025-01-18 11:59:08.504 [info] > git rev-parse --show-toplevel [1ms]
2025-01-18 11:59:08.504 [info] fatal: not a git repository (or any of the parent directories): .git
2025-01-18 11:59:08.505 [info] > git rev-parse --show-toplevel [0ms]
2025-01-18 11:59:08.506 [info] fatal: not a git repository (or any of the parent directories): .git
2025-01-18 11:59:08.507 [info] > git rev-parse --show-toplevel [0ms]
2025-01-18 11:59:08.507 [info] fatal: not a git repository (or any of the parent directories): .git
2025-01-18 11:59:08.509 [info] > git rev-parse --show-toplevel [0ms]
2025-01-18 11:59:08.509 [info] fatal: not a git repository (or any of the parent directories): .git
2025-01-18 11:59:08.511 [info] > git rev-parse --show-toplevel [0ms]
2025-01-18 11:59:08.511 [info] fatal: not a git repository (or any of the parent directories): .git
2025-01-18 11:59:08.513 [info] > git rev-parse --show-toplevel [0ms]
2025-01-18 11:59:08.513 [info] fatal: not a git repository (or any of the parent directories): .git
2025-01-18 11:59:08.515 [info] > git rev-parse --show-toplevel [1ms]
2025-01-18 11:59:08.515 [info] fatal: not a git repository (or any of the parent directories): .git
2025-01-18 11:59:08.517 [info] [Model][doInitialScan] Initial repository scan completed - repositories (0), closed repositories (0), parent repositories (0), unsafe repositories (0)
2025-01-18 11:59:10.086 [info] > git rev-parse --show-toplevel [0ms]
2025-01-18 11:59:10.086 [info] fatal: not a git repository (or any of the parent directories): .git
2025-01-18 12:00:44.354 [info] > git rev-parse --show-toplevel [1ms]
2025-01-18 12:00:44.354 [info] fatal: not a git repository (or any of the parent directories): .git
2025-01-18 12:02:04.292 [info] > git rev-parse --show-toplevel [1ms]
2025-01-18 12:02:04.292 [info] fatal: not a git repository (or any of the parent directories): .git
