Visual Studio Code (1.96.3, ssh-remote, desktop)
Jupyter Extension Version: 2024.11.0.
Python Extension Version: 2024.22.2.
Pylance Extension Version: 2024.12.1.
Platform: linux (x64).
Temp Storage folder ~/.vscode-server/data/User/globalStorage/ms-toolsai.jupyter/version-2024.11.0
Workspace folder /home/iujeong, Home = /home/iujeong
21:08:53.988 [info] Starting Kernel (Python Path: /usr/bin/python3, Unknown, 3.12.3) for '~/Study/25.01.17.ipynb' (disableUI=true)
21:08:54.104 [warn] Failed to get activated env vars for /usr/bin/python3 in 106ms
21:08:54.106 [warn] Failed to get activated env vars for /usr/bin/python3 in 108ms
21:08:54.109 [info] Process Execution: /usr/bin/python3 -c "import site;print("USER_BASE_VALUE");print(site.USER_BASE);print("USER_BASE_VALUE");"
21:08:54.118 [info] Process Execution: /usr/bin/python3 -m pip list
21:08:54.120 [info] Process Execution: /usr/bin/python3 -c "import ipykernel; print(ipykernel.__version__); print("5dc3a68c-e34e-4080-9c3e-2a532b2ccb4d"); print(ipykernel.__file__)"
21:08:54.121 [info] Process Execution: /usr/bin/python3 -m ipykernel_launcher --f=/home/~/.local/share/jupyter/runtime/kernel-v33d0a363af8b798cb70f0aab3a361cc3577bf9deb.json
    > cwd: //home/~/Study
21:08:54.127 [info] Process Execution: /usr/bin/python3 -c "import pip;print('6af208d0-cb9c-427f-b937-ff563e17efdf')"
21:08:54.133 [error] Disposing kernel process due to an error Error: 커널이 종료되었습니다. 오류: /usr/bin/python3: No module named ipykernel_launcher... 자세한 내용은 Jupyter [로그](command:jupyter.viewOutput)를 참조하세요.
    > Kernel Id = .jvsc74a57bd031f2aee4e71d21fbe5cf8b01ff0e069b9275f58929596ceb00d14d90e3e16cd6./usr/bin/python3./usr/bin/python3.-m#ipykernel_launcher
    > Interpreter Id = /usr/bin/python3
    > at ChildProcess.<anonymous> (/home/~/.vscode-server/extensions/ms-toolsai.jupyter-2024.11.0-linux-x64/dist/extension.node.js:299:44847)
    > stdErr = /usr/bin/python3: No module named ipykernel_launcher
21:08:54.135 [error] Failed to connect raw kernel session: Error: 커널이 종료되었습니다. 오류: /usr/bin/python3: No module named ipykernel_launcher... 자세한 내용은 Jupyter [로그](command:jupyter.viewOutput)를 참조하세요.
21:08:54.135 [error] Failed to connect raw kernel session: Error: 커널이 종료되었습니다. 오류: /usr/bin/python3: No module named ipykernel_launcher... 자세한 내용은 Jupyter [로그](command:jupyter.viewOutput)를 참조하세요.
21:08:54.135 [warn] Failed to shutdown kernel, .jvsc74a57bd031f2aee4e71d21fbe5cf8b01ff0e069b9275f58929596ceb00d14d90e3e16cd6./usr/bin/python3./usr/bin/python3.-m#ipykernel_launcher [TypeError: Cannot read properties of undefined (reading 'dispose')
	at $_.shutdown (/home/~/.vscode-server/extensions/ms-toolsai.jupyter-2024.11.0-linux-x64/dist/extension.node.js:304:13745)
	at process.processTicksAndRejections (node:internal/process/task_queues:95:5)
	at async q_.shutdown (/home/~/.vscode-server/extensions/ms-toolsai.jupyter-2024.11.0-linux-x64/dist/extension.node.js:304:22578)]
21:08:54.136 [warn] Error occurred while trying to start the kernel, options.disableUI=true Error: 커널이 종료되었습니다. 오류: /usr/bin/python3: No module named ipykernel_launcher... 자세한 내용은 Jupyter [로그](command:jupyter.viewOutput)를 참조하세요.
    > Kernel Id = .jvsc74a57bd031f2aee4e71d21fbe5cf8b01ff0e069b9275f58929596ceb00d14d90e3e16cd6./usr/bin/python3./usr/bin/python3.-m#ipykernel_launcher
    > Interpreter Id = /usr/bin/python3
    > at ChildProcess.<anonymous> (/home/~/.vscode-server/extensions/ms-toolsai.jupyter-2024.11.0-linux-x64/dist/extension.node.js:299:44847)
    > stdErr = /usr/bin/python3: No module named ipykernel_launcher
21:08:58.162 [info] Starting Kernel (Python Path: /usr/bin/python3, Unknown, 3.12.3) for '~/Study/25.01.17.ipynb' (disableUI=false)
21:08:58.166 [info] Process Execution: /usr/bin/python3 -c "import ipykernel; print(ipykernel.__version__); print("5dc3a68c-e34e-4080-9c3e-2a532b2ccb4d"); print(ipykernel.__file__)"
21:08:58.172 [info] Process Execution: /usr/bin/python3 -m ipykernel_launcher --f=/home/~/.local/share/jupyter/runtime/kernel-v3e35877818b514fff051cf25c505e7ff7facc7838.json
    > cwd: //home/~/Study
21:08:58.180 [error] Disposing kernel process due to an error Error: 커널이 종료되었습니다. 오류: /usr/bin/python3: No module named ipykernel_launcher... 자세한 내용은 Jupyter [로그](command:jupyter.viewOutput)를 참조하세요.
    > Kernel Id = .jvsc74a57bd031f2aee4e71d21fbe5cf8b01ff0e069b9275f58929596ceb00d14d90e3e16cd6./usr/bin/python3./usr/bin/python3.-m#ipykernel_launcher
    > Interpreter Id = /usr/bin/python3
    > at ChildProcess.<anonymous> (/home/~/.vscode-server/extensions/ms-toolsai.jupyter-2024.11.0-linux-x64/dist/extension.node.js:299:44847)
    > stdErr = /usr/bin/python3: No module named ipykernel_launcher
21:08:58.180 [error] Failed to connect raw kernel session: Error: 커널이 종료되었습니다. 오류: /usr/bin/python3: No module named ipykernel_launcher... 자세한 내용은 Jupyter [로그](command:jupyter.viewOutput)를 참조하세요.
21:08:58.180 [error] Failed to connect raw kernel session: Error: 커널이 종료되었습니다. 오류: /usr/bin/python3: No module named ipykernel_launcher... 자세한 내용은 Jupyter [로그](command:jupyter.viewOutput)를 참조하세요.
21:08:58.180 [warn] Failed to shutdown kernel, .jvsc74a57bd031f2aee4e71d21fbe5cf8b01ff0e069b9275f58929596ceb00d14d90e3e16cd6./usr/bin/python3./usr/bin/python3.-m#ipykernel_launcher [TypeError: Cannot read properties of undefined (reading 'dispose')
	at $_.shutdown (/home/~/.vscode-server/extensions/ms-toolsai.jupyter-2024.11.0-linux-x64/dist/extension.node.js:304:13745)
	at process.processTicksAndRejections (node:internal/process/task_queues:95:5)
	at async q_.shutdown (/home/~/.vscode-server/extensions/ms-toolsai.jupyter-2024.11.0-linux-x64/dist/extension.node.js:304:22578)]
21:08:58.181 [warn] Error occurred while trying to start the kernel, options.disableUI=false Error: 커널이 종료되었습니다. 오류: /usr/bin/python3: No module named ipykernel_launcher... 자세한 내용은 Jupyter [로그](command:jupyter.viewOutput)를 참조하세요.
    > Kernel Id = .jvsc74a57bd031f2aee4e71d21fbe5cf8b01ff0e069b9275f58929596ceb00d14d90e3e16cd6./usr/bin/python3./usr/bin/python3.-m#ipykernel_launcher
    > Interpreter Id = /usr/bin/python3
    > at ChildProcess.<anonymous> (/home/~/.vscode-server/extensions/ms-toolsai.jupyter-2024.11.0-linux-x64/dist/extension.node.js:299:44847)
    > stdErr = /usr/bin/python3: No module named ipykernel_launcher
21:08:58.181 [warn] Kernel Error, context = start Error: 커널이 종료되었습니다. 오류: /usr/bin/python3: No module named ipykernel_launcher... 자세한 내용은 Jupyter [로그](command:jupyter.viewOutput)를 참조하세요.
    > Kernel Id = .jvsc74a57bd031f2aee4e71d21fbe5cf8b01ff0e069b9275f58929596ceb00d14d90e3e16cd6./usr/bin/python3./usr/bin/python3.-m#ipykernel_launcher
    > Interpreter Id = /usr/bin/python3
    > at ChildProcess.<anonymous> (/home/~/.vscode-server/extensions/ms-toolsai.jupyter-2024.11.0-linux-x64/dist/extension.node.js:299:44847)
    > stdErr = /usr/bin/python3: No module named ipykernel_launcher
21:08:58.184 [info] Process Execution: /usr/bin/python3 -c "import ipykernel;print('6af208d0-cb9c-427f-b937-ff563e17efdf')"
21:08:58.238 [info] Check & install missing Kernel dependencies for /usr/bin/python3, ui.disabled=false for resource '~/Study/25.01.17.ipynb'
21:08:58.241 [info] Process Execution: /usr/bin/python3 -c "import ipykernel;print('6af208d0-cb9c-427f-b937-ff563e17efdf')"
21:08:58.301 [info] Process Execution: /usr/bin/python3 -c "import pip;print('6af208d0-cb9c-427f-b937-ff563e17efdf')"
21:09:00.874 [info] Process Execution: /usr/bin/python3 -c "import pip;print('6af208d0-cb9c-427f-b937-ff563e17efdf')"
21:09:06.390 [info] Dispose Kernel '~/Study/25.01.17.ipynb' associated with '~/Study/25.01.17.ipynb'
21:09:06.391 [error] Error in notebook cell execution Error: 커널이 종료되었습니다. 오류: /usr/bin/python3: No module named ipykernel_launcher... 자세한 내용은 Jupyter [로그](command:jupyter.viewOutput)를 참조하세요.
    > Kernel Id = .jvsc74a57bd031f2aee4e71d21fbe5cf8b01ff0e069b9275f58929596ceb00d14d90e3e16cd6./usr/bin/python3./usr/bin/python3.-m#ipykernel_launcher
    > Interpreter Id = /usr/bin/python3
    > at ChildProcess.<anonymous> (/home/~/.vscode-server/extensions/ms-toolsai.jupyter-2024.11.0-linux-x64/dist/extension.node.js:299:44847)
    > stdErr = /usr/bin/python3: No module named ipykernel_launcher
21:09:06.391 [error] Error in execution (get message for cell) Error: 커널이 종료되었습니다. 오류: /usr/bin/python3: No module named ipykernel_launcher... 자세한 내용은 Jupyter [로그](command:jupyter.viewOutput)를 참조하세요.
    > Kernel Id = .jvsc74a57bd031f2aee4e71d21fbe5cf8b01ff0e069b9275f58929596ceb00d14d90e3e16cd6./usr/bin/python3./usr/bin/python3.-m#ipykernel_launcher
    > Interpreter Id = /usr/bin/python3
    > at ChildProcess.<anonymous> (/home/~/.vscode-server/extensions/ms-toolsai.jupyter-2024.11.0-linux-x64/dist/extension.node.js:299:44847)
    > stdErr = /usr/bin/python3: No module named ipykernel_launcher
21:09:06.394 [info] Process Execution: /usr/bin/python3 -c "import ipykernel;print('6af208d0-cb9c-427f-b937-ff563e17efdf')"
21:09:33.476 [info] Starting Kernel (Python Path: /usr/bin/python3, Unknown, 3.12.3) for '~/Study/25.01.17.ipynb' (disableUI=false)
21:09:33.495 [info] Process Execution: /usr/bin/python3 -c "import ipykernel; print(ipykernel.__version__); print("5dc3a68c-e34e-4080-9c3e-2a532b2ccb4d"); print(ipykernel.__file__)"
21:09:33.497 [info] Process Execution: /usr/bin/python3 -m ipykernel_launcher --f=/home/~/.local/share/jupyter/runtime/kernel-v3706c9ce6f3d4be77edd10c8f04eb8806074bd84e.json
    > cwd: //home/~/Study
21:09:33.506 [error] Disposing kernel process due to an error Error: 커널이 종료되었습니다. 오류: /usr/bin/python3: No module named ipykernel_launcher... 자세한 내용은 Jupyter [로그](command:jupyter.viewOutput)를 참조하세요.
    > Kernel Id = .jvsc74a57bd031f2aee4e71d21fbe5cf8b01ff0e069b9275f58929596ceb00d14d90e3e16cd6./usr/bin/python3./usr/bin/python3.-m#ipykernel_launcher
    > Interpreter Id = /usr/bin/python3
    > at ChildProcess.<anonymous> (/home/~/.vscode-server/extensions/ms-toolsai.jupyter-2024.11.0-linux-x64/dist/extension.node.js:299:44847)
    > stdErr = /usr/bin/python3: No module named ipykernel_launcher
21:09:33.506 [error] Failed to connect raw kernel session: Error: 커널이 종료되었습니다. 오류: /usr/bin/python3: No module named ipykernel_launcher... 자세한 내용은 Jupyter [로그](command:jupyter.viewOutput)를 참조하세요.
21:09:33.506 [error] Failed to connect raw kernel session: Error: 커널이 종료되었습니다. 오류: /usr/bin/python3: No module named ipykernel_launcher... 자세한 내용은 Jupyter [로그](command:jupyter.viewOutput)를 참조하세요.
21:09:33.506 [warn] Failed to shutdown kernel, .jvsc74a57bd031f2aee4e71d21fbe5cf8b01ff0e069b9275f58929596ceb00d14d90e3e16cd6./usr/bin/python3./usr/bin/python3.-m#ipykernel_launcher [TypeError: Cannot read properties of undefined (reading 'dispose')
	at $_.shutdown (/home/~/.vscode-server/extensions/ms-toolsai.jupyter-2024.11.0-linux-x64/dist/extension.node.js:304:13745)
	at process.processTicksAndRejections (node:internal/process/task_queues:95:5)
	at async q_.shutdown (/home/~/.vscode-server/extensions/ms-toolsai.jupyter-2024.11.0-linux-x64/dist/extension.node.js:304:22578)]
21:09:33.507 [warn] Error occurred while trying to start the kernel, options.disableUI=false Error: 커널이 종료되었습니다. 오류: /usr/bin/python3: No module named ipykernel_launcher... 자세한 내용은 Jupyter [로그](command:jupyter.viewOutput)를 참조하세요.
    > Kernel Id = .jvsc74a57bd031f2aee4e71d21fbe5cf8b01ff0e069b9275f58929596ceb00d14d90e3e16cd6./usr/bin/python3./usr/bin/python3.-m#ipykernel_launcher
    > Interpreter Id = /usr/bin/python3
    > at ChildProcess.<anonymous> (/home/~/.vscode-server/extensions/ms-toolsai.jupyter-2024.11.0-linux-x64/dist/extension.node.js:299:44847)
    > stdErr = /usr/bin/python3: No module named ipykernel_launcher
21:09:33.507 [warn] Kernel Error, context = start Error: 커널이 종료되었습니다. 오류: /usr/bin/python3: No module named ipykernel_launcher... 자세한 내용은 Jupyter [로그](command:jupyter.viewOutput)를 참조하세요.
    > Kernel Id = .jvsc74a57bd031f2aee4e71d21fbe5cf8b01ff0e069b9275f58929596ceb00d14d90e3e16cd6./usr/bin/python3./usr/bin/python3.-m#ipykernel_launcher
    > Interpreter Id = /usr/bin/python3
    > at ChildProcess.<anonymous> (/home/~/.vscode-server/extensions/ms-toolsai.jupyter-2024.11.0-linux-x64/dist/extension.node.js:299:44847)
    > stdErr = /usr/bin/python3: No module named ipykernel_launcher
21:09:33.509 [info] Process Execution: /usr/bin/python3 -c "import ipykernel;print('6af208d0-cb9c-427f-b937-ff563e17efdf')"
21:09:33.562 [info] Check & install missing Kernel dependencies for /usr/bin/python3, ui.disabled=false for resource '~/Study/25.01.17.ipynb'
21:09:33.565 [info] Process Execution: /usr/bin/python3 -c "import ipykernel;print('6af208d0-cb9c-427f-b937-ff563e17efdf')"
21:09:33.629 [info] Process Execution: /usr/bin/python3 -c "import pip;print('6af208d0-cb9c-427f-b937-ff563e17efdf')"
21:10:19.457 [info] Dispose Kernel '~/Study/25.01.17.ipynb' associated with '~/Study/25.01.17.ipynb'
21:10:19.457 [error] Error in notebook cell execution Error: 커널이 종료되었습니다. 오류: /usr/bin/python3: No module named ipykernel_launcher... 자세한 내용은 Jupyter [로그](command:jupyter.viewOutput)를 참조하세요.
    > Kernel Id = .jvsc74a57bd031f2aee4e71d21fbe5cf8b01ff0e069b9275f58929596ceb00d14d90e3e16cd6./usr/bin/python3./usr/bin/python3.-m#ipykernel_launcher
    > Interpreter Id = /usr/bin/python3
    > at ChildProcess.<anonymous> (/home/~/.vscode-server/extensions/ms-toolsai.jupyter-2024.11.0-linux-x64/dist/extension.node.js:299:44847)
    > stdErr = /usr/bin/python3: No module named ipykernel_launcher
21:10:19.457 [error] Error in execution (get message for cell) Error: 커널이 종료되었습니다. 오류: /usr/bin/python3: No module named ipykernel_launcher... 자세한 내용은 Jupyter [로그](command:jupyter.viewOutput)를 참조하세요.
    > Kernel Id = .jvsc74a57bd031f2aee4e71d21fbe5cf8b01ff0e069b9275f58929596ceb00d14d90e3e16cd6./usr/bin/python3./usr/bin/python3.-m#ipykernel_launcher
    > Interpreter Id = /usr/bin/python3
    > at ChildProcess.<anonymous> (/home/~/.vscode-server/extensions/ms-toolsai.jupyter-2024.11.0-linux-x64/dist/extension.node.js:299:44847)
    > stdErr = /usr/bin/python3: No module named ipykernel_launcher
21:10:19.518 [warn] Failed to get activated env vars for /usr/bin/python3 in 45ms
21:10:19.521 [info] Process Execution: /usr/bin/python3 -c "import ipykernel;print('6af208d0-cb9c-427f-b937-ff563e17efdf')"
21:11:00.166 [info] Dispose Kernel '~/Study/25.01.17.ipynb' associated with '~/Study/25.01.17.ipynb'
21:11:00.166 [info] Dispose Kernel '~/Study/25.01.17.ipynb' associated with '~/Study/25.01.17.ipynb'
