Visual Studio Code (1.96.3, ssh-remote, desktop)
Jupyter Extension Version: 2024.11.0.
Python Extension Version: 2024.22.2.
Pylance Extension Version: 2024.12.1.
Platform: linux (x64).
Temp Storage folder ~/.vscode-server/data/User/globalStorage/ms-toolsai.jupyter/version-2024.11.0
Workspace folder /home/iujeong, Home = /home/iujeong
09:14:44.635 [warn] No interpreter with path /opt/anaconda3/bin/python found in Python API, will convert Uri path to string as Id /opt/anaconda3/bin/python
09:14:44.635 [warn] No interpreter with path /opt/anaconda3/envs/bogdong/bin/python found in Python API, will convert Uri path to string as Id /opt/anaconda3/envs/bogdong/bin/python
10:01:42.490 [info] Starting Kernel (Python Path: /opt/anaconda3/envs/bogdong/bin/python, Conda, 3.12.8) for '~/Study/250120/__init__.ipynb' (disableUI=true)
10:01:43.546 [info] Process Execution: /opt/anaconda3/envs/bogdong/bin/python -c "import ipykernel; print(ipykernel.__version__); print("5dc3a68c-e34e-4080-9c3e-2a532b2ccb4d"); print(ipykernel.__file__)"
10:01:43.548 [info] Process Execution: /opt/anaconda3/envs/bogdong/bin/python -m ipykernel_launcher --f=/home/~/.local/share/jupyter/runtime/kernel-v3f21b280502836ccac08e35749309d6cf3f2786d1.json
    > cwd: //home/~/Study/250120
10:01:43.553 [info] Process Execution: /opt/anaconda3/envs/bogdong/bin/python -m pip list
10:01:44.012 [info] Kernel successfully started
10:01:44.024 [info] Process Execution: /opt/anaconda3/envs/bogdong/bin/python /home/~/.vscode-server/extensions/ms-toolsai.jupyter-2024.11.0-linux-x64/pythonFiles/printJupyterDataDir.py
10:42:38.751 [info] Starting Kernel (Python Path: /opt/anaconda3/envs/bogdong/bin/python, Conda, 3.12.8) for '~/Study/250117.ipynb' (disableUI=true)
10:42:39.807 [info] Process Execution: /opt/anaconda3/envs/bogdong/bin/python -c "import ipykernel; print(ipykernel.__version__); print("5dc3a68c-e34e-4080-9c3e-2a532b2ccb4d"); print(ipykernel.__file__)"
10:42:39.809 [info] Process Execution: /opt/anaconda3/envs/bogdong/bin/python -m ipykernel_launcher --f=/home/~/.local/share/jupyter/runtime/kernel-v31db365091736e242bcf742b781911d9209891b0e.json
    > cwd: //home/~/Study
10:42:39.818 [info] Process Execution: /opt/anaconda3/envs/bogdong/bin/python -m pip list
10:42:40.053 [info] Kernel successfully started
10:59:52.886 [info] Dispose Kernel '~/Study/250120/__init__.ipynb' associated with '~/Study/250120/__init__.ipynb'
10:59:52.891 [info] Dispose Kernel '~/Study/250117.ipynb' associated with '~/Study/250117.ipynb'
