2025-01-20 10:59:54.538 [info] [main] 로그 수준: Info
2025-01-20 10:59:54.538 [info] [main] "git"에서 찾은 git 유효성을 검사하는 중
2025-01-20 10:59:54.538 [info] [main] "2.43.0"에서 git "git"을(를) 사용하는 중
2025-01-20 10:59:54.538 [info] [Model][doInitialScan] Initial repository scan started
2025-01-20 10:59:54.538 [info] > git rev-parse --show-toplevel [68ms]
2025-01-20 10:59:54.538 [info] fatal: not a git repository (or any of the parent directories): .git
2025-01-20 10:59:54.538 [info] > git rev-parse --show-toplevel [1ms]
2025-01-20 10:59:54.538 [info] fatal: not a git repository (or any of the parent directories): .git
2025-01-20 10:59:54.538 [info] > git rev-parse --show-toplevel [0ms]
2025-01-20 10:59:54.538 [info] fatal: not a git repository (or any of the parent directories): .git
2025-01-20 10:59:54.540 [info] [Model][doInitialScan] Initial repository scan completed - repositories (0), closed repositories (0), parent repositories (0), unsafe repositories (0)
2025-01-20 10:59:55.367 [info] > git rev-parse --show-toplevel [0ms]
2025-01-20 10:59:55.367 [info] fatal: not a git repository (or any of the parent directories): .git
2025-01-20 10:59:55.664 [info] > git rev-parse --show-toplevel [1ms]
2025-01-20 10:59:55.664 [info] fatal: not a git repository (or any of the parent directories): .git
2025-01-20 10:59:56.112 [info] > git rev-parse --show-toplevel [1ms]
2025-01-20 10:59:56.112 [info] fatal: not a git repository (or any of the parent directories): .git
2025-01-20 11:00:08.001 [info] > git rev-parse --show-toplevel [1ms]
2025-01-20 11:00:08.001 [info] fatal: not a git repository (or any of the parent directories): .git
2025-01-20 11:00:13.206 [info] > git rev-parse --show-toplevel [1ms]
2025-01-20 11:00:13.206 [info] fatal: not a git repository (or any of the parent directories): .git
