2025-01-18 12:05:38.517 [info] (Client) Pylance async client (2024.12.1) started with python extension (2024.22.2)
2025-01-18 12:05:38.700 [info] [Info  - 오후 12:05:38] (81125) Server root directory: file:///home/iujeong/.vscode-server/extensions/ms-python.vscode-pylance-2024.12.1/dist
2025-01-18 12:05:38.700 [info] [Info  - 오후 12:05:38] (81125) Pylance language server 2024.12.1 (pyright version 1.1.389, commit ce1325fc) starting
2025-01-18 12:05:38.703 [info] [Info  - 오후 12:05:38] (81125) Starting service instance "iujeong"
2025-01-18 12:05:38.720 [info] [Info  - 오후 12:05:38] (81125) Setting environmentName for service "iujeong": "3.12.3 (글로벌)"
2025-01-18 12:05:38.720 [info] [Info  - 오후 12:05:38] (81125) Setting pythonPath for service "iujeong": "/bin/python3"
2025-01-18 12:05:38.720 [info] [Info  - 오후 12:05:38] (81125) No include entries specified; assuming /home/iujeong
2025-01-18 12:05:38.721 [info] [Info  - 오후 12:05:38] (81125) Auto-excluding **/node_modules
2025-01-18 12:05:38.721 [info] [Info  - 오후 12:05:38] (81125) Auto-excluding **/__pycache__
2025-01-18 12:05:38.721 [info] [Info  - 오후 12:05:38] (81125) Auto-excluding **/.*
2025-01-18 12:05:38.736 [info] [Info  - 오후 12:05:38] (81125) Assuming Python version 3.12.3.final.0
2025-01-18 12:05:38.768 [info] [Info  - 오후 12:05:38] (81125) No source files found.
2025-01-18 12:05:38.919 [info] [Info  - 오후 12:05:38] (81125) Background analysis(1) root directory: file:///home/iujeong/.vscode-server/extensions/ms-python.vscode-pylance-2024.12.1/dist
2025-01-18 12:05:38.920 [info] [Info  - 오후 12:05:38] (81125) Background analysis(1) started
2025-01-18 12:05:48.575 [info] [Info  - 오후 12:05:48] (81125) Indexer background runner(2) root directory: file:///home/iujeong/.vscode-server/extensions/ms-python.vscode-pylance-2024.12.1/dist (index)
2025-01-18 12:05:48.583 [info] [Info  - 오후 12:05:48] (81125) Indexing(2) started
2025-01-18 12:05:48.658 [info] [Info  - 오후 12:05:48] (81125) scanned(2) 97 files over 1 exec env
2025-01-18 12:05:48.719 [info] [Info  - 오후 12:05:48] (81125) indexed(2) 97 files over 1 exec env
2025-01-18 12:05:48.737 [info] [Info  - 오후 12:05:48] (81125) Indexing finished(2).
2025-01-18 12:12:48.520 [info] [Info  - 오후 12:12:48] (81125) Starting service instance "<default>"
2025-01-18 12:12:48.535 [info] [Info  - 오후 12:12:48] (81125) Setting environmentName for service "<default>": "3.12.3 (글로벌)"
2025-01-18 12:12:48.535 [info] [Info  - 오후 12:12:48] (81125) Setting pythonPath for service "<default>": "/bin/python3"
2025-01-18 12:12:48.535 [info] [Info  - 오후 12:12:48] (81125) No include entries specified; assuming /<default workspace root>
2025-01-18 12:12:48.535 [info] [Info  - 오후 12:12:48] (81125) Auto-excluding **/node_modules
2025-01-18 12:12:48.535 [info] [Info  - 오후 12:12:48] (81125) Auto-excluding **/__pycache__
2025-01-18 12:12:48.535 [info] [Info  - 오후 12:12:48] (81125) Auto-excluding **/.*
2025-01-18 12:12:48.547 [info] [Info  - 오후 12:12:48] (81125) Assuming Python version 3.12.3.final.0
2025-01-18 12:12:48.568 [info] [Error - 오후 12:12:48] (81125) File or directory "/<default workspace root>" does not exist.
2025-01-18 12:12:48.568 [info] [Info  - 오후 12:12:48] (81125) No source files found.
2025-01-18 12:12:48.728 [info] [Info  - 오후 12:12:48] (81125) Background analysis(3) root directory: file:///home/iujeong/.vscode-server/extensions/ms-python.vscode-pylance-2024.12.1/dist
2025-01-18 12:12:48.730 [info] [Info  - 오후 12:12:48] (81125) Background analysis(3) started
2025-01-18 12:47:24.251 [info] [Info  - 오후 12:47:24] (81125) Starting service instance "iujeong"
2025-01-18 12:47:24.261 [info] [Info  - 오후 12:47:24] (81125) Setting environmentName for service "iujeong": "3.12.3 (글로벌)"
2025-01-18 12:47:24.261 [info] [Info  - 오후 12:47:24] (81125) Setting pythonPath for service "iujeong": "/opt/anaconda3/envs/bogdong/bin/python"
2025-01-18 12:47:24.261 [info] [Info  - 오후 12:47:24] (81125) No include entries specified; assuming /home/iujeong
2025-01-18 12:47:24.262 [info] [Info  - 오후 12:47:24] (81125) Auto-excluding **/node_modules
2025-01-18 12:47:24.262 [info] [Info  - 오후 12:47:24] (81125) Auto-excluding **/__pycache__
2025-01-18 12:47:24.262 [info] [Info  - 오후 12:47:24] (81125) Auto-excluding **/.*
2025-01-18 12:47:24.275 [info] [Info  - 오후 12:47:24] (81125) Assuming Python version 3.12.8.final.0
2025-01-18 12:47:24.299 [info] [Info  - 오후 12:47:24] (81125) No source files found.
2025-01-18 12:47:24.506 [info] [Info  - 오후 12:47:24] (81125) Background analysis(4) root directory: file:///home/iujeong/.vscode-server/extensions/ms-python.vscode-pylance-2024.12.1/dist
2025-01-18 12:47:24.506 [info] [Info  - 오후 12:47:24] (81125) Background analysis(4) started
2025-01-18 12:47:24.506 [info] [Info  - 오후 12:47:24] (81125) Indexer background runner(5) root directory: file:///home/iujeong/.vscode-server/extensions/ms-python.vscode-pylance-2024.12.1/dist (index)
2025-01-18 12:47:24.506 [info] [Info  - 오후 12:47:24] (81125) Indexing(5) started
2025-01-18 12:47:24.667 [info] [Info  - 오후 12:47:24] (81125) scanned(5) 208 files over 1 exec env
2025-01-18 12:47:24.780 [info] [Info  - 오후 12:47:24] (81125) indexed(5) 208 files over 1 exec env
2025-01-18 12:47:24.806 [info] [Info  - 오후 12:47:24] (81125) Indexing finished(5).
