2025-01-18 12:05:37.542 [info] 실험 'pythonRecommendTensorboardExt'이(가) 활성 상태입니다.
2025-01-18 12:05:37.542 [info] 실험 'pythonTerminalEnvVarActivation'이(가) 활성 상태입니다.
2025-01-18 12:05:37.542 [info] 실험 'pythonTestAdapter'이(가) 활성 상태입니다.
2025-01-18 12:05:37.542 [info] Native locator: Refresh started
2025-01-18 12:05:37.543 [info] Native locator: Refresh started
2025-01-18 12:05:37.543 [info] Conda environment manager found at: /opt/anaconda3/bin/conda
2025-01-18 12:05:37.546 [info] Native locator: Refresh finished in 144 ms
2025-01-18 12:05:37.558 [info] Python 인터프리터 경로: /usr/bin/python3
2025-01-18 12:05:37.570 [info] > pyenv which python
2025-01-18 12:05:37.570 [info] cwd: .
2025-01-18 12:05:38.710 [info] Pylance 언어 서버를 시작하는 중입니다.
2025-01-18 12:05:48.321 [info] Python 인터프리터 경로: /bin/python3
2025-01-18 12:05:48.534 [info] > /opt/anaconda3/bin/conda info --json
2025-01-18 12:05:48.949 [info] > /opt/anaconda3/bin/conda run -n bogdong --no-capture-output python ./.vscode-server/extensions/ms-python.python-2024.22.2/python_files/get_output_via_markers.py ./.vscode-server/extensions/ms-python.python-2024.22.2/python_files/printEnvVariables.py
2025-01-18 12:05:48.949 [info] shell: bash
2025-01-18 12:05:48.949 [info] > /opt/anaconda3/bin/conda run -n bogdong --no-capture-output python ./.vscode-server/extensions/ms-python.python-2024.22.2/python_files/get_output_via_markers.py ./.vscode-server/extensions/ms-python.python-2024.22.2/python_files/printEnvVariables.py
2025-01-18 12:05:48.949 [info] shell: bash
2025-01-18 12:07:28.950 [info] Native locator: Refresh started
2025-01-18 12:07:28.966 [info] Conda environment manager found at: /opt/anaconda3/bin/conda
2025-01-18 12:07:29.053 [info] Native locator: Refresh finished in 103 ms
2025-01-18 12:47:16.981 [info] Native locator: Refresh started
2025-01-18 12:47:16.981 [info] Native locator: Refresh started
2025-01-18 12:47:17.004 [info] Conda environment manager found at: /opt/anaconda3/bin/conda
2025-01-18 12:47:17.092 [info] Native locator: Refresh finished in 112 ms
2025-01-18 12:47:22.780 [info] > /opt/anaconda3/bin/conda run -n bogdong --no-capture-output python ./.vscode-server/extensions/ms-python.python-2024.22.2/python_files/get_output_via_markers.py ./.vscode-server/extensions/ms-python.python-2024.22.2/python_files/printEnvVariables.py
2025-01-18 12:47:22.780 [info] shell: bash
2025-01-18 12:47:22.783 [info] > /opt/anaconda3/bin/conda run -n bogdong --no-capture-output python ./.vscode-server/extensions/ms-python.python-2024.22.2/python_files/get_output_via_markers.py ./.vscode-server/extensions/ms-python.python-2024.22.2/python_files/printEnvVariables.py
2025-01-18 12:47:22.783 [info] shell: bash
2025-01-18 13:52:40.694 [info] > /opt/anaconda3/bin/conda run -n bogdong --no-capture-output python ./.vscode-server/extensions/ms-python.python-2024.22.2/python_files/get_output_via_markers.py ./.vscode-server/extensions/ms-python.python-2024.22.2/python_files/printEnvVariables.py
2025-01-18 13:52:40.694 [info] shell: bash
2025-01-18 13:52:40.697 [info] > /opt/anaconda3/bin/conda run -n bogdong --no-capture-output python ./.vscode-server/extensions/ms-python.python-2024.22.2/python_files/get_output_via_markers.py ./.vscode-server/extensions/ms-python.python-2024.22.2/python_files/printEnvVariables.py
2025-01-18 13:52:40.697 [info] shell: bash
2025-01-18 15:06:02.777 [info] > /opt/anaconda3/bin/conda run -n bogdong --no-capture-output python ./.vscode-server/extensions/ms-python.python-2024.22.2/python_files/get_output_via_markers.py ./.vscode-server/extensions/ms-python.python-2024.22.2/python_files/printEnvVariables.py
2025-01-18 15:06:02.777 [info] shell: bash
2025-01-18 15:06:02.781 [info] > /opt/anaconda3/bin/conda run -n bogdong --no-capture-output python ./.vscode-server/extensions/ms-python.python-2024.22.2/python_files/get_output_via_markers.py ./.vscode-server/extensions/ms-python.python-2024.22.2/python_files/printEnvVariables.py
2025-01-18 15:06:02.781 [info] shell: bash
