2025-01-18 12:05:37.543 [info] Starting Python Locator /home/iujeong/.vscode-server/extensions/ms-python.python-2024.22.2/python-env-tools/bin/pet server
2025-01-18 12:05:37.543 [info] Discovered manager: (Conda) /opt/anaconda3/bin/conda
2025-01-18 12:05:37.543 [info] Discovered env: /opt/anaconda3/bin/python
2025-01-18 12:05:37.544 [info] Discovered env: /opt/anaconda3/envs/python=3.13
2025-01-18 12:05:37.544 [info] Discovered env: /opt/anaconda3/envs/JokerK/bin/python
2025-01-18 12:05:37.544 [info] Discovered env: /opt/anaconda3/envs/autopilot_lsm/bin/python
2025-01-18 12:05:37.544 [info] Discovered env: /opt/anaconda3/envs/basic/bin/python
2025-01-18 12:05:37.544 [info] Discovered env: /opt/anaconda3/envs/bin345/bin/python
2025-01-18 12:05:37.544 [info] Discovered env: /opt/anaconda3/envs/kaldi/bin/python
2025-01-18 12:05:37.544 [info] Discovered env: /opt/anaconda3/envs/bin234/bin/python
2025-01-18 12:05:37.545 [info] Discovered env: /opt/anaconda3/envs/bin123/bin/python
2025-01-18 12:05:37.545 [info] Discovered env: /opt/anaconda3/envs/hansol/bin/python
2025-01-18 12:05:37.545 [info] Discovered env: /opt/anaconda3/envs/aicar/bin/python
2025-01-18 12:05:37.545 [info] Discovered env: /opt/anaconda3/envs/cdp310/bin/python
2025-01-18 12:05:37.545 [info] Discovered env: /opt/anaconda3/envs/env_lsy/bin/python
2025-01-18 12:05:37.545 [info] Discovered env: /opt/anaconda3/envs/myenv/bin/python
2025-01-18 12:05:37.545 [info] Discovered env: /opt/anaconda3/envs/lanenet_env/bin/python
2025-01-18 12:05:37.545 [info] Discovered env: /opt/anaconda3/envs/surveybay/bin/python
2025-01-18 12:05:37.545 [info] Discovered env: /opt/anaconda3/envs/ehdnjs_yolo/bin/python
2025-01-18 12:05:37.545 [info] Discovered env: /opt/anaconda3/envs/gps/bin/python
2025-01-18 12:05:37.545 [info] Discovered env: /opt/anaconda3/envs/jayeon/bin/python
2025-01-18 12:05:37.545 [info] Discovered env: /opt/anaconda3/envs/kgjtest/bin/python
2025-01-18 12:05:37.545 [info] Discovered env: /opt/anaconda3/envs/ezh123/bin/python
2025-01-18 12:05:37.545 [info] Discovered env: /opt/anaconda3/envs/newenv/bin/python
2025-01-18 12:05:37.545 [info] Discovered env: /opt/anaconda3/envs/goguma/bin/python
2025-01-18 12:05:37.545 [info] Discovered env: /opt/anaconda3/envs/test999/bin/python
2025-01-18 12:05:37.545 [info] Discovered env: /opt/anaconda3/envs/test1299/bin/python
2025-01-18 12:05:37.545 [info] Discovered env: /opt/anaconda3/envs/dlalsrb123/bin/python
2025-01-18 12:05:37.545 [info] Discovered env: /opt/anaconda3/envs/golf/bin/python
2025-01-18 12:05:37.545 [info] Discovered env: /opt/anaconda3/envs/skaigroove/bin/python
2025-01-18 12:05:37.545 [info] Discovered env: /opt/anaconda3/envs/water/bin/python
2025-01-18 12:05:37.545 [info] Discovered env: /opt/anaconda3/envs/bk7602/bin/python
2025-01-18 12:05:37.545 [info] Discovered env: /opt/anaconda3/envs/person_tracking/bin/python
2025-01-18 12:05:37.545 [info] Discovered env: /opt/anaconda3/envs/yolop/bin/python
2025-01-18 12:05:37.545 [info] Discovered env: /opt/anaconda3/envs/yangpa/bin/python
2025-01-18 12:05:37.545 [info] Discovered env: /usr/bin/python3
2025-01-18 12:05:37.545 [info] Discovered env: /opt/anaconda3/envs/test1026/bin/python
2025-01-18 12:05:37.546 [info] Discovered env: /bin/python3
2025-01-18 12:05:37.546 [info] Discovered env: /opt/anaconda3/envs/nanie1664/bin/python
2025-01-18 12:05:37.546 [info] Discovered env: /opt/anaconda3/envs/msoh/bin/python
2025-01-18 12:05:37.546 [info] Discovered env: /opt/anaconda3/envs/hjjeon/bin/python
2025-01-18 12:05:37.546 [info] Discovered env: /opt/anaconda3/envs/nanie/bin/python
2025-01-18 12:05:37.546 [info] Discovered env: /opt/anaconda3/envs/cju_mlane/bin/python
2025-01-18 12:05:37.546 [info] Discovered env: /opt/anaconda3/envs/KGJ/bin/python
2025-01-18 12:05:37.546 [info] Discovered env: /opt/anaconda3/envs/jha/bin/python
2025-01-18 12:05:37.546 [info] Discovered env: /opt/anaconda3/envs/nanie1/bin/python
2025-01-18 12:05:37.546 [info] Discovered env: /opt/anaconda3/envs/cju/bin/python
2025-01-18 12:05:37.546 [info] Discovered env: /opt/anaconda3/envs/adas_cju/bin/python
2025-01-18 12:05:37.546 [info] Discovered env: /opt/anaconda3/envs/test123/bin/python
2025-01-18 12:05:37.546 [info] Discovered env: /opt/anaconda3/envs/bogdong/bin/python
2025-01-18 12:05:37.546 [info] Discovered env: /opt/anaconda3/envs/test8737/bin/python
2025-01-18 12:05:37.546 [info] Discovered env: /opt/anaconda3/envs/cgh/bin/python
2025-01-18 12:05:37.546 [info] Discovered env: /opt/anaconda3/envs/shkim/bin/python
2025-01-18 12:05:37.546 [info] Discovered env: /opt/anaconda3/envs/torch/bin/python
2025-01-18 12:05:37.546 [info] Locator Conda took 64.408122ms
2025-01-18 12:05:37.546 [info] Locator Homebrew took 455.549µs
2025-01-18 12:05:37.546 [info] Locator LinuxGlobal took 62.821782ms
2025-01-18 12:05:37.546 [info] Locator PipEnv took 16.268µs
2025-01-18 12:05:37.546 [info] Locator Poetry took 816.684µs
2025-01-18 12:05:37.546 [info] Locator PyEnv took 444.223µs
2025-01-18 12:05:37.546 [info] Locator Venv took 94.436µs
2025-01-18 12:05:37.546 [info] Locator VirtualEnv took 287.531µs
2025-01-18 12:05:37.546 [info] Locator VirtualEnvWrapper took 46.059µs
2025-01-18 12:05:37.546 [info] Locator GlobalVirtualEnvs took 46.215µs
2025-01-18 12:05:37.546 [info] Locator Locators took 64.6328ms
2025-01-18 12:05:37.546 [info] Locator Path took 111.844059ms
2025-01-18 12:05:37.546 [info] Locator Workspaces took 2.066064ms
2025-01-18 12:05:37.546 [info] Refresh completed in 111ms
2025-01-18 12:05:37.558 [info] Resolved Python Environment /usr/bin/python3
2025-01-18 12:05:37.668 [info] Resolved Python Environment /bin/python3
2025-01-18 12:05:48.850 [info] Resolved Python Environment /opt/anaconda3/envs/bogdong/bin/python
2025-01-18 12:07:22.807 [info] Resolved Python Environment /bin/python3
2025-01-18 12:07:28.965 [info] Discovered manager: (Conda) /opt/anaconda3/bin/conda
2025-01-18 12:07:28.966 [info] Discovered env: /opt/anaconda3/bin/python
2025-01-18 12:07:28.985 [info] Discovered env: /opt/anaconda3/envs/bin345/bin/python
2025-01-18 12:07:28.985 [info] Discovered env: /opt/anaconda3/envs/bin123/bin/python
2025-01-18 12:07:28.985 [info] Discovered env: /opt/anaconda3/envs/JokerK/bin/python
2025-01-18 12:07:28.986 [info] Discovered env: /opt/anaconda3/envs/aicar/bin/python
2025-01-18 12:07:28.986 [info] Discovered env: /opt/anaconda3/envs/cdp310/bin/python
2025-01-18 12:07:28.986 [info] Discovered env: /opt/anaconda3/envs/autopilot_lsm/bin/python
2025-01-18 12:07:28.987 [info] Discovered env: /opt/anaconda3/envs/basic/bin/python
2025-01-18 12:07:28.988 [info] Discovered env: /opt/anaconda3/envs/bin234/bin/python
2025-01-18 12:07:28.988 [info] Discovered env: /opt/anaconda3/envs/python=3.13
2025-01-18 12:07:28.990 [info] Discovered env: /opt/anaconda3/envs/kaldi/bin/python
2025-01-18 12:07:28.990 [info] Discovered env: /opt/anaconda3/envs/ehdnjs_yolo/bin/python
2025-01-18 12:07:28.991 [info] Discovered env: /opt/anaconda3/envs/gps/bin/python
2025-01-18 12:07:28.991 [info] Discovered env: /opt/anaconda3/envs/jayeon/bin/python
2025-01-18 12:07:28.992 [info] Discovered env: /opt/anaconda3/envs/ezh123/bin/python
2025-01-18 12:07:28.993 [info] Discovered env: /opt/anaconda3/envs/goguma/bin/python
2025-01-18 12:07:28.993 [info] Discovered env: /opt/anaconda3/envs/hansol/bin/python
2025-01-18 12:07:28.994 [info] Discovered env: /opt/anaconda3/envs/golf/bin/python
2025-01-18 12:07:28.994 [info] Discovered env: /opt/anaconda3/envs/dlalsrb123/bin/python
2025-01-18 12:07:28.995 [info] Discovered env: /opt/anaconda3/envs/env_lsy/bin/python
2025-01-18 12:07:28.995 [info] Discovered env: /opt/anaconda3/envs/myenv/bin/python
2025-01-18 12:07:28.995 [info] Discovered env: /opt/anaconda3/envs/bk7602/bin/python
2025-01-18 12:07:28.996 [info] Discovered env: /opt/anaconda3/envs/newenv/bin/python
2025-01-18 12:07:28.996 [info] Discovered env: /opt/anaconda3/envs/kgjtest/bin/python
2025-01-18 12:07:28.996 [info] Discovered env: /opt/anaconda3/envs/lanenet_env/bin/python
2025-01-18 12:07:28.997 [info] Discovered env: /opt/anaconda3/envs/test1299/bin/python
2025-01-18 12:07:28.997 [info] Discovered env: /opt/anaconda3/envs/surveybay/bin/python
2025-01-18 12:07:28.997 [info] Discovered env: /opt/anaconda3/envs/adas_cju/bin/python
2025-01-18 12:07:28.998 [info] Discovered env: /opt/anaconda3/envs/water/bin/python
2025-01-18 12:07:28.998 [info] Discovered env: /opt/anaconda3/envs/KGJ/bin/python
2025-01-18 12:07:28.998 [info] Discovered env: /opt/anaconda3/envs/test999/bin/python
2025-01-18 12:07:28.999 [info] Discovered env: /opt/anaconda3/envs/person_tracking/bin/python
2025-01-18 12:07:28.999 [info] Discovered env: /opt/anaconda3/envs/skaigroove/bin/python
2025-01-18 12:07:28.999 [info] Discovered env: /opt/anaconda3/envs/nanie1664/bin/python
2025-01-18 12:07:28.999 [info] Discovered env: /opt/anaconda3/envs/yangpa/bin/python
2025-01-18 12:07:29.000 [info] Discovered env: /opt/anaconda3/envs/hjjeon/bin/python
2025-01-18 12:07:29.000 [info] Discovered env: /opt/anaconda3/envs/cju/bin/python
2025-01-18 12:07:29.000 [info] Discovered env: /opt/anaconda3/envs/yolop/bin/python
2025-01-18 12:07:29.000 [info] Discovered env: /opt/anaconda3/envs/msoh/bin/python
2025-01-18 12:07:29.000 [info] Discovered env: /opt/anaconda3/envs/nanie/bin/python
2025-01-18 12:07:29.000 [info] Discovered env: /opt/anaconda3/envs/bogdong/bin/python
2025-01-18 12:07:29.000 [info] Discovered env: /opt/anaconda3/envs/test1026/bin/python
2025-01-18 12:07:29.001 [info] Discovered env: /opt/anaconda3/envs/cju_mlane/bin/python
2025-01-18 12:07:29.001 [info] Discovered env: /opt/anaconda3/envs/cgh/bin/python
2025-01-18 12:07:29.001 [info] Discovered env: /opt/anaconda3/envs/jha/bin/python
2025-01-18 12:07:29.001 [info] Discovered env: /opt/anaconda3/envs/nanie1/bin/python
2025-01-18 12:07:29.001 [info] Discovered env: /opt/anaconda3/envs/test8737/bin/python
2025-01-18 12:07:29.001 [info] Discovered env: /opt/anaconda3/envs/test123/bin/python
2025-01-18 12:07:29.002 [info] Discovered env: /opt/anaconda3/envs/shkim/bin/python
2025-01-18 12:07:29.003 [info] Discovered env: /opt/anaconda3/envs/torch/bin/python
2025-01-18 12:07:29.004 [info] Discovered env: /bin/python3
2025-01-18 12:07:29.006 [info] Discovered env: /usr/bin/python3
2025-01-18 12:07:29.053 [info] Locator Conda took 51.130175ms
2025-01-18 12:07:29.053 [info] Locator Homebrew took 33.275µs
2025-01-18 12:07:29.053 [info] Locator LinuxGlobal took 52.958081ms
2025-01-18 12:07:29.053 [info] Locator PipEnv took 27.782µs
2025-01-18 12:07:29.053 [info] Locator Poetry took 67.69µs
2025-01-18 12:07:29.053 [info] Locator PyEnv took 108.55µs
2025-01-18 12:07:29.053 [info] Locator Venv took 18.421µs
2025-01-18 12:07:29.053 [info] Locator VirtualEnv took 46.082µs
2025-01-18 12:07:29.053 [info] Locator VirtualEnvWrapper took 13.704µs
2025-01-18 12:07:29.053 [info] Locator GlobalVirtualEnvs took 93.344µs
2025-01-18 12:07:29.053 [info] Locator Locators took 54.572001ms
2025-01-18 12:07:29.053 [info] Locator Path took 100.765634ms
2025-01-18 12:07:29.053 [info] Locator Workspaces took 2.456837ms
2025-01-18 12:07:29.053 [info] Refresh completed in 101ms
2025-01-18 12:10:02.322 [info] Resolved Python Environment /bin/python3
2025-01-18 12:12:43.180 [info] Resolved Python Environment /bin/python3
2025-01-18 12:18:09.847 [info] Resolved Python Environment /bin/python3
2025-01-18 12:18:44.285 [info] Resolved Python Environment /bin/python3
2025-01-18 12:20:26.540 [info] Resolved Python Environment /bin/python3
2025-01-18 12:21:00.698 [info] Resolved Python Environment /bin/python3
2025-01-18 12:21:38.522 [info] Resolved Python Environment /bin/python3
2025-01-18 12:24:40.750 [info] Resolved Python Environment /bin/python3
2025-01-18 12:36:57.047 [info] Resolved Python Environment /bin/python3
2025-01-18 12:37:41.369 [info] Resolved Python Environment /bin/python3
2025-01-18 12:40:05.125 [info] Resolved Python Environment /bin/python3
2025-01-18 12:41:17.712 [info] Resolved Python Environment /bin/python3
2025-01-18 12:42:37.570 [info] Resolved Python Environment /bin/python3
2025-01-18 12:47:17.003 [info] Discovered manager: (Conda) /opt/anaconda3/bin/conda
2025-01-18 12:47:17.004 [info] Discovered env: /opt/anaconda3/bin/python
2025-01-18 12:47:17.025 [info] Discovered env: /opt/anaconda3/envs/basic/bin/python
2025-01-18 12:47:17.025 [info] Discovered env: /opt/anaconda3/envs/bin123/bin/python
2025-01-18 12:47:17.025 [info] Discovered env: /opt/anaconda3/envs/autopilot_lsm/bin/python
2025-01-18 12:47:17.025 [info] Discovered env: /opt/anaconda3/envs/aicar/bin/python
2025-01-18 12:47:17.025 [info] Discovered env: /opt/anaconda3/envs/JokerK/bin/python
2025-01-18 12:47:17.025 [info] Discovered env: /opt/anaconda3/envs/bin234/bin/python
2025-01-18 12:47:17.026 [info] Discovered env: /opt/anaconda3/envs/bin345/bin/python
2025-01-18 12:47:17.026 [info] Discovered env: /opt/anaconda3/envs/python=3.13
2025-01-18 12:47:17.028 [info] Discovered env: /opt/anaconda3/envs/cdp310/bin/python
2025-01-18 12:47:17.028 [info] Discovered env: /opt/anaconda3/envs/ehdnjs_yolo/bin/python
2025-01-18 12:47:17.029 [info] Discovered env: /opt/anaconda3/envs/dlalsrb123/bin/python
2025-01-18 12:47:17.029 [info] Discovered env: /opt/anaconda3/envs/kaldi/bin/python
2025-01-18 12:47:17.030 [info] Discovered env: /opt/anaconda3/envs/gps/bin/python
2025-01-18 12:47:17.030 [info] Discovered env: /opt/anaconda3/envs/ezh123/bin/python
2025-01-18 12:47:17.030 [info] Discovered env: /opt/anaconda3/envs/hansol/bin/python
2025-01-18 12:47:17.031 [info] Discovered env: /opt/anaconda3/envs/lanenet_env/bin/python
2025-01-18 12:47:17.031 [info] Discovered env: /opt/anaconda3/envs/jayeon/bin/python
2025-01-18 12:47:17.031 [info] Discovered env: /opt/anaconda3/envs/env_lsy/bin/python
2025-01-18 12:47:17.031 [info] Discovered env: /opt/anaconda3/envs/bk7602/bin/python
2025-01-18 12:47:17.032 [info] Discovered env: /opt/anaconda3/envs/goguma/bin/python
2025-01-18 12:47:17.032 [info] Discovered env: /opt/anaconda3/envs/KGJ/bin/python
2025-01-18 12:47:17.033 [info] Discovered env: /opt/anaconda3/envs/golf/bin/python
2025-01-18 12:47:17.033 [info] Discovered env: /opt/anaconda3/envs/kgjtest/bin/python
2025-01-18 12:47:17.034 [info] Discovered env: /opt/anaconda3/envs/myenv/bin/python
2025-01-18 12:47:17.034 [info] Discovered env: /opt/anaconda3/envs/skaigroove/bin/python
2025-01-18 12:47:17.035 [info] Discovered env: /opt/anaconda3/envs/newenv/bin/python
2025-01-18 12:47:17.035 [info] Discovered env: /opt/anaconda3/envs/water/bin/python
2025-01-18 12:47:17.035 [info] Discovered env: /opt/anaconda3/envs/adas_cju/bin/python
2025-01-18 12:47:17.036 [info] Discovered env: /opt/anaconda3/envs/surveybay/bin/python
2025-01-18 12:47:17.036 [info] Discovered env: /opt/anaconda3/envs/test999/bin/python
2025-01-18 12:47:17.036 [info] Discovered env: /opt/anaconda3/envs/test1299/bin/python
2025-01-18 12:47:17.036 [info] Discovered env: /opt/anaconda3/envs/person_tracking/bin/python
2025-01-18 12:47:17.037 [info] Discovered env: /opt/anaconda3/envs/yolop/bin/python
2025-01-18 12:47:17.037 [info] Discovered env: /opt/anaconda3/envs/bogdong/bin/python
2025-01-18 12:47:17.037 [info] Discovered env: /opt/anaconda3/envs/yangpa/bin/python
2025-01-18 12:47:17.037 [info] Discovered env: /opt/anaconda3/envs/cju_mlane/bin/python
2025-01-18 12:47:17.037 [info] Discovered env: /opt/anaconda3/envs/hjjeon/bin/python
2025-01-18 12:47:17.038 [info] Discovered env: /opt/anaconda3/envs/msoh/bin/python
2025-01-18 12:47:17.038 [info] Discovered env: /opt/anaconda3/envs/cju/bin/python
2025-01-18 12:47:17.038 [info] Discovered env: /opt/anaconda3/envs/test1026/bin/python
2025-01-18 12:47:17.038 [info] Discovered env: /opt/anaconda3/envs/jha/bin/python
2025-01-18 12:47:17.038 [info] Discovered env: /opt/anaconda3/envs/nanie1664/bin/python
2025-01-18 12:47:17.038 [info] Discovered env: /opt/anaconda3/envs/nanie/bin/python
2025-01-18 12:47:17.039 [info] Discovered env: /opt/anaconda3/envs/cgh/bin/python
2025-01-18 12:47:17.039 [info] Discovered env: /opt/anaconda3/envs/test8737/bin/python
2025-01-18 12:47:17.039 [info] Discovered env: /opt/anaconda3/envs/nanie1/bin/python
2025-01-18 12:47:17.040 [info] Discovered env: /opt/anaconda3/envs/test123/bin/python
2025-01-18 12:47:17.041 [info] Discovered env: /opt/anaconda3/envs/torch/bin/python
2025-01-18 12:47:17.041 [info] Discovered env: /opt/anaconda3/envs/shkim/bin/python
2025-01-18 12:47:17.041 [info] Discovered env: /bin/python3
2025-01-18 12:47:17.043 [info] Discovered env: /usr/bin/python3
2025-01-18 12:47:17.091 [info] Locator Conda took 51.436612ms
2025-01-18 12:47:17.092 [info] Locator Homebrew took 36.369µs
2025-01-18 12:47:17.092 [info] Locator LinuxGlobal took 52.745826ms
2025-01-18 12:47:17.092 [info] Locator PipEnv took 138.244µs
2025-01-18 12:47:17.092 [info] Locator Poetry took 181.075µs
2025-01-18 12:47:17.092 [info] Locator PyEnv took 353.043µs
2025-01-18 12:47:17.092 [info] Locator Venv took 145.638µs
2025-01-18 12:47:17.092 [info] Locator VirtualEnv took 23.319µs
2025-01-18 12:47:17.092 [info] Locator VirtualEnvWrapper took 41.374µs
2025-01-18 12:47:17.092 [info] Locator GlobalVirtualEnvs took 150.709µs
2025-01-18 12:47:17.092 [info] Locator Locators took 53.427377ms
2025-01-18 12:47:17.092 [info] Locator Path took 102.177518ms
2025-01-18 12:47:17.092 [info] Locator Workspaces took 2.674107ms
2025-01-18 12:47:17.092 [info] Refresh completed in 102ms
2025-01-18 12:47:22.710 [info] Resolved Python Environment /opt/anaconda3/envs/bogdong/bin/python
2025-01-18 12:47:24.244 [info] Resolved Python Environment /bin/python3
2025-01-18 12:52:53.475 [info] Resolved Python Environment /bin/python3
2025-01-18 12:53:25.896 [info] Resolved Python Environment /bin/python3
2025-01-18 12:57:45.889 [info] Resolved Python Environment /bin/python3
2025-01-18 12:59:48.243 [info] Resolved Python Environment /bin/python3
2025-01-18 13:00:41.303 [info] Resolved Python Environment /bin/python3
2025-01-18 13:07:42.512 [info] Resolved Python Environment /bin/python3
2025-01-18 13:10:16.423 [info] Resolved Python Environment /bin/python3
2025-01-18 13:11:07.259 [info] Resolved Python Environment /bin/python3
2025-01-18 13:12:09.093 [info] Resolved Python Environment /bin/python3
2025-01-18 13:16:15.708 [info] Resolved Python Environment /bin/python3
2025-01-18 13:17:23.614 [info] Resolved Python Environment /bin/python3
2025-01-18 13:18:35.660 [info] Resolved Python Environment /bin/python3
2025-01-18 13:20:17.717 [info] Resolved Python Environment /bin/python3
2025-01-18 13:20:58.495 [info] Resolved Python Environment /bin/python3
2025-01-18 13:21:29.804 [info] Resolved Python Environment /bin/python3
2025-01-18 13:30:57.944 [info] Resolved Python Environment /bin/python3
2025-01-18 13:32:50.565 [info] Resolved Python Environment /bin/python3
2025-01-18 13:33:24.421 [info] Resolved Python Environment /bin/python3
2025-01-18 13:34:31.097 [info] Resolved Python Environment /bin/python3
2025-01-18 13:35:02.661 [info] Resolved Python Environment /bin/python3
2025-01-18 13:41:00.432 [info] Resolved Python Environment /bin/python3
2025-01-18 13:42:16.647 [info] Resolved Python Environment /bin/python3
2025-01-18 13:43:01.182 [info] Resolved Python Environment /bin/python3
2025-01-18 13:43:43.021 [info] Resolved Python Environment /bin/python3
2025-01-18 13:44:49.623 [info] Resolved Python Environment /bin/python3
2025-01-18 13:45:24.040 [info] Resolved Python Environment /bin/python3
2025-01-18 13:46:48.007 [info] Resolved Python Environment /bin/python3
2025-01-18 13:47:36.500 [info] Resolved Python Environment /bin/python3
2025-01-18 13:48:45.847 [info] Resolved Python Environment /bin/python3
2025-01-18 13:51:07.953 [info] Resolved Python Environment /bin/python3
2025-01-18 13:52:40.667 [info] Resolved Python Environment /opt/anaconda3/envs/bogdong/bin/python
2025-01-18 13:52:41.870 [info] Resolved Python Environment /bin/python3
2025-01-18 14:38:27.017 [info] Resolved Python Environment /bin/python3
2025-01-18 14:39:12.486 [info] Resolved Python Environment /bin/python3
2025-01-18 14:39:44.832 [info] Resolved Python Environment /bin/python3
2025-01-18 14:46:45.154 [info] Resolved Python Environment /bin/python3
2025-01-18 14:48:18.808 [info] Resolved Python Environment /bin/python3
2025-01-18 14:52:00.278 [info] Resolved Python Environment /bin/python3
2025-01-18 14:52:54.292 [info] Resolved Python Environment /bin/python3
2025-01-18 14:54:48.038 [info] Resolved Python Environment /bin/python3
2025-01-18 14:57:28.640 [info] Resolved Python Environment /bin/python3
2025-01-18 14:59:15.090 [info] Resolved Python Environment /bin/python3
2025-01-18 14:59:49.862 [info] Resolved Python Environment /bin/python3
2025-01-18 15:01:59.925 [info] Resolved Python Environment /bin/python3
2025-01-18 15:06:02.750 [info] Resolved Python Environment /opt/anaconda3/envs/bogdong/bin/python
2025-01-18 15:06:03.833 [info] Resolved Python Environment /bin/python3
2025-01-18 15:06:54.307 [info] Resolved Python Environment /bin/python3
2025-01-18 15:07:28.774 [info] Resolved Python Environment /bin/python3
2025-01-18 15:08:18.356 [info] Resolved Python Environment /bin/python3
2025-01-18 15:08:52.963 [info] Resolved Python Environment /bin/python3
2025-01-18 15:13:16.191 [info] Resolved Python Environment /bin/python3
2025-01-18 15:21:46.329 [info] Resolved Python Environment /bin/python3
2025-01-18 15:45:13.122 [info] Resolved Python Environment /bin/python3
2025-01-18 15:45:55.182 [info] Resolved Python Environment /bin/python3
2025-01-18 15:46:59.205 [info] Resolved Python Environment /bin/python3
