2025-01-18 16:47:12.761 [info] [main] 로그 수준: Info
2025-01-18 16:47:12.761 [info] [main] "git"에서 찾은 git 유효성을 검사하는 중
2025-01-18 16:47:12.761 [info] [main] "2.43.0"에서 git "git"을(를) 사용하는 중
2025-01-18 16:47:12.761 [info] [Model][doInitialScan] Initial repository scan started
2025-01-18 16:47:12.761 [info] > git rev-parse --show-toplevel [57ms]
2025-01-18 16:47:12.761 [info] fatal: not a git repository (or any of the parent directories): .git
2025-01-18 16:47:12.767 [info] > git rev-parse --show-toplevel [3ms]
2025-01-18 16:47:12.767 [info] fatal: not a git repository (or any of the parent directories): .git
2025-01-18 16:47:12.770 [info] > git rev-parse --show-toplevel [1ms]
2025-01-18 16:47:12.770 [info] fatal: not a git repository (or any of the parent directories): .git
2025-01-18 16:47:12.772 [info] > git rev-parse --show-toplevel [1ms]
2025-01-18 16:47:12.772 [info] fatal: not a git repository (or any of the parent directories): .git
2025-01-18 16:47:12.773 [info] > git rev-parse --show-toplevel [0ms]
2025-01-18 16:47:12.774 [info] fatal: not a git repository (or any of the parent directories): .git
2025-01-18 16:47:12.775 [info] > git rev-parse --show-toplevel [0ms]
2025-01-18 16:47:12.775 [info] fatal: not a git repository (or any of the parent directories): .git
2025-01-18 16:47:12.779 [info] > git rev-parse --show-toplevel [2ms]
2025-01-18 16:47:12.779 [info] fatal: not a git repository (or any of the parent directories): .git
2025-01-18 16:47:12.781 [info] > git rev-parse --show-toplevel [1ms]
2025-01-18 16:47:12.781 [info] fatal: not a git repository (or any of the parent directories): .git
2025-01-18 16:47:13.013 [info] > git rev-parse --show-toplevel [230ms]
2025-01-18 16:47:13.013 [info] fatal: not a git repository (or any of the parent directories): .git
2025-01-18 16:47:13.023 [info] > git rev-parse --show-toplevel [5ms]
2025-01-18 16:47:13.023 [info] fatal: not a git repository (or any of the parent directories): .git
2025-01-18 16:47:13.031 [info] > git rev-parse --show-toplevel [6ms]
2025-01-18 16:47:13.031 [info] fatal: not a git repository (or any of the parent directories): .git
2025-01-18 16:47:13.034 [info] > git rev-parse --show-toplevel [2ms]
2025-01-18 16:47:13.034 [info] fatal: not a git repository (or any of the parent directories): .git
2025-01-18 16:47:13.035 [info] [Model][doInitialScan] Initial repository scan completed - repositories (0), closed repositories (0), parent repositories (0), unsafe repositories (0)
2025-01-18 16:59:03.689 [info] > git rev-parse --show-toplevel [2ms]
2025-01-18 16:59:03.689 [info] fatal: not a git repository (or any of the parent directories): .git
