2025-01-19 19:08:51.557 [info] [Info  - 오후 7:08:51] (55179) Server root directory: file:///home/iujeong/.vscode-server/extensions/ms-python.vscode-pylance-2024.12.1/dist
2025-01-19 19:08:51.557 [info] [Info  - 오후 7:08:51] (55179) Pylance language server 2024.12.1 (pyright version 1.1.389, commit ce1325fc) starting
2025-01-19 19:08:51.559 [info] [Info  - 오후 7:08:51] (55179) Starting service instance "iujeong"
2025-01-19 19:08:51.576 [info] [Info  - 오후 7:08:51] (55179) Setting environmentName for service "iujeong": "3.12.3 (글로벌)"
2025-01-19 19:08:51.576 [info] [Info  - 오후 7:08:51] (55179) Setting pythonPath for service "iujeong": "/bin/python3"
2025-01-19 19:08:51.576 [info] [Info  - 오후 7:08:51] (55179) No include entries specified; assuming /home/iujeong
2025-01-19 19:08:51.577 [info] [Info  - 오후 7:08:51] (55179) Auto-excluding **/node_modules
2025-01-19 19:08:51.577 [info] [Info  - 오후 7:08:51] (55179) Auto-excluding **/__pycache__
2025-01-19 19:08:51.577 [info] [Info  - 오후 7:08:51] (55179) Auto-excluding **/.*
2025-01-19 19:08:51.593 [info] [Info  - 오후 7:08:51] (55179) Assuming Python version 3.12.3.final.0
2025-01-19 19:08:51.624 [info] [Info  - 오후 7:08:51] (55179) Found 5 source files
2025-01-19 19:08:51.783 [info] [Info  - 오후 7:08:51] (55179) Background analysis(1) root directory: file:///home/iujeong/.vscode-server/extensions/ms-python.vscode-pylance-2024.12.1/dist
2025-01-19 19:08:51.784 [info] [Info  - 오후 7:08:51] (55179) Background analysis(1) started
2025-01-19 19:08:51.813 [info] [Info  - 오후 7:08:51] (55179) Indexer background runner(2) root directory: file:///home/iujeong/.vscode-server/extensions/ms-python.vscode-pylance-2024.12.1/dist (index)
2025-01-19 19:08:51.813 [info] [Info  - 오후 7:08:51] (55179) Indexing(2) started
2025-01-19 19:08:51.959 [info] [Info  - 오후 7:08:51] (55179) scanned(2) 97 files over 1 exec env
2025-01-19 19:08:52.043 [info] [Info  - 오후 7:08:52] (55179) indexed(2) 97 files over 1 exec env
2025-01-19 19:08:52.059 [info] [Info  - 오후 7:08:52] (55179) Indexing finished(2).
2025-01-19 19:09:01.833 [info] (Client) The existing extension didn't exit within 10 seconds. New instance will start, but you might encounter issues.
2025-01-19 19:09:01.833 [info] (Client) Pylance async client (2024.12.1) started with python extension (2024.22.2)
