2025-01-18 19:35:33.826 [info] 실험 'pythonRecommendTensorboardExt'이(가) 활성 상태입니다.
2025-01-18 19:35:33.826 [info] 실험 'pythonTerminalEnvVarActivation'이(가) 활성 상태입니다.
2025-01-18 19:35:33.826 [info] 실험 'pythonTestAdapter'이(가) 활성 상태입니다.
2025-01-18 19:35:33.826 [info] Native locator: Refresh started
2025-01-18 19:35:33.826 [info] Native locator: Refresh started
2025-01-18 19:35:33.833 [info] Conda environment manager found at: /opt/anaconda3/bin/conda
2025-01-18 19:35:33.860 [info] > pyenv which python
2025-01-18 19:35:33.860 [info] cwd: .
2025-01-18 19:35:33.977 [info] > /opt/anaconda3/bin/conda info --json
2025-01-18 19:35:34.027 [info] Native locator: Refresh finished in 535 ms
2025-01-18 19:35:34.029 [info] Python 인터프리터 경로: /bin/python3
2025-01-18 19:35:34.811 [info] Pylance 언어 서버를 시작하는 중입니다.
2025-01-18 20:59:16.764 [info] > /opt/anaconda3/bin/conda run -n bogdong --no-capture-output python ./.vscode-server/extensions/ms-python.python-2024.22.2/python_files/get_output_via_markers.py ./.vscode-server/extensions/ms-python.python-2024.22.2/python_files/printEnvVariables.py
2025-01-18 20:59:16.764 [info] shell: bash
2025-01-18 20:59:16.770 [info] > /opt/anaconda3/bin/conda run -n bogdong --no-capture-output python ./.vscode-server/extensions/ms-python.python-2024.22.2/python_files/get_output_via_markers.py ./.vscode-server/extensions/ms-python.python-2024.22.2/python_files/printEnvVariables.py
2025-01-18 20:59:16.770 [info] shell: bash
2025-01-18 21:43:39.877 [info] Native locator: Refresh started
2025-01-18 21:43:39.894 [info] Conda environment manager found at: /opt/anaconda3/bin/conda
2025-01-18 21:43:40.002 [info] Native locator: Refresh finished in 124 ms
2025-01-18 21:49:49.967 [info] > /opt/anaconda3/bin/conda run -n bogdong --no-capture-output python ./.vscode-server/extensions/ms-python.python-2024.22.2/python_files/get_output_via_markers.py ./.vscode-server/extensions/ms-python.python-2024.22.2/python_files/printEnvVariables.py
2025-01-18 21:49:49.967 [info] shell: bash
2025-01-18 21:49:49.967 [info] > /opt/anaconda3/bin/conda run -n bogdong --no-capture-output python ./.vscode-server/extensions/ms-python.python-2024.22.2/python_files/get_output_via_markers.py ./.vscode-server/extensions/ms-python.python-2024.22.2/python_files/printEnvVariables.py
2025-01-18 21:49:49.967 [info] shell: bash
2025-01-18 21:54:57.880 [info] Discover tests for workspace name: iujeong - uri: /home/iujeong/Study/withpaw/pet_management.py
2025-01-18 21:55:00.779 [info] Discover tests for workspace name: iujeong - uri: /home/iujeong/Study/withpaw/user_management.py
2025-01-18 22:00:22.939 [info] Discover tests for workspace name: iujeong - uri: /home/iujeong/Study/withpaw/database.py
2025-01-18 22:00:57.030 [info] Discover tests for workspace name: iujeong - uri: /home/iujeong/Study/withpaw/user_management.py
2025-01-18 22:00:59.764 [info] Discover tests for workspace name: iujeong - uri: /home/iujeong/Study/withpaw/database.py
2025-01-18 22:01:55.887 [info] Discover tests for workspace name: iujeong - uri: /home/iujeong/Study/withpaw/pet_management.py
2025-01-18 22:02:28.973 [info] Discover tests for workspace name: iujeong - uri: /home/iujeong/Study/withpaw/main.py
2025-01-18 22:06:51.244 [info] Discover tests for workspace name: iujeong - uri: /home/iujeong/Study/withpaw/database.py
2025-01-18 22:07:00.357 [info] Discover tests for workspace name: iujeong - uri: /home/iujeong/Study/withpaw/user_management.py
2025-01-18 22:07:10.691 [info] Discover tests for workspace name: iujeong - uri: /home/iujeong/Study/withpaw/pet_management.py
2025-01-18 22:07:24.118 [info] Discover tests for workspace name: iujeong - uri: /home/iujeong/Study/withpaw/main.py
2025-01-18 22:09:28.816 [info] Discover tests for workspace name: iujeong - uri: /home/iujeong/Study/withpaw/database.py
2025-01-18 22:09:33.487 [info] > /opt/anaconda3/bin/conda run -n bogdong --no-capture-output python ./.vscode-server/extensions/ms-python.python-2024.22.2/python_files/get_output_via_markers.py ./.vscode-server/extensions/ms-python.python-2024.22.2/python_files/printEnvVariables.py
2025-01-18 22:09:33.487 [info] shell: bash
2025-01-18 22:09:33.488 [info] > /opt/anaconda3/bin/conda run -n bogdong --no-capture-output python ./.vscode-server/extensions/ms-python.python-2024.22.2/python_files/get_output_via_markers.py ./.vscode-server/extensions/ms-python.python-2024.22.2/python_files/printEnvVariables.py
2025-01-18 22:09:33.488 [info] shell: bash
2025-01-18 22:09:36.494 [info] Discover tests for workspace name: iujeong - uri: /home/iujeong/Study/withpaw/user_management.py
2025-01-18 22:09:47.475 [info] Discover tests for workspace name: iujeong - uri: /home/iujeong/Study/withpaw/pet_management.py
2025-01-18 22:09:53.891 [info] Discover tests for workspace name: iujeong - uri: /home/iujeong/Study/withpaw/main.py
2025-01-18 22:09:54.227 [info] Discover tests for workspace name: iujeong - uri: /home/iujeong/Study/withpaw/main.py
2025-01-18 22:12:43.952 [info] Discover tests for workspace name: iujeong - uri: /home/iujeong/Study/withpaw/main.py
2025-01-18 22:14:00.756 [info] Discover tests for workspace name: iujeong - uri: /home/iujeong/Study/withpaw/main.py
2025-01-18 22:14:01.023 [info] Discover tests for workspace name: iujeong - uri: /home/iujeong/Study/withpaw/main.py
2025-01-18 22:22:42.447 [info] Discover tests for workspace name: iujeong - uri: /home/iujeong/Study/withpaw/main.py
2025-01-18 22:22:46.841 [info] Discover tests for workspace name: iujeong - uri: /home/iujeong/Study/withpaw/pet_management.py
2025-01-18 22:26:11.117 [info] Discover tests for workspace name: iujeong - uri: /home/iujeong/Study/withpaw/database.py
2025-01-18 22:27:44.832 [info] Discover tests for workspace name: iujeong - uri: /home/iujeong/Study/withpaw/database.py
2025-01-18 22:28:44.143 [info] Discover tests for workspace name: iujeong - uri: /home/iujeong/Study/withpaw/main.py
2025-01-18 22:30:23.402 [info] Discover tests for workspace name: iujeong - uri: /home/iujeong/Study/withpaw/pet_management.py
2025-01-18 22:30:23.733 [info] Discover tests for workspace name: iujeong - uri: /home/iujeong/Study/withpaw/pet_management.py
2025-01-18 22:31:27.146 [info] Discover tests for workspace name: iujeong - uri: /home/iujeong/Study/withpaw/user_management.py
2025-01-18 22:31:29.236 [info] Discover tests for workspace name: iujeong - uri: /home/iujeong/Study/withpaw/pet_management.py
2025-01-18 22:31:30.244 [info] Discover tests for workspace name: iujeong - uri: /home/iujeong/Study/withpaw/main.py
2025-01-18 22:31:31.720 [info] Discover tests for workspace name: iujeong - uri: /home/iujeong/Study/withpaw/database.py
2025-01-18 22:35:10.503 [info] Discover tests for workspace name: iujeong - uri: /home/iujeong/Study/withpaw/user_management.py
2025-01-18 22:35:11.074 [info] Discover tests for workspace name: iujeong - uri: /home/iujeong/Study/withpaw/user_management.py
2025-01-18 22:35:14.724 [info] Discover tests for workspace name: iujeong - uri: /home/iujeong/Study/withpaw/main.py
2025-01-18 22:37:23.339 [info] Discover tests for workspace name: iujeong - uri: /home/iujeong/Study/withpaw/database.py
2025-01-18 22:37:27.787 [info] Discover tests for workspace name: iujeong - uri: /home/iujeong/Study/withpaw/database.py
2025-01-18 22:37:35.089 [info] Discover tests for workspace name: iujeong - uri: /home/iujeong/Study/withpaw/user_management.py
2025-01-18 22:37:37.774 [info] Discover tests for workspace name: iujeong - uri: /home/iujeong/Study/withpaw/user_management.py
2025-01-18 22:37:45.363 [info] Discover tests for workspace name: iujeong - uri: /home/iujeong/Study/withpaw/pet_management.py
2025-01-18 22:37:45.670 [info] Discover tests for workspace name: iujeong - uri: /home/iujeong/Study/withpaw/pet_management.py
2025-01-18 22:37:56.510 [info] Discover tests for workspace name: iujeong - uri: /home/iujeong/Study/withpaw/training_management.py
2025-01-18 22:37:56.828 [info] Discover tests for workspace name: iujeong - uri: /home/iujeong/Study/withpaw/training_management.py
2025-01-18 22:39:55.388 [info] Discover tests for workspace name: iujeong - uri: /home/iujeong/Study/withpaw/training_management.py
2025-01-18 22:40:43.018 [info] Discover tests for workspace name: iujeong - uri: /home/iujeong/Study/withpaw/training_management.py
2025-01-18 22:40:51.074 [info] Discover tests for workspace name: iujeong - uri: /home/iujeong/Study/withpaw/main.py
2025-01-18 22:41:14.565 [info] Discover tests for workspace name: iujeong - uri: /home/iujeong/Study/withpaw/training_management.py
2025-01-18 22:41:15.887 [info] Discover tests for workspace name: iujeong - uri: /home/iujeong/Study/withpaw/pet_management.py
2025-01-18 22:41:16.928 [info] Discover tests for workspace name: iujeong - uri: /home/iujeong/Study/withpaw/main.py
2025-01-18 22:41:17.987 [info] Discover tests for workspace name: iujeong - uri: /home/iujeong/Study/withpaw/database.py
2025-01-18 22:41:19.042 [info] Discover tests for workspace name: iujeong - uri: /home/iujeong/Study/withpaw/user_management.py
2025-01-18 22:41:40.427 [info] Discover tests for workspace name: iujeong - uri: /home/iujeong/Study/withpaw/pet_management.py
2025-01-18 22:42:43.978 [info] Discover tests for workspace name: iujeong - uri: /home/iujeong/Study/withpaw/pet_management.py
