Visual Studio Code (1.96.3, ssh-remote, desktop)
Jupyter Extension Version: 2024.11.0.
Python Extension Version: 2024.22.2.
Pylance Extension Version: 2024.12.1.
Platform: linux (x64).
Temp Storage folder ~/.vscode-server/data/User/globalStorage/ms-toolsai.jupyter/version-2024.11.0
Workspace folder /home/iujeong, Home = /home/iujeong
23:47:12.635 [info] Starting Kernel (Python Path: /usr/bin/python3, Unknown, 3.12.3) for '~/Study/ddd.ipynb' (disableUI=true)
23:47:12.686 [warn] Failed to get activated env vars for /usr/bin/python3 in 52ms
23:47:12.690 [info] Process Execution: /usr/bin/python3 -c "import site;print("USER_BASE_VALUE");print(site.USER_BASE);print("USER_BASE_VALUE");"
23:47:12.690 [warn] Failed to get activated env vars for /usr/bin/python3 in 50ms
23:47:12.698 [info] Process Execution: /usr/bin/python3 -m pip list
23:47:12.700 [info] Process Execution: /usr/bin/python3 -c "import ipykernel; print(ipykernel.__version__); print("5dc3a68c-e34e-4080-9c3e-2a532b2ccb4d"); print(ipykernel.__file__)"
23:47:12.701 [info] Process Execution: /usr/bin/python3 -m ipykernel_launcher --f=/home/~/.local/share/jupyter/runtime/kernel-v3e6a158b1e73e114d1bfe20194618febd7af8c783.json
    > cwd: //home/~/Study
23:47:12.712 [info] Process Execution: /usr/bin/python3 -c "import pip;print('6af208d0-cb9c-427f-b937-ff563e17efdf')"
23:47:12.714 [error] Disposing kernel process due to an error Error: 커널이 종료되었습니다. 오류: /usr/bin/python3: No module named ipykernel_launcher... 자세한 내용은 Jupyter [로그](command:jupyter.viewOutput)를 참조하세요.
    > Kernel Id = .jvsc74a57bd031f2aee4e71d21fbe5cf8b01ff0e069b9275f58929596ceb00d14d90e3e16cd6./usr/bin/python3./usr/bin/python3.-m#ipykernel_launcher
    > Interpreter Id = /usr/bin/python3
    > at ChildProcess.<anonymous> (/home/~/.vscode-server/extensions/ms-toolsai.jupyter-2024.11.0-linux-x64/dist/extension.node.js:299:44847)
    > stdErr = /usr/bin/python3: No module named ipykernel_launcher
23:47:12.715 [error] Failed to connect raw kernel session: Error: 커널이 종료되었습니다. 오류: /usr/bin/python3: No module named ipykernel_launcher... 자세한 내용은 Jupyter [로그](command:jupyter.viewOutput)를 참조하세요.
23:47:12.715 [error] Failed to connect raw kernel session: Error: 커널이 종료되었습니다. 오류: /usr/bin/python3: No module named ipykernel_launcher... 자세한 내용은 Jupyter [로그](command:jupyter.viewOutput)를 참조하세요.
23:47:12.715 [warn] Failed to shutdown kernel, .jvsc74a57bd031f2aee4e71d21fbe5cf8b01ff0e069b9275f58929596ceb00d14d90e3e16cd6./usr/bin/python3./usr/bin/python3.-m#ipykernel_launcher [TypeError: Cannot read properties of undefined (reading 'dispose')
	at $_.shutdown (/home/~/.vscode-server/extensions/ms-toolsai.jupyter-2024.11.0-linux-x64/dist/extension.node.js:304:13745)
	at process.processTicksAndRejections (node:internal/process/task_queues:95:5)
	at async q_.shutdown (/home/~/.vscode-server/extensions/ms-toolsai.jupyter-2024.11.0-linux-x64/dist/extension.node.js:304:22578)]
23:47:12.716 [warn] Error occurred while trying to start the kernel, options.disableUI=true Error: 커널이 종료되었습니다. 오류: /usr/bin/python3: No module named ipykernel_launcher... 자세한 내용은 Jupyter [로그](command:jupyter.viewOutput)를 참조하세요.
    > Kernel Id = .jvsc74a57bd031f2aee4e71d21fbe5cf8b01ff0e069b9275f58929596ceb00d14d90e3e16cd6./usr/bin/python3./usr/bin/python3.-m#ipykernel_launcher
    > Interpreter Id = /usr/bin/python3
    > at ChildProcess.<anonymous> (/home/~/.vscode-server/extensions/ms-toolsai.jupyter-2024.11.0-linux-x64/dist/extension.node.js:299:44847)
    > stdErr = /usr/bin/python3: No module named ipykernel_launcher
23:48:13.052 [info] Disposing kernel .jvsc74a57bd031f2aee4e71d21fbe5cf8b01ff0e069b9275f58929596ceb00d14d90e3e16cd6./usr/bin/python3./usr/bin/python3.-m#ipykernel_launcher for notebook ~/Study/ddd.ipynb due to selection of another kernel or closing of the notebook
23:48:13.052 [info] Dispose Kernel '~/Study/ddd.ipynb' associated with '~/Study/ddd.ipynb'
23:48:13.086 [info] Starting Kernel (Python Path: /opt/anaconda3/bin/python, Conda, 3.12.4) for '~/Study/ddd.ipynb' (disableUI=true)
23:48:14.095 [info] Process Execution: /opt/anaconda3/bin/python -m pip list
23:48:14.170 [info] Process Execution: /opt/anaconda3/bin/python -c "import ipykernel; print(ipykernel.__version__); print("5dc3a68c-e34e-4080-9c3e-2a532b2ccb4d"); print(ipykernel.__file__)"
23:48:14.172 [info] Process Execution: /opt/anaconda3/bin/python -Xfrozen_modules=off -m ipykernel_launcher --f=/home/~/.local/share/jupyter/runtime/kernel-v3e58ffa4a0b8d751f9d24389a94e3ecbff4714931.json
    > cwd: //home/~/Study
23:48:14.179 [warn] Stderr output when getting ipykernel version & path Traceback (most recent call last):
    File "<string>", line 1, in <module>
    ModuleNotFoundError: No module named 'ipykernel' for /opt/anaconda3/bin/python
23:48:14.185 [error] Disposing kernel process due to an error Error: 커널이 종료되었습니다. 오류: /opt/anaconda3/bin/python: No module named ipykernel_launcher... 자세한 내용은 Jupyter [로그](command:jupyter.viewOutput)를 참조하세요.
    > Kernel Id = .undefined.-xfrozen_modules=off./opt/anaconda3/python./opt/anaconda3/python.-xfrozen_modules=off#-m#ipykernel_launcher
    > Interpreter Id = /opt/anaconda3/bin/python
    > at ChildProcess.<anonymous> (/home/~/.vscode-server/extensions/ms-toolsai.jupyter-2024.11.0-linux-x64/dist/extension.node.js:299:44847)
    > stdErr = /opt/anaconda3/bin/python: No module named ipykernel_launcher
23:48:14.185 [error] Failed to connect raw kernel session: Error: 커널이 종료되었습니다. 오류: /opt/anaconda3/bin/python: No module named ipykernel_launcher... 자세한 내용은 Jupyter [로그](command:jupyter.viewOutput)를 참조하세요.
23:48:14.185 [error] Failed to connect raw kernel session: Error: 커널이 종료되었습니다. 오류: /opt/anaconda3/bin/python: No module named ipykernel_launcher... 자세한 내용은 Jupyter [로그](command:jupyter.viewOutput)를 참조하세요.
23:48:14.185 [warn] Failed to shutdown kernel, .undefined.-xfrozen_modules=off./opt/anaconda3/python./opt/anaconda3/python.-xfrozen_modules=off#-m#ipykernel_launcher [TypeError: Cannot read properties of undefined (reading 'dispose')
	at $_.shutdown (/home/~/.vscode-server/extensions/ms-toolsai.jupyter-2024.11.0-linux-x64/dist/extension.node.js:304:13745)
	at process.processTicksAndRejections (node:internal/process/task_queues:95:5)
	at async q_.shutdown (/home/~/.vscode-server/extensions/ms-toolsai.jupyter-2024.11.0-linux-x64/dist/extension.node.js:304:22578)]
23:48:14.186 [warn] Error occurred while trying to start the kernel, options.disableUI=true Error: 커널이 종료되었습니다. 오류: /opt/anaconda3/bin/python: No module named ipykernel_launcher... 자세한 내용은 Jupyter [로그](command:jupyter.viewOutput)를 참조하세요.
    > Kernel Id = .undefined.-xfrozen_modules=off./opt/anaconda3/python./opt/anaconda3/python.-xfrozen_modules=off#-m#ipykernel_launcher
    > Interpreter Id = /opt/anaconda3/bin/python
    > at ChildProcess.<anonymous> (/home/~/.vscode-server/extensions/ms-toolsai.jupyter-2024.11.0-linux-x64/dist/extension.node.js:299:44847)
    > stdErr = /opt/anaconda3/bin/python: No module named ipykernel_launcher
23:48:33.709 [info] Starting Kernel (Python Path: /opt/anaconda3/bin/python, Conda, 3.12.4) for '~/Study/ddd.ipynb' (disableUI=false)
23:48:33.714 [info] Process Execution: /opt/anaconda3/bin/python -c "import ipykernel; print(ipykernel.__version__); print("5dc3a68c-e34e-4080-9c3e-2a532b2ccb4d"); print(ipykernel.__file__)"
23:48:33.718 [info] Process Execution: /opt/anaconda3/bin/python -Xfrozen_modules=off -m ipykernel_launcher --f=/home/~/.local/share/jupyter/runtime/kernel-v3a49f4c8fe382f88923627f6ff965f32282c77d6f.json
    > cwd: //home/~/Study
23:48:33.721 [warn] Stderr output when getting ipykernel version & path Traceback (most recent call last):
    File "<string>", line 1, in <module>
    ModuleNotFoundError: No module named 'ipykernel' for /opt/anaconda3/bin/python
23:48:33.732 [error] Disposing kernel process due to an error Error: 커널이 종료되었습니다. 오류: /opt/anaconda3/bin/python: No module named ipykernel_launcher... 자세한 내용은 Jupyter [로그](command:jupyter.viewOutput)를 참조하세요.
    > Kernel Id = .undefined.-xfrozen_modules=off./opt/anaconda3/python./opt/anaconda3/python.-xfrozen_modules=off#-m#ipykernel_launcher
    > Interpreter Id = /opt/anaconda3/bin/python
    > at ChildProcess.<anonymous> (/home/~/.vscode-server/extensions/ms-toolsai.jupyter-2024.11.0-linux-x64/dist/extension.node.js:299:44847)
    > stdErr = /opt/anaconda3/bin/python: No module named ipykernel_launcher
23:48:33.733 [error] Failed to connect raw kernel session: Error: 커널이 종료되었습니다. 오류: /opt/anaconda3/bin/python: No module named ipykernel_launcher... 자세한 내용은 Jupyter [로그](command:jupyter.viewOutput)를 참조하세요.
23:48:33.733 [error] Failed to connect raw kernel session: Error: 커널이 종료되었습니다. 오류: /opt/anaconda3/bin/python: No module named ipykernel_launcher... 자세한 내용은 Jupyter [로그](command:jupyter.viewOutput)를 참조하세요.
23:48:33.733 [warn] Failed to shutdown kernel, .undefined.-xfrozen_modules=off./opt/anaconda3/python./opt/anaconda3/python.-xfrozen_modules=off#-m#ipykernel_launcher [TypeError: Cannot read properties of undefined (reading 'dispose')
	at $_.shutdown (/home/~/.vscode-server/extensions/ms-toolsai.jupyter-2024.11.0-linux-x64/dist/extension.node.js:304:13745)
	at process.processTicksAndRejections (node:internal/process/task_queues:95:5)
	at async q_.shutdown (/home/~/.vscode-server/extensions/ms-toolsai.jupyter-2024.11.0-linux-x64/dist/extension.node.js:304:22578)]
23:48:33.733 [warn] Error occurred while trying to start the kernel, options.disableUI=false Error: 커널이 종료되었습니다. 오류: /opt/anaconda3/bin/python: No module named ipykernel_launcher... 자세한 내용은 Jupyter [로그](command:jupyter.viewOutput)를 참조하세요.
    > Kernel Id = .undefined.-xfrozen_modules=off./opt/anaconda3/python./opt/anaconda3/python.-xfrozen_modules=off#-m#ipykernel_launcher
    > Interpreter Id = /opt/anaconda3/bin/python
    > at ChildProcess.<anonymous> (/home/~/.vscode-server/extensions/ms-toolsai.jupyter-2024.11.0-linux-x64/dist/extension.node.js:299:44847)
    > stdErr = /opt/anaconda3/bin/python: No module named ipykernel_launcher
23:48:33.734 [warn] Kernel Error, context = start Error: 커널이 종료되었습니다. 오류: /opt/anaconda3/bin/python: No module named ipykernel_launcher... 자세한 내용은 Jupyter [로그](command:jupyter.viewOutput)를 참조하세요.
    > Kernel Id = .undefined.-xfrozen_modules=off./opt/anaconda3/python./opt/anaconda3/python.-xfrozen_modules=off#-m#ipykernel_launcher
    > Interpreter Id = /opt/anaconda3/bin/python
    > at ChildProcess.<anonymous> (/home/~/.vscode-server/extensions/ms-toolsai.jupyter-2024.11.0-linux-x64/dist/extension.node.js:299:44847)
    > stdErr = /opt/anaconda3/bin/python: No module named ipykernel_launcher
23:48:33.737 [info] Process Execution: /opt/anaconda3/bin/python -c "import ipykernel;print('6af208d0-cb9c-427f-b937-ff563e17efdf')"
23:48:33.746 [info] Check & install missing Kernel dependencies for /opt/anaconda3/bin/python, ui.disabled=false for resource '~/Study/ddd.ipynb'
23:48:33.748 [info] Process Execution: /opt/anaconda3/bin/python -c "import ipykernel;print('6af208d0-cb9c-427f-b937-ff563e17efdf')"
23:48:41.360 [info] Dispose Kernel '~/Study/ddd.ipynb' associated with '~/Study/ddd.ipynb'
23:48:41.360 [error] Error in notebook cell execution Error: 커널이 종료되었습니다. 오류: /opt/anaconda3/bin/python: No module named ipykernel_launcher... 자세한 내용은 Jupyter [로그](command:jupyter.viewOutput)를 참조하세요.
    > Kernel Id = .undefined.-xfrozen_modules=off./opt/anaconda3/python./opt/anaconda3/python.-xfrozen_modules=off#-m#ipykernel_launcher
    > Interpreter Id = /opt/anaconda3/bin/python
    > at ChildProcess.<anonymous> (/home/~/.vscode-server/extensions/ms-toolsai.jupyter-2024.11.0-linux-x64/dist/extension.node.js:299:44847)
    > stdErr = /opt/anaconda3/bin/python: No module named ipykernel_launcher
23:48:41.361 [error] Error in execution (get message for cell) Error: 커널이 종료되었습니다. 오류: /opt/anaconda3/bin/python: No module named ipykernel_launcher... 자세한 내용은 Jupyter [로그](command:jupyter.viewOutput)를 참조하세요.
    > Kernel Id = .undefined.-xfrozen_modules=off./opt/anaconda3/python./opt/anaconda3/python.-xfrozen_modules=off#-m#ipykernel_launcher
    > Interpreter Id = /opt/anaconda3/bin/python
    > at ChildProcess.<anonymous> (/home/~/.vscode-server/extensions/ms-toolsai.jupyter-2024.11.0-linux-x64/dist/extension.node.js:299:44847)
    > stdErr = /opt/anaconda3/bin/python: No module named ipykernel_launcher
23:48:41.364 [info] Process Execution: /opt/anaconda3/bin/python -c "import ipykernel;print('6af208d0-cb9c-427f-b937-ff563e17efdf')"
23:49:01.207 [error] Failed to parse URI ~ [TypeError: Invalid URL
	at new URL (node:internal/url:806:29)
	at CF (/home/~/.vscode-server/extensions/ms-toolsai.jupyter-2024.11.0-linux-x64/dist/extension.node.js:424:20072)
	at Yw.parseUserUriAndGetValidationError (/home/~/.vscode-server/extensions/ms-toolsai.jupyter-2024.11.0-linux-x64/dist/extension.node.js:424:17611)
	at Sh.value (/home/~/.vscode-server/extensions/ms-toolsai.jupyter-2024.11.0-linux-x64/dist/extension.node.js:424:17366)
	at P.B (file:///home/~/.vscode-server/cli/servers/Stable-91fbdddc47bc9c09064bf7acf133d22631cbf083/server/out/vs/workbench/api/node/extensionHostProcess.js:30:746)
	at P.fire (file:///home/~/.vscode-server/cli/servers/Stable-91fbdddc47bc9c09064bf7acf133d22631cbf083/server/out/vs/workbench/api/node/extensionHostProcess.js:30:964)
	at h._fireDidAccept (file:///home/~/.vscode-server/cli/servers/Stable-91fbdddc47bc9c09064bf7acf133d22631cbf083/server/out/vs/workbench/api/node/extensionHostProcess.js:156:38059)
	at s.$onDidAccept (file:///home/~/.vscode-server/cli/servers/Stable-91fbdddc47bc9c09064bf7acf133d22631cbf083/server/out/vs/workbench/api/node/extensionHostProcess.js:156:35862)
	at Dy.S (file:///home/~/.vscode-server/cli/servers/Stable-91fbdddc47bc9c09064bf7acf133d22631cbf083/server/out/vs/workbench/api/node/extensionHostProcess.js:32:158049)
	at Dy.Q (file:///home/~/.vscode-server/cli/servers/Stable-91fbdddc47bc9c09064bf7acf133d22631cbf083/server/out/vs/workbench/api/node/extensionHostProcess.js:32:157829)
	at Dy.M (file:///home/~/.vscode-server/cli/servers/Stable-91fbdddc47bc9c09064bf7acf133d22631cbf083/server/out/vs/workbench/api/node/extensionHostProcess.js:32:156918)
	at Dy.L (file:///home/~/.vscode-server/cli/servers/Stable-91fbdddc47bc9c09064bf7acf133d22631cbf083/server/out/vs/workbench/api/node/extensionHostProcess.js:32:156023)
	at Sh.value (file:///home/~/.vscode-server/cli/servers/Stable-91fbdddc47bc9c09064bf7acf133d22631cbf083/server/out/vs/workbench/api/node/extensionHostProcess.js:32:154820)
	at P.B (file:///home/~/.vscode-server/cli/servers/Stable-91fbdddc47bc9c09064bf7acf133d22631cbf083/server/out/vs/workbench/api/node/extensionHostProcess.js:30:746)
	at P.fire (file:///home/~/.vscode-server/cli/servers/Stable-91fbdddc47bc9c09064bf7acf133d22631cbf083/server/out/vs/workbench/api/node/extensionHostProcess.js:30:964)
	at Vn.fire (file:///home/~/.vscode-server/cli/servers/Stable-91fbdddc47bc9c09064bf7acf133d22631cbf083/server/out/vs/workbench/api/node/extensionHostProcess.js:32:9457)
	at Sh.value (file:///home/~/.vscode-server/cli/servers/Stable-91fbdddc47bc9c09064bf7acf133d22631cbf083/server/out/vs/workbench/api/node/extensionHostProcess.js:175:13296)
	at P.B (file:///home/~/.vscode-server/cli/servers/Stable-91fbdddc47bc9c09064bf7acf133d22631cbf083/server/out/vs/workbench/api/node/extensionHostProcess.js:30:746)
	at P.fire (file:///home/~/.vscode-server/cli/servers/Stable-91fbdddc47bc9c09064bf7acf133d22631cbf083/server/out/vs/workbench/api/node/extensionHostProcess.js:30:964)
	at Vn.fire (file:///home/~/.vscode-server/cli/servers/Stable-91fbdddc47bc9c09064bf7acf133d22631cbf083/server/out/vs/workbench/api/node/extensionHostProcess.js:32:9457)
	at Wm.A (file:///home/~/.vscode-server/cli/servers/Stable-91fbdddc47bc9c09064bf7acf133d22631cbf083/server/out/vs/workbench/api/node/extensionHostProcess.js:32:12573)
	at Sh.value (file:///home/~/.vscode-server/cli/servers/Stable-91fbdddc47bc9c09064bf7acf133d22631cbf083/server/out/vs/workbench/api/node/extensionHostProcess.js:32:10993)
	at P.B (file:///home/~/.vscode-server/cli/servers/Stable-91fbdddc47bc9c09064bf7acf133d22631cbf083/server/out/vs/workbench/api/node/extensionHostProcess.js:30:746)
	at P.fire (file:///home/~/.vscode-server/cli/servers/Stable-91fbdddc47bc9c09064bf7acf133d22631cbf083/server/out/vs/workbench/api/node/extensionHostProcess.js:30:964)
	at s6.acceptChunk (file:///home/~/.vscode-server/cli/servers/Stable-91fbdddc47bc9c09064bf7acf133d22631cbf083/server/out/vs/workbench/api/node/extensionHostProcess.js:32:7940)
	at file:///home/~/.vscode-server/cli/servers/Stable-91fbdddc47bc9c09064bf7acf133d22631cbf083/server/out/vs/workbench/api/node/extensionHostProcess.js:32:7226
	at Socket.t (file:///home/~/.vscode-server/cli/servers/Stable-91fbdddc47bc9c09064bf7acf133d22631cbf083/server/out/vs/workbench/api/node/extensionHostProcess.js:32:15451)
	at Socket.emit (node:events:518:28)
	at addChunk (node:internal/streams/readable:561:12)
	at readableAddChunkPushByteMode (node:internal/streams/readable:512:3)
	at Readable.push (node:internal/streams/readable:392:5)
	at Pipe.onStreamRead (node:internal/stream_base_commons:191:23)] {
  code: 'ERR_INVALID_URL',
  input: '~'
}
23:49:04.681 [error] Failed to parse URI bogdong [TypeError: Invalid URL
	at new URL (node:internal/url:806:29)
	at CF (/home/~/.vscode-server/extensions/ms-toolsai.jupyter-2024.11.0-linux-x64/dist/extension.node.js:424:20072)
	at Yw.parseUserUriAndGetValidationError (/home/~/.vscode-server/extensions/ms-toolsai.jupyter-2024.11.0-linux-x64/dist/extension.node.js:424:17611)
	at Sh.value (/home/~/.vscode-server/extensions/ms-toolsai.jupyter-2024.11.0-linux-x64/dist/extension.node.js:424:17366)
	at P.B (file:///home/~/.vscode-server/cli/servers/Stable-91fbdddc47bc9c09064bf7acf133d22631cbf083/server/out/vs/workbench/api/node/extensionHostProcess.js:30:746)
	at P.fire (file:///home/~/.vscode-server/cli/servers/Stable-91fbdddc47bc9c09064bf7acf133d22631cbf083/server/out/vs/workbench/api/node/extensionHostProcess.js:30:964)
	at h._fireDidAccept (file:///home/~/.vscode-server/cli/servers/Stable-91fbdddc47bc9c09064bf7acf133d22631cbf083/server/out/vs/workbench/api/node/extensionHostProcess.js:156:38059)
	at s.$onDidAccept (file:///home/~/.vscode-server/cli/servers/Stable-91fbdddc47bc9c09064bf7acf133d22631cbf083/server/out/vs/workbench/api/node/extensionHostProcess.js:156:35862)
	at Dy.S (file:///home/~/.vscode-server/cli/servers/Stable-91fbdddc47bc9c09064bf7acf133d22631cbf083/server/out/vs/workbench/api/node/extensionHostProcess.js:32:158049)
	at Dy.Q (file:///home/~/.vscode-server/cli/servers/Stable-91fbdddc47bc9c09064bf7acf133d22631cbf083/server/out/vs/workbench/api/node/extensionHostProcess.js:32:157829)
	at Dy.M (file:///home/~/.vscode-server/cli/servers/Stable-91fbdddc47bc9c09064bf7acf133d22631cbf083/server/out/vs/workbench/api/node/extensionHostProcess.js:32:156918)
	at Dy.L (file:///home/~/.vscode-server/cli/servers/Stable-91fbdddc47bc9c09064bf7acf133d22631cbf083/server/out/vs/workbench/api/node/extensionHostProcess.js:32:156023)
	at Sh.value (file:///home/~/.vscode-server/cli/servers/Stable-91fbdddc47bc9c09064bf7acf133d22631cbf083/server/out/vs/workbench/api/node/extensionHostProcess.js:32:154820)
	at P.B (file:///home/~/.vscode-server/cli/servers/Stable-91fbdddc47bc9c09064bf7acf133d22631cbf083/server/out/vs/workbench/api/node/extensionHostProcess.js:30:746)
	at P.fire (file:///home/~/.vscode-server/cli/servers/Stable-91fbdddc47bc9c09064bf7acf133d22631cbf083/server/out/vs/workbench/api/node/extensionHostProcess.js:30:964)
	at Vn.fire (file:///home/~/.vscode-server/cli/servers/Stable-91fbdddc47bc9c09064bf7acf133d22631cbf083/server/out/vs/workbench/api/node/extensionHostProcess.js:32:9457)
	at Sh.value (file:///home/~/.vscode-server/cli/servers/Stable-91fbdddc47bc9c09064bf7acf133d22631cbf083/server/out/vs/workbench/api/node/extensionHostProcess.js:175:13296)
	at P.B (file:///home/~/.vscode-server/cli/servers/Stable-91fbdddc47bc9c09064bf7acf133d22631cbf083/server/out/vs/workbench/api/node/extensionHostProcess.js:30:746)
	at P.fire (file:///home/~/.vscode-server/cli/servers/Stable-91fbdddc47bc9c09064bf7acf133d22631cbf083/server/out/vs/workbench/api/node/extensionHostProcess.js:30:964)
	at Vn.fire (file:///home/~/.vscode-server/cli/servers/Stable-91fbdddc47bc9c09064bf7acf133d22631cbf083/server/out/vs/workbench/api/node/extensionHostProcess.js:32:9457)
	at Wm.A (file:///home/~/.vscode-server/cli/servers/Stable-91fbdddc47bc9c09064bf7acf133d22631cbf083/server/out/vs/workbench/api/node/extensionHostProcess.js:32:12573)
	at Sh.value (file:///home/~/.vscode-server/cli/servers/Stable-91fbdddc47bc9c09064bf7acf133d22631cbf083/server/out/vs/workbench/api/node/extensionHostProcess.js:32:10993)
	at P.B (file:///home/~/.vscode-server/cli/servers/Stable-91fbdddc47bc9c09064bf7acf133d22631cbf083/server/out/vs/workbench/api/node/extensionHostProcess.js:30:746)
	at P.fire (file:///home/~/.vscode-server/cli/servers/Stable-91fbdddc47bc9c09064bf7acf133d22631cbf083/server/out/vs/workbench/api/node/extensionHostProcess.js:30:964)
	at s6.acceptChunk (file:///home/~/.vscode-server/cli/servers/Stable-91fbdddc47bc9c09064bf7acf133d22631cbf083/server/out/vs/workbench/api/node/extensionHostProcess.js:32:7940)
	at file:///home/~/.vscode-server/cli/servers/Stable-91fbdddc47bc9c09064bf7acf133d22631cbf083/server/out/vs/workbench/api/node/extensionHostProcess.js:32:7226
	at Socket.t (file:///home/~/.vscode-server/cli/servers/Stable-91fbdddc47bc9c09064bf7acf133d22631cbf083/server/out/vs/workbench/api/node/extensionHostProcess.js:32:15451)
	at Socket.emit (node:events:518:28)
	at addChunk (node:internal/streams/readable:561:12)
	at readableAddChunkPushByteMode (node:internal/streams/readable:512:3)
	at Readable.push (node:internal/streams/readable:392:5)
	at Pipe.onStreamRead (node:internal/stream_base_commons:191:23)] {
  code: 'ERR_INVALID_URL',
  input: 'bogdong'
}
23:49:05.577 [error] Failed to parse URI bogdong [TypeError: Invalid URL
	at new URL (node:internal/url:806:29)
	at CF (/home/~/.vscode-server/extensions/ms-toolsai.jupyter-2024.11.0-linux-x64/dist/extension.node.js:424:20072)
	at Yw.parseUserUriAndGetValidationError (/home/~/.vscode-server/extensions/ms-toolsai.jupyter-2024.11.0-linux-x64/dist/extension.node.js:424:17611)
	at Sh.value (/home/~/.vscode-server/extensions/ms-toolsai.jupyter-2024.11.0-linux-x64/dist/extension.node.js:424:17366)
	at P.B (file:///home/~/.vscode-server/cli/servers/Stable-91fbdddc47bc9c09064bf7acf133d22631cbf083/server/out/vs/workbench/api/node/extensionHostProcess.js:30:746)
	at P.fire (file:///home/~/.vscode-server/cli/servers/Stable-91fbdddc47bc9c09064bf7acf133d22631cbf083/server/out/vs/workbench/api/node/extensionHostProcess.js:30:964)
	at h._fireDidAccept (file:///home/~/.vscode-server/cli/servers/Stable-91fbdddc47bc9c09064bf7acf133d22631cbf083/server/out/vs/workbench/api/node/extensionHostProcess.js:156:38059)
	at s.$onDidAccept (file:///home/~/.vscode-server/cli/servers/Stable-91fbdddc47bc9c09064bf7acf133d22631cbf083/server/out/vs/workbench/api/node/extensionHostProcess.js:156:35862)
	at Dy.S (file:///home/~/.vscode-server/cli/servers/Stable-91fbdddc47bc9c09064bf7acf133d22631cbf083/server/out/vs/workbench/api/node/extensionHostProcess.js:32:158049)
	at Dy.Q (file:///home/~/.vscode-server/cli/servers/Stable-91fbdddc47bc9c09064bf7acf133d22631cbf083/server/out/vs/workbench/api/node/extensionHostProcess.js:32:157829)
	at Dy.M (file:///home/~/.vscode-server/cli/servers/Stable-91fbdddc47bc9c09064bf7acf133d22631cbf083/server/out/vs/workbench/api/node/extensionHostProcess.js:32:156918)
	at Dy.L (file:///home/~/.vscode-server/cli/servers/Stable-91fbdddc47bc9c09064bf7acf133d22631cbf083/server/out/vs/workbench/api/node/extensionHostProcess.js:32:156023)
	at Sh.value (file:///home/~/.vscode-server/cli/servers/Stable-91fbdddc47bc9c09064bf7acf133d22631cbf083/server/out/vs/workbench/api/node/extensionHostProcess.js:32:154820)
	at P.B (file:///home/~/.vscode-server/cli/servers/Stable-91fbdddc47bc9c09064bf7acf133d22631cbf083/server/out/vs/workbench/api/node/extensionHostProcess.js:30:746)
	at P.fire (file:///home/~/.vscode-server/cli/servers/Stable-91fbdddc47bc9c09064bf7acf133d22631cbf083/server/out/vs/workbench/api/node/extensionHostProcess.js:30:964)
	at Vn.fire (file:///home/~/.vscode-server/cli/servers/Stable-91fbdddc47bc9c09064bf7acf133d22631cbf083/server/out/vs/workbench/api/node/extensionHostProcess.js:32:9457)
	at Sh.value (file:///home/~/.vscode-server/cli/servers/Stable-91fbdddc47bc9c09064bf7acf133d22631cbf083/server/out/vs/workbench/api/node/extensionHostProcess.js:175:13296)
	at P.B (file:///home/~/.vscode-server/cli/servers/Stable-91fbdddc47bc9c09064bf7acf133d22631cbf083/server/out/vs/workbench/api/node/extensionHostProcess.js:30:746)
	at P.fire (file:///home/~/.vscode-server/cli/servers/Stable-91fbdddc47bc9c09064bf7acf133d22631cbf083/server/out/vs/workbench/api/node/extensionHostProcess.js:30:964)
	at Vn.fire (file:///home/~/.vscode-server/cli/servers/Stable-91fbdddc47bc9c09064bf7acf133d22631cbf083/server/out/vs/workbench/api/node/extensionHostProcess.js:32:9457)
	at Wm.A (file:///home/~/.vscode-server/cli/servers/Stable-91fbdddc47bc9c09064bf7acf133d22631cbf083/server/out/vs/workbench/api/node/extensionHostProcess.js:32:12573)
	at Sh.value (file:///home/~/.vscode-server/cli/servers/Stable-91fbdddc47bc9c09064bf7acf133d22631cbf083/server/out/vs/workbench/api/node/extensionHostProcess.js:32:10993)
	at P.B (file:///home/~/.vscode-server/cli/servers/Stable-91fbdddc47bc9c09064bf7acf133d22631cbf083/server/out/vs/workbench/api/node/extensionHostProcess.js:30:746)
	at P.fire (file:///home/~/.vscode-server/cli/servers/Stable-91fbdddc47bc9c09064bf7acf133d22631cbf083/server/out/vs/workbench/api/node/extensionHostProcess.js:30:964)
	at s6.acceptChunk (file:///home/~/.vscode-server/cli/servers/Stable-91fbdddc47bc9c09064bf7acf133d22631cbf083/server/out/vs/workbench/api/node/extensionHostProcess.js:32:7940)
	at file:///home/~/.vscode-server/cli/servers/Stable-91fbdddc47bc9c09064bf7acf133d22631cbf083/server/out/vs/workbench/api/node/extensionHostProcess.js:32:7226
	at Socket.t (file:///home/~/.vscode-server/cli/servers/Stable-91fbdddc47bc9c09064bf7acf133d22631cbf083/server/out/vs/workbench/api/node/extensionHostProcess.js:32:15451)
	at Socket.emit (node:events:518:28)
	at addChunk (node:internal/streams/readable:561:12)
	at readableAddChunkPushByteMode (node:internal/streams/readable:512:3)
	at Readable.push (node:internal/streams/readable:392:5)
	at Pipe.onStreamRead (node:internal/stream_base_commons:191:23)] {
  code: 'ERR_INVALID_URL',
  input: 'bogdong'
}
23:50:30.139 [error] Failed to parse URI http://<hkitserver.iptime.org>:<6303>/?token=<token> [TypeError: Invalid URL
	at new URL (node:internal/url:806:29)
	at CF (/home/~/.vscode-server/extensions/ms-toolsai.jupyter-2024.11.0-linux-x64/dist/extension.node.js:424:20072)
	at Yw.parseUserUriAndGetValidationError (/home/~/.vscode-server/extensions/ms-toolsai.jupyter-2024.11.0-linux-x64/dist/extension.node.js:424:17611)
	at Sh.value (/home/~/.vscode-server/extensions/ms-toolsai.jupyter-2024.11.0-linux-x64/dist/extension.node.js:424:17366)
	at P.B (file:///home/~/.vscode-server/cli/servers/Stable-91fbdddc47bc9c09064bf7acf133d22631cbf083/server/out/vs/workbench/api/node/extensionHostProcess.js:30:746)
	at P.fire (file:///home/~/.vscode-server/cli/servers/Stable-91fbdddc47bc9c09064bf7acf133d22631cbf083/server/out/vs/workbench/api/node/extensionHostProcess.js:30:964)
	at h._fireDidAccept (file:///home/~/.vscode-server/cli/servers/Stable-91fbdddc47bc9c09064bf7acf133d22631cbf083/server/out/vs/workbench/api/node/extensionHostProcess.js:156:38059)
	at s.$onDidAccept (file:///home/~/.vscode-server/cli/servers/Stable-91fbdddc47bc9c09064bf7acf133d22631cbf083/server/out/vs/workbench/api/node/extensionHostProcess.js:156:35862)
	at Dy.S (file:///home/~/.vscode-server/cli/servers/Stable-91fbdddc47bc9c09064bf7acf133d22631cbf083/server/out/vs/workbench/api/node/extensionHostProcess.js:32:158049)
	at Dy.Q (file:///home/~/.vscode-server/cli/servers/Stable-91fbdddc47bc9c09064bf7acf133d22631cbf083/server/out/vs/workbench/api/node/extensionHostProcess.js:32:157829)
	at Dy.M (file:///home/~/.vscode-server/cli/servers/Stable-91fbdddc47bc9c09064bf7acf133d22631cbf083/server/out/vs/workbench/api/node/extensionHostProcess.js:32:156918)
	at Dy.L (file:///home/~/.vscode-server/cli/servers/Stable-91fbdddc47bc9c09064bf7acf133d22631cbf083/server/out/vs/workbench/api/node/extensionHostProcess.js:32:156023)
	at Sh.value (file:///home/~/.vscode-server/cli/servers/Stable-91fbdddc47bc9c09064bf7acf133d22631cbf083/server/out/vs/workbench/api/node/extensionHostProcess.js:32:154820)
	at P.B (file:///home/~/.vscode-server/cli/servers/Stable-91fbdddc47bc9c09064bf7acf133d22631cbf083/server/out/vs/workbench/api/node/extensionHostProcess.js:30:746)
	at P.fire (file:///home/~/.vscode-server/cli/servers/Stable-91fbdddc47bc9c09064bf7acf133d22631cbf083/server/out/vs/workbench/api/node/extensionHostProcess.js:30:964)
	at Vn.fire (file:///home/~/.vscode-server/cli/servers/Stable-91fbdddc47bc9c09064bf7acf133d22631cbf083/server/out/vs/workbench/api/node/extensionHostProcess.js:32:9457)
	at Sh.value (file:///home/~/.vscode-server/cli/servers/Stable-91fbdddc47bc9c09064bf7acf133d22631cbf083/server/out/vs/workbench/api/node/extensionHostProcess.js:175:13296)
	at P.B (file:///home/~/.vscode-server/cli/servers/Stable-91fbdddc47bc9c09064bf7acf133d22631cbf083/server/out/vs/workbench/api/node/extensionHostProcess.js:30:746)
	at P.fire (file:///home/~/.vscode-server/cli/servers/Stable-91fbdddc47bc9c09064bf7acf133d22631cbf083/server/out/vs/workbench/api/node/extensionHostProcess.js:30:964)
	at Vn.fire (file:///home/~/.vscode-server/cli/servers/Stable-91fbdddc47bc9c09064bf7acf133d22631cbf083/server/out/vs/workbench/api/node/extensionHostProcess.js:32:9457)
	at Wm.A (file:///home/~/.vscode-server/cli/servers/Stable-91fbdddc47bc9c09064bf7acf133d22631cbf083/server/out/vs/workbench/api/node/extensionHostProcess.js:32:12573)
	at Sh.value (file:///home/~/.vscode-server/cli/servers/Stable-91fbdddc47bc9c09064bf7acf133d22631cbf083/server/out/vs/workbench/api/node/extensionHostProcess.js:32:10993)
	at P.B (file:///home/~/.vscode-server/cli/servers/Stable-91fbdddc47bc9c09064bf7acf133d22631cbf083/server/out/vs/workbench/api/node/extensionHostProcess.js:30:746)
	at P.fire (file:///home/~/.vscode-server/cli/servers/Stable-91fbdddc47bc9c09064bf7acf133d22631cbf083/server/out/vs/workbench/api/node/extensionHostProcess.js:30:964)
	at s6.acceptChunk (file:///home/~/.vscode-server/cli/servers/Stable-91fbdddc47bc9c09064bf7acf133d22631cbf083/server/out/vs/workbench/api/node/extensionHostProcess.js:32:7940)
	at file:///home/~/.vscode-server/cli/servers/Stable-91fbdddc47bc9c09064bf7acf133d22631cbf083/server/out/vs/workbench/api/node/extensionHostProcess.js:32:7226
	at Socket.t (file:///home/~/.vscode-server/cli/servers/Stable-91fbdddc47bc9c09064bf7acf133d22631cbf083/server/out/vs/workbench/api/node/extensionHostProcess.js:32:15451)
	at Socket.emit (node:events:518:28)
	at addChunk (node:internal/streams/readable:561:12)
	at readableAddChunkPushByteMode (node:internal/streams/readable:512:3)
	at Readable.push (node:internal/streams/readable:392:5)
	at Pipe.onStreamRead (node:internal/stream_base_commons:191:23)] {
  code: 'ERR_INVALID_URL',
  input: 'http://<hkitserver.iptime.org>:<6303>/?token=<token>'
}
23:51:29.661 [info] Starting Kernel (Python Path: /opt/anaconda3/bin/python, Conda, 3.12.4) for '~/Study/ddd.ipynb' (disableUI=false)
23:51:29.669 [info] Process Execution: /opt/anaconda3/bin/python -c "import ipykernel; print(ipykernel.__version__); print("5dc3a68c-e34e-4080-9c3e-2a532b2ccb4d"); print(ipykernel.__file__)"
23:51:29.672 [info] Process Execution: /opt/anaconda3/bin/python -Xfrozen_modules=off -m ipykernel_launcher --f=/home/~/.local/share/jupyter/runtime/kernel-v347e958a7540edea1eddf0e6596f4354984de0da9.json
    > cwd: //home/~/Study
23:51:29.923 [info] Kernel successfully started
00:12:09.525 [info] Starting Kernel (Python Path: /opt/anaconda3/bin/python, Conda, 3.12.4) for '~/Study/250117.ipynb' (disableUI=true)
00:12:10.602 [info] Process Execution: /opt/anaconda3/bin/python -c "import ipykernel; print(ipykernel.__version__); print("5dc3a68c-e34e-4080-9c3e-2a532b2ccb4d"); print(ipykernel.__file__)"
00:12:10.605 [info] Process Execution: /opt/anaconda3/bin/python -Xfrozen_modules=off -m ipykernel_launcher --f=/home/~/.local/share/jupyter/runtime/kernel-v39630b0d45d5dca2c3f2f03b1dff265522853da1f.json
    > cwd: //home/~/Study
00:12:10.649 [info] Process Execution: /opt/anaconda3/bin/python -m pip list
00:12:10.856 [info] Kernel successfully started
00:12:10.856 [warn] No nbextensions folder found for kernel .undefined.-xfrozen_modules=off./opt/anaconda3/python./opt/anaconda3/python.-xfrozen_modules=off#-m#ipykernel_launcher
00:15:40.415 [info] Disposing request as the cell (0) was deleted ~/Study/250117.ipynb
00:15:40.415 [info] Dispose Kernel '~/Study/250117.ipynb' associated with '~/Study/250117.ipynb'
00:16:15.353 [info] Starting Kernel (Python Path: /opt/anaconda3/bin/python, Conda, 3.12.4) for '~/Study/250117.ipynb' (disableUI=true)
00:16:15.360 [info] Process Execution: /opt/anaconda3/bin/python -c "import ipykernel; print(ipykernel.__version__); print("5dc3a68c-e34e-4080-9c3e-2a532b2ccb4d"); print(ipykernel.__file__)"
00:16:15.367 [info] Process Execution: /opt/anaconda3/bin/python -Xfrozen_modules=off -m ipykernel_launcher --f=/home/~/.local/share/jupyter/runtime/kernel-v38fe5d89ca4545b854cb2865bddccec83aa21247e.json
    > cwd: //home/~/Study
00:16:15.604 [info] Kernel successfully started
00:16:15.604 [warn] No nbextensions folder found for kernel .undefined.-xfrozen_modules=off./opt/anaconda3/python./opt/anaconda3/python.-xfrozen_modules=off#-m#ipykernel_launcher
00:40:50.325 [warn] Cell completed with errors [iu [Error]: invalid syntax (1762758667.py, line 7)
	at n.execute (/home/~/.vscode-server/extensions/ms-toolsai.jupyter-2024.11.0-linux-x64/dist/extension.node.js:297:4958)] {
  ename: 'SyntaxError',
  evalue: 'invalid syntax (1762758667.py, line 7)',
  traceback: [
    '\x1B[0;36m  Cell \x1B[0;32mIn[3], line 7\x1B[0;36m\x1B[0m\n' +
      '\x1B[0;31m    class num = (1, 2, 3, 4, 5)\x1B[0m\n' +
      '\x1B[0m              ^\x1B[0m\n' +
      '\x1B[0;31mSyntaxError\x1B[0m\x1B[0;31m:\x1B[0m invalid syntax\n'
  ]
}
00:42:40.592 [warn] Cell completed with errors [iu [Error]: invalid syntax (2143294281.py, line 7)
	at n.execute (/home/~/.vscode-server/extensions/ms-toolsai.jupyter-2024.11.0-linux-x64/dist/extension.node.js:297:4958)] {
  ename: 'SyntaxError',
  evalue: 'invalid syntax (2143294281.py, line 7)',
  traceback: [
    '\x1B[0;36m  Cell \x1B[0;32mIn[4], line 7\x1B[0;36m\x1B[0m\n' +
      '\x1B[0;31m    class num = (12345)\x1B[0m\n' +
      '\x1B[0m              ^\x1B[0m\n' +
      '\x1B[0;31mSyntaxError\x1B[0m\x1B[0;31m:\x1B[0m invalid syntax\n'
  ]
}
00:43:08.766 [warn] Cell completed with errors [iu [Error]: invalid syntax (1601282695.py, line 7)
	at n.execute (/home/~/.vscode-server/extensions/ms-toolsai.jupyter-2024.11.0-linux-x64/dist/extension.node.js:297:4958)] {
  ename: 'SyntaxError',
  evalue: 'invalid syntax (1601282695.py, line 7)',
  traceback: [
    '\x1B[0;36m  Cell \x1B[0;32mIn[5], line 7\x1B[0;36m\x1B[0m\n' +
      '\x1B[0;31m    class num = (12345)\x1B[0m\n' +
      '\x1B[0m              ^\x1B[0m\n' +
      '\x1B[0;31mSyntaxError\x1B[0m\x1B[0;31m:\x1B[0m invalid syntax\n'
  ]
}
00:43:29.913 [warn] Cell completed with errors [iu [Error]: invalid syntax (4271208864.py, line 7)
	at n.execute (/home/~/.vscode-server/extensions/ms-toolsai.jupyter-2024.11.0-linux-x64/dist/extension.node.js:297:4958)] {
  ename: 'SyntaxError',
  evalue: 'invalid syntax (4271208864.py, line 7)',
  traceback: [
    '\x1B[0;36m  Cell \x1B[0;32mIn[6], line 7\x1B[0;36m\x1B[0m\n' +
      '\x1B[0;31m    class num = (12345)\x1B[0m\n' +
      '\x1B[0m              ^\x1B[0m\n' +
      '\x1B[0;31mSyntaxError\x1B[0m\x1B[0;31m:\x1B[0m invalid syntax\n'
  ]
}
00:43:44.082 [warn] Cell completed with errors [iu [Error]: invalid syntax (1499262696.py, line 9)
	at n.execute (/home/~/.vscode-server/extensions/ms-toolsai.jupyter-2024.11.0-linux-x64/dist/extension.node.js:297:4958)] {
  ename: 'SyntaxError',
  evalue: 'invalid syntax (1499262696.py, line 9)',
  traceback: [
    '\x1B[0;36m  Cell \x1B[0;32mIn[7], line 9\x1B[0;36m\x1B[0m\n' +
      '\x1B[0;31m    print("num"::-1)\x1B[0m\n' +
      '\x1B[0m               ^\x1B[0m\n' +
      '\x1B[0;31mSyntaxError\x1B[0m\x1B[0;31m:\x1B[0m invalid syntax\n'
  ]
}
00:44:09.648 [warn] Cell completed with errors [iu [Error]: invalid syntax (2584489790.py, line 8)
	at n.execute (/home/~/.vscode-server/extensions/ms-toolsai.jupyter-2024.11.0-linux-x64/dist/extension.node.js:297:4958)] {
  ename: 'SyntaxError',
  evalue: 'invalid syntax (2584489790.py, line 8)',
  traceback: [
    '\x1B[0;36m  Cell \x1B[0;32mIn[8], line 8\x1B[0;36m\x1B[0m\n' +
      '\x1B[0;31m    num = (str(1, 2, 3, 4, 5::-1))\x1B[0m\n' +
      '\x1B[0m                            ^\x1B[0m\n' +
      '\x1B[0;31mSyntaxError\x1B[0m\x1B[0;31m:\x1B[0m invalid syntax\n'
  ]
}
00:44:19.169 [warn] Cell completed with errors [iu [Error]: invalid syntax (3975159553.py, line 8)
	at n.execute (/home/~/.vscode-server/extensions/ms-toolsai.jupyter-2024.11.0-linux-x64/dist/extension.node.js:297:4958)] {
  ename: 'SyntaxError',
  evalue: 'invalid syntax (3975159553.py, line 8)',
  traceback: [
    '\x1B[0;36m  Cell \x1B[0;32mIn[9], line 8\x1B[0;36m\x1B[0m\n' +
      '\x1B[0;31m    num = (str(12345::-1))\x1B[0m\n' +
      '\x1B[0m                    ^\x1B[0m\n' +
      '\x1B[0;31mSyntaxError\x1B[0m\x1B[0;31m:\x1B[0m invalid syntax\n'
  ]
}
00:44:29.858 [warn] Cell completed with errors [iu [Error]: unmatched ')' (3206180421.py, line 8)
	at n.execute (/home/~/.vscode-server/extensions/ms-toolsai.jupyter-2024.11.0-linux-x64/dist/extension.node.js:297:4958)] {
  ename: 'SyntaxError',
  evalue: "unmatched ')' (3206180421.py, line 8)",
  traceback: [
    '\x1B[0;36m  Cell \x1B[0;32mIn[10], line 8\x1B[0;36m\x1B[0m\n' +
      '\x1B[0;31m    num = ("12345"::-1))\x1B[0m\n' +
      '\x1B[0m                       ^\x1B[0m\n' +
      "\x1B[0;31mSyntaxError\x1B[0m\x1B[0;31m:\x1B[0m unmatched ')'\n"
  ]
}
00:44:43.491 [warn] Cell completed with errors [iu [Error]: unmatched ')' (3701281082.py, line 8)
	at n.execute (/home/~/.vscode-server/extensions/ms-toolsai.jupyter-2024.11.0-linux-x64/dist/extension.node.js:297:4958)] {
  ename: 'SyntaxError',
  evalue: "unmatched ')' (3701281082.py, line 8)",
  traceback: [
    '\x1B[0;36m  Cell \x1B[0;32mIn[11], line 8\x1B[0;36m\x1B[0m\n' +
      '\x1B[0;31m    num = (str("12345")::-1))\x1B[0m\n' +
      '\x1B[0m                            ^\x1B[0m\n' +
      "\x1B[0;31mSyntaxError\x1B[0m\x1B[0;31m:\x1B[0m unmatched ')'\n"
  ]
}
00:48:41.669 [warn] Cell completed with errors [iu [Error]: invalid syntax (3431411846.py, line 2)
	at n.execute (/home/~/.vscode-server/extensions/ms-toolsai.jupyter-2024.11.0-linux-x64/dist/extension.node.js:297:4958)] {
  ename: 'SyntaxError',
  evalue: 'invalid syntax (3431411846.py, line 2)',
  traceback: [
    '\x1B[0;36m  Cell \x1B[0;32mIn[13], line 2\x1B[0;36m\x1B[0m\n' +
      '\x1B[0;31m    if for number % 2 == 0:\x1B[0m\n' +
      '\x1B[0m       ^\x1B[0m\n' +
      '\x1B[0;31mSyntaxError\x1B[0m\x1B[0;31m:\x1B[0m invalid syntax\n'
  ]
}
00:49:01.498 [warn] Cell completed with errors [iu [Error]: invalid syntax (2270672636.py, line 2)
	at n.execute (/home/~/.vscode-server/extensions/ms-toolsai.jupyter-2024.11.0-linux-x64/dist/extension.node.js:297:4958)] {
  ename: 'SyntaxError',
  evalue: 'invalid syntax (2270672636.py, line 2)',
  traceback: [
    '\x1B[0;36m  Cell \x1B[0;32mIn[14], line 2\x1B[0;36m\x1B[0m\n' +
      '\x1B[0;31m    if for number % 2 == 0:\x1B[0m\n' +
      '\x1B[0m       ^\x1B[0m\n' +
      '\x1B[0;31mSyntaxError\x1B[0m\x1B[0;31m:\x1B[0m invalid syntax\n'
  ]
}
00:49:14.211 [warn] Cell completed with errors [iu [Error]: invalid literal for int() with base 10: ''
	at n.execute (/home/~/.vscode-server/extensions/ms-toolsai.jupyter-2024.11.0-linux-x64/dist/extension.node.js:297:4958)] {
  ename: 'ValueError',
  evalue: "invalid literal for int() with base 10: ''",
  traceback: [
    '\x1B[0;31m---------------------------------------------------------------------------\x1B[0m',
    '\x1B[0;31mValueError\x1B[0m                                Traceback (most recent call last)',
    'Cell \x1B[0;32mIn[15], line 1\x1B[0m\n' +
      '\x1B[0;32m----> 1\x1B[0m number \x1B[38;5;241m=\x1B[39m \x1B[38;5;28mint\x1B[39m(\x1B[38;5;28minput\x1B[39m(\x1B[38;5;124m"\x1B[39m\x1B[38;5;124m숫자를 입력하세요: \x1B[39m\x1B[38;5;124m"\x1B[39m))\n' +
      '\x1B[1;32m      2\x1B[0m \x1B[38;5;28;01mif\x1B[39;00m number \x1B[38;5;241m%\x1B[39m \x1B[38;5;241m2\x1B[39m \x1B[38;5;241m==\x1B[39m \x1B[38;5;241m0\x1B[39m:\n' +
      '\x1B[1;32m      3\x1B[0m     \x1B[38;5;28mprint\x1B[39m(\x1B[38;5;124m"\x1B[39m\x1B[38;5;124m짝수입니다.\x1B[39m\x1B[38;5;124m"\x1B[39m)\n',
    "\x1B[0;31mValueError\x1B[0m: invalid literal for int() with base 10: ''"
  ]
}
00:51:38.499 [warn] Cell completed with errors [iu [Error]: invalid literal for int() with base 10: ''
	at n.execute (/home/~/.vscode-server/extensions/ms-toolsai.jupyter-2024.11.0-linux-x64/dist/extension.node.js:297:4958)] {
  ename: 'ValueError',
  evalue: "invalid literal for int() with base 10: ''",
  traceback: [
    '\x1B[0;31m---------------------------------------------------------------------------\x1B[0m',
    '\x1B[0;31mValueError\x1B[0m                                Traceback (most recent call last)',
    'Cell \x1B[0;32mIn[17], line 4\x1B[0m\n' +
      '\x1B[1;32m      1\x1B[0m \x1B[38;5;66;03m# 첫 번째 숫자를 입력하세요: 5\x1B[39;00m\n' +
      '\x1B[1;32m      2\x1B[0m \x1B[38;5;66;03m# 두 번째 숫자를 입력하세요: 3\x1B[39;00m\n' +
      '\x1B[0;32m----> 4\x1B[0m number1 \x1B[38;5;241m=\x1B[39m \x1B[38;5;28mint\x1B[39m(\x1B[38;5;28minput\x1B[39m(\x1B[38;5;124m"\x1B[39m\x1B[38;5;124m첫 번째 숫자를 입력하세요: \x1B[39m\x1B[38;5;124m"\x1B[39m))\n' +
      '\x1B[1;32m      5\x1B[0m number2 \x1B[38;5;241m=\x1B[39m \x1B[38;5;28mint\x1B[39m(\x1B[38;5;28minput\x1B[39m(\x1B[38;5;124m"\x1B[39m\x1B[38;5;124m두 번째 숫자를 입력하세요: \x1B[39m\x1B[38;5;124m"\x1B[39m))\n' +
      '\x1B[1;32m      6\x1B[0m num \x1B[38;5;241m=\x1B[39m number1 \x1B[38;5;241m+\x1B[39m number2\n',
    "\x1B[0;31mValueError\x1B[0m: invalid literal for int() with base 10: ''"
  ]
}
00:53:31.046 [warn] Cell completed with errors [iu [Error]: invalid syntax. Perhaps you forgot a comma? (23560679.py, line 7)
	at n.execute (/home/~/.vscode-server/extensions/ms-toolsai.jupyter-2024.11.0-linux-x64/dist/extension.node.js:297:4958)] {
  ename: 'SyntaxError',
  evalue: 'invalid syntax. Perhaps you forgot a comma? (23560679.py, line 7)',
  traceback: [
    '\x1B[0;36m  Cell \x1B[0;32mIn[19], line 7\x1B[0;36m\x1B[0m\n' +
      '\x1B[0;31m    print(f"두 숫자의 합은: " {num} "입니다.")\x1B[0m\n' +
      '\x1B[0m          ^\x1B[0m\n' +
      '\x1B[0;31mSyntaxError\x1B[0m\x1B[0;31m:\x1B[0m invalid syntax. Perhaps you forgot a comma?\n'
  ]
}
00:53:55.140 [info] Disposing request as the cell (1) was deleted ~/Study/250117.ipynb
00:53:55.140 [info] Disposing request as the cell (2) was deleted ~/Study/250117.ipynb
00:53:55.140 [info] Disposing request as the cell (2) was deleted ~/Study/250117.ipynb
00:53:55.140 [info] Disposing request as the cell (2) was deleted ~/Study/250117.ipynb
00:53:55.140 [info] Disposing request as the cell (2) was deleted ~/Study/250117.ipynb
00:53:55.140 [info] Disposing request as the cell (2) was deleted ~/Study/250117.ipynb
00:53:55.140 [info] Disposing request as the cell (2) was deleted ~/Study/250117.ipynb
00:53:55.140 [info] Disposing request as the cell (2) was deleted ~/Study/250117.ipynb
00:53:55.140 [info] Disposing request as the cell (2) was deleted ~/Study/250117.ipynb
00:53:55.140 [info] Disposing request as the cell (2) was deleted ~/Study/250117.ipynb
00:53:55.140 [info] Disposing request as the cell (2) was deleted ~/Study/250117.ipynb
00:53:55.140 [info] Disposing request as the cell (2) was deleted ~/Study/250117.ipynb
00:53:55.140 [info] Disposing request as the cell (3) was deleted ~/Study/250117.ipynb
00:53:55.140 [info] Disposing request as the cell (3) was deleted ~/Study/250117.ipynb
00:53:55.140 [info] Disposing request as the cell (3) was deleted ~/Study/250117.ipynb
00:53:55.140 [info] Disposing request as the cell (3) was deleted ~/Study/250117.ipynb
00:53:55.140 [info] Disposing request as the cell (4) was deleted ~/Study/250117.ipynb
00:53:55.140 [info] Disposing request as the cell (4) was deleted ~/Study/250117.ipynb
00:53:55.140 [info] Disposing request as the cell (4) was deleted ~/Study/250117.ipynb
00:53:55.140 [info] Disposing request as the cell (4) was deleted ~/Study/250117.ipynb
00:53:55.140 [info] Dispose Kernel '~/Study/250117.ipynb' associated with '~/Study/250117.ipynb'
00:53:57.479 [info] Dispose Kernel '~/Study/ddd.ipynb' associated with '~/Study/ddd.ipynb'
00:53:57.479 [info] Dispose Kernel '~/Study/ddd.ipynb' associated with '~/Study/ddd.ipynb'
00:53:57.479 [info] Dispose Kernel '~/Study/ddd.ipynb' associated with '~/Study/ddd.ipynb'
00:53:57.484 [info] Dispose Kernel '~/Study/250117.ipynb' associated with '~/Study/250117.ipynb'
00:53:57.484 [info] Dispose Kernel '~/Study/250117.ipynb' associated with '~/Study/250117.ipynb'
