2025-01-20 12:32:04.191 [info] [main] 로그 수준: Info
2025-01-20 12:32:04.191 [info] [main] "git"에서 찾은 git 유효성을 검사하는 중
2025-01-20 12:32:04.191 [info] [main] "2.43.0"에서 git "git"을(를) 사용하는 중
2025-01-20 12:32:04.191 [info] [Model][doInitialScan] Initial repository scan started
2025-01-20 12:32:04.191 [info] > git rev-parse --show-toplevel [6ms]
2025-01-20 12:32:04.191 [info] fatal: not a git repository (or any of the parent directories): .git
2025-01-20 12:32:04.191 [info] > git rev-parse --show-toplevel [1ms]
2025-01-20 12:32:04.191 [info] fatal: not a git repository (or any of the parent directories): .git
2025-01-20 12:32:04.191 [info] > git rev-parse --show-toplevel [2ms]
2025-01-20 12:32:04.191 [info] fatal: not a git repository (or any of the parent directories): .git
2025-01-20 12:32:04.191 [info] > git rev-parse --show-toplevel [2ms]
2025-01-20 12:32:04.191 [info] fatal: not a git repository (or any of the parent directories): .git
2025-01-20 12:32:04.191 [info] > git rev-parse --show-toplevel [5ms]
2025-01-20 12:32:04.191 [info] fatal: not a git repository (or any of the parent directories): .git
2025-01-20 12:32:04.193 [info] > git rev-parse --show-toplevel [2ms]
2025-01-20 12:32:04.193 [info] fatal: not a git repository (or any of the parent directories): .git
2025-01-20 12:32:04.201 [info] > git rev-parse --show-toplevel [6ms]
2025-01-20 12:32:04.202 [info] fatal: not a git repository (or any of the parent directories): .git
2025-01-20 12:32:04.205 [info] > git rev-parse --show-toplevel [2ms]
2025-01-20 12:32:04.205 [info] fatal: not a git repository (or any of the parent directories): .git
2025-01-20 12:32:04.281 [info] > git rev-parse --show-toplevel [74ms]
2025-01-20 12:32:04.281 [info] fatal: not a git repository (or any of the parent directories): .git
2025-01-20 12:32:04.309 [info] > git rev-parse --show-toplevel [25ms]
2025-01-20 12:32:04.309 [info] fatal: not a git repository (or any of the parent directories): .git
2025-01-20 12:32:04.319 [info] > git rev-parse --show-toplevel [7ms]
2025-01-20 12:32:04.319 [info] fatal: not a git repository (or any of the parent directories): .git
2025-01-20 12:32:04.324 [info] > git rev-parse --show-toplevel [2ms]
2025-01-20 12:32:04.324 [info] fatal: not a git repository (or any of the parent directories): .git
2025-01-20 12:32:04.348 [info] > git rev-parse --show-toplevel [21ms]
2025-01-20 12:32:04.348 [info] fatal: not a git repository (or any of the parent directories): .git
2025-01-20 12:32:04.348 [info] [Model][doInitialScan] Initial repository scan completed - repositories (0), closed repositories (0), parent repositories (0), unsafe repositories (0)
2025-01-20 14:57:08.295 [info] > git rev-parse --show-toplevel [0ms]
2025-01-20 14:57:08.295 [info] fatal: not a git repository (or any of the parent directories): .git
2025-01-20 15:02:40.527 [info] > git rev-parse --show-toplevel [1ms]
2025-01-20 15:02:40.527 [info] fatal: not a git repository (or any of the parent directories): .git
2025-01-20 15:02:40.564 [info] > git rev-parse --show-toplevel [1ms]
2025-01-20 15:02:40.564 [info] fatal: not a git repository (or any of the parent directories): .git
2025-01-20 15:02:46.281 [info] > git rev-parse --show-toplevel [1ms]
2025-01-20 15:02:46.281 [info] fatal: not a git repository (or any of the parent directories): .git
2025-01-20 15:02:46.284 [info] > git rev-parse --show-toplevel [0ms]
2025-01-20 15:02:46.284 [info] fatal: not a git repository (or any of the parent directories): .git
