2025-01-18 11:59:07.817 [info] Extension host with pid 78250 started
2025-01-18 11:59:07.819 [info] Lock '/home/iujeong/.vscode-server/data/User/workspaceStorage/d93eea3a3c3f435b3cabd9cc82da6704/vscode.lock': Lock acquired.
2025-01-18 11:59:07.944 [info] ExtensionService#_doActivateExtension vscode.git-base, startup: false, activationEvent: '*', root cause: vscode.git
2025-01-18 11:59:07.944 [info] ExtensionService#_doActivateExtension innerlee.nvidia-smi, startup: false, activationEvent: '*'
2025-01-18 11:59:07.945 [info] ExtensionService#_doActivateExtension mutantdino.resourcemonitor, startup: false, activationEvent: '*'
2025-01-18 11:59:07.945 [info] ExtensionService#_doActivateExtension mechatroner.rainbow-csv, startup: false, activationEvent: 'onLanguage:plaintext'
2025-01-18 11:59:07.945 [info] ExtensionService#_doActivateExtension vscode.emmet, startup: false, activationEvent: 'onLanguage'
2025-01-18 11:59:07.945 [info] ExtensionService#_doActivateExtension vscode.configuration-editing, startup: false, activationEvent: 'onLanguage:json'
2025-01-18 11:59:07.945 [info] ExtensionService#_doActivateExtension vscode.extension-editing, startup: false, activationEvent: 'onLanguage:json'
2025-01-18 11:59:07.945 [info] ExtensionService#_doActivateExtension vscode.json-language-features, startup: false, activationEvent: 'onLanguage:json'
2025-01-18 11:59:07.945 [info] ExtensionService#_doActivateExtension vscode.npm, startup: false, activationEvent: 'onLanguage:json'
2025-01-18 11:59:08.346 [info] ExtensionService#_doActivateExtension vscode.git, startup: false, activationEvent: '*'
2025-01-18 11:59:08.346 [info] ExtensionService#_doActivateExtension vscode.github, startup: false, activationEvent: '*'
2025-01-18 11:59:08.946 [info] ExtensionService#_doActivateExtension ms-python.python, startup: true, activationEvent: 'workspaceContains:.conda'
2025-01-18 11:59:09.053 [warning] Using default string since no string found in i18n bundle that has the key: Source map support is enabled in the Python Extension, this will adversely impact performance of the extension.
2025-01-18 11:59:09.054 [warning] Using default string since no string found in i18n bundle that has the key: Disable Source Map Support
2025-01-18 11:59:09.054 [warning] Using default string since no string found in i18n bundle that has the key: Enabling source map support in the Python Extension will adversely impact performance of the extension.
2025-01-18 11:59:09.054 [warning] Using default string since no string found in i18n bundle that has the key: Enable and reload Window.
2025-01-18 11:59:09.054 [warning] Using default string since no string found in i18n bundle that has the key: ▶ Launch TensorBoard Session
2025-01-18 11:59:09.054 [warning] Using default string since no string found in i18n bundle that has the key: Launch TensorBoard session
2025-01-18 11:59:09.188 [info] Eager extensions activated
2025-01-18 11:59:09.188 [info] ExtensionService#_doActivateExtension vscode.debug-auto-launch, startup: false, activationEvent: 'onStartupFinished'
2025-01-18 11:59:09.189 [info] ExtensionService#_doActivateExtension vscode.merge-conflict, startup: false, activationEvent: 'onStartupFinished'
2025-01-18 11:59:09.189 [info] ExtensionService#_doActivateExtension hoovercj.vscode-power-mode, startup: false, activationEvent: 'onStartupFinished'
2025-01-18 11:59:09.189 [info] ExtensionService#_doActivateExtension ms-dotnettools.vscode-dotnet-runtime, startup: false, activationEvent: 'onStartupFinished'
2025-01-18 11:59:09.189 [info] ExtensionService#_doActivateExtension RSIP-Vision.nvidia-smi-plus, startup: false, activationEvent: 'onStartupFinished'
2025-01-18 11:59:09.189 [info] ExtensionService#_doActivateExtension YuTengjing.vscode-colorize-plus, startup: false, activationEvent: 'onStartupFinished'
2025-01-18 11:59:09.346 [info] ExtensionService#_doActivateExtension ms-python.vscode-pylance, startup: false, activationEvent: 'api', root cause: ms-python.python
2025-01-18 11:59:10.097 [info] ExtensionService#_doActivateExtension vscode.tunnel-forwarding, startup: false, activationEvent: 'onTunnel'
2025-01-18 11:59:57.726 [info] ExtensionService#_doActivateExtension vscode.ipynb, startup: false, activationEvent: 'onNotebookSerializer:jupyter-notebook'
2025-01-18 11:59:57.876 [info] ExtensionService#_doActivateExtension ms-toolsai.jupyter, startup: false, activationEvent: 'onNotebook:jupyter-notebook'
2025-01-18 11:59:57.876 [info] ExtensionService#_doActivateExtension ms-toolsai.vscode-jupyter-cell-tags, startup: false, activationEvent: 'onNotebook:jupyter-notebook'
2025-01-18 11:59:57.876 [info] ExtensionService#_doActivateExtension ms-toolsai.vscode-jupyter-slideshow, startup: false, activationEvent: 'onNotebook:jupyter-notebook'
2025-01-18 11:59:57.962 [info] ExtensionService#_doActivateExtension ms-python.debugpy, startup: false, activationEvent: 'onLanguage:python'
2025-01-18 11:59:58.021 [warning] Using default string since no string found in i18n bundle that has the key: The security certificate used by server was not issued by a trusted certificate authority.
This may indicate an attempt to steal your information.
2025-01-18 11:59:58.021 [warning] Using default string since no string found in i18n bundle that has the key: The security certificate used by server has expired.
This may indicate an attempt to steal your information.
2025-01-18 11:59:58.022 [warning] Using default string since no string found in i18n bundle that has the key: If you have not installed xelatex (TeX), you will need to do so before you can export to PDF. For further instructions, please see https://nbconvert.readthedocs.io/en/latest/install.html#installing-tex. 
To avoid installing xelatex (TeX), you might want to try exporting to HTML and using your browser's "Print to PDF" feature.
2025-01-18 11:59:58.138 [info] ExtensionService#_doActivateExtension ms-toolsai.jupyter-renderers, startup: false, activationEvent: 'api', root cause: ms-toolsai.jupyter
2025-01-18 12:05:10.740 [info] Extension host terminating: received terminate message from renderer
2025-01-18 12:05:10.741 [info] Lock '/home/iujeong/.vscode-server/data/User/workspaceStorage/d93eea3a3c3f435b3cabd9cc82da6704/vscode.lock': Marking the lockfile as scheduled to be released in 6000 ms.
2025-01-18 12:05:10.775 [info] Extension host with pid 78250 exiting with code 0
