2025-01-19 19:08:50.027 [info] Extension host with pid 54900 started
2025-01-19 19:08:50.027 [error] Error: EEXIST: file already exists, open '/home/iujeong/.vscode-server/data/User/workspaceStorage/d93eea3a3c3f435b3cabd9cc82da6704/vscode.lock'
2025-01-19 19:08:50.029 [info] Lock '/home/iujeong/.vscode-server/data/User/workspaceStorage/d93eea3a3c3f435b3cabd9cc82da6704/vscode.lock': Could not acquire lock, checking if the file is stale.
2025-01-19 19:08:50.030 [info] Lock '/home/iujeong/.vscode-server/data/User/workspaceStorage/d93eea3a3c3f435b3cabd9cc82da6704/vscode.lock': The lock does not look stale, elapsed: 327 ms, giving up.
2025-01-19 19:08:50.031 [info] Lock '/home/iujeong/.vscode-server/data/User/workspaceStorage/d93eea3a3c3f435b3cabd9cc82da6704-1/vscode.lock': Lock acquired.
2025-01-19 19:08:50.208 [info] ExtensionService#_doActivateExtension vscode.git-base, startup: false, activationEvent: '*', root cause: vscode.git
2025-01-19 19:08:50.209 [info] ExtensionService#_doActivateExtension innerlee.nvidia-smi, startup: false, activationEvent: '*'
2025-01-19 19:08:50.209 [info] ExtensionService#_doActivateExtension mutantdino.resourcemonitor, startup: false, activationEvent: '*'
2025-01-19 19:08:50.209 [info] ExtensionService#_doActivateExtension vscode.tunnel-forwarding, startup: false, activationEvent: 'onTunnel'
2025-01-19 19:08:50.209 [info] ExtensionService#_doActivateExtension mechatroner.rainbow-csv, startup: false, activationEvent: 'onLanguage:plaintext'
2025-01-19 19:08:50.209 [info] ExtensionService#_doActivateExtension vscode.emmet, startup: false, activationEvent: 'onLanguage'
2025-01-19 19:08:50.209 [info] ExtensionService#_doActivateExtension ms-python.python, startup: false, activationEvent: 'onLanguage:python', root cause: ms-python.debugpy
2025-01-19 19:08:50.209 [info] ExtensionService#_doActivateExtension ms-toolsai.jupyter, startup: false, activationEvent: 'onLanguage:python'
2025-01-19 19:08:50.529 [warning] Using default string since no string found in i18n bundle that has the key: Source map support is enabled in the Python Extension, this will adversely impact performance of the extension.
2025-01-19 19:08:50.529 [warning] Using default string since no string found in i18n bundle that has the key: Disable Source Map Support
2025-01-19 19:08:50.529 [warning] Using default string since no string found in i18n bundle that has the key: Enabling source map support in the Python Extension will adversely impact performance of the extension.
2025-01-19 19:08:50.529 [warning] Using default string since no string found in i18n bundle that has the key: Enable and reload Window.
2025-01-19 19:08:50.529 [warning] Using default string since no string found in i18n bundle that has the key: ▶ Launch TensorBoard Session
2025-01-19 19:08:50.529 [warning] Using default string since no string found in i18n bundle that has the key: Launch TensorBoard session
2025-01-19 19:08:50.612 [warning] Using default string since no string found in i18n bundle that has the key: The security certificate used by server was not issued by a trusted certificate authority.
This may indicate an attempt to steal your information.
2025-01-19 19:08:50.612 [warning] Using default string since no string found in i18n bundle that has the key: The security certificate used by server has expired.
This may indicate an attempt to steal your information.
2025-01-19 19:08:50.613 [warning] Using default string since no string found in i18n bundle that has the key: If you have not installed xelatex (TeX), you will need to do so before you can export to PDF. For further instructions, please see https://nbconvert.readthedocs.io/en/latest/install.html#installing-tex. 
To avoid installing xelatex (TeX), you might want to try exporting to HTML and using your browser's "Print to PDF" feature.
2025-01-19 19:08:50.732 [info] ExtensionService#_doActivateExtension ms-toolsai.jupyter-renderers, startup: false, activationEvent: 'api', root cause: ms-toolsai.jupyter
2025-01-19 19:08:50.741 [info] ExtensionService#_doActivateExtension vscode.git, startup: false, activationEvent: '*'
2025-01-19 19:08:50.741 [info] ExtensionService#_doActivateExtension vscode.github, startup: false, activationEvent: '*'
2025-01-19 19:08:50.761 [info] ExtensionService#_doActivateExtension ms-python.debugpy, startup: false, activationEvent: 'onLanguage:python'
2025-01-19 19:08:50.761 [info] ExtensionService#_doActivateExtension ms-python.vscode-pylance, startup: false, activationEvent: 'onLanguage:python'
2025-01-19 19:08:51.210 [info] Eager extensions activated
2025-01-19 19:08:51.210 [info] ExtensionService#_doActivateExtension vscode.debug-auto-launch, startup: false, activationEvent: 'onStartupFinished'
2025-01-19 19:08:51.210 [info] ExtensionService#_doActivateExtension vscode.merge-conflict, startup: false, activationEvent: 'onStartupFinished'
2025-01-19 19:08:51.210 [info] ExtensionService#_doActivateExtension hoovercj.vscode-power-mode, startup: false, activationEvent: 'onStartupFinished'
2025-01-19 19:08:51.211 [info] ExtensionService#_doActivateExtension ms-dotnettools.vscode-dotnet-runtime, startup: false, activationEvent: 'onStartupFinished'
2025-01-19 19:08:51.211 [info] ExtensionService#_doActivateExtension RSIP-Vision.nvidia-smi-plus, startup: false, activationEvent: 'onStartupFinished'
2025-01-19 19:08:51.211 [info] ExtensionService#_doActivateExtension YuTengjing.vscode-colorize-plus, startup: false, activationEvent: 'onStartupFinished'
2025-01-19 22:30:21.295 [info] Extension host terminating: renderer disconnected for too long (1)
2025-01-19 22:30:21.324 [info] Lock '/home/iujeong/.vscode-server/data/User/workspaceStorage/d93eea3a3c3f435b3cabd9cc82da6704-1/vscode.lock': Marking the lockfile as scheduled to be released in 6000 ms.
2025-01-19 22:30:21.346 [info] Extension host with pid 54900 exiting with code 0
