2025-01-21 09:14:47.635 [info] 실험 'pythonRecommendTensorboardExt'이(가) 활성 상태입니다.
2025-01-21 09:14:47.635 [info] 실험 'pythonTerminalEnvVarActivation'이(가) 활성 상태입니다.
2025-01-21 09:14:47.635 [info] 실험 'pythonTestAdapter'이(가) 활성 상태입니다.
2025-01-21 09:14:47.635 [info] Native locator: Refresh started
2025-01-21 09:14:47.635 [info] Native locator: Refresh started
2025-01-21 09:14:47.638 [info] Conda environment manager found at: /opt/anaconda3/bin/conda
2025-01-21 09:14:47.646 [info] Native locator: Refresh finished in 172 ms
2025-01-21 09:14:47.683 [info] > pyenv which python
2025-01-21 09:14:47.683 [info] cwd: .
2025-01-21 09:14:47.687 [info] Python 인터프리터 경로: /bin/python3
2025-01-21 09:14:48.700 [info] Pylance 언어 서버를 시작하는 중입니다.
2025-01-21 09:14:51.398 [info] Python 인터프리터 경로: /usr/bin/python3
2025-01-21 09:14:51.712 [info] > /opt/anaconda3/bin/conda info --json
2025-01-21 09:23:51.616 [info] Native locator: Refresh started
2025-01-21 09:23:51.629 [info] Conda environment manager found at: /opt/anaconda3/bin/conda
2025-01-21 09:23:51.744 [info] Native locator: Refresh finished in 129 ms
2025-01-21 09:23:57.383 [info] Discover tests for workspace name: iujeong - uri: /home/iujeong
2025-01-21 09:23:57.383 [info] Python 인터프리터 경로: /opt/anaconda3/envs/bogdong/bin/python
2025-01-21 09:23:57.387 [info] > conda info --json
2025-01-21 09:23:57.387 [info] shell: bash
2025-01-21 09:23:57.928 [info] > conda run -n bogdong --no-capture-output python ./.vscode-server/extensions/ms-python.python-2024.22.2/python_files/get_output_via_markers.py ./.vscode-server/extensions/ms-python.python-2024.22.2/python_files/printEnvVariables.py
2025-01-21 09:23:57.928 [info] shell: bash
2025-01-21 09:23:59.081 [info] > /bin/python3 ./.vscode-server/extensions/ms-python.python-2024.22.2/python_files/printEnvVariables.py
2025-01-21 09:23:59.081 [info] shell: bash
2025-01-21 09:23:59.094 [info] Setting environment variable GSETTINGS_SCHEMA_DIR in collection to /opt/anaconda3/envs/bogdong/share/glib-2.0/schemas {"applyAtShellIntegration":true,"applyAtProcessCreation":true}
2025-01-21 09:23:59.094 [info] Setting environment variable CONDA_ROOT in collection to /opt/anaconda3 {"applyAtShellIntegration":true,"applyAtProcessCreation":true}
2025-01-21 09:23:59.094 [info] Setting environment variable CONDA_PREFIX in collection to /opt/anaconda3/envs/bogdong {"applyAtShellIntegration":true,"applyAtProcessCreation":true}
2025-01-21 09:23:59.094 [info] Setting environment variable CONDA_PROMPT_MODIFIER in collection to (bogdong)  {"applyAtShellIntegration":true,"applyAtProcessCreation":true}
2025-01-21 09:23:59.094 [info] Setting environment variable CONDA_SHLVL in collection to 2 {"applyAtShellIntegration":true,"applyAtProcessCreation":true}
2025-01-21 09:23:59.094 [info] Setting environment variable CONDA_DEFAULT_ENV in collection to bogdong {"applyAtShellIntegration":true,"applyAtProcessCreation":true}
2025-01-21 09:23:59.094 [info] Setting environment variable CONDA_ALLOW_SOFTLINKS in collection to false {"applyAtShellIntegration":true,"applyAtProcessCreation":true}
2025-01-21 09:23:59.094 [info] Prepending environment variable PATH in collection to /home/iujeong/.vscode-server/cli/servers/Stable-91fbdddc47bc9c09064bf7acf133d22631cbf083/server/bin/remote-cli:/opt/anaconda3/envs/bogdong/bin:/opt/anaconda3/condabin:/opt/anaconda3/bin:/usr/local/sbin:/usr/local/bin:/usr/sbin:/usr/bin:/sbin:/bin:/usr/games:/usr/local/games:/snap/bin: {"applyAtShellIntegration":true,"applyAtProcessCreation":true}
2025-01-21 09:23:59.094 [info] Setting environment variable CONDA_PREFIX_1 in collection to /opt/anaconda3 {"applyAtShellIntegration":true,"applyAtProcessCreation":true}
2025-01-21 09:23:59.094 [info] Prepending environment variable PS1 in collection with (bogdong)  {"applyAtShellIntegration":true,"applyAtProcessCreation":false}
2025-01-21 09:23:59.095 [info] Send text to terminal: /bin/python3 /home/iujeong/.vscode-server/extensions/ms-python.python-2024.22.2/python_files/printEnvVariablesToFile.py /home/iujeong/.vscode-server/extensions/ms-python.python-2024.22.2/python_files/deactivate/bash/envVars.txt
2025-01-21 09:24:10.719 [info] Discover tests for workspace name: iujeong - uri: /home/iujeong/project/withpaw/data_visualization.py
2025-01-21 09:24:11.015 [info] Discover tests for workspace name: iujeong - uri: /home/iujeong/project/withpaw/data_visualization.py
2025-01-21 09:24:18.584 [info] > /opt/anaconda3/envs/bogdong/bin/python ./.vscode-server/extensions/ms-python.python-2024.22.2/python_files/normalizeSelection.py
2025-01-21 09:24:18.716 [info] Native locator: Refresh started
2025-01-21 09:24:18.727 [info] Conda environment manager found at: /opt/anaconda3/bin/conda
2025-01-21 09:24:18.816 [info] Native locator: Refresh finished in 99 ms
2025-01-21 09:29:15.552 [info] Discover tests for workspace name: iujeong - uri: /home/iujeong/project/withpaw/training_management.py
2025-01-21 09:29:15.916 [info] Discover tests for workspace name: iujeong - uri: /home/iujeong/project/withpaw/training_management.py
2025-01-21 09:29:29.816 [info] Discover tests for workspace name: iujeong - uri: /home/iujeong/project/withpaw/training_management.py
2025-01-21 09:29:30.253 [info] Discover tests for workspace name: iujeong - uri: /home/iujeong/project/withpaw/training_management.py
2025-01-21 09:29:30.522 [info] Discover tests for workspace name: iujeong - uri: /home/iujeong/project/withpaw/training_management.py
2025-01-21 09:34:03.677 [info] Discover tests for workspace name: iujeong - uri: /home/iujeong/project/withpaw/training_management.py
2025-01-21 09:34:04.363 [info] Discover tests for workspace name: iujeong - uri: /home/iujeong/project/withpaw/training_management.py
2025-01-21 09:34:07.763 [info] Discover tests for workspace name: iujeong - uri: /home/iujeong/project/withpaw/training_management.py
2025-01-21 09:36:54.090 [info] Discover tests for workspace name: iujeong - uri: /home/iujeong/project/withpaw/training_management.py
2025-01-21 09:36:54.546 [info] Discover tests for workspace name: iujeong - uri: /home/iujeong/project/withpaw/training_management.py
2025-01-21 09:40:05.206 [info] Discover tests for workspace name: iujeong - uri: /home/iujeong/project/withpaw/training_management.py
2025-01-21 09:42:58.927 [info] > /opt/anaconda3/bin/conda run -n bogdong --no-capture-output python ./.vscode-server/extensions/ms-python.python-2024.22.2/python_files/get_output_via_markers.py ./.vscode-server/extensions/ms-python.python-2024.22.2/python_files/printEnvVariables.py
2025-01-21 09:42:58.927 [info] shell: bash
2025-01-21 09:42:58.938 [info] > /opt/anaconda3/bin/conda run -n bogdong --no-capture-output python ./.vscode-server/extensions/ms-python.python-2024.22.2/python_files/get_output_via_markers.py ./.vscode-server/extensions/ms-python.python-2024.22.2/python_files/printEnvVariables.py
2025-01-21 09:42:58.938 [info] shell: bash
2025-01-21 10:06:23.924 [info] Discover tests for workspace name: iujeong - uri: /home/iujeong/project/withpaw/training_management.py
2025-01-21 10:06:24.467 [info] Discover tests for workspace name: iujeong - uri: /home/iujeong/project/withpaw/training_management.py
2025-01-21 10:06:24.793 [info] Discover tests for workspace name: iujeong - uri: /home/iujeong/project/withpaw/training_management.py
2025-01-21 10:07:43.271 [info] Discover tests for workspace name: iujeong - uri: /home/iujeong/project/withpaw/main.py
2025-01-21 10:07:43.746 [info] Discover tests for workspace name: iujeong - uri: /home/iujeong/project/withpaw/main.py
2025-01-21 10:11:26.669 [info] Discover tests for workspace name: iujeong - uri: /home/iujeong/project/withpaw/data_visualization.py
2025-01-21 10:11:29.139 [info] Discover tests for workspace name: iujeong - uri: /home/iujeong/project/withpaw/data_visualization.py
2025-01-21 10:33:27.754 [info] Discover tests for workspace name: iujeong - uri: /home/iujeong/project/withpaw/data_visualization.py
2025-01-21 10:33:28.234 [info] Discover tests for workspace name: iujeong - uri: /home/iujeong/project/withpaw/data_visualization.py
2025-01-21 10:34:54.985 [info] Discover tests for workspace name: iujeong - uri: /home/iujeong/project/withpaw/data_visualization.py
2025-01-21 10:35:27.917 [info] Discover tests for workspace name: iujeong - uri: /home/iujeong/project/withpaw/data_visualization.py
2025-01-21 10:36:09.825 [info] Discover tests for workspace name: iujeong - uri: /home/iujeong/project/withpaw/data_visualization.py
2025-01-21 10:36:10.729 [info] Discover tests for workspace name: iujeong - uri: /home/iujeong/project/withpaw/data_visualization.py
2025-01-21 10:36:11.152 [info] Discover tests for workspace name: iujeong - uri: /home/iujeong/project/withpaw/data_visualization.py
2025-01-21 10:39:48.709 [info] Discover tests for workspace name: iujeong - uri: /home/iujeong/project/withpaw/main.py
2025-01-21 10:39:49.552 [info] Discover tests for workspace name: iujeong - uri: /home/iujeong/project/withpaw/main.py
2025-01-21 10:41:23.461 [info] Discover tests for workspace name: iujeong - uri: /home/iujeong/font.py
2025-01-21 10:42:46.099 [info] Discover tests for workspace name: iujeong - uri: /home/iujeong/font.py
2025-01-21 10:42:46.495 [info] Discover tests for workspace name: iujeong - uri: /home/iujeong/font.py
2025-01-21 10:46:55.358 [info] Discover tests for workspace name: iujeong - uri: /home/iujeong/font.py
2025-01-21 10:50:10.681 [info] Discover tests for workspace name: iujeong - uri: /home/iujeong/font.py
2025-01-21 11:00:43.542 [info] Discover tests for workspace name: iujeong - uri: /home/iujeong/project/withpaw/data_visualization.py
2025-01-21 11:00:44.298 [info] Discover tests for workspace name: iujeong - uri: /home/iujeong/project/withpaw/data_visualization.py
2025-01-21 11:01:35.291 [info] Discover tests for workspace name: iujeong - uri: /home/iujeong/project/withpaw/data_visualization.py
2025-01-21 11:01:35.907 [info] Discover tests for workspace name: iujeong - uri: /home/iujeong/project/withpaw/data_visualization.py
2025-01-21 11:02:17.096 [info] Discover tests for workspace name: iujeong - uri: /home/iujeong/project/withpaw/data_visualization.py
2025-01-21 11:05:09.260 [info] Discover tests for workspace name: iujeong - uri: /home/iujeong/font.py
2025-01-21 11:06:38.675 [info] Discover tests for workspace name: iujeong - uri: /home/iujeong/font.py
2025-01-21 11:07:38.751 [info] Discover tests for workspace name: iujeong - uri: /home/iujeong/font.py
2025-01-21 11:07:54.869 [info] Native locator: Refresh started
2025-01-21 11:07:54.883 [info] Conda environment manager found at: /opt/anaconda3/bin/conda
2025-01-21 11:07:54.972 [info] Native locator: Refresh finished in 102 ms
2025-01-21 11:08:12.684 [info] Discover tests for workspace name: iujeong - uri: /home/iujeong/font.py
2025-01-21 11:08:53.404 [info] Discover tests for workspace name: iujeong - uri: /home/iujeong/font.py
2025-01-21 11:09:36.581 [info] Discover tests for workspace name: iujeong - uri: /home/iujeong/font.py
2025-01-21 11:09:37.473 [info] Discover tests for workspace name: iujeong - uri: /home/iujeong/font.py
2025-01-21 11:09:52.060 [info] Discover tests for workspace name: iujeong - uri: /home/iujeong/font.py
2025-01-21 11:11:09.494 [info] Discover tests for workspace name: iujeong - uri: /home/iujeong/font.py
2025-01-21 11:11:27.101 [info] Discover tests for workspace name: iujeong - uri: /home/iujeong/font.py
2025-01-21 11:15:17.703 [info] Discover tests for workspace name: iujeong - uri: /home/iujeong/font.py
2025-01-21 11:15:18.198 [info] Discover tests for workspace name: iujeong - uri: /home/iujeong/font.py
2025-01-21 11:21:33.910 [info] Discover tests for workspace name: iujeong - uri: /home/iujeong/font.py
2025-01-21 11:21:38.986 [info] Discover tests for workspace name: iujeong - uri: /home/iujeong/font.py
2025-01-21 11:24:00.019 [info] Discover tests for workspace name: iujeong - uri: /home/iujeong/font.py
2025-01-21 11:24:00.563 [info] Discover tests for workspace name: iujeong - uri: /home/iujeong/font.py
2025-01-21 11:26:06.701 [info] Discover tests for workspace name: iujeong - uri: /home/iujeong/font.py
2025-01-21 11:28:12.887 [info] Discover tests for workspace name: iujeong - uri: /home/iujeong/font.py
2025-01-21 11:29:12.196 [info] Discover tests for workspace name: iujeong - uri: /home/iujeong/font.py
2025-01-21 11:29:12.507 [info] Discover tests for workspace name: iujeong - uri: /home/iujeong/font.py
2025-01-21 11:37:18.443 [info] Discover tests for workspace name: iujeong - uri: /home/iujeong/font.py
2025-01-21 11:37:18.698 [info] Discover tests for workspace name: iujeong - uri: /home/iujeong/font.py
2025-01-21 11:37:35.428 [info] Discover tests for workspace name: iujeong - uri: /home/iujeong/font.py
2025-01-21 11:39:57.185 [info] Discover tests for workspace name: iujeong - uri: /home/iujeong/font.py
2025-01-21 12:00:23.944 [info] Discover tests for workspace name: iujeong - uri: /home/iujeong/project/withpaw/data_visualization.py
2025-01-21 12:01:07.854 [info] Discover tests for workspace name: iujeong - uri: /home/iujeong/project/withpaw/data_visualization.py
2025-01-21 12:08:08.489 [info] Discover tests for workspace name: iujeong - uri: /home/iujeong/project/withpaw/data_visualization.py
2025-01-21 12:08:09.506 [info] Discover tests for workspace name: iujeong - uri: /home/iujeong/project/withpaw/data_visualization.py
2025-01-21 12:08:10.364 [info] Discover tests for workspace name: iujeong - uri: /home/iujeong/project/withpaw/data_visualization.py
2025-01-21 12:08:11.823 [info] Discover tests for workspace name: iujeong - uri: /home/iujeong/project/withpaw/data_visualization.py
2025-01-21 12:08:12.360 [info] Discover tests for workspace name: iujeong - uri: /home/iujeong/project/withpaw/data_visualization.py
2025-01-21 12:08:12.868 [info] Discover tests for workspace name: iujeong - uri: /home/iujeong/project/withpaw/data_visualization.py
2025-01-21 12:08:13.167 [info] Discover tests for workspace name: iujeong - uri: /home/iujeong/project/withpaw/data_visualization.py
2025-01-21 12:12:33.329 [info] Discover tests for workspace name: iujeong - uri: /home/iujeong/project/withpaw/data_visualization.py
2025-01-21 12:24:34.953 [info] Discover tests for workspace name: iujeong - uri: /home/iujeong/project/withpaw/data_visualization.py
2025-01-21 12:24:36.641 [info] Discover tests for workspace name: iujeong - uri: /home/iujeong/project/withpaw/data_visualization.py
2025-01-21 12:24:51.159 [info] Discover tests for workspace name: iujeong - uri: /home/iujeong/project/withpaw/main.py
2025-01-21 12:34:32.353 [info] Discover tests for workspace name: iujeong - uri: /home/iujeong/project/withpaw/data_visualization.py
2025-01-21 12:34:32.777 [info] Discover tests for workspace name: iujeong - uri: /home/iujeong/project/withpaw/data_visualization.py
2025-01-21 12:34:47.244 [info] Discover tests for workspace name: iujeong - uri: /home/iujeong/project/withpaw/data_visualization.py
2025-01-21 12:34:47.884 [info] Discover tests for workspace name: iujeong - uri: /home/iujeong/project/withpaw/data_visualization.py
2025-01-21 12:37:04.597 [info] Discover tests for workspace name: iujeong - uri: /home/iujeong/project/withpaw/data_visualization.py
2025-01-21 12:37:05.334 [info] Discover tests for workspace name: iujeong - uri: /home/iujeong/project/withpaw/data_visualization.py
2025-01-21 12:38:01.463 [info] Discover tests for workspace name: iujeong - uri: /home/iujeong/project/withpaw/data_visualization.py
2025-01-21 12:38:01.836 [info] Discover tests for workspace name: iujeong - uri: /home/iujeong/project/withpaw/data_visualization.py
2025-01-21 12:38:17.110 [info] Discover tests for workspace name: iujeong - uri: /home/iujeong/project/withpaw/main.py
2025-01-21 12:38:48.308 [info] Discover tests for workspace name: iujeong - uri: /home/iujeong/project/withpaw/data_visualization.py
2025-01-21 12:38:48.567 [info] Discover tests for workspace name: iujeong - uri: /home/iujeong/project/withpaw/data_visualization.py
2025-01-21 12:39:57.941 [info] Discover tests for workspace name: iujeong - uri: /home/iujeong/project/withpaw/database.py
2025-01-21 12:43:05.800 [info] Discover tests for workspace name: iujeong - uri: /home/iujeong/project/withpaw/Image Visualization.py
2025-01-21 12:47:48.709 [info] Discover tests for workspace name: iujeong - uri: /home/iujeong/project/withpaw/data_visualization.py
2025-01-21 12:47:49.246 [info] Discover tests for workspace name: iujeong - uri: /home/iujeong/project/withpaw/data_visualization.py
2025-01-21 13:47:16.321 [info] Discover tests for workspace name: iujeong - uri: /home/iujeong/Study/my_package/debug.py
2025-01-21 13:47:59.834 [info] Discover tests for workspace name: iujeong - uri: /home/iujeong/Study/my_package/debug.py
2025-01-21 13:48:24.236 [info] Send text to terminal:  /usr/bin/env /opt/anaconda3/envs/bogdong/bin/python /home/iujeong/.vscode-server/extensions/ms-python.debugpy-2024.14.0/bundled/libs/debugpy/adapter/../../debugpy/launcher 36691 -- /home/iujeong/Study/my_package/debug.py 
2025-01-21 14:03:20.382 [info] Discover tests for workspace name: iujeong - uri: /home/iujeong/Study/my_package/debug.py
2025-01-21 14:03:20.756 [info] Discover tests for workspace name: iujeong - uri: /home/iujeong/Study/my_package/debug.py
2025-01-21 14:04:40.195 [info] Send text to terminal: 
2025-01-21 14:04:40.396 [info] Send text to terminal:  cd /home/iujeong ; /usr/bin/env /opt/anaconda3/envs/bogdong/bin/python /home/iujeong/.vscode-server/extensions/ms-python.debugpy-2024.14.0/bundled/libs/debugpy/adapter/../../debugpy/launcher 46667 -- /home/iujeong/project/withpaw/main.py 
2025-01-21 14:06:11.265 [info] Discover tests for workspace name: iujeong - uri: /home/iujeong/project/withpaw/main.py
2025-01-21 14:06:11.774 [info] Discover tests for workspace name: iujeong - uri: /home/iujeong/project/withpaw/main.py
2025-01-21 14:06:32.002 [info] Discover tests for workspace name: iujeong - uri: /home/iujeong/project/withpaw/main.py
2025-01-21 14:06:32.536 [info] Discover tests for workspace name: iujeong - uri: /home/iujeong/project/withpaw/main.py
2025-01-21 14:06:57.468 [info] Send text to terminal: 
2025-01-21 14:06:57.670 [info] Send text to terminal:  cd /home/iujeong ; /usr/bin/env /opt/anaconda3/envs/bogdong/bin/python /home/iujeong/.vscode-server/extensions/ms-python.debugpy-2024.14.0/bundled/libs/debugpy/adapter/../../debugpy/launcher 38103 -- /home/iujeong/project/withpaw/main.py 
2025-01-21 14:12:27.519 [info] Discover tests for workspace name: iujeong - uri: /home/iujeong/project/withpaw/main.py
2025-01-21 14:12:34.029 [info] Discover tests for workspace name: iujeong - uri: /home/iujeong/project/withpaw/main.py
2025-01-21 14:12:34.493 [info] Discover tests for workspace name: iujeong - uri: /home/iujeong/project/withpaw/main.py
2025-01-21 14:14:29.941 [info] Discover tests for workspace name: iujeong - uri: /home/iujeong/project/withpaw/main.py
2025-01-21 14:14:30.927 [info] Discover tests for workspace name: iujeong - uri: /home/iujeong/project/withpaw/main.py
2025-01-21 14:14:42.491 [info] Discover tests for workspace name: iujeong - uri: /home/iujeong/project/withpaw/main.py
2025-01-21 14:15:04.721 [info] Discover tests for workspace name: iujeong - uri: /home/iujeong/project/withpaw/main.py
2025-01-21 14:15:05.010 [info] Discover tests for workspace name: iujeong - uri: /home/iujeong/project/withpaw/main.py
2025-01-21 14:15:16.899 [info] CreateEnv Trigger - Skipping for /home/iujeong/project/withpaw/main.py
2025-01-21 14:15:17.360 [info] Send text to terminal: /opt/anaconda3/envs/bogdong/bin/python /home/iujeong/project/withpaw/main.py
2025-01-21 14:42:31.638 [info] Discover tests for workspace name: iujeong - uri: /home/iujeong/Study/image.py
2025-01-21 14:42:31.978 [info] Discover tests for workspace name: iujeong - uri: /home/iujeong/Study/image.py
2025-01-21 15:42:38.371 [info] Discover tests for workspace name: iujeong - uri: /home/iujeong/project/withpaw/data_visualization.py
2025-01-21 15:42:46.814 [info] Discover tests for workspace name: iujeong - uri: /home/iujeong/project/withpaw/data_visualization.py
2025-01-21 16:12:21.782 [info] Discover tests for workspace name: iujeong - uri: /home/iujeong/project/web/app.py
2025-01-21 16:12:22.270 [info] Discover tests for workspace name: iujeong - uri: /home/iujeong/project/web/app.py
2025-01-21 16:18:29.306 [info] > /opt/anaconda3/bin/conda run -n bogdong --no-capture-output python ./.vscode-server/extensions/ms-python.python-2024.22.2/python_files/get_output_via_markers.py ./.vscode-server/extensions/ms-python.python-2024.22.2/python_files/printEnvVariables.py
2025-01-21 16:18:29.306 [info] shell: bash
2025-01-21 16:18:29.312 [info] > /opt/anaconda3/bin/conda run -n bogdong --no-capture-output python ./.vscode-server/extensions/ms-python.python-2024.22.2/python_files/get_output_via_markers.py ./.vscode-server/extensions/ms-python.python-2024.22.2/python_files/printEnvVariables.py
2025-01-21 16:18:29.312 [info] shell: bash
2025-01-21 16:20:20.182 [info] Discover tests for workspace name: iujeong - uri: /home/iujeong/Study/client.py
2025-01-21 16:20:26.010 [info] Discover tests for workspace name: iujeong - uri: /home/iujeong/Study/client.py
2025-01-21 16:25:29.422 [info] Discover tests for workspace name: iujeong - uri: /home/iujeong/project/withpaw/web/static/main.py
2025-01-21 16:25:29.912 [info] Discover tests for workspace name: iujeong - uri: /home/iujeong/project/withpaw/web/static/main.py
2025-01-21 16:25:41.985 [info] Discover tests for workspace name: iujeong - uri: /home/iujeong/project/withpaw/web/app.py
2025-01-21 16:25:42.317 [info] Discover tests for workspace name: iujeong - uri: /home/iujeong/project/withpaw/web/app.py
2025-01-21 16:25:42.602 [info] Discover tests for workspace name: iujeong - uri: /home/iujeong/project/withpaw/web/app.py
2025-01-21 16:25:42.907 [info] Discover tests for workspace name: iujeong - uri: /home/iujeong/project/withpaw/web/app.py
2025-01-21 16:27:01.267 [info] Discover tests for workspace name: iujeong - uri: /home/iujeong/project/withpaw/web/static/main.py
2025-01-21 16:27:01.563 [info] Discover tests for workspace name: iujeong - uri: /home/iujeong/project/withpaw/web/static/main.py
2025-01-21 16:28:16.986 [info] Discover tests for workspace name: iujeong - uri: /home/iujeong/project/withpaw/web/static/main.py
2025-01-21 16:28:17.514 [info] Discover tests for workspace name: iujeong - uri: /home/iujeong/project/withpaw/web/static/main.py
2025-01-21 16:28:46.959 [info] Discover tests for workspace name: iujeong - uri: /home/iujeong/project/withpaw/web/static/__init__.py
2025-01-21 16:28:47.602 [info] Discover tests for workspace name: iujeong - uri: /home/iujeong/project/withpaw/web/static/__init__.py
2025-01-21 16:28:49.143 [info] Discover tests for workspace name: iujeong - uri: /home/iujeong/project/withpaw/web/static/main.py
2025-01-21 16:30:03.166 [info] Discover tests for workspace name: iujeong - uri: /home/iujeong/project/withpaw/web/static/main.py
2025-01-21 16:30:30.046 [info] Discover tests for workspace name: iujeong - uri: /home/iujeong/project/withpaw/web/static/main.py
2025-01-21 16:31:26.617 [info] Discover tests for workspace name: iujeong - uri: /home/iujeong/project/withpaw/web/app.py
2025-01-21 16:31:28.185 [info] Discover tests for workspace name: iujeong - uri: /home/iujeong/project/withpaw/web/app.py
2025-01-21 16:41:29.671 [info] Discover tests for workspace name: iujeong - uri: /home/iujeong/project/withpaw/web/templates/__init__.py
2025-01-21 16:41:30.003 [info] Discover tests for workspace name: iujeong - uri: /home/iujeong/project/withpaw/web/templates/__init__.py
2025-01-21 16:41:49.987 [info] Discover tests for workspace name: iujeong - uri: /home/iujeong/project/withpaw/web/__init__.py
