2025-01-21 09:14:47.635 [info] Starting Python Locator /home/iujeong/.vscode-server/extensions/ms-python.python-2024.22.2/python-env-tools/bin/pet server
2025-01-21 09:14:47.637 [info] Discovered manager: (Conda) /opt/anaconda3/bin/conda
2025-01-21 09:14:47.638 [info] Discovered env: /opt/anaconda3/bin/python
2025-01-21 09:14:47.643 [info] Discovered env: /opt/anaconda3/envs/python=3.13
2025-01-21 09:14:47.644 [info] Discovered env: /opt/anaconda3/envs/aicar/bin/python
2025-01-21 09:14:47.644 [info] Discovered env: /opt/anaconda3/envs/autopilot_lsm/bin/python
2025-01-21 09:14:47.644 [info] Discovered env: /opt/anaconda3/envs/ehdnjs_yolo/bin/python
2025-01-21 09:14:47.644 [info] Discovered env: /opt/anaconda3/envs/cdp310/bin/python
2025-01-21 09:14:47.644 [info] Discovered env: /opt/anaconda3/envs/kaldi/bin/python
2025-01-21 09:14:47.644 [info] Discovered env: /opt/anaconda3/envs/jayeon/bin/python
2025-01-21 09:14:47.644 [info] Discovered env: /opt/anaconda3/envs/bin345/bin/python
2025-01-21 09:14:47.644 [info] Discovered env: /opt/anaconda3/envs/JokerK/bin/python
2025-01-21 09:14:47.644 [info] Discovered env: /opt/anaconda3/envs/gps/bin/python
2025-01-21 09:14:47.644 [info] Discovered env: /opt/anaconda3/envs/env_lsy/bin/python
2025-01-21 09:14:47.644 [info] Discovered env: /opt/anaconda3/envs/bin123/bin/python
2025-01-21 09:14:47.645 [info] Discovered env: /opt/anaconda3/envs/dlalsrb123/bin/python
2025-01-21 09:14:47.645 [info] Discovered env: /opt/anaconda3/envs/basic/bin/python
2025-01-21 09:14:47.645 [info] Discovered env: /opt/anaconda3/envs/hansol/bin/python
2025-01-21 09:14:47.645 [info] Discovered env: /opt/anaconda3/envs/myenv/bin/python
2025-01-21 09:14:47.645 [info] Discovered env: /opt/anaconda3/envs/goguma/bin/python
2025-01-21 09:14:47.645 [info] Discovered env: /opt/anaconda3/envs/kgjtest/bin/python
2025-01-21 09:14:47.645 [info] Discovered env: /opt/anaconda3/envs/newenv/bin/python
2025-01-21 09:14:47.645 [info] Discovered env: /opt/anaconda3/envs/golf/bin/python
2025-01-21 09:14:47.645 [info] Discovered env: /opt/anaconda3/envs/water/bin/python
2025-01-21 09:14:47.645 [info] Discovered env: /opt/anaconda3/envs/nanie1664/bin/python
2025-01-21 09:14:47.645 [info] Discovered env: /opt/anaconda3/envs/surveybay/bin/python
2025-01-21 09:14:47.645 [info] Discovered env: /opt/anaconda3/envs/test1299/bin/python
2025-01-21 09:14:47.645 [info] Discovered env: /opt/anaconda3/envs/ezh123/bin/python
2025-01-21 09:14:47.645 [info] Discovered env: /opt/anaconda3/envs/lanenet_env/bin/python
2025-01-21 09:14:47.645 [info] Discovered env: /opt/anaconda3/envs/test999/bin/python
2025-01-21 09:14:47.645 [info] Discovered env: /opt/anaconda3/envs/skaigroove/bin/python
2025-01-21 09:14:47.645 [info] Discovered env: /opt/anaconda3/envs/yangpa/bin/python
2025-01-21 09:14:47.645 [info] Discovered env: /opt/anaconda3/envs/person_tracking/bin/python
2025-01-21 09:14:47.645 [info] Discovered env: /opt/anaconda3/envs/bk7602/bin/python
2025-01-21 09:14:47.645 [info] Discovered env: /opt/anaconda3/envs/test1026/bin/python
2025-01-21 09:14:47.645 [info] Discovered env: /opt/anaconda3/envs/bin234/bin/python
2025-01-21 09:14:47.645 [info] Discovered env: /opt/anaconda3/envs/jha/bin/python
2025-01-21 09:14:47.645 [info] Discovered env: /usr/bin/python3
2025-01-21 09:14:47.645 [info] Discovered env: /opt/anaconda3/envs/adas_cju/bin/python
2025-01-21 09:14:47.645 [info] Discovered env: /bin/python3
2025-01-21 09:14:47.645 [info] Discovered env: /opt/anaconda3/envs/nanie1/bin/python
2025-01-21 09:14:47.645 [info] Discovered env: /opt/anaconda3/envs/yolop/bin/python
2025-01-21 09:14:47.645 [info] Discovered env: /opt/anaconda3/envs/KGJ/bin/python
2025-01-21 09:14:47.645 [info] Discovered env: /opt/anaconda3/envs/bogdong/bin/python
2025-01-21 09:14:47.645 [info] Discovered env: /opt/anaconda3/envs/hjjeon/bin/python
2025-01-21 09:14:47.645 [info] Discovered env: /opt/anaconda3/envs/cju_mlane/bin/python
2025-01-21 09:14:47.645 [info] Discovered env: /opt/anaconda3/envs/msoh/bin/python
2025-01-21 09:14:47.645 [info] Discovered env: /opt/anaconda3/envs/nanie/bin/python
2025-01-21 09:14:47.646 [info] Discovered env: /opt/anaconda3/envs/test8737/bin/python
2025-01-21 09:14:47.646 [info] Discovered env: /opt/anaconda3/envs/test123/bin/python
2025-01-21 09:14:47.646 [info] Discovered env: /opt/anaconda3/envs/cgh/bin/python
2025-01-21 09:14:47.646 [info] Discovered env: /opt/anaconda3/envs/cju/bin/python
2025-01-21 09:14:47.646 [info] Discovered env: /opt/anaconda3/envs/shkim/bin/python
2025-01-21 09:14:47.646 [info] Discovered env: /opt/anaconda3/envs/torch/bin/python
2025-01-21 09:14:47.646 [info] Locator Conda took 77.645146ms
2025-01-21 09:14:47.646 [info] Locator Homebrew took 101.043µs
2025-01-21 09:14:47.646 [info] Locator LinuxGlobal took 75.762574ms
2025-01-21 09:14:47.646 [info] Locator PipEnv took 13.215µs
2025-01-21 09:14:47.646 [info] Locator Poetry took 186.267µs
2025-01-21 09:14:47.646 [info] Locator PyEnv took 414.818µs
2025-01-21 09:14:47.646 [info] Locator Venv took 13.866µs
2025-01-21 09:14:47.646 [info] Locator VirtualEnv took 66.323µs
2025-01-21 09:14:47.646 [info] Locator VirtualEnvWrapper took 21.941µs
2025-01-21 09:14:47.646 [info] Locator GlobalVirtualEnvs took 219.223µs
2025-01-21 09:14:47.646 [info] Locator Locators took 77.975721ms
2025-01-21 09:14:47.646 [info] Locator Path took 123.466467ms
2025-01-21 09:14:47.646 [info] Locator Workspaces took 3.10032ms
2025-01-21 09:14:47.646 [info] Refresh completed in 123ms
2025-01-21 09:14:47.687 [info] Resolved Python Environment /bin/python3
2025-01-21 09:14:47.704 [info] Resolved Python Environment /usr/bin/python3
2025-01-21 09:23:51.629 [info] Discovered manager: (Conda) /opt/anaconda3/bin/conda
2025-01-21 09:23:51.629 [info] Discovered env: /opt/anaconda3/bin/python
2025-01-21 09:23:51.648 [info] Discovered env: /opt/anaconda3/envs/autopilot_lsm/bin/python
2025-01-21 09:23:51.648 [info] Discovered env: /opt/anaconda3/envs/basic/bin/python
2025-01-21 09:23:51.649 [info] Discovered env: /opt/anaconda3/envs/JokerK/bin/python
2025-01-21 09:23:51.649 [info] Discovered env: /opt/anaconda3/envs/aicar/bin/python
2025-01-21 09:23:51.649 [info] Discovered env: /opt/anaconda3/envs/bin234/bin/python
2025-01-21 09:23:51.650 [info] Discovered env: /opt/anaconda3/envs/bin345/bin/python
2025-01-21 09:23:51.650 [info] Discovered env: /opt/anaconda3/envs/bk7602/bin/python
2025-01-21 09:23:51.651 [info] Discovered env: /opt/anaconda3/envs/bin123/bin/python
2025-01-21 09:23:51.651 [info] Discovered env: /opt/anaconda3/envs/adas_cju/bin/python
2025-01-21 09:23:51.651 [info] Discovered env: /opt/anaconda3/envs/bogdong/bin/python
2025-01-21 09:23:51.652 [info] Discovered env: /opt/anaconda3/envs/KGJ/bin/python
2025-01-21 09:23:51.653 [info] Discovered env: /opt/anaconda3/envs/cgh/bin/python
2025-01-21 09:23:51.654 [info] Discovered env: /opt/anaconda3/envs/cju/bin/python
2025-01-21 09:23:51.655 [info] Discovered env: /opt/anaconda3/envs/ezh123/bin/python
2025-01-21 09:23:51.656 [info] Discovered env: /opt/anaconda3/envs/ehdnjs_yolo/bin/python
2025-01-21 09:23:51.656 [info] Discovered env: /opt/anaconda3/envs/cdp310/bin/python
2025-01-21 09:23:51.656 [info] Discovered env: /opt/anaconda3/envs/dlalsrb123/bin/python
2025-01-21 09:23:51.657 [info] Discovered env: /opt/anaconda3/envs/env_lsy/bin/python
2025-01-21 09:23:51.657 [info] Discovered env: /opt/anaconda3/envs/python=3.13
2025-01-21 09:23:51.658 [info] Discovered env: /bin/python3
2025-01-21 09:23:51.658 [info] Discovered env: /opt/anaconda3/envs/gps/bin/python
2025-01-21 09:23:51.659 [info] Discovered env: /opt/anaconda3/envs/jayeon/bin/python
2025-01-21 09:23:51.660 [info] Discovered env: /opt/anaconda3/envs/golf/bin/python
2025-01-21 09:23:51.660 [info] Discovered env: /opt/anaconda3/envs/goguma/bin/python
2025-01-21 09:23:51.661 [info] Discovered env: /opt/anaconda3/envs/newenv/bin/python
2025-01-21 09:23:51.662 [info] Discovered env: /opt/anaconda3/envs/surveybay/bin/python
2025-01-21 09:23:51.663 [info] Discovered env: /opt/anaconda3/envs/kaldi/bin/python
2025-01-21 09:23:51.663 [info] Discovered env: /opt/anaconda3/envs/kgjtest/bin/python
2025-01-21 09:23:51.664 [info] Discovered env: /opt/anaconda3/envs/myenv/bin/python
2025-01-21 09:23:51.664 [info] Discovered env: /opt/anaconda3/envs/nanie1664/bin/python
2025-01-21 09:23:51.665 [info] Discovered env: /opt/anaconda3/envs/skaigroove/bin/python
2025-01-21 09:23:51.665 [info] Discovered env: /opt/anaconda3/envs/hansol/bin/python
2025-01-21 09:23:51.665 [info] Discovered env: /opt/anaconda3/envs/hjjeon/bin/python
2025-01-21 09:23:51.665 [info] Discovered env: /opt/anaconda3/envs/cju_mlane/bin/python
2025-01-21 09:23:51.665 [info] Discovered env: /opt/anaconda3/envs/lanenet_env/bin/python
2025-01-21 09:23:51.665 [info] Discovered env: /opt/anaconda3/envs/test1026/bin/python
2025-01-21 09:23:51.666 [info] Discovered env: /opt/anaconda3/envs/test999/bin/python
2025-01-21 09:23:51.666 [info] Discovered env: /opt/anaconda3/envs/person_tracking/bin/python
2025-01-21 09:23:51.666 [info] Discovered env: /opt/anaconda3/envs/nanie/bin/python
2025-01-21 09:23:51.666 [info] Discovered env: /opt/anaconda3/envs/test123/bin/python
2025-01-21 09:23:51.666 [info] Discovered env: /opt/anaconda3/envs/nanie1/bin/python
2025-01-21 09:23:51.668 [info] Discovered env: /opt/anaconda3/envs/water/bin/python
2025-01-21 09:23:51.668 [info] Discovered env: /opt/anaconda3/envs/yangpa/bin/python
2025-01-21 09:23:51.668 [info] Discovered env: /opt/anaconda3/envs/test1299/bin/python
2025-01-21 09:23:51.668 [info] Discovered env: /opt/anaconda3/envs/test8737/bin/python
2025-01-21 09:23:51.668 [info] Discovered env: /opt/anaconda3/envs/yolop/bin/python
2025-01-21 09:23:51.668 [info] Discovered env: /opt/anaconda3/envs/jha/bin/python
2025-01-21 09:23:51.669 [info] Discovered env: /opt/anaconda3/envs/shkim/bin/python
2025-01-21 09:23:51.669 [info] Discovered env: /opt/anaconda3/envs/msoh/bin/python
2025-01-21 09:23:51.670 [info] Discovered env: /opt/anaconda3/envs/torch/bin/python
2025-01-21 09:23:51.671 [info] Discovered env: /usr/bin/python3
2025-01-21 09:23:51.708 [info] Resolved Python Environment /usr/bin/python3
2025-01-21 09:23:51.743 [info] Locator Conda took 53.568268ms
2025-01-21 09:23:51.743 [info] Locator Homebrew took 44.183µs
2025-01-21 09:23:51.743 [info] Locator LinuxGlobal took 53.169545ms
2025-01-21 09:23:51.743 [info] Locator PipEnv took 16.555µs
2025-01-21 09:23:51.743 [info] Locator Poetry took 95.66µs
2025-01-21 09:23:51.743 [info] Locator PyEnv took 128.126µs
2025-01-21 09:23:51.743 [info] Locator Venv took 8.979µs
2025-01-21 09:23:51.743 [info] Locator VirtualEnv took 9.151µs
2025-01-21 09:23:51.743 [info] Locator VirtualEnvWrapper took 11.393µs
2025-01-21 09:23:51.743 [info] Locator GlobalVirtualEnvs took 107.102µs
2025-01-21 09:23:51.743 [info] Locator Locators took 53.852345ms
2025-01-21 09:23:51.743 [info] Locator Path took 125.943625ms
2025-01-21 09:23:51.743 [info] Locator Workspaces took 2.480187ms
2025-01-21 09:23:51.743 [info] Refresh completed in 126ms
2025-01-21 09:23:57.381 [info] Resolved Python Environment /opt/anaconda3/envs/bogdong/bin/python
2025-01-21 09:24:18.726 [info] Discovered manager: (Conda) /opt/anaconda3/bin/conda
2025-01-21 09:24:18.727 [info] Discovered env: /opt/anaconda3/bin/python
2025-01-21 09:24:18.745 [info] Discovered env: /opt/anaconda3/envs/bin123/bin/python
2025-01-21 09:24:18.746 [info] Discovered env: /opt/anaconda3/envs/JokerK/bin/python
2025-01-21 09:24:18.746 [info] Discovered env: /opt/anaconda3/envs/basic/bin/python
2025-01-21 09:24:18.746 [info] Discovered env: /opt/anaconda3/envs/aicar/bin/python
2025-01-21 09:24:18.747 [info] Discovered env: /opt/anaconda3/envs/autopilot_lsm/bin/python
2025-01-21 09:24:18.748 [info] Discovered env: /opt/anaconda3/envs/bin345/bin/python
2025-01-21 09:24:18.748 [info] Discovered env: /opt/anaconda3/envs/adas_cju/bin/python
2025-01-21 09:24:18.748 [info] Discovered env: /opt/anaconda3/envs/KGJ/bin/python
2025-01-21 09:24:18.749 [info] Discovered env: /opt/anaconda3/envs/ehdnjs_yolo/bin/python
2025-01-21 09:24:18.750 [info] Discovered env: /opt/anaconda3/envs/bin234/bin/python
2025-01-21 09:24:18.750 [info] Discovered env: /opt/anaconda3/envs/ezh123/bin/python
2025-01-21 09:24:18.750 [info] Discovered env: /opt/anaconda3/envs/golf/bin/python
2025-01-21 09:24:18.750 [info] Discovered env: /opt/anaconda3/envs/cgh/bin/python
2025-01-21 09:24:18.752 [info] Discovered env: /opt/anaconda3/envs/bogdong/bin/python
2025-01-21 09:24:18.753 [info] Discovered env: /opt/anaconda3/envs/cdp310/bin/python
2025-01-21 09:24:18.753 [info] Discovered env: /opt/anaconda3/envs/dlalsrb123/bin/python
2025-01-21 09:24:18.755 [info] Discovered env: /opt/anaconda3/envs/bk7602/bin/python
2025-01-21 09:24:18.755 [info] Discovered env: /opt/anaconda3/envs/python=3.13
2025-01-21 09:24:18.759 [info] Discovered env: /opt/anaconda3/envs/jayeon/bin/python
2025-01-21 09:24:18.759 [info] Discovered env: /opt/anaconda3/envs/env_lsy/bin/python
2025-01-21 09:24:18.759 [info] Discovered env: /opt/anaconda3/envs/cju/bin/python
2025-01-21 09:24:18.759 [info] Discovered env: /opt/anaconda3/envs/gps/bin/python
2025-01-21 09:24:18.759 [info] Discovered env: /usr/bin/python3
2025-01-21 09:24:18.759 [info] Discovered env: /opt/anaconda3/envs/hansol/bin/python
2025-01-21 09:24:18.760 [info] Discovered env: /opt/anaconda3/envs/goguma/bin/python
2025-01-21 09:24:18.762 [info] Discovered env: /opt/anaconda3/envs/kaldi/bin/python
2025-01-21 09:24:18.762 [info] Discovered env: /opt/anaconda3/envs/myenv/bin/python
2025-01-21 09:24:18.763 [info] Discovered env: /opt/anaconda3/envs/lanenet_env/bin/python
2025-01-21 09:24:18.763 [info] Discovered env: /bin/python3
2025-01-21 09:24:18.763 [info] Discovered env: /opt/anaconda3/envs/kgjtest/bin/python
2025-01-21 09:24:18.764 [info] Discovered env: /opt/anaconda3/envs/surveybay/bin/python
2025-01-21 09:24:18.764 [info] Discovered env: /opt/anaconda3/envs/test999/bin/python
2025-01-21 09:24:18.765 [info] Discovered env: /opt/anaconda3/envs/water/bin/python
2025-01-21 09:24:18.765 [info] Discovered env: /opt/anaconda3/envs/nanie1664/bin/python
2025-01-21 09:24:18.765 [info] Discovered env: /opt/anaconda3/envs/hjjeon/bin/python
2025-01-21 09:24:18.765 [info] Discovered env: /opt/anaconda3/envs/test1299/bin/python
2025-01-21 09:24:18.766 [info] Discovered env: /opt/anaconda3/envs/newenv/bin/python
2025-01-21 09:24:18.766 [info] Discovered env: /opt/anaconda3/envs/skaigroove/bin/python
2025-01-21 09:24:18.766 [info] Discovered env: /opt/anaconda3/envs/person_tracking/bin/python
2025-01-21 09:24:18.766 [info] Discovered env: /opt/anaconda3/envs/yangpa/bin/python
2025-01-21 09:24:18.766 [info] Discovered env: /opt/anaconda3/envs/test1026/bin/python
2025-01-21 09:24:18.766 [info] Discovered env: /opt/anaconda3/envs/yolop/bin/python
2025-01-21 09:24:18.767 [info] Discovered env: /opt/anaconda3/envs/cju_mlane/bin/python
2025-01-21 09:24:18.767 [info] Discovered env: /opt/anaconda3/envs/msoh/bin/python
2025-01-21 09:24:18.767 [info] Discovered env: /opt/anaconda3/envs/jha/bin/python
2025-01-21 09:24:18.768 [info] Discovered env: /opt/anaconda3/envs/nanie/bin/python
2025-01-21 09:24:18.768 [info] Discovered env: /opt/anaconda3/envs/nanie1/bin/python
2025-01-21 09:24:18.768 [info] Discovered env: /opt/anaconda3/envs/test8737/bin/python
2025-01-21 09:24:18.768 [info] Discovered env: /opt/anaconda3/envs/test123/bin/python
2025-01-21 09:24:18.769 [info] Discovered env: /opt/anaconda3/envs/shkim/bin/python
2025-01-21 09:24:18.769 [info] Discovered env: /opt/anaconda3/envs/torch/bin/python
2025-01-21 09:24:18.815 [info] Locator Conda took 52.340234ms
2025-01-21 09:24:18.815 [info] Locator Homebrew took 26.707µs
2025-01-21 09:24:18.815 [info] Locator LinuxGlobal took 45.167146ms
2025-01-21 09:24:18.815 [info] Locator PipEnv took 5.869µs
2025-01-21 09:24:18.815 [info] Locator Poetry took 89.586µs
2025-01-21 09:24:18.815 [info] Locator PyEnv took 82.76µs
2025-01-21 09:24:18.815 [info] Locator Venv took 9.951µs
2025-01-21 09:24:18.815 [info] Locator VirtualEnv took 9.81µs
2025-01-21 09:24:18.815 [info] Locator VirtualEnvWrapper took 10.104µs
2025-01-21 09:24:18.815 [info] Locator GlobalVirtualEnvs took 34.655µs
2025-01-21 09:24:18.815 [info] Locator Locators took 52.415491ms
2025-01-21 09:24:18.815 [info] Locator Path took 98.014846ms
2025-01-21 09:24:18.815 [info] Locator Workspaces took 2.76747ms
2025-01-21 09:24:18.815 [info] Refresh completed in 98ms
2025-01-21 09:28:07.208 [info] Resolved Python Environment /opt/anaconda3/envs/bogdong/bin/python
2025-01-21 09:29:31.404 [info] Resolved Python Environment /opt/anaconda3/envs/bogdong/bin/python
2025-01-21 09:31:19.832 [info] Resolved Python Environment /opt/anaconda3/envs/bogdong/bin/python
2025-01-21 09:34:08.912 [info] Resolved Python Environment /opt/anaconda3/envs/bogdong/bin/python
2025-01-21 09:36:02.768 [info] Resolved Python Environment /opt/anaconda3/envs/bogdong/bin/python
2025-01-21 09:36:56.908 [info] Resolved Python Environment /opt/anaconda3/envs/bogdong/bin/python
2025-01-21 09:37:32.274 [info] Resolved Python Environment /opt/anaconda3/envs/bogdong/bin/python
2025-01-21 09:40:08.646 [info] Resolved Python Environment /opt/anaconda3/envs/bogdong/bin/python
2025-01-21 09:42:58.885 [info] Resolved Python Environment /opt/anaconda3/envs/bogdong/bin/python
2025-01-21 09:43:33.465 [info] Resolved Python Environment /opt/anaconda3/envs/bogdong/bin/python
2025-01-21 09:44:15.733 [info] Resolved Python Environment /opt/anaconda3/envs/bogdong/bin/python
2025-01-21 09:45:38.300 [info] Resolved Python Environment /opt/anaconda3/envs/bogdong/bin/python
2025-01-21 10:03:52.383 [info] Resolved Python Environment /opt/anaconda3/envs/bogdong/bin/python
2025-01-21 10:06:28.351 [info] Resolved Python Environment /opt/anaconda3/envs/bogdong/bin/python
2025-01-21 10:09:00.628 [info] Resolved Python Environment /opt/anaconda3/envs/bogdong/bin/python
2025-01-21 10:11:53.684 [info] Resolved Python Environment /opt/anaconda3/envs/bogdong/bin/python
2025-01-21 10:15:42.151 [info] Resolved Python Environment /opt/anaconda3/envs/bogdong/bin/python
2025-01-21 10:16:43.365 [info] Resolved Python Environment /opt/anaconda3/envs/bogdong/bin/python
2025-01-21 10:30:44.178 [info] Resolved Python Environment /opt/anaconda3/envs/bogdong/bin/python
2025-01-21 10:33:30.037 [info] Resolved Python Environment /opt/anaconda3/envs/bogdong/bin/python
2025-01-21 10:34:45.400 [info] Resolved Python Environment /opt/anaconda3/envs/bogdong/bin/python
2025-01-21 10:35:28.403 [info] Resolved Python Environment /opt/anaconda3/envs/bogdong/bin/python
2025-01-21 10:36:04.773 [info] Resolved Python Environment /opt/anaconda3/envs/bogdong/bin/python
2025-01-21 10:41:19.881 [info] Resolved Python Environment /opt/anaconda3/envs/bogdong/bin/python
2025-01-21 11:00:02.903 [info] Resolved Python Environment /opt/anaconda3/envs/bogdong/bin/python
2025-01-21 11:00:45.268 [info] Resolved Python Environment /opt/anaconda3/envs/bogdong/bin/python
2025-01-21 11:01:37.094 [info] Resolved Python Environment /opt/anaconda3/envs/bogdong/bin/python
2025-01-21 11:02:09.576 [info] Resolved Python Environment /opt/anaconda3/envs/bogdong/bin/python
2025-01-21 11:04:59.982 [info] Resolved Python Environment /opt/anaconda3/envs/bogdong/bin/python
2025-01-21 11:07:54.871 [info] Resolved Python Environment /opt/anaconda3/envs/bogdong/bin/python
2025-01-21 11:07:54.883 [info] Discovered manager: (Conda) /opt/anaconda3/bin/conda
2025-01-21 11:07:54.883 [info] Discovered env: /opt/anaconda3/bin/python
2025-01-21 11:07:54.904 [info] Discovered env: /opt/anaconda3/envs/python=3.13
2025-01-21 11:07:54.905 [info] Discovered env: /opt/anaconda3/envs/aicar/bin/python
2025-01-21 11:07:54.907 [info] Discovered env: /opt/anaconda3/envs/JokerK/bin/python
2025-01-21 11:07:54.907 [info] Discovered env: /opt/anaconda3/envs/cdp310/bin/python
2025-01-21 11:07:54.908 [info] Discovered env: /opt/anaconda3/envs/bin123/bin/python
2025-01-21 11:07:54.908 [info] Discovered env: /opt/anaconda3/envs/autopilot_lsm/bin/python
2025-01-21 11:07:54.909 [info] Discovered env: /opt/anaconda3/envs/bin345/bin/python
2025-01-21 11:07:54.909 [info] Discovered env: /opt/anaconda3/envs/hansol/bin/python
2025-01-21 11:07:54.909 [info] Discovered env: /opt/anaconda3/envs/jayeon/bin/python
2025-01-21 11:07:54.910 [info] Discovered env: /opt/anaconda3/envs/goguma/bin/python
2025-01-21 11:07:54.910 [info] Discovered env: /opt/anaconda3/envs/bin234/bin/python
2025-01-21 11:07:54.911 [info] Discovered env: /opt/anaconda3/envs/gps/bin/python
2025-01-21 11:07:54.911 [info] Discovered env: /opt/anaconda3/envs/dlalsrb123/bin/python
2025-01-21 11:07:54.912 [info] Discovered env: /opt/anaconda3/envs/basic/bin/python
2025-01-21 11:07:54.912 [info] Discovered env: /opt/anaconda3/envs/ehdnjs_yolo/bin/python
2025-01-21 11:07:54.912 [info] Discovered env: /opt/anaconda3/envs/kaldi/bin/python
2025-01-21 11:07:54.913 [info] Discovered env: /opt/anaconda3/envs/golf/bin/python
2025-01-21 11:07:54.913 [info] Discovered env: /opt/anaconda3/envs/ezh123/bin/python
2025-01-21 11:07:54.913 [info] Discovered env: /opt/anaconda3/envs/env_lsy/bin/python
2025-01-21 11:07:54.914 [info] Discovered env: /opt/anaconda3/envs/myenv/bin/python
2025-01-21 11:07:54.914 [info] Discovered env: /opt/anaconda3/envs/lanenet_env/bin/python
2025-01-21 11:07:54.914 [info] Discovered env: /opt/anaconda3/envs/newenv/bin/python
2025-01-21 11:07:54.914 [info] Discovered env: /opt/anaconda3/envs/kgjtest/bin/python
2025-01-21 11:07:54.915 [info] Discovered env: /opt/anaconda3/envs/bk7602/bin/python
2025-01-21 11:07:54.915 [info] Discovered env: /opt/anaconda3/envs/skaigroove/bin/python
2025-01-21 11:07:54.915 [info] Discovered env: /opt/anaconda3/envs/test1299/bin/python
2025-01-21 11:07:54.915 [info] Discovered env: /opt/anaconda3/envs/water/bin/python
2025-01-21 11:07:54.916 [info] Discovered env: /opt/anaconda3/envs/person_tracking/bin/python
2025-01-21 11:07:54.916 [info] Discovered env: /opt/anaconda3/envs/surveybay/bin/python
2025-01-21 11:07:54.916 [info] Discovered env: /opt/anaconda3/envs/test999/bin/python
2025-01-21 11:07:54.916 [info] Discovered env: /opt/anaconda3/envs/yangpa/bin/python
2025-01-21 11:07:54.917 [info] Discovered env: /opt/anaconda3/envs/yolop/bin/python
2025-01-21 11:07:54.917 [info] Discovered env: /opt/anaconda3/envs/nanie1664/bin/python
2025-01-21 11:07:54.917 [info] Discovered env: /opt/anaconda3/envs/cju_mlane/bin/python
2025-01-21 11:07:54.917 [info] Discovered env: /opt/anaconda3/envs/KGJ/bin/python
2025-01-21 11:07:54.917 [info] Discovered env: /opt/anaconda3/envs/adas_cju/bin/python
2025-01-21 11:07:54.917 [info] Discovered env: /opt/anaconda3/envs/msoh/bin/python
2025-01-21 11:07:54.918 [info] Discovered env: /opt/anaconda3/envs/test1026/bin/python
2025-01-21 11:07:54.918 [info] Discovered env: /opt/anaconda3/envs/hjjeon/bin/python
2025-01-21 11:07:54.918 [info] Discovered env: /opt/anaconda3/envs/jha/bin/python
2025-01-21 11:07:54.918 [info] Discovered env: /opt/anaconda3/envs/cju/bin/python
2025-01-21 11:07:54.918 [info] Discovered env: /opt/anaconda3/envs/bogdong/bin/python
2025-01-21 11:07:54.918 [info] Discovered env: /opt/anaconda3/envs/nanie/bin/python
2025-01-21 11:07:54.918 [info] Discovered env: /opt/anaconda3/envs/nanie1/bin/python
2025-01-21 11:07:54.918 [info] Discovered env: /opt/anaconda3/envs/cgh/bin/python
2025-01-21 11:07:54.919 [info] Discovered env: /opt/anaconda3/envs/test8737/bin/python
2025-01-21 11:07:54.919 [info] Discovered env: /opt/anaconda3/envs/test123/bin/python
2025-01-21 11:07:54.920 [info] Discovered env: /opt/anaconda3/envs/shkim/bin/python
2025-01-21 11:07:54.920 [info] Discovered env: /opt/anaconda3/envs/torch/bin/python
2025-01-21 11:07:54.923 [info] Discovered env: /bin/python3
2025-01-21 11:07:54.926 [info] Discovered env: /usr/bin/python3
2025-01-21 11:07:54.971 [info] Locator Conda took 49.755794ms
2025-01-21 11:07:54.971 [info] Locator Homebrew took 41.11µs
2025-01-21 11:07:54.971 [info] Locator LinuxGlobal took 54.438418ms
2025-01-21 11:07:54.971 [info] Locator PipEnv took 9.96µs
2025-01-21 11:07:54.971 [info] Locator Poetry took 588.5µs
2025-01-21 11:07:54.971 [info] Locator PyEnv took 76.5µs
2025-01-21 11:07:54.971 [info] Locator Venv took 11.274µs
2025-01-21 11:07:54.971 [info] Locator VirtualEnv took 36.289µs
2025-01-21 11:07:54.971 [info] Locator VirtualEnvWrapper took 381.829µs
2025-01-21 11:07:54.971 [info] Locator GlobalVirtualEnvs took 49.81µs
2025-01-21 11:07:54.971 [info] Locator Locators took 55.576913ms
2025-01-21 11:07:54.971 [info] Locator Path took 100.194105ms
2025-01-21 11:07:54.971 [info] Locator Workspaces took 2.677793ms
2025-01-21 11:07:54.971 [info] Refresh completed in 100ms
2025-01-21 11:16:23.796 [info] Resolved Python Environment /opt/anaconda3/envs/bogdong/bin/python
2025-01-21 11:26:18.784 [info] Resolved Python Environment /opt/anaconda3/envs/bogdong/bin/python
2025-01-21 11:28:10.540 [info] Resolved Python Environment /opt/anaconda3/envs/bogdong/bin/python
2025-01-21 11:35:13.341 [info] Resolved Python Environment /opt/anaconda3/envs/bogdong/bin/python
2025-01-21 11:37:16.454 [info] Resolved Python Environment /opt/anaconda3/envs/bogdong/bin/python
2025-01-21 11:38:03.142 [info] Resolved Python Environment /opt/anaconda3/envs/bogdong/bin/python
2025-01-21 11:38:33.783 [info] Resolved Python Environment /opt/anaconda3/envs/bogdong/bin/python
2025-01-21 11:42:59.911 [info] Resolved Python Environment /opt/anaconda3/envs/bogdong/bin/python
2025-01-21 11:44:01.714 [info] Resolved Python Environment /opt/anaconda3/envs/bogdong/bin/python
2025-01-21 11:48:43.579 [info] Resolved Python Environment /opt/anaconda3/envs/bogdong/bin/python
2025-01-21 11:49:17.184 [info] Resolved Python Environment /opt/anaconda3/envs/bogdong/bin/python
2025-01-21 12:02:17.188 [info] Resolved Python Environment /opt/anaconda3/envs/bogdong/bin/python
2025-01-21 12:02:56.536 [info] Resolved Python Environment /opt/anaconda3/envs/bogdong/bin/python
2025-01-21 12:03:30.726 [info] Resolved Python Environment /opt/anaconda3/envs/bogdong/bin/python
2025-01-21 12:17:41.700 [info] Resolved Python Environment /opt/anaconda3/envs/bogdong/bin/python
2025-01-21 12:19:43.673 [info] Resolved Python Environment /opt/anaconda3/envs/bogdong/bin/python
2025-01-21 12:24:50.195 [info] Resolved Python Environment /opt/anaconda3/envs/bogdong/bin/python
2025-01-21 12:29:04.866 [info] Resolved Python Environment /opt/anaconda3/envs/bogdong/bin/python
2025-01-21 12:29:42.961 [info] Resolved Python Environment /opt/anaconda3/envs/bogdong/bin/python
2025-01-21 12:31:54.454 [info] Resolved Python Environment /opt/anaconda3/envs/bogdong/bin/python
2025-01-21 12:33:40.135 [info] Resolved Python Environment /opt/anaconda3/envs/bogdong/bin/python
2025-01-21 12:34:12.259 [info] Resolved Python Environment /opt/anaconda3/envs/bogdong/bin/python
2025-01-21 12:34:56.027 [info] Resolved Python Environment /opt/anaconda3/envs/bogdong/bin/python
2025-01-21 12:36:37.175 [info] Resolved Python Environment /opt/anaconda3/envs/bogdong/bin/python
2025-01-21 12:38:16.011 [info] Resolved Python Environment /opt/anaconda3/envs/bogdong/bin/python
2025-01-21 12:38:49.313 [info] Resolved Python Environment /opt/anaconda3/envs/bogdong/bin/python
2025-01-21 12:39:51.027 [info] Resolved Python Environment /opt/anaconda3/envs/bogdong/bin/python
2025-01-21 12:42:48.245 [info] Resolved Python Environment /opt/anaconda3/envs/bogdong/bin/python
2025-01-21 12:45:04.785 [info] Resolved Python Environment /opt/anaconda3/envs/bogdong/bin/python
2025-01-21 12:47:50.750 [info] Resolved Python Environment /opt/anaconda3/envs/bogdong/bin/python
2025-01-21 13:44:00.908 [info] Resolved Python Environment /opt/anaconda3/envs/bogdong/bin/python
2025-01-21 13:45:06.847 [info] Resolved Python Environment /opt/anaconda3/envs/bogdong/bin/python
2025-01-21 13:47:12.483 [info] Resolved Python Environment /opt/anaconda3/envs/bogdong/bin/python
2025-01-21 13:48:22.895 [info] Resolved Python Environment /opt/anaconda3/envs/bogdong/bin/python
2025-01-21 14:03:41.651 [info] Resolved Python Environment /opt/anaconda3/envs/bogdong/bin/python
2025-01-21 14:04:27.989 [info] Resolved Python Environment /opt/anaconda3/envs/bogdong/bin/python
2025-01-21 14:06:57.366 [info] Resolved Python Environment /opt/anaconda3/envs/bogdong/bin/python
2025-01-21 14:15:16.758 [info] Resolved Python Environment /opt/anaconda3/envs/bogdong/bin/python
2025-01-21 14:42:24.117 [info] Resolved Python Environment /opt/anaconda3/envs/bogdong/bin/python
2025-01-21 14:59:48.684 [info] Resolved Python Environment /opt/anaconda3/envs/bogdong/bin/python
2025-01-21 15:04:32.355 [info] Resolved Python Environment /opt/anaconda3/envs/bogdong/bin/python
2025-01-21 15:39:35.029 [info] Resolved Python Environment /opt/anaconda3/envs/bogdong/bin/python
2025-01-21 15:40:45.360 [info] Resolved Python Environment /opt/anaconda3/envs/bogdong/bin/python
2025-01-21 15:42:01.703 [info] Resolved Python Environment /opt/anaconda3/envs/bogdong/bin/python
2025-01-21 15:42:48.015 [info] Resolved Python Environment /opt/anaconda3/envs/bogdong/bin/python
2025-01-21 16:00:35.801 [info] Resolved Python Environment /opt/anaconda3/envs/bogdong/bin/python
2025-01-21 16:11:12.136 [info] Resolved Python Environment /opt/anaconda3/envs/bogdong/bin/python
2025-01-21 16:11:53.778 [info] Resolved Python Environment /opt/anaconda3/envs/bogdong/bin/python
2025-01-21 16:12:26.533 [info] Resolved Python Environment /opt/anaconda3/envs/bogdong/bin/python
2025-01-21 16:13:01.492 [info] Resolved Python Environment /opt/anaconda3/envs/bogdong/bin/python
2025-01-21 16:18:27.773 [info] Resolved Python Environment /opt/anaconda3/envs/bogdong/bin/python
2025-01-21 16:20:09.444 [info] Resolved Python Environment /opt/anaconda3/envs/bogdong/bin/python
2025-01-21 16:23:46.443 [info] Resolved Python Environment /opt/anaconda3/envs/bogdong/bin/python
2025-01-21 16:24:20.955 [info] Resolved Python Environment /opt/anaconda3/envs/bogdong/bin/python
2025-01-21 16:25:17.138 [info] Resolved Python Environment /opt/anaconda3/envs/bogdong/bin/python
2025-01-21 16:25:59.475 [info] Resolved Python Environment /opt/anaconda3/envs/bogdong/bin/python
2025-01-21 16:26:30.422 [info] Resolved Python Environment /opt/anaconda3/envs/bogdong/bin/python
2025-01-21 16:28:45.260 [info] Resolved Python Environment /opt/anaconda3/envs/bogdong/bin/python
2025-01-21 16:30:48.971 [info] Resolved Python Environment /opt/anaconda3/envs/bogdong/bin/python
2025-01-21 16:31:39.745 [info] Resolved Python Environment /opt/anaconda3/envs/bogdong/bin/python
2025-01-21 16:41:27.030 [info] Resolved Python Environment /opt/anaconda3/envs/bogdong/bin/python
2025-01-21 16:46:46.717 [info] Resolved Python Environment /opt/anaconda3/envs/bogdong/bin/python
2025-01-21 16:47:34.169 [info] Resolved Python Environment /opt/anaconda3/envs/bogdong/bin/python
