2025-01-21 16:50:49.532 [info] Extension host with pid 577099 started
2025-01-21 16:50:49.532 [error] Error: EEXIST: file already exists, open '/home/iujeong/.vscode-server/data/User/workspaceStorage/d93eea3a3c3f435b3cabd9cc82da6704/vscode.lock'
2025-01-21 16:50:49.533 [info] Lock '/home/iujeong/.vscode-server/data/User/workspaceStorage/d93eea3a3c3f435b3cabd9cc82da6704/vscode.lock': Could not acquire lock, checking if the file is stale.
2025-01-21 16:50:49.535 [info] Lock '/home/iujeong/.vscode-server/data/User/workspaceStorage/d93eea3a3c3f435b3cabd9cc82da6704/vscode.lock': The lock does not look stale, elapsed: 814 ms, giving up.
2025-01-21 16:50:49.536 [info] Lock '/home/iujeong/.vscode-server/data/User/workspaceStorage/d93eea3a3c3f435b3cabd9cc82da6704-1/vscode.lock': Lock acquired.
2025-01-21 16:50:49.644 [info] ExtensionService#_doActivateExtension vscode.git-base, startup: false, activationEvent: '*', root cause: vscode.git
2025-01-21 16:50:49.645 [info] ExtensionService#_doActivateExtension innerlee.nvidia-smi, startup: false, activationEvent: '*'
2025-01-21 16:50:49.645 [info] ExtensionService#_doActivateExtension mutantdino.resourcemonitor, startup: false, activationEvent: '*'
2025-01-21 16:50:49.645 [info] ExtensionService#_doActivateExtension mechatroner.rainbow-csv, startup: false, activationEvent: 'onLanguage:plaintext'
2025-01-21 16:50:49.645 [info] ExtensionService#_doActivateExtension vscode.emmet, startup: false, activationEvent: 'onLanguage'
2025-01-21 16:50:49.645 [info] ExtensionService#_doActivateExtension ms-python.python, startup: false, activationEvent: 'onLanguage:python', root cause: ms-python.debugpy
2025-01-21 16:50:49.645 [info] ExtensionService#_doActivateExtension ms-toolsai.jupyter, startup: false, activationEvent: 'onLanguage:python'
2025-01-21 16:50:49.645 [info] ExtensionService#_doActivateExtension vscode.ipynb, startup: false, activationEvent: 'onNotebookSerializer:jupyter-notebook'
2025-01-21 16:50:50.095 [warning] Using default string since no string found in i18n bundle that has the key: Source map support is enabled in the Python Extension, this will adversely impact performance of the extension.
2025-01-21 16:50:50.095 [warning] Using default string since no string found in i18n bundle that has the key: Disable Source Map Support
2025-01-21 16:50:50.095 [warning] Using default string since no string found in i18n bundle that has the key: Enabling source map support in the Python Extension will adversely impact performance of the extension.
2025-01-21 16:50:50.095 [warning] Using default string since no string found in i18n bundle that has the key: Enable and reload Window.
2025-01-21 16:50:50.095 [warning] Using default string since no string found in i18n bundle that has the key: ▶ Launch TensorBoard Session
2025-01-21 16:50:50.095 [warning] Using default string since no string found in i18n bundle that has the key: Launch TensorBoard session
2025-01-21 16:50:50.201 [warning] Using default string since no string found in i18n bundle that has the key: The security certificate used by server was not issued by a trusted certificate authority.
This may indicate an attempt to steal your information.
2025-01-21 16:50:50.201 [warning] Using default string since no string found in i18n bundle that has the key: The security certificate used by server has expired.
This may indicate an attempt to steal your information.
2025-01-21 16:50:50.202 [warning] Using default string since no string found in i18n bundle that has the key: If you have not installed xelatex (TeX), you will need to do so before you can export to PDF. For further instructions, please see https://nbconvert.readthedocs.io/en/latest/install.html#installing-tex. 
To avoid installing xelatex (TeX), you might want to try exporting to HTML and using your browser's "Print to PDF" feature.
2025-01-21 16:50:50.330 [info] ExtensionService#_doActivateExtension ms-toolsai.jupyter-renderers, startup: false, activationEvent: 'api', root cause: ms-toolsai.jupyter
2025-01-21 16:50:50.340 [info] ExtensionService#_doActivateExtension vscode.git, startup: false, activationEvent: '*'
2025-01-21 16:50:50.340 [info] ExtensionService#_doActivateExtension vscode.github, startup: false, activationEvent: '*'
2025-01-21 16:50:50.361 [info] ExtensionService#_doActivateExtension ms-python.debugpy, startup: false, activationEvent: 'onLanguage:python'
2025-01-21 16:50:50.361 [info] ExtensionService#_doActivateExtension ms-python.vscode-pylance, startup: false, activationEvent: 'onLanguage:python'
2025-01-21 16:50:50.637 [info] ExtensionService#_doActivateExtension ms-toolsai.vscode-jupyter-cell-tags, startup: false, activationEvent: 'onNotebook:jupyter-notebook'
2025-01-21 16:50:50.637 [info] ExtensionService#_doActivateExtension ms-toolsai.vscode-jupyter-slideshow, startup: false, activationEvent: 'onNotebook:jupyter-notebook'
2025-01-21 16:50:50.707 [info] Eager extensions activated
2025-01-21 16:50:50.707 [info] ExtensionService#_doActivateExtension vscode.debug-auto-launch, startup: false, activationEvent: 'onStartupFinished'
2025-01-21 16:50:50.707 [info] ExtensionService#_doActivateExtension vscode.merge-conflict, startup: false, activationEvent: 'onStartupFinished'
2025-01-21 16:50:50.707 [info] ExtensionService#_doActivateExtension hoovercj.vscode-power-mode, startup: false, activationEvent: 'onStartupFinished'
2025-01-21 16:50:50.707 [info] ExtensionService#_doActivateExtension ms-dotnettools.vscode-dotnet-runtime, startup: false, activationEvent: 'onStartupFinished'
2025-01-21 16:50:50.707 [info] ExtensionService#_doActivateExtension RSIP-Vision.nvidia-smi-plus, startup: false, activationEvent: 'onStartupFinished'
2025-01-21 16:50:50.707 [info] ExtensionService#_doActivateExtension YuTengjing.vscode-colorize-plus, startup: false, activationEvent: 'onStartupFinished'
2025-01-21 16:50:51.827 [info] ExtensionService#_doActivateExtension vscode.tunnel-forwarding, startup: false, activationEvent: 'onTunnel'
2025-01-21 16:52:17.083 [info] ExtensionService#_doActivateExtension vscode.npm, startup: false, activationEvent: 'onTerminalQuickFixRequest:ms-vscode.npm-command'
2025-01-21 16:52:22.249 [info] ExtensionService#_doActivateExtension vscode.configuration-editing, startup: false, activationEvent: 'onLanguage:json'
2025-01-21 16:52:22.249 [info] ExtensionService#_doActivateExtension vscode.extension-editing, startup: false, activationEvent: 'onLanguage:json'
2025-01-21 16:52:22.250 [info] ExtensionService#_doActivateExtension vscode.json-language-features, startup: false, activationEvent: 'onLanguage:json'
2025-01-21 17:11:13.222 [info] ExtensionService#_doActivateExtension vscode.css-language-features, startup: false, activationEvent: 'onLanguage:css'
2025-01-21 17:17:05.081 [info] ExtensionService#_doActivateExtension vscode.html-language-features, startup: false, activationEvent: 'onLanguage:html'
2025-01-21 17:33:26.406 [warning] [Decorations] CAPPING events from decorations provider vscode.git 10000
2025-01-21 17:33:26.502 [warning] [Decorations] CAPPING events from decorations provider vscode.git 10000
2025-01-21 17:33:55.314 [warning] [Decorations] CAPPING events from decorations provider vscode.git 10000
