2025-01-18 12:05:36.677 [info] [main] 로그 수준: Info
2025-01-18 12:05:36.677 [info] [main] "git"에서 찾은 git 유효성을 검사하는 중
2025-01-18 12:05:36.677 [info] [main] "2.43.0"에서 git "git"을(를) 사용하는 중
2025-01-18 12:05:36.677 [info] [Model][doInitialScan] Initial repository scan started
2025-01-18 12:05:36.677 [info] > git rev-parse --show-toplevel [1ms]
2025-01-18 12:05:36.677 [info] fatal: not a git repository (or any of the parent directories): .git
2025-01-18 12:05:36.677 [info] > git rev-parse --show-toplevel [1ms]
2025-01-18 12:05:36.677 [info] fatal: not a git repository (or any of the parent directories): .git
2025-01-18 12:05:36.679 [info] > git rev-parse --show-toplevel [1ms]
2025-01-18 12:05:36.679 [info] fatal: not a git repository (or any of the parent directories): .git
2025-01-18 12:05:36.680 [info] > git rev-parse --show-toplevel [0ms]
2025-01-18 12:05:36.681 [info] fatal: not a git repository (or any of the parent directories): .git
2025-01-18 12:05:36.682 [info] > git rev-parse --show-toplevel [1ms]
2025-01-18 12:05:36.682 [info] fatal: not a git repository (or any of the parent directories): .git
2025-01-18 12:05:36.684 [info] > git rev-parse --show-toplevel [0ms]
2025-01-18 12:05:36.684 [info] fatal: not a git repository (or any of the parent directories): .git
2025-01-18 12:05:36.686 [info] > git rev-parse --show-toplevel [1ms]
2025-01-18 12:05:36.686 [info] fatal: not a git repository (or any of the parent directories): .git
2025-01-18 12:05:36.687 [info] > git rev-parse --show-toplevel [0ms]
2025-01-18 12:05:36.687 [info] fatal: not a git repository (or any of the parent directories): .git
2025-01-18 12:05:36.689 [info] > git rev-parse --show-toplevel [1ms]
2025-01-18 12:05:36.689 [info] fatal: not a git repository (or any of the parent directories): .git
2025-01-18 12:05:36.690 [info] > git rev-parse --show-toplevel [0ms]
2025-01-18 12:05:36.690 [info] fatal: not a git repository (or any of the parent directories): .git
2025-01-18 12:05:36.692 [info] > git rev-parse --show-toplevel [1ms]
2025-01-18 12:05:36.692 [info] fatal: not a git repository (or any of the parent directories): .git
2025-01-18 12:05:36.693 [info] > git rev-parse --show-toplevel [0ms]
2025-01-18 12:05:36.693 [info] fatal: not a git repository (or any of the parent directories): .git
2025-01-18 12:05:36.695 [info] > git rev-parse --show-toplevel [0ms]
2025-01-18 12:05:36.695 [info] fatal: not a git repository (or any of the parent directories): .git
2025-01-18 12:05:36.696 [info] [Model][doInitialScan] Initial repository scan completed - repositories (0), closed repositories (0), parent repositories (0), unsafe repositories (0)
2025-01-18 12:05:38.311 [info] > git rev-parse --show-toplevel [1ms]
2025-01-18 12:05:38.311 [info] fatal: not a git repository (or any of the parent directories): .git
2025-01-18 12:07:28.017 [info] > git rev-parse --show-toplevel [1ms]
2025-01-18 12:07:28.017 [info] fatal: not a git repository (or any of the parent directories): .git
2025-01-18 12:07:33.901 [info] > git rev-parse --show-toplevel [0ms]
2025-01-18 12:07:33.901 [info] fatal: not a git repository (or any of the parent directories): .git
