2025-01-21 18:07:44.220 [info] [main] 로그 수준: Info
2025-01-21 18:07:44.220 [info] [main] "git"에서 찾은 git 유효성을 검사하는 중
2025-01-21 18:07:44.220 [info] [main] "2.43.0"에서 git "git"을(를) 사용하는 중
2025-01-21 18:07:44.220 [info] [Model][doInitialScan] Initial repository scan started
2025-01-21 18:07:44.220 [info] > git rev-parse --show-toplevel [2ms]
2025-01-21 18:07:44.220 [info] > git rev-parse --git-dir --git-common-dir [0ms]
2025-01-21 18:07:44.220 [info] [Model][openRepository] Opened repository: /home/iujeong
2025-01-21 18:07:44.220 [info] > git config --get commit.template [2ms]
2025-01-21 18:07:44.220 [info] > git rev-parse --show-toplevel [1ms]
2025-01-21 18:07:44.220 [info] > git for-each-ref --format=%(refname)%00%(upstream:short)%00%(objectname)%00%(upstream:track)%00%(upstream:remotename)%00%(upstream:remoteref) refs/heads/main refs/remotes/main [2ms]
2025-01-21 18:07:44.220 [info] > git rev-parse --show-toplevel [3ms]
2025-01-21 18:07:44.220 [info] > git rev-parse --show-toplevel [1ms]
2025-01-21 18:07:44.220 [info] > git for-each-ref --sort -committerdate --format %(refname) %(objectname) %(*objectname) [3ms]
2025-01-21 18:07:44.220 [info] > git rev-parse --show-toplevel [0ms]
2025-01-21 18:07:44.220 [info] > git rev-parse --show-toplevel [1ms]
2025-01-21 18:07:44.220 [info] > git rev-parse --show-toplevel [1ms]
2025-01-21 18:07:44.220 [info] > git rev-parse --show-toplevel [0ms]
2025-01-21 18:07:44.222 [info] > git rev-parse --show-toplevel [1ms]
2025-01-21 18:07:44.227 [info] > git rev-parse --show-toplevel [4ms]
2025-01-21 18:07:44.229 [info] > git rev-parse --show-toplevel [0ms]
2025-01-21 18:07:44.231 [info] > git rev-parse --show-toplevel [1ms]
2025-01-21 18:07:44.234 [info] > git rev-parse --show-toplevel [2ms]
2025-01-21 18:07:44.235 [info] > git rev-parse --show-toplevel [0ms]
2025-01-21 18:07:44.237 [info] > git rev-parse --show-toplevel [1ms]
2025-01-21 18:07:44.238 [info] [Model][doInitialScan] Initial repository scan completed - repositories (1), closed repositories (0), parent repositories (0), unsafe repositories (0)
2025-01-21 18:07:44.239 [info] > git status -z -uall [28ms]
2025-01-21 18:07:44.244 [info] > git for-each-ref --format=%(refname)%00%(upstream:short)%00%(objectname)%00%(upstream:track)%00%(upstream:remotename)%00%(upstream:remoteref) refs/heads/main refs/remotes/main [2ms]
2025-01-21 18:07:44.246 [info] > git config --get commit.template [2ms]
2025-01-21 18:07:44.247 [info] > git config --local branch.main.vscode-merge-base [2ms]
2025-01-21 18:07:44.247 [warning] [Git][config] git config failed: Failed to execute git
2025-01-21 18:07:44.248 [info] > git for-each-ref --format=%(refname)%00%(upstream:short)%00%(objectname)%00%(upstream:track)%00%(upstream:remotename)%00%(upstream:remoteref) refs/heads/main refs/remotes/main [1ms]
2025-01-21 18:07:44.250 [info] > git reflog main --grep-reflog=branch: Created from *. [2ms]
2025-01-21 18:07:44.251 [info] > git for-each-ref --sort -committerdate --format %(refname) %(objectname) %(*objectname) [1ms]
2025-01-21 18:07:44.251 [info] > git symbolic-ref --short refs/remotes/origin/HEAD [0ms]
2025-01-21 18:07:44.251 [info] fatal: ref refs/remotes/origin/HEAD is not a symbolic ref
2025-01-21 18:07:44.251 [warning] [Repository][getDefaultBranch] Failed to get default branch details: Failed to execute git.
2025-01-21 18:07:44.463 [info] > git status -z -uall [214ms]
2025-01-21 18:07:44.688 [info] > git show --textconv :project/withpaw/static/style.css [165ms]
2025-01-21 18:07:44.689 [info] > git ls-files --stage -- /home/iujeong/project/withpaw/static/style.css [164ms]
2025-01-21 18:07:44.694 [info] > git cat-file -s 8303fab2b40e1726e8f3e5e055966d03c41d1b5e [3ms]
2025-01-21 18:07:44.975 [info] > git blame --root --incremental cc964189ce040372bd6af0f6703490a5164efb63 -- /home/iujeong/project/withpaw/static/style.css [3ms]
2025-01-21 18:07:45.054 [info] > git check-ignore -v -z --stdin [9ms]
2025-01-21 18:07:46.962 [info] > git config --get commit.template [2ms]
2025-01-21 18:07:46.962 [info] > git for-each-ref --format=%(refname)%00%(upstream:short)%00%(objectname)%00%(upstream:track)%00%(upstream:remotename)%00%(upstream:remoteref) refs/heads/main refs/remotes/main [1ms]
2025-01-21 18:07:46.966 [info] > git for-each-ref --sort -committerdate --format %(refname) %(objectname) %(*objectname) [1ms]
2025-01-21 18:07:46.991 [info] > git status -z -uall [27ms]
2025-01-21 18:07:47.701 [info] > git check-ignore -v -z --stdin [3ms]
2025-01-21 18:07:51.997 [info] > git config --get commit.template [2ms]
2025-01-21 18:07:51.998 [info] > git for-each-ref --format=%(refname)%00%(upstream:short)%00%(objectname)%00%(upstream:track)%00%(upstream:remotename)%00%(upstream:remoteref) refs/heads/main refs/remotes/main [0ms]
2025-01-21 18:07:52.002 [info] > git for-each-ref --sort -committerdate --format %(refname) %(objectname) %(*objectname) [1ms]
2025-01-21 18:07:52.065 [info] > git status -z -uall [65ms]
2025-01-21 18:07:52.691 [info] > git check-ignore -v -z --stdin [3ms]
2025-01-21 18:07:57.070 [info] > git config --get commit.template [1ms]
2025-01-21 18:07:57.072 [info] > git for-each-ref --format=%(refname)%00%(upstream:short)%00%(objectname)%00%(upstream:track)%00%(upstream:remotename)%00%(upstream:remoteref) refs/heads/main refs/remotes/main [0ms]
2025-01-21 18:07:57.083 [info] > git for-each-ref --sort -committerdate --format %(refname) %(objectname) %(*objectname) [0ms]
2025-01-21 18:07:57.106 [info] > git status -z -uall [26ms]
2025-01-21 18:07:57.741 [info] > git check-ignore -v -z --stdin [4ms]
2025-01-21 18:08:02.112 [info] > git config --get commit.template [1ms]
2025-01-21 18:08:02.115 [info] > git for-each-ref --format=%(refname)%00%(upstream:short)%00%(objectname)%00%(upstream:track)%00%(upstream:remotename)%00%(upstream:remoteref) refs/heads/main refs/remotes/main [1ms]
2025-01-21 18:08:02.124 [info] > git for-each-ref --sort -committerdate --format %(refname) %(objectname) %(*objectname) [1ms]
2025-01-21 18:08:02.148 [info] > git status -z -uall [27ms]
2025-01-21 18:08:07.155 [info] > git config --get commit.template [2ms]
2025-01-21 18:08:07.156 [info] > git for-each-ref --format=%(refname)%00%(upstream:short)%00%(objectname)%00%(upstream:track)%00%(upstream:remotename)%00%(upstream:remoteref) refs/heads/main refs/remotes/main [1ms]
2025-01-21 18:08:07.160 [info] > git for-each-ref --sort -committerdate --format %(refname) %(objectname) %(*objectname) [1ms]
2025-01-21 18:08:07.181 [info] > git status -z -uall [24ms]
2025-01-21 18:08:12.187 [info] > git config --get commit.template [2ms]
2025-01-21 18:08:12.188 [info] > git for-each-ref --format=%(refname)%00%(upstream:short)%00%(objectname)%00%(upstream:track)%00%(upstream:remotename)%00%(upstream:remoteref) refs/heads/main refs/remotes/main [1ms]
2025-01-21 18:08:12.201 [info] > git for-each-ref --sort -committerdate --format %(refname) %(objectname) %(*objectname) [1ms]
2025-01-21 18:08:12.220 [info] > git status -z -uall [23ms]
2025-01-21 18:08:16.620 [info] > git ls-files --stage -- /home/iujeong/project/withpaw/static/style.css [3ms]
2025-01-21 18:08:16.622 [info] > git cat-file -s 8303fab2b40e1726e8f3e5e055966d03c41d1b5e [0ms]
2025-01-21 18:08:16.633 [info] > git show --textconv :project/withpaw/static/style.css [3ms]
2025-01-21 18:08:17.226 [info] > git config --get commit.template [2ms]
2025-01-21 18:08:17.227 [info] > git for-each-ref --format=%(refname)%00%(upstream:short)%00%(objectname)%00%(upstream:track)%00%(upstream:remotename)%00%(upstream:remoteref) refs/heads/main refs/remotes/main [1ms]
2025-01-21 18:08:17.231 [info] > git for-each-ref --sort -committerdate --format %(refname) %(objectname) %(*objectname) [1ms]
2025-01-21 18:08:17.256 [info] > git status -z -uall [28ms]
2025-01-21 18:08:22.264 [info] > git config --get commit.template [2ms]
2025-01-21 18:08:22.265 [info] > git for-each-ref --format=%(refname)%00%(upstream:short)%00%(objectname)%00%(upstream:track)%00%(upstream:remotename)%00%(upstream:remoteref) refs/heads/main refs/remotes/main [1ms]
2025-01-21 18:08:22.276 [info] > git for-each-ref --sort -committerdate --format %(refname) %(objectname) %(*objectname) [1ms]
2025-01-21 18:08:22.300 [info] > git status -z -uall [27ms]
2025-01-21 18:08:27.306 [info] > git config --get commit.template [3ms]
2025-01-21 18:08:27.306 [info] > git for-each-ref --format=%(refname)%00%(upstream:short)%00%(objectname)%00%(upstream:track)%00%(upstream:remotename)%00%(upstream:remoteref) refs/heads/main refs/remotes/main [0ms]
2025-01-21 18:08:27.311 [info] > git for-each-ref --sort -committerdate --format %(refname) %(objectname) %(*objectname) [1ms]
2025-01-21 18:08:27.333 [info] > git status -z -uall [25ms]
2025-01-21 18:08:32.339 [info] > git config --get commit.template [2ms]
2025-01-21 18:08:32.340 [info] > git for-each-ref --format=%(refname)%00%(upstream:short)%00%(objectname)%00%(upstream:track)%00%(upstream:remotename)%00%(upstream:remoteref) refs/heads/main refs/remotes/main [1ms]
2025-01-21 18:08:32.352 [info] > git for-each-ref --sort -committerdate --format %(refname) %(objectname) %(*objectname) [1ms]
2025-01-21 18:08:32.375 [info] > git status -z -uall [26ms]
2025-01-21 18:08:37.382 [info] > git config --get commit.template [2ms]
2025-01-21 18:08:37.382 [info] > git for-each-ref --format=%(refname)%00%(upstream:short)%00%(objectname)%00%(upstream:track)%00%(upstream:remotename)%00%(upstream:remoteref) refs/heads/main refs/remotes/main [0ms]
2025-01-21 18:08:37.387 [info] > git for-each-ref --sort -committerdate --format %(refname) %(objectname) %(*objectname) [1ms]
2025-01-21 18:08:37.411 [info] > git status -z -uall [27ms]
2025-01-21 18:08:42.418 [info] > git config --get commit.template [2ms]
2025-01-21 18:08:42.419 [info] > git for-each-ref --format=%(refname)%00%(upstream:short)%00%(objectname)%00%(upstream:track)%00%(upstream:remotename)%00%(upstream:remoteref) refs/heads/main refs/remotes/main [1ms]
2025-01-21 18:08:42.430 [info] > git for-each-ref --sort -committerdate --format %(refname) %(objectname) %(*objectname) [0ms]
2025-01-21 18:08:42.453 [info] > git status -z -uall [25ms]
2025-01-21 18:08:47.460 [info] > git config --get commit.template [2ms]
2025-01-21 18:08:47.461 [info] > git for-each-ref --format=%(refname)%00%(upstream:short)%00%(objectname)%00%(upstream:track)%00%(upstream:remotename)%00%(upstream:remoteref) refs/heads/main refs/remotes/main [1ms]
2025-01-21 18:08:47.465 [info] > git for-each-ref --sort -committerdate --format %(refname) %(objectname) %(*objectname) [1ms]
2025-01-21 18:08:47.491 [info] > git status -z -uall [28ms]
2025-01-21 18:08:52.498 [info] > git config --get commit.template [3ms]
2025-01-21 18:08:52.498 [info] > git for-each-ref --format=%(refname)%00%(upstream:short)%00%(objectname)%00%(upstream:track)%00%(upstream:remotename)%00%(upstream:remoteref) refs/heads/main refs/remotes/main [1ms]
2025-01-21 18:08:52.511 [info] > git for-each-ref --sort -committerdate --format %(refname) %(objectname) %(*objectname) [1ms]
2025-01-21 18:08:52.536 [info] > git status -z -uall [28ms]
2025-01-21 18:08:56.926 [info] > git ls-files --stage -- /home/iujeong/project/withpaw/static/style.css [3ms]
2025-01-21 18:08:56.928 [info] > git cat-file -s 8303fab2b40e1726e8f3e5e055966d03c41d1b5e [0ms]
2025-01-21 18:08:56.941 [info] > git show --textconv :project/withpaw/static/style.css [3ms]
2025-01-21 18:08:57.544 [info] > git config --get commit.template [2ms]
2025-01-21 18:08:57.544 [info] > git for-each-ref --format=%(refname)%00%(upstream:short)%00%(objectname)%00%(upstream:track)%00%(upstream:remotename)%00%(upstream:remoteref) refs/heads/main refs/remotes/main [0ms]
2025-01-21 18:08:57.557 [info] > git for-each-ref --sort -committerdate --format %(refname) %(objectname) %(*objectname) [1ms]
2025-01-21 18:08:57.579 [info] > git status -z -uall [25ms]
2025-01-21 18:09:02.586 [info] > git config --get commit.template [2ms]
2025-01-21 18:09:02.586 [info] > git for-each-ref --format=%(refname)%00%(upstream:short)%00%(objectname)%00%(upstream:track)%00%(upstream:remotename)%00%(upstream:remoteref) refs/heads/main refs/remotes/main [0ms]
2025-01-21 18:09:02.599 [info] > git for-each-ref --sort -committerdate --format %(refname) %(objectname) %(*objectname) [1ms]
2025-01-21 18:09:02.623 [info] > git status -z -uall [27ms]
2025-01-21 18:09:07.629 [info] > git config --get commit.template [2ms]
2025-01-21 18:09:07.630 [info] > git for-each-ref --format=%(refname)%00%(upstream:short)%00%(objectname)%00%(upstream:track)%00%(upstream:remotename)%00%(upstream:remoteref) refs/heads/main refs/remotes/main [1ms]
2025-01-21 18:09:07.641 [info] > git for-each-ref --sort -committerdate --format %(refname) %(objectname) %(*objectname) [1ms]
2025-01-21 18:09:07.665 [info] > git status -z -uall [27ms]
2025-01-21 18:09:12.671 [info] > git config --get commit.template [1ms]
2025-01-21 18:09:12.673 [info] > git for-each-ref --format=%(refname)%00%(upstream:short)%00%(objectname)%00%(upstream:track)%00%(upstream:remotename)%00%(upstream:remoteref) refs/heads/main refs/remotes/main [1ms]
2025-01-21 18:09:12.682 [info] > git for-each-ref --sort -committerdate --format %(refname) %(objectname) %(*objectname) [1ms]
2025-01-21 18:09:12.706 [info] > git status -z -uall [27ms]
2025-01-21 18:09:17.715 [info] > git config --get commit.template [2ms]
2025-01-21 18:09:17.715 [info] > git for-each-ref --format=%(refname)%00%(upstream:short)%00%(objectname)%00%(upstream:track)%00%(upstream:remotename)%00%(upstream:remoteref) refs/heads/main refs/remotes/main [1ms]
2025-01-21 18:09:17.727 [info] > git for-each-ref --sort -committerdate --format %(refname) %(objectname) %(*objectname) [1ms]
2025-01-21 18:09:17.749 [info] > git status -z -uall [25ms]
2025-01-21 18:09:22.757 [info] > git config --get commit.template [3ms]
2025-01-21 18:09:22.757 [info] > git for-each-ref --format=%(refname)%00%(upstream:short)%00%(objectname)%00%(upstream:track)%00%(upstream:remotename)%00%(upstream:remoteref) refs/heads/main refs/remotes/main [0ms]
2025-01-21 18:09:22.762 [info] > git for-each-ref --sort -committerdate --format %(refname) %(objectname) %(*objectname) [1ms]
2025-01-21 18:09:22.785 [info] > git status -z -uall [26ms]
2025-01-21 18:09:27.791 [info] > git config --get commit.template [2ms]
2025-01-21 18:09:27.791 [info] > git for-each-ref --format=%(refname)%00%(upstream:short)%00%(objectname)%00%(upstream:track)%00%(upstream:remotename)%00%(upstream:remoteref) refs/heads/main refs/remotes/main [0ms]
2025-01-21 18:09:27.796 [info] > git for-each-ref --sort -committerdate --format %(refname) %(objectname) %(*objectname) [1ms]
2025-01-21 18:09:27.820 [info] > git status -z -uall [27ms]
2025-01-21 18:09:32.827 [info] > git config --get commit.template [2ms]
2025-01-21 18:09:32.827 [info] > git for-each-ref --format=%(refname)%00%(upstream:short)%00%(objectname)%00%(upstream:track)%00%(upstream:remotename)%00%(upstream:remoteref) refs/heads/main refs/remotes/main [0ms]
2025-01-21 18:09:32.840 [info] > git for-each-ref --sort -committerdate --format %(refname) %(objectname) %(*objectname) [1ms]
2025-01-21 18:09:32.865 [info] > git status -z -uall [28ms]
2025-01-21 18:10:32.629 [info] > git config --get commit.template [3ms]
2025-01-21 18:10:32.629 [info] > git for-each-ref --format=%(refname)%00%(upstream:short)%00%(objectname)%00%(upstream:track)%00%(upstream:remotename)%00%(upstream:remoteref) refs/heads/main refs/remotes/main [0ms]
2025-01-21 18:10:32.634 [info] > git for-each-ref --sort -committerdate --format %(refname) %(objectname) %(*objectname) [1ms]
2025-01-21 18:10:32.657 [info] > git status -z -uall [26ms]
2025-01-21 18:10:37.665 [info] > git config --get commit.template [2ms]
2025-01-21 18:10:37.666 [info] > git for-each-ref --format=%(refname)%00%(upstream:short)%00%(objectname)%00%(upstream:track)%00%(upstream:remotename)%00%(upstream:remoteref) refs/heads/main refs/remotes/main [1ms]
2025-01-21 18:10:37.670 [info] > git for-each-ref --sort -committerdate --format %(refname) %(objectname) %(*objectname) [1ms]
2025-01-21 18:10:37.694 [info] > git status -z -uall [27ms]
2025-01-21 18:10:42.700 [info] > git config --get commit.template [2ms]
2025-01-21 18:10:42.700 [info] > git for-each-ref --format=%(refname)%00%(upstream:short)%00%(objectname)%00%(upstream:track)%00%(upstream:remotename)%00%(upstream:remoteref) refs/heads/main refs/remotes/main [0ms]
2025-01-21 18:10:42.704 [info] > git for-each-ref --sort -committerdate --format %(refname) %(objectname) %(*objectname) [1ms]
2025-01-21 18:10:42.731 [info] > git status -z -uall [29ms]
2025-01-21 18:10:47.737 [info] > git config --get commit.template [2ms]
2025-01-21 18:10:47.738 [info] > git for-each-ref --format=%(refname)%00%(upstream:short)%00%(objectname)%00%(upstream:track)%00%(upstream:remotename)%00%(upstream:remoteref) refs/heads/main refs/remotes/main [1ms]
2025-01-21 18:10:47.743 [info] > git for-each-ref --sort -committerdate --format %(refname) %(objectname) %(*objectname) [1ms]
2025-01-21 18:10:47.769 [info] > git status -z -uall [29ms]
2025-01-21 18:10:52.776 [info] > git config --get commit.template [2ms]
2025-01-21 18:10:52.777 [info] > git for-each-ref --format=%(refname)%00%(upstream:short)%00%(objectname)%00%(upstream:track)%00%(upstream:remotename)%00%(upstream:remoteref) refs/heads/main refs/remotes/main [1ms]
2025-01-21 18:10:52.781 [info] > git for-each-ref --sort -committerdate --format %(refname) %(objectname) %(*objectname) [1ms]
2025-01-21 18:10:52.805 [info] > git status -z -uall [27ms]
2025-01-21 18:10:57.812 [info] > git config --get commit.template [3ms]
2025-01-21 18:10:57.812 [info] > git for-each-ref --format=%(refname)%00%(upstream:short)%00%(objectname)%00%(upstream:track)%00%(upstream:remotename)%00%(upstream:remoteref) refs/heads/main refs/remotes/main [1ms]
2025-01-21 18:10:57.817 [info] > git for-each-ref --sort -committerdate --format %(refname) %(objectname) %(*objectname) [1ms]
2025-01-21 18:10:57.838 [info] > git status -z -uall [24ms]
2025-01-21 18:11:45.369 [info] > git config --get commit.template [3ms]
2025-01-21 18:11:45.369 [info] > git for-each-ref --format=%(refname)%00%(upstream:short)%00%(objectname)%00%(upstream:track)%00%(upstream:remotename)%00%(upstream:remoteref) refs/heads/main refs/remotes/main [1ms]
2025-01-21 18:11:45.373 [info] > git for-each-ref --sort -committerdate --format %(refname) %(objectname) %(*objectname) [1ms]
2025-01-21 18:11:45.395 [info] > git status -z -uall [24ms]
2025-01-21 18:11:50.403 [info] > git config --get commit.template [2ms]
2025-01-21 18:11:50.403 [info] > git for-each-ref --format=%(refname)%00%(upstream:short)%00%(objectname)%00%(upstream:track)%00%(upstream:remotename)%00%(upstream:remoteref) refs/heads/main refs/remotes/main [1ms]
2025-01-21 18:11:50.407 [info] > git for-each-ref --sort -committerdate --format %(refname) %(objectname) %(*objectname) [1ms]
2025-01-21 18:11:50.430 [info] > git status -z -uall [26ms]
2025-01-21 18:11:55.437 [info] > git config --get commit.template [2ms]
2025-01-21 18:11:55.438 [info] > git for-each-ref --format=%(refname)%00%(upstream:short)%00%(objectname)%00%(upstream:track)%00%(upstream:remotename)%00%(upstream:remoteref) refs/heads/main refs/remotes/main [1ms]
2025-01-21 18:11:55.442 [info] > git for-each-ref --sort -committerdate --format %(refname) %(objectname) %(*objectname) [1ms]
2025-01-21 18:11:55.465 [info] > git status -z -uall [26ms]
2025-01-21 18:12:00.472 [info] > git config --get commit.template [2ms]
2025-01-21 18:12:00.472 [info] > git for-each-ref --format=%(refname)%00%(upstream:short)%00%(objectname)%00%(upstream:track)%00%(upstream:remotename)%00%(upstream:remoteref) refs/heads/main refs/remotes/main [0ms]
2025-01-21 18:12:00.477 [info] > git for-each-ref --sort -committerdate --format %(refname) %(objectname) %(*objectname) [0ms]
2025-01-21 18:12:00.501 [info] > git status -z -uall [27ms]
2025-01-21 18:12:05.508 [info] > git config --get commit.template [1ms]
2025-01-21 18:12:05.512 [info] > git for-each-ref --format=%(refname)%00%(upstream:short)%00%(objectname)%00%(upstream:track)%00%(upstream:remotename)%00%(upstream:remoteref) refs/heads/main refs/remotes/main [1ms]
2025-01-21 18:12:05.517 [info] > git for-each-ref --sort -committerdate --format %(refname) %(objectname) %(*objectname) [1ms]
2025-01-21 18:12:05.541 [info] > git status -z -uall [27ms]
2025-01-21 18:12:10.548 [info] > git config --get commit.template [2ms]
2025-01-21 18:12:10.548 [info] > git for-each-ref --format=%(refname)%00%(upstream:short)%00%(objectname)%00%(upstream:track)%00%(upstream:remotename)%00%(upstream:remoteref) refs/heads/main refs/remotes/main [0ms]
2025-01-21 18:12:10.553 [info] > git for-each-ref --sort -committerdate --format %(refname) %(objectname) %(*objectname) [1ms]
2025-01-21 18:12:10.577 [info] > git status -z -uall [27ms]
2025-01-21 18:12:15.583 [info] > git config --get commit.template [2ms]
2025-01-21 18:12:15.584 [info] > git for-each-ref --format=%(refname)%00%(upstream:short)%00%(objectname)%00%(upstream:track)%00%(upstream:remotename)%00%(upstream:remoteref) refs/heads/main refs/remotes/main [1ms]
2025-01-21 18:12:15.588 [info] > git for-each-ref --sort -committerdate --format %(refname) %(objectname) %(*objectname) [1ms]
2025-01-21 18:12:15.611 [info] > git status -z -uall [25ms]
2025-01-21 18:12:20.618 [info] > git config --get commit.template [2ms]
2025-01-21 18:12:20.619 [info] > git for-each-ref --format=%(refname)%00%(upstream:short)%00%(objectname)%00%(upstream:track)%00%(upstream:remotename)%00%(upstream:remoteref) refs/heads/main refs/remotes/main [1ms]
2025-01-21 18:12:20.623 [info] > git for-each-ref --sort -committerdate --format %(refname) %(objectname) %(*objectname) [1ms]
2025-01-21 18:12:20.648 [info] > git status -z -uall [27ms]
2025-01-21 18:12:25.654 [info] > git config --get commit.template [2ms]
2025-01-21 18:12:25.654 [info] > git for-each-ref --format=%(refname)%00%(upstream:short)%00%(objectname)%00%(upstream:track)%00%(upstream:remotename)%00%(upstream:remoteref) refs/heads/main refs/remotes/main [0ms]
2025-01-21 18:12:25.659 [info] > git for-each-ref --sort -committerdate --format %(refname) %(objectname) %(*objectname) [1ms]
2025-01-21 18:12:25.684 [info] > git status -z -uall [28ms]
2025-01-21 18:12:48.350 [info] > git config --get commit.template [2ms]
2025-01-21 18:12:48.351 [info] > git for-each-ref --format=%(refname)%00%(upstream:short)%00%(objectname)%00%(upstream:track)%00%(upstream:remotename)%00%(upstream:remoteref) refs/heads/main refs/remotes/main [0ms]
2025-01-21 18:12:48.355 [info] > git for-each-ref --sort -committerdate --format %(refname) %(objectname) %(*objectname) [1ms]
2025-01-21 18:12:48.377 [info] > git status -z -uall [25ms]
2025-01-21 18:12:53.383 [info] > git config --get commit.template [2ms]
2025-01-21 18:12:53.384 [info] > git for-each-ref --format=%(refname)%00%(upstream:short)%00%(objectname)%00%(upstream:track)%00%(upstream:remotename)%00%(upstream:remoteref) refs/heads/main refs/remotes/main [1ms]
2025-01-21 18:12:53.388 [info] > git for-each-ref --sort -committerdate --format %(refname) %(objectname) %(*objectname) [1ms]
2025-01-21 18:12:53.409 [info] > git status -z -uall [24ms]
2025-01-21 18:12:58.416 [info] > git config --get commit.template [3ms]
2025-01-21 18:12:58.416 [info] > git for-each-ref --format=%(refname)%00%(upstream:short)%00%(objectname)%00%(upstream:track)%00%(upstream:remotename)%00%(upstream:remoteref) refs/heads/main refs/remotes/main [1ms]
2025-01-21 18:12:58.421 [info] > git for-each-ref --sort -committerdate --format %(refname) %(objectname) %(*objectname) [1ms]
2025-01-21 18:12:58.442 [info] > git status -z -uall [24ms]
2025-01-21 18:13:03.448 [info] > git config --get commit.template [2ms]
2025-01-21 18:13:03.449 [info] > git for-each-ref --format=%(refname)%00%(upstream:short)%00%(objectname)%00%(upstream:track)%00%(upstream:remotename)%00%(upstream:remoteref) refs/heads/main refs/remotes/main [0ms]
2025-01-21 18:13:03.453 [info] > git for-each-ref --sort -committerdate --format %(refname) %(objectname) %(*objectname) [1ms]
2025-01-21 18:13:03.478 [info] > git status -z -uall [28ms]
2025-01-21 18:13:08.484 [info] > git config --get commit.template [2ms]
2025-01-21 18:13:08.485 [info] > git for-each-ref --format=%(refname)%00%(upstream:short)%00%(objectname)%00%(upstream:track)%00%(upstream:remotename)%00%(upstream:remoteref) refs/heads/main refs/remotes/main [0ms]
2025-01-21 18:13:08.489 [info] > git for-each-ref --sort -committerdate --format %(refname) %(objectname) %(*objectname) [1ms]
2025-01-21 18:13:08.514 [info] > git status -z -uall [28ms]
2025-01-21 18:13:13.520 [info] > git config --get commit.template [2ms]
2025-01-21 18:13:13.521 [info] > git for-each-ref --format=%(refname)%00%(upstream:short)%00%(objectname)%00%(upstream:track)%00%(upstream:remotename)%00%(upstream:remoteref) refs/heads/main refs/remotes/main [1ms]
2025-01-21 18:13:13.525 [info] > git for-each-ref --sort -committerdate --format %(refname) %(objectname) %(*objectname) [1ms]
2025-01-21 18:13:13.551 [info] > git status -z -uall [29ms]
2025-01-21 18:13:18.556 [info] > git config --get commit.template [2ms]
2025-01-21 18:13:18.557 [info] > git for-each-ref --format=%(refname)%00%(upstream:short)%00%(objectname)%00%(upstream:track)%00%(upstream:remotename)%00%(upstream:remoteref) refs/heads/main refs/remotes/main [1ms]
2025-01-21 18:13:18.561 [info] > git for-each-ref --sort -committerdate --format %(refname) %(objectname) %(*objectname) [1ms]
2025-01-21 18:13:18.585 [info] > git status -z -uall [27ms]
2025-01-21 18:13:23.592 [info] > git config --get commit.template [2ms]
2025-01-21 18:13:23.593 [info] > git for-each-ref --format=%(refname)%00%(upstream:short)%00%(objectname)%00%(upstream:track)%00%(upstream:remotename)%00%(upstream:remoteref) refs/heads/main refs/remotes/main [0ms]
2025-01-21 18:13:23.597 [info] > git for-each-ref --sort -committerdate --format %(refname) %(objectname) %(*objectname) [1ms]
2025-01-21 18:13:23.617 [info] > git status -z -uall [23ms]
2025-01-21 18:13:28.624 [info] > git config --get commit.template [2ms]
2025-01-21 18:13:28.624 [info] > git for-each-ref --format=%(refname)%00%(upstream:short)%00%(objectname)%00%(upstream:track)%00%(upstream:remotename)%00%(upstream:remoteref) refs/heads/main refs/remotes/main [0ms]
2025-01-21 18:13:28.628 [info] > git for-each-ref --sort -committerdate --format %(refname) %(objectname) %(*objectname) [1ms]
2025-01-21 18:13:28.652 [info] > git status -z -uall [26ms]
2025-01-21 18:13:33.657 [info] > git config --get commit.template [2ms]
2025-01-21 18:13:33.657 [info] > git for-each-ref --format=%(refname)%00%(upstream:short)%00%(objectname)%00%(upstream:track)%00%(upstream:remotename)%00%(upstream:remoteref) refs/heads/main refs/remotes/main [0ms]
2025-01-21 18:13:33.662 [info] > git for-each-ref --sort -committerdate --format %(refname) %(objectname) %(*objectname) [1ms]
2025-01-21 18:13:33.684 [info] > git status -z -uall [25ms]
2025-01-21 18:14:26.598 [info] > git config --get commit.template [3ms]
2025-01-21 18:14:26.598 [info] > git for-each-ref --format=%(refname)%00%(upstream:short)%00%(objectname)%00%(upstream:track)%00%(upstream:remotename)%00%(upstream:remoteref) refs/heads/main refs/remotes/main [1ms]
2025-01-21 18:14:26.602 [info] > git for-each-ref --sort -committerdate --format %(refname) %(objectname) %(*objectname) [1ms]
2025-01-21 18:14:26.626 [info] > git status -z -uall [26ms]
2025-01-21 18:14:31.632 [info] > git config --get commit.template [2ms]
2025-01-21 18:14:31.632 [info] > git for-each-ref --format=%(refname)%00%(upstream:short)%00%(objectname)%00%(upstream:track)%00%(upstream:remotename)%00%(upstream:remoteref) refs/heads/main refs/remotes/main [1ms]
2025-01-21 18:14:31.636 [info] > git for-each-ref --sort -committerdate --format %(refname) %(objectname) %(*objectname) [1ms]
2025-01-21 18:14:31.658 [info] > git status -z -uall [24ms]
2025-01-21 18:14:32.325 [info] > git check-ignore -v -z --stdin [6ms]
2025-01-21 18:14:34.090 [info] > git check-ignore -v -z --stdin [4ms]
2025-01-21 18:14:36.664 [info] > git config --get commit.template [2ms]
2025-01-21 18:14:36.665 [info] > git for-each-ref --format=%(refname)%00%(upstream:short)%00%(objectname)%00%(upstream:track)%00%(upstream:remotename)%00%(upstream:remoteref) refs/heads/main refs/remotes/main [1ms]
2025-01-21 18:14:36.670 [info] > git for-each-ref --sort -committerdate --format %(refname) %(objectname) %(*objectname) [1ms]
2025-01-21 18:14:36.691 [info] > git status -z -uall [24ms]
2025-01-21 18:14:41.680 [info] > git show --textconv :.gitignore [3ms]
2025-01-21 18:14:41.682 [info] > git ls-files --stage -- /home/iujeong/.gitignore [3ms]
2025-01-21 18:14:41.694 [info] > git config --get commit.template [0ms]
2025-01-21 18:14:41.697 [info] > git for-each-ref --format=%(refname)%00%(upstream:short)%00%(objectname)%00%(upstream:track)%00%(upstream:remotename)%00%(upstream:remoteref) refs/heads/main refs/remotes/main [1ms]
2025-01-21 18:14:41.701 [info] > git for-each-ref --sort -committerdate --format %(refname) %(objectname) %(*objectname) [1ms]
2025-01-21 18:14:41.725 [info] > git status -z -uall [27ms]
2025-01-21 18:14:41.965 [info] > git check-ignore -v -z --stdin [3ms]
2025-01-21 18:14:42.957 [info] > git log --format=%H%n%aN%n%aE%n%at%n%ct%n%P%n%D%n%B -z --shortstat --diff-merges=first-parent -n50 --skip=0 --topo-order --decorate=full --stdin [1478ms]
2025-01-21 18:14:44.354 [info] > git blame --root --incremental cc964189ce040372bd6af0f6703490a5164efb63 -- /home/iujeong/.gitignore [1ms]
2025-01-21 18:14:44.354 [info] fatal: no such path .gitignore in cc964189ce040372bd6af0f6703490a5164efb63
2025-01-21 18:14:46.735 [info] > git for-each-ref --format=%(refname)%00%(upstream:short)%00%(objectname)%00%(upstream:track)%00%(upstream:remotename)%00%(upstream:remoteref) refs/heads/main refs/remotes/main [3ms]
2025-01-21 18:14:46.735 [info] > git config --get commit.template [6ms]
2025-01-21 18:14:46.740 [info] > git for-each-ref --sort -committerdate --format %(refname) %(objectname) %(*objectname) [1ms]
2025-01-21 18:14:46.763 [info] > git status -z -uall [26ms]
2025-01-21 18:14:51.768 [info] > git config --get commit.template [2ms]
2025-01-21 18:14:51.769 [info] > git for-each-ref --format=%(refname)%00%(upstream:short)%00%(objectname)%00%(upstream:track)%00%(upstream:remotename)%00%(upstream:remoteref) refs/heads/main refs/remotes/main [1ms]
2025-01-21 18:14:51.773 [info] > git for-each-ref --sort -committerdate --format %(refname) %(objectname) %(*objectname) [0ms]
2025-01-21 18:14:51.795 [info] > git status -z -uall [25ms]
2025-01-21 18:14:56.800 [info] > git config --get commit.template [2ms]
2025-01-21 18:14:56.801 [info] > git for-each-ref --format=%(refname)%00%(upstream:short)%00%(objectname)%00%(upstream:track)%00%(upstream:remotename)%00%(upstream:remoteref) refs/heads/main refs/remotes/main [0ms]
2025-01-21 18:14:56.804 [info] > git for-each-ref --sort -committerdate --format %(refname) %(objectname) %(*objectname) [0ms]
2025-01-21 18:14:56.829 [info] > git status -z -uall [27ms]
2025-01-21 18:15:01.835 [info] > git config --get commit.template [2ms]
2025-01-21 18:15:01.836 [info] > git for-each-ref --format=%(refname)%00%(upstream:short)%00%(objectname)%00%(upstream:track)%00%(upstream:remotename)%00%(upstream:remoteref) refs/heads/main refs/remotes/main [1ms]
2025-01-21 18:15:01.847 [info] > git for-each-ref --sort -committerdate --format %(refname) %(objectname) %(*objectname) [1ms]
2025-01-21 18:15:01.869 [info] > git status -z -uall [25ms]
2025-01-21 18:15:06.873 [info] > git config --get commit.template [2ms]
2025-01-21 18:15:06.874 [info] > git for-each-ref --format=%(refname)%00%(upstream:short)%00%(objectname)%00%(upstream:track)%00%(upstream:remotename)%00%(upstream:remoteref) refs/heads/main refs/remotes/main [1ms]
2025-01-21 18:15:06.885 [info] > git for-each-ref --sort -committerdate --format %(refname) %(objectname) %(*objectname) [1ms]
2025-01-21 18:15:06.906 [info] > git status -z -uall [24ms]
2025-01-21 18:15:11.912 [info] > git config --get commit.template [2ms]
2025-01-21 18:15:11.913 [info] > git for-each-ref --format=%(refname)%00%(upstream:short)%00%(objectname)%00%(upstream:track)%00%(upstream:remotename)%00%(upstream:remoteref) refs/heads/main refs/remotes/main [1ms]
2025-01-21 18:15:11.925 [info] > git for-each-ref --sort -committerdate --format %(refname) %(objectname) %(*objectname) [1ms]
2025-01-21 18:15:11.948 [info] > git status -z -uall [26ms]
2025-01-21 18:15:17.346 [info] > git config --get commit.template [2ms]
2025-01-21 18:15:17.347 [info] > git for-each-ref --format=%(refname)%00%(upstream:short)%00%(objectname)%00%(upstream:track)%00%(upstream:remotename)%00%(upstream:remoteref) refs/heads/main refs/remotes/main [1ms]
2025-01-21 18:15:17.351 [info] > git for-each-ref --sort -committerdate --format %(refname) %(objectname) %(*objectname) [1ms]
2025-01-21 18:15:17.373 [info] > git status -z -uall [25ms]
2025-01-21 18:15:18.842 [info] > git log --format=%H%n%aN%n%aE%n%at%n%ct%n%P%n%D%n%B -z --shortstat --diff-merges=first-parent -n50 --skip=0 --topo-order --decorate=full --stdin [1445ms]
2025-01-21 18:15:34.312 [info] > git config --get commit.template [2ms]
2025-01-21 18:15:34.313 [info] > git for-each-ref --format=%(refname)%00%(upstream:short)%00%(objectname)%00%(upstream:track)%00%(upstream:remotename)%00%(upstream:remoteref) refs/heads/main refs/remotes/main [1ms]
2025-01-21 18:15:34.317 [info] > git for-each-ref --sort -committerdate --format %(refname) %(objectname) %(*objectname) [1ms]
2025-01-21 18:15:34.343 [info] > git status -z -uall [29ms]
2025-01-21 18:15:39.349 [info] > git config --get commit.template [2ms]
2025-01-21 18:15:39.350 [info] > git for-each-ref --format=%(refname)%00%(upstream:short)%00%(objectname)%00%(upstream:track)%00%(upstream:remotename)%00%(upstream:remoteref) refs/heads/main refs/remotes/main [1ms]
2025-01-21 18:15:39.355 [info] > git for-each-ref --sort -committerdate --format %(refname) %(objectname) %(*objectname) [2ms]
2025-01-21 18:15:39.382 [info] > git status -z -uall [31ms]
2025-01-21 18:15:44.389 [info] > git config --get commit.template [2ms]
2025-01-21 18:15:44.390 [info] > git for-each-ref --format=%(refname)%00%(upstream:short)%00%(objectname)%00%(upstream:track)%00%(upstream:remotename)%00%(upstream:remoteref) refs/heads/main refs/remotes/main [1ms]
2025-01-21 18:15:44.395 [info] > git for-each-ref --sort -committerdate --format %(refname) %(objectname) %(*objectname) [1ms]
2025-01-21 18:15:44.424 [info] > git status -z -uall [32ms]
