2025-01-17 21:11:50.713 [info] Starting Python Locator /home/iujeong/.vscode-server/extensions/ms-python.python-2024.22.2/python-env-tools/bin/pet server
2025-01-17 21:11:50.715 [info] Discovered manager: (Conda) /opt/anaconda3/bin/conda
2025-01-17 21:11:50.715 [info] Discovered env: /opt/anaconda3/bin/python
2025-01-17 21:11:50.721 [info] Discovered env: /opt/anaconda3/envs/python=3.13
2025-01-17 21:11:50.721 [info] Discovered env: /opt/anaconda3/envs/JokerK/bin/python
2025-01-17 21:11:50.721 [info] Discovered env: /opt/anaconda3/envs/bin345/bin/python
2025-01-17 21:11:50.722 [info] Discovered env: /opt/anaconda3/envs/aicar/bin/python
2025-01-17 21:11:50.722 [info] Discovered env: /opt/anaconda3/envs/gps/bin/python
2025-01-17 21:11:50.722 [info] Discovered env: /opt/anaconda3/envs/basic/bin/python
2025-01-17 21:11:50.722 [info] Discovered env: /opt/anaconda3/envs/autopilot_lsm/bin/python
2025-01-17 21:11:50.722 [info] Discovered env: /opt/anaconda3/envs/bin234/bin/python
2025-01-17 21:11:50.722 [info] Discovered env: /opt/anaconda3/envs/bin123/bin/python
2025-01-17 21:11:50.722 [info] Discovered env: /opt/anaconda3/envs/ehdnjs_yolo/bin/python
2025-01-17 21:11:50.722 [info] Discovered env: /opt/anaconda3/envs/kaldi/bin/python
2025-01-17 21:11:50.722 [info] Discovered env: /opt/anaconda3/envs/cdp310/bin/python
2025-01-17 21:11:50.722 [info] Discovered env: /opt/anaconda3/envs/env_lsy/bin/python
2025-01-17 21:11:50.722 [info] Discovered env: /opt/anaconda3/envs/lanenet_env/bin/python
2025-01-17 21:11:50.722 [info] Discovered env: /opt/anaconda3/envs/dlalsrb123/bin/python
2025-01-17 21:11:50.722 [info] Discovered env: /opt/anaconda3/envs/ezh123/bin/python
2025-01-17 21:11:50.722 [info] Discovered env: /opt/anaconda3/envs/golf/bin/python
2025-01-17 21:11:50.722 [info] Discovered env: /opt/anaconda3/envs/jayeon/bin/python
2025-01-17 21:11:50.723 [info] Discovered env: /opt/anaconda3/envs/hansol/bin/python
2025-01-17 21:11:50.723 [info] Discovered env: /opt/anaconda3/envs/myenv/bin/python
2025-01-17 21:11:50.723 [info] Discovered env: /opt/anaconda3/envs/goguma/bin/python
2025-01-17 21:11:50.723 [info] Discovered env: /opt/anaconda3/envs/newenv/bin/python
2025-01-17 21:11:50.723 [info] Discovered env: /opt/anaconda3/envs/kgjtest/bin/python
2025-01-17 21:11:50.723 [info] Discovered env: /opt/anaconda3/envs/surveybay/bin/python
2025-01-17 21:11:50.723 [info] Discovered env: /opt/anaconda3/envs/bk7602/bin/python
2025-01-17 21:11:50.723 [info] Discovered env: /opt/anaconda3/envs/test999/bin/python
2025-01-17 21:11:50.723 [info] Discovered env: /opt/anaconda3/envs/test1299/bin/python
2025-01-17 21:11:50.723 [info] Discovered env: /opt/anaconda3/envs/person_tracking/bin/python
2025-01-17 21:11:50.723 [info] Discovered env: /opt/anaconda3/envs/test1026/bin/python
2025-01-17 21:11:50.723 [info] Discovered env: /opt/anaconda3/envs/water/bin/python
2025-01-17 21:11:50.723 [info] Discovered env: /opt/anaconda3/envs/nanie1664/bin/python
2025-01-17 21:11:50.723 [info] Discovered env: /opt/anaconda3/envs/yangpa/bin/python
2025-01-17 21:11:50.723 [info] Discovered env: /opt/anaconda3/envs/skaigroove/bin/python
2025-01-17 21:11:50.723 [info] Discovered env: /usr/bin/python3
2025-01-17 21:11:50.723 [info] Discovered env: /opt/anaconda3/envs/jha/bin/python
2025-01-17 21:11:50.723 [info] Discovered env: /bin/python3
2025-01-17 21:11:50.723 [info] Discovered env: /opt/anaconda3/envs/yolop/bin/python
2025-01-17 21:11:50.723 [info] Discovered env: /opt/anaconda3/envs/KGJ/bin/python
2025-01-17 21:11:50.723 [info] Discovered env: /opt/anaconda3/envs/msoh/bin/python
2025-01-17 21:11:50.723 [info] Discovered env: /opt/anaconda3/envs/adas_cju/bin/python
2025-01-17 21:11:50.723 [info] Discovered env: /opt/anaconda3/envs/cju_mlane/bin/python
2025-01-17 21:11:50.723 [info] Discovered env: /opt/anaconda3/envs/nanie1/bin/python
2025-01-17 21:11:50.723 [info] Discovered env: /opt/anaconda3/envs/hjjeon/bin/python
2025-01-17 21:11:50.723 [info] Discovered env: /opt/anaconda3/envs/bogdong/bin/python
2025-01-17 21:11:50.723 [info] Discovered env: /opt/anaconda3/envs/nanie/bin/python
2025-01-17 21:11:50.723 [info] Discovered env: /opt/anaconda3/envs/cju/bin/python
2025-01-17 21:11:50.723 [info] Discovered env: /opt/anaconda3/envs/test123/bin/python
2025-01-17 21:11:50.723 [info] Discovered env: /opt/anaconda3/envs/cgh/bin/python
2025-01-17 21:11:50.723 [info] Discovered env: /opt/anaconda3/envs/test8737/bin/python
2025-01-17 21:11:50.723 [info] Discovered env: /opt/anaconda3/envs/shkim/bin/python
2025-01-17 21:11:50.723 [info] Discovered env: /opt/anaconda3/envs/torch/bin/python
2025-01-17 21:11:50.723 [info] Locator Conda took 66.223105ms
2025-01-17 21:11:50.723 [info] Locator Homebrew took 89.493µs
2025-01-17 21:11:50.723 [info] Locator LinuxGlobal took 64.991177ms
2025-01-17 21:11:50.723 [info] Locator PipEnv took 99.846µs
2025-01-17 21:11:50.723 [info] Locator Poetry took 377.833µs
2025-01-17 21:11:50.723 [info] Locator PyEnv took 695.865µs
2025-01-17 21:11:50.723 [info] Locator Venv took 23.639µs
2025-01-17 21:11:50.723 [info] Locator VirtualEnv took 33.182µs
2025-01-17 21:11:50.723 [info] Locator VirtualEnvWrapper took 38.351µs
2025-01-17 21:11:50.723 [info] Locator GlobalVirtualEnvs took 203.938µs
2025-01-17 21:11:50.723 [info] Locator Locators took 66.507655ms
2025-01-17 21:11:50.723 [info] Locator Path took 110.53237ms
2025-01-17 21:11:50.723 [info] Locator Workspaces took 1.764493ms
2025-01-17 21:11:50.724 [info] Refresh completed in 110ms
2025-01-17 21:11:50.726 [info] Resolved Python Environment /usr/bin/python3
2025-01-17 21:11:50.818 [info] Resolved Python Environment /bin/python3
2025-01-17 21:13:23.627 [info] Resolved Python Environment /usr/bin/python3
2025-01-17 21:13:30.144 [info] Resolved Python Environment /bin/python3
2025-01-17 21:14:23.627 [info] Discovered manager: (Conda) /opt/anaconda3/bin/conda
2025-01-17 21:14:23.627 [info] Discovered env: /opt/anaconda3/bin/python
2025-01-17 21:14:23.651 [info] Discovered env: /opt/anaconda3/envs/bin345/bin/python
2025-01-17 21:14:23.651 [info] Discovered env: /opt/anaconda3/envs/aicar/bin/python
2025-01-17 21:14:23.651 [info] Discovered env: /opt/anaconda3/envs/python=3.13
2025-01-17 21:14:23.653 [info] Discovered env: /opt/anaconda3/envs/autopilot_lsm/bin/python
2025-01-17 21:14:23.653 [info] Discovered env: /opt/anaconda3/envs/bin234/bin/python
2025-01-17 21:14:23.654 [info] Discovered env: /opt/anaconda3/envs/JokerK/bin/python
2025-01-17 21:14:23.654 [info] Discovered env: /opt/anaconda3/envs/cdp310/bin/python
2025-01-17 21:14:23.655 [info] Discovered env: /opt/anaconda3/envs/bin123/bin/python
2025-01-17 21:14:23.655 [info] Discovered env: /opt/anaconda3/envs/basic/bin/python
2025-01-17 21:14:23.656 [info] Discovered env: /opt/anaconda3/envs/gps/bin/python
2025-01-17 21:14:23.656 [info] Discovered env: /opt/anaconda3/envs/dlalsrb123/bin/python
2025-01-17 21:14:23.657 [info] Discovered env: /opt/anaconda3/envs/env_lsy/bin/python
2025-01-17 21:14:23.657 [info] Discovered env: /opt/anaconda3/envs/ezh123/bin/python
2025-01-17 21:14:23.657 [info] Discovered env: /opt/anaconda3/envs/hansol/bin/python
2025-01-17 21:14:23.658 [info] Discovered env: /opt/anaconda3/envs/goguma/bin/python
2025-01-17 21:14:23.658 [info] Discovered env: /opt/anaconda3/envs/myenv/bin/python
2025-01-17 21:14:23.659 [info] Discovered env: /opt/anaconda3/envs/jayeon/bin/python
2025-01-17 21:14:23.659 [info] Discovered env: /opt/anaconda3/envs/ehdnjs_yolo/bin/python
2025-01-17 21:14:23.659 [info] Discovered env: /opt/anaconda3/envs/kaldi/bin/python
2025-01-17 21:14:23.660 [info] Discovered env: /opt/anaconda3/envs/golf/bin/python
2025-01-17 21:14:23.660 [info] Discovered env: /opt/anaconda3/envs/lanenet_env/bin/python
2025-01-17 21:14:23.661 [info] Discovered env: /opt/anaconda3/envs/newenv/bin/python
2025-01-17 21:14:23.662 [info] Discovered env: /opt/anaconda3/envs/kgjtest/bin/python
2025-01-17 21:14:23.662 [info] Discovered env: /opt/anaconda3/envs/bk7602/bin/python
2025-01-17 21:14:23.662 [info] Discovered env: /opt/anaconda3/envs/test999/bin/python
2025-01-17 21:14:23.662 [info] Discovered env: /opt/anaconda3/envs/surveybay/bin/python
2025-01-17 21:14:23.663 [info] Discovered env: /opt/anaconda3/envs/test1299/bin/python
2025-01-17 21:14:23.663 [info] Discovered env: /opt/anaconda3/envs/yangpa/bin/python
2025-01-17 21:14:23.663 [info] Discovered env: /opt/anaconda3/envs/person_tracking/bin/python
2025-01-17 21:14:23.663 [info] Discovered env: /opt/anaconda3/envs/water/bin/python
2025-01-17 21:14:23.663 [info] Discovered env: /opt/anaconda3/envs/skaigroove/bin/python
2025-01-17 21:14:23.664 [info] Discovered env: /opt/anaconda3/envs/KGJ/bin/python
2025-01-17 21:14:23.664 [info] Discovered env: /opt/anaconda3/envs/yolop/bin/python
2025-01-17 21:14:23.664 [info] Discovered env: /opt/anaconda3/envs/cju_mlane/bin/python
2025-01-17 21:14:23.664 [info] Discovered env: /opt/anaconda3/envs/nanie1664/bin/python
2025-01-17 21:14:23.665 [info] Discovered env: /opt/anaconda3/envs/adas_cju/bin/python
2025-01-17 21:14:23.665 [info] Discovered env: /opt/anaconda3/envs/bogdong/bin/python
2025-01-17 21:14:23.665 [info] Discovered env: /opt/anaconda3/envs/jha/bin/python
2025-01-17 21:14:23.665 [info] Discovered env: /opt/anaconda3/envs/test1026/bin/python
2025-01-17 21:14:23.665 [info] Discovered env: /opt/anaconda3/envs/cgh/bin/python
2025-01-17 21:14:23.666 [info] Discovered env: /opt/anaconda3/envs/msoh/bin/python
2025-01-17 21:14:23.666 [info] Discovered env: /opt/anaconda3/envs/cju/bin/python
2025-01-17 21:14:23.666 [info] Discovered env: /opt/anaconda3/envs/hjjeon/bin/python
2025-01-17 21:14:23.666 [info] Discovered env: /opt/anaconda3/envs/nanie/bin/python
2025-01-17 21:14:23.666 [info] Discovered env: /opt/anaconda3/envs/nanie1/bin/python
2025-01-17 21:14:23.667 [info] Discovered env: /opt/anaconda3/envs/test8737/bin/python
2025-01-17 21:14:23.667 [info] Discovered env: /opt/anaconda3/envs/test123/bin/python
2025-01-17 21:14:23.668 [info] Discovered env: /opt/anaconda3/envs/shkim/bin/python
2025-01-17 21:14:23.669 [info] Discovered env: /opt/anaconda3/envs/torch/bin/python
2025-01-17 21:14:23.672 [info] Discovered env: /bin/python3
2025-01-17 21:14:23.674 [info] Discovered env: /usr/bin/python3
2025-01-17 21:14:23.706 [info] Resolved Python Environment /bin/python3
2025-01-17 21:14:23.739 [info] Locator Conda took 55.594622ms
2025-01-17 21:14:23.739 [info] Locator Homebrew took 206.521µs
2025-01-17 21:14:23.739 [info] Locator LinuxGlobal took 59.70962ms
2025-01-17 21:14:23.739 [info] Locator PipEnv took 20.645µs
2025-01-17 21:14:23.739 [info] Locator Poetry took 134.812µs
2025-01-17 21:14:23.739 [info] Locator PyEnv took 94.227µs
2025-01-17 21:14:23.739 [info] Locator Venv took 10.342µs
2025-01-17 21:14:23.739 [info] Locator VirtualEnv took 11.484µs
2025-01-17 21:14:23.739 [info] Locator VirtualEnvWrapper took 11.208µs
2025-01-17 21:14:23.739 [info] Locator GlobalVirtualEnvs took 55.019µs
2025-01-17 21:14:23.739 [info] Locator Locators took 60.765339ms
2025-01-17 21:14:23.739 [info] Locator Path took 125.532753ms
2025-01-17 21:14:23.739 [info] Locator Workspaces took 2.213302ms
2025-01-17 21:14:23.739 [info] Refresh completed in 125ms
2025-01-17 21:17:16.824 [info] Resolved Python Environment /bin/python3
2025-01-17 21:17:17.892 [info] Resolved Python Environment /usr/bin/python3
2025-01-17 21:19:23.680 [info] Resolved Python Environment /bin/python3
2025-01-17 21:23:08.505 [info] Resolved Python Environment /bin/python3
2025-01-17 21:23:09.663 [info] Resolved Python Environment /usr/bin/python3
2025-01-17 21:24:57.908 [info] Resolved Python Environment /usr/bin/python3
2025-01-17 21:25:11.605 [info] Resolved Python Environment /bin/python3
2025-01-17 21:26:26.446 [info] Resolved Python Environment /bin/python3
2025-01-17 21:26:26.994 [info] Resolved Python Environment /usr/bin/python3
2025-01-17 21:28:42.523 [info] Resolved Python Environment /usr/bin/python3
2025-01-17 21:33:35.135 [info] Resolved Python Environment /usr/bin/python3
2025-01-17 21:33:41.240 [info] Resolved Python Environment /bin/python3
2025-01-17 21:38:04.472 [info] Resolved Python Environment /bin/python3
2025-01-17 21:38:05.312 [info] Resolved Python Environment /usr/bin/python3
2025-01-17 21:39:19.252 [info] Resolved Python Environment /usr/bin/python3
2025-01-17 21:42:08.446 [info] Resolved Python Environment /bin/python3
