2025-01-17 21:11:51.634 [info] (Client) Pylance async client (2024.12.1) started with python extension (2024.22.2)
2025-01-17 21:11:52.003 [info] [Info  - 오후 9:11:52] (15685) Server root directory: file:///home/iujeong/.vscode-server/extensions/ms-python.vscode-pylance-2024.12.1/dist
2025-01-17 21:11:52.006 [info] [Info  - 오후 9:11:52] (15685) Pylance language server 2024.12.1 (pyright version 1.1.389, commit ce1325fc) starting
2025-01-17 21:11:52.052 [info] [Info  - 오후 9:11:52] (15685) Starting service instance "iujeong"
2025-01-17 21:11:52.103 [info] [Info  - 오후 9:11:52] (15685) Setting environmentName for service "iujeong": "3.12.3 (글로벌)"
2025-01-17 21:11:52.103 [info] [Info  - 오후 9:11:52] (15685) Setting pythonPath for service "iujeong": "/bin/python3"
2025-01-17 21:11:52.103 [info] [Info  - 오후 9:11:52] (15685) No include entries specified; assuming /home/iujeong
2025-01-17 21:11:52.104 [info] [Info  - 오후 9:11:52] (15685) Auto-excluding **/node_modules
2025-01-17 21:11:52.104 [info] [Info  - 오후 9:11:52] (15685) Auto-excluding **/__pycache__
2025-01-17 21:11:52.104 [info] [Info  - 오후 9:11:52] (15685) Auto-excluding **/.*
2025-01-17 21:11:52.120 [info] [Info  - 오후 9:11:52] (15685) Assuming Python version 3.12.3.final.0
2025-01-17 21:11:52.155 [info] [Info  - 오후 9:11:52] (15685) No source files found.
2025-01-17 21:11:52.166 [info] [Info  - 오후 9:11:52] (15685) Starting service instance "iujeong"
2025-01-17 21:11:52.174 [info] [Info  - 오후 9:11:52] (15685) Setting environmentName for service "iujeong": "3.12.3 (글로벌)"
2025-01-17 21:11:52.174 [info] [Info  - 오후 9:11:52] (15685) Setting pythonPath for service "iujeong": "/home/iujeong"
2025-01-17 21:11:52.174 [info] [Info  - 오후 9:11:52] (15685) No include entries specified; assuming /home/iujeong
2025-01-17 21:11:52.174 [info] [Info  - 오후 9:11:52] (15685) Auto-excluding **/node_modules
2025-01-17 21:11:52.174 [info] [Info  - 오후 9:11:52] (15685) Auto-excluding **/__pycache__
2025-01-17 21:11:52.174 [info] [Info  - 오후 9:11:52] (15685) Auto-excluding **/.*
2025-01-17 21:11:52.191 [info] [Info  - 오후 9:11:52] (15685) No source files found.
2025-01-17 21:11:52.311 [info] [Info  - 오후 9:11:52] (15685) Background analysis(1) root directory: file:///home/iujeong/.vscode-server/extensions/ms-python.vscode-pylance-2024.12.1/dist
2025-01-17 21:11:52.312 [info] [Info  - 오후 9:11:52] (15685) Background analysis(1) started
2025-01-17 21:11:52.367 [info] [Info  - 오후 9:11:52] (15685) Background analysis(2) root directory: file:///home/iujeong/.vscode-server/extensions/ms-python.vscode-pylance-2024.12.1/dist
2025-01-17 21:11:52.368 [info] [Info  - 오후 9:11:52] (15685) Background analysis(2) started
2025-01-17 21:11:52.382 [info] [Info  - 오후 9:11:52] (15685) Indexer background runner(3) root directory: file:///home/iujeong/.vscode-server/extensions/ms-python.vscode-pylance-2024.12.1/dist (index)
2025-01-17 21:11:52.382 [info] [Info  - 오후 9:11:52] (15685) Indexing(3) started
2025-01-17 21:11:52.477 [info] [Info  - 오후 9:11:52] (15685) scanned(3) 1 files over 1 exec env
2025-01-17 21:11:52.610 [info] [Info  - 오후 9:11:52] (15685) indexed(3) 1 files over 1 exec env
2025-01-17 21:11:52.619 [info] [Info  - 오후 9:11:52] (15685) Indexing finished(3).
2025-01-17 21:33:58.154 [info] [Info  - 오후 9:33:58] (15685) Starting service instance "iujeong"
2025-01-17 21:33:58.165 [info] [Info  - 오후 9:33:58] (15685) Setting environmentName for service "iujeong": "3.12.3 (글로벌)"
2025-01-17 21:33:58.165 [info] [Info  - 오후 9:33:58] (15685) Setting pythonPath for service "iujeong": "/usr/bin/python3"
2025-01-17 21:33:58.165 [info] [Info  - 오후 9:33:58] (15685) No include entries specified; assuming /home/iujeong
2025-01-17 21:33:58.165 [info] [Info  - 오후 9:33:58] (15685) Auto-excluding **/node_modules
2025-01-17 21:33:58.165 [info] [Info  - 오후 9:33:58] (15685) Auto-excluding **/__pycache__
2025-01-17 21:33:58.165 [info] [Info  - 오후 9:33:58] (15685) Auto-excluding **/.*
2025-01-17 21:33:58.181 [info] [Info  - 오후 9:33:58] (15685) Assuming Python version 3.12.3.final.0
2025-01-17 21:33:58.201 [info] [Info  - 오후 9:33:58] (15685) No source files found.
2025-01-17 21:33:58.360 [info] [Info  - 오후 9:33:58] (15685) Background analysis(4) root directory: file:///home/iujeong/.vscode-server/extensions/ms-python.vscode-pylance-2024.12.1/dist
2025-01-17 21:33:58.361 [info] [Info  - 오후 9:33:58] (15685) Background analysis(4) started
2025-01-17 21:33:58.392 [info] [Info  - 오후 9:33:58] (15685) Indexer background runner(5) root directory: file:///home/iujeong/.vscode-server/extensions/ms-python.vscode-pylance-2024.12.1/dist (index)
2025-01-17 21:33:58.392 [info] [Info  - 오후 9:33:58] (15685) Indexing(5) started
2025-01-17 21:33:58.551 [info] [Info  - 오후 9:33:58] (15685) scanned(5) 97 files over 1 exec env
2025-01-17 21:33:58.638 [info] [Info  - 오후 9:33:58] (15685) indexed(5) 97 files over 1 exec env
2025-01-17 21:33:58.653 [info] [Info  - 오후 9:33:58] (15685) Indexing finished(5).
