2025-01-19 15:45:07.859 [info] 실험 'pythonRecommendTensorboardExt'이(가) 활성 상태입니다.
2025-01-19 15:45:07.859 [info] 실험 'pythonTerminalEnvVarActivation'이(가) 활성 상태입니다.
2025-01-19 15:45:07.859 [info] 실험 'pythonTestAdapter'이(가) 활성 상태입니다.
2025-01-19 15:45:07.859 [info] Native locator: Refresh started
2025-01-19 15:45:07.859 [info] Native locator: Refresh started
2025-01-19 15:45:07.868 [info] Conda environment manager found at: /opt/anaconda3/bin/conda
2025-01-19 15:45:07.878 [info] > pyenv which python
2025-01-19 15:45:07.878 [info] cwd: .
2025-01-19 15:45:07.954 [info] > /opt/anaconda3/bin/conda info --json
2025-01-19 15:45:08.129 [info] Native locator: Refresh finished in 758 ms
2025-01-19 15:45:08.131 [info] Python 인터프리터 경로: /bin/python3
2025-01-19 15:45:18.352 [info] Pylance 언어 서버를 시작하는 중입니다.
2025-01-19 16:07:31.202 [info] Discover tests for workspace name: iujeong - uri: /home/iujeong/Study/withpaw/main.py
2025-01-19 16:07:39.935 [info] Discover tests for workspace name: iujeong - uri: /home/iujeong/Study/withpaw/main.py
2025-01-19 16:25:13.911 [info] Discover tests for workspace name: iujeong - uri: /home/iujeong/Study/withpaw/main.py
2025-01-19 16:25:15.849 [info] Discover tests for workspace name: iujeong - uri: /home/iujeong/Study/withpaw/main.py
2025-01-19 16:25:16.568 [info] Discover tests for workspace name: iujeong - uri: /home/iujeong/Study/withpaw/main.py
2025-01-19 16:25:18.867 [info] Discover tests for workspace name: iujeong - uri: /home/iujeong/Study/withpaw/main.py
2025-01-19 17:10:45.075 [info] Discover tests for workspace name: iujeong - uri: /home/iujeong/Study/withpaw/main.py
2025-01-19 17:10:45.635 [info] Discover tests for workspace name: iujeong - uri: /home/iujeong/Study/withpaw/main.py
2025-01-19 17:14:07.698 [info] Discover tests for workspace name: iujeong - uri: /home/iujeong/Study/withpaw/database.py
2025-01-19 17:14:08.231 [info] Discover tests for workspace name: iujeong - uri: /home/iujeong/Study/withpaw/database.py
2025-01-19 17:14:15.505 [info] Discover tests for workspace name: iujeong - uri: /home/iujeong/Study/withpaw/database.py
2025-01-19 17:14:16.966 [info] Discover tests for workspace name: iujeong - uri: /home/iujeong/Study/withpaw/main.py
