2025-01-19 15:45:08.351 [info] [Info  - 오후 3:45:08] (8288) Server root directory: file:///home/iujeong/.vscode-server/extensions/ms-python.vscode-pylance-2024.12.1/dist
2025-01-19 15:45:08.351 [info] [Info  - 오후 3:45:08] (8288) Pylance language server 2024.12.1 (pyright version 1.1.389, commit ce1325fc) starting
2025-01-19 15:45:08.353 [info] [Info  - 오후 3:45:08] (8288) Starting service instance "iujeong"
2025-01-19 15:45:08.370 [info] [Info  - 오후 3:45:08] (8288) Setting environmentName for service "iujeong": "3.12.3 (글로벌)"
2025-01-19 15:45:08.371 [info] [Info  - 오후 3:45:08] (8288) Setting pythonPath for service "iujeong": "/bin/python3"
2025-01-19 15:45:08.371 [info] [Info  - 오후 3:45:08] (8288) No include entries specified; assuming /home/iujeong
2025-01-19 15:45:08.371 [info] [Info  - 오후 3:45:08] (8288) Auto-excluding **/node_modules
2025-01-19 15:45:08.371 [info] [Info  - 오후 3:45:08] (8288) Auto-excluding **/__pycache__
2025-01-19 15:45:08.371 [info] [Info  - 오후 3:45:08] (8288) Auto-excluding **/.*
2025-01-19 15:45:08.384 [info] [Info  - 오후 3:45:08] (8288) Assuming Python version 3.12.3.final.0
2025-01-19 15:45:08.417 [info] [Info  - 오후 3:45:08] (8288) Found 5 source files
2025-01-19 15:45:08.570 [info] [Info  - 오후 3:45:08] (8288) Background analysis(1) root directory: file:///home/iujeong/.vscode-server/extensions/ms-python.vscode-pylance-2024.12.1/dist
2025-01-19 15:45:08.571 [info] [Info  - 오후 3:45:08] (8288) Background analysis(1) started
2025-01-19 15:45:08.603 [info] [Info  - 오후 3:45:08] (8288) Indexer background runner(2) root directory: file:///home/iujeong/.vscode-server/extensions/ms-python.vscode-pylance-2024.12.1/dist (index)
2025-01-19 15:45:08.603 [info] [Info  - 오후 3:45:08] (8288) Indexing(2) started
2025-01-19 15:45:08.752 [info] [Info  - 오후 3:45:08] (8288) scanned(2) 97 files over 1 exec env
2025-01-19 15:45:08.843 [info] [Info  - 오후 3:45:08] (8288) indexed(2) 97 files over 1 exec env
2025-01-19 15:45:08.858 [info] [Info  - 오후 3:45:08] (8288) Indexing finished(2).
2025-01-19 15:45:18.351 [info] (Client) The existing extension didn't exit within 10 seconds. New instance will start, but you might encounter issues.
2025-01-19 15:45:18.352 [info] (Client) Pylance async client (2024.12.1) started with python extension (2024.22.2)
2025-01-19 16:01:43.955 [info] [Info  - 오후 4:01:43] (8288) Starting service instance "<default>"
2025-01-19 16:01:43.985 [info] [Info  - 오후 4:01:43] (8288) Setting environmentName for service "<default>": "3.12.3 (글로벌)"
2025-01-19 16:01:43.986 [info] [Info  - 오후 4:01:43] (8288) Setting pythonPath for service "<default>": "/bin/python3"
2025-01-19 16:01:43.986 [info] [Info  - 오후 4:01:43] (8288) No include entries specified; assuming /<default workspace root>
2025-01-19 16:01:43.986 [info] [Info  - 오후 4:01:43] (8288) Auto-excluding **/node_modules
2025-01-19 16:01:43.986 [info] [Info  - 오후 4:01:43] (8288) Auto-excluding **/__pycache__
2025-01-19 16:01:43.986 [info] [Info  - 오후 4:01:43] (8288) Auto-excluding **/.*
2025-01-19 16:01:44.002 [info] [Info  - 오후 4:01:44] (8288) Assuming Python version 3.12.3.final.0
2025-01-19 16:01:44.023 [info] [Error - 오후 4:01:44] (8288) File or directory "/<default workspace root>" does not exist.
2025-01-19 16:01:44.023 [info] [Info  - 오후 4:01:44] (8288) No source files found.
2025-01-19 16:01:44.179 [info] [Info  - 오후 4:01:44] (8288) Background analysis(3) root directory: file:///home/iujeong/.vscode-server/extensions/ms-python.vscode-pylance-2024.12.1/dist
2025-01-19 16:01:44.180 [info] [Info  - 오후 4:01:44] (8288) Background analysis(3) started
