2025-01-17 16:29:37.519 [info] l10n: Problems loading vscode-local:/Users/iujeong/.vscode/extensions/ms-ceintl.vscode-language-pack-ko-1.96.2024121109/translations/extensions/vscode.json-language-features.i18n.json : Error: Unsupported protocol
2025-01-17 16:38:38.799 [info] read schema from vscode: vscode://schemas/settings/user
2025-01-17 16:38:38.877 [info] read schema from vscode: vscode://schemas/settings/resourceLanguage
2025-01-17 16:38:38.881 [info] read schema from vscode: vscode://schemas/launch
2025-01-17 16:38:38.882 [info] read schema from vscode: vscode://schemas/token-styling
2025-01-17 16:38:38.882 [info] read schema from vscode: vscode://schemas/textmate-colors
2025-01-17 16:38:38.883 [info] read schema from vscode: vscode://schemas/workbench-colors
2025-01-17 16:38:38.883 [info] read schema from vscode: vscode://schemas/ignoredSettings
2025-01-17 16:38:38.994 [info] cancelled
2025-01-17 16:38:39.850 [info] schema change detected vscode://schemas/settings/user
2025-01-17 16:38:39.851 [info] read schema from vscode: vscode://schemas/settings/user
2025-01-17 16:40:09.109 [info] schema change detected vscode://schemas/settings/user
2025-01-17 16:40:09.110 [info] read schema from vscode: vscode://schemas/settings/user
2025-01-17 16:40:13.591 [info] schema change detected vscode://schemas/settings/user
2025-01-17 16:40:13.592 [info] read schema from vscode: vscode://schemas/settings/user
2025-01-17 16:42:26.289 [info] schema change detected vscode://schemas/settings/user
2025-01-17 16:42:26.290 [info] read schema from vscode: vscode://schemas/settings/user
2025-01-17 16:42:30.088 [info] schema change detected vscode://schemas/settings/user
2025-01-17 16:42:30.089 [info] read schema from vscode: vscode://schemas/settings/user
2025-01-17 16:43:28.593 [info] schema change detected vscode://schemas/settings/user
2025-01-17 16:43:28.594 [info] read schema from vscode: vscode://schemas/settings/user
2025-01-17 16:43:32.502 [info] schema change detected vscode://schemas/ignoredSettings
2025-01-17 16:43:32.502 [info] schema change detected vscode://schemas/settings/user
2025-01-17 16:43:32.508 [info] read schema from vscode: vscode://schemas/settings/user
2025-01-17 16:43:32.615 [info] read schema from vscode: vscode://schemas/settings/resourceLanguage
2025-01-17 16:43:32.619 [info] read schema from vscode: vscode://schemas/launch
2025-01-17 16:43:32.620 [info] read schema from vscode: vscode://schemas/token-styling
2025-01-17 16:43:32.620 [info] read schema from vscode: vscode://schemas/textmate-colors
2025-01-17 16:43:32.621 [info] read schema from vscode: vscode://schemas/workbench-colors
2025-01-17 16:43:32.621 [info] read schema from vscode: vscode://schemas/ignoredSettings
2025-01-17 16:43:32.708 [info] cancelled
2025-01-17 16:44:16.258 [info] schema change detected vscode://schemas/settings/user
2025-01-17 16:44:16.259 [info] read schema from vscode: vscode://schemas/settings/user
2025-01-17 16:48:55.610 [info] schema change detected vscode://schemas/settings/user
2025-01-17 16:48:55.612 [info] read schema from vscode: vscode://schemas/settings/user
2025-01-17 17:15:02.243 [info] schema change detected vscode://schemas/settings/user
2025-01-17 17:15:02.244 [info] read schema from vscode: vscode://schemas/settings/user
