2025-01-17 21:42:32.298 [info] Starting Python Locator /home/iujeong/.vscode-server/extensions/ms-python.python-2024.22.2/python-env-tools/bin/pet server
2025-01-17 21:42:32.300 [info] Discovered manager: (Conda) /opt/anaconda3/bin/conda
2025-01-17 21:42:32.300 [info] Discovered env: /opt/anaconda3/bin/python
2025-01-17 21:42:32.302 [info] Discovered env: /bin/python3
2025-01-17 21:42:32.305 [info] Discovered env: /opt/anaconda3/envs/python=3.13
2025-01-17 21:42:32.306 [info] Discovered env: /opt/anaconda3/envs/bin234/bin/python
2025-01-17 21:42:32.306 [info] Discovered env: /opt/anaconda3/envs/bin123/bin/python
2025-01-17 21:42:32.306 [info] Discovered env: /opt/anaconda3/envs/aicar/bin/python
2025-01-17 21:42:32.306 [info] Discovered env: /opt/anaconda3/envs/autopilot_lsm/bin/python
2025-01-17 21:42:32.306 [info] Discovered env: /opt/anaconda3/envs/JokerK/bin/python
2025-01-17 21:42:32.306 [info] Discovered env: /opt/anaconda3/envs/env_lsy/bin/python
2025-01-17 21:42:32.306 [info] Discovered env: /opt/anaconda3/envs/cdp310/bin/python
2025-01-17 21:42:32.306 [info] Discovered env: /opt/anaconda3/envs/ehdnjs_yolo/bin/python
2025-01-17 21:42:32.307 [info] Discovered env: /opt/anaconda3/envs/kaldi/bin/python
2025-01-17 21:42:32.307 [info] Discovered env: /opt/anaconda3/envs/gps/bin/python
2025-01-17 21:42:32.307 [info] Discovered env: /opt/anaconda3/envs/hansol/bin/python
2025-01-17 21:42:32.307 [info] Discovered env: /opt/anaconda3/envs/lanenet_env/bin/python
2025-01-17 21:42:32.307 [info] Discovered env: /opt/anaconda3/envs/dlalsrb123/bin/python
2025-01-17 21:42:32.307 [info] Discovered env: /opt/anaconda3/envs/bin345/bin/python
2025-01-17 21:42:32.307 [info] Discovered env: /opt/anaconda3/envs/jayeon/bin/python
2025-01-17 21:42:32.307 [info] Discovered env: /opt/anaconda3/envs/basic/bin/python
2025-01-17 21:42:32.307 [info] Discovered env: /opt/anaconda3/envs/goguma/bin/python
2025-01-17 21:42:32.307 [info] Discovered env: /opt/anaconda3/envs/golf/bin/python
2025-01-17 21:42:32.307 [info] Discovered env: /opt/anaconda3/envs/KGJ/bin/python
2025-01-17 21:42:32.307 [info] Discovered env: /opt/anaconda3/envs/ezh123/bin/python
2025-01-17 21:42:32.307 [info] Discovered env: /opt/anaconda3/envs/myenv/bin/python
2025-01-17 21:42:32.307 [info] Discovered env: /opt/anaconda3/envs/kgjtest/bin/python
2025-01-17 21:42:32.307 [info] Discovered env: /opt/anaconda3/envs/newenv/bin/python
2025-01-17 21:42:32.307 [info] Discovered env: /opt/anaconda3/envs/bk7602/bin/python
2025-01-17 21:42:32.307 [info] Discovered env: /opt/anaconda3/envs/nanie1664/bin/python
2025-01-17 21:42:32.307 [info] Discovered env: /opt/anaconda3/envs/person_tracking/bin/python
2025-01-17 21:42:32.307 [info] Discovered env: /opt/anaconda3/envs/surveybay/bin/python
2025-01-17 21:42:32.307 [info] Discovered env: /opt/anaconda3/envs/yangpa/bin/python
2025-01-17 21:42:32.307 [info] Discovered env: /opt/anaconda3/envs/test1299/bin/python
2025-01-17 21:42:32.307 [info] Discovered env: /usr/bin/python3
2025-01-17 21:42:32.307 [info] Discovered env: /opt/anaconda3/envs/cju_mlane/bin/python
2025-01-17 21:42:32.307 [info] Discovered env: /opt/anaconda3/envs/msoh/bin/python
2025-01-17 21:42:32.307 [info] Discovered env: /opt/anaconda3/envs/jha/bin/python
2025-01-17 21:42:32.307 [info] Discovered env: /opt/anaconda3/envs/test999/bin/python
2025-01-17 21:42:32.307 [info] Discovered env: /opt/anaconda3/envs/bogdong/bin/python
2025-01-17 21:42:32.307 [info] Discovered env: /opt/anaconda3/envs/hjjeon/bin/python
2025-01-17 21:42:32.307 [info] Discovered env: /opt/anaconda3/envs/adas_cju/bin/python
2025-01-17 21:42:32.308 [info] Discovered env: /opt/anaconda3/envs/skaigroove/bin/python
2025-01-17 21:42:32.308 [info] Discovered env: /opt/anaconda3/envs/test1026/bin/python
2025-01-17 21:42:32.308 [info] Discovered env: /opt/anaconda3/envs/yolop/bin/python
2025-01-17 21:42:32.308 [info] Discovered env: /opt/anaconda3/envs/nanie1/bin/python
2025-01-17 21:42:32.308 [info] Discovered env: /opt/anaconda3/envs/nanie/bin/python
2025-01-17 21:42:32.308 [info] Discovered env: /opt/anaconda3/envs/cju/bin/python
2025-01-17 21:42:32.308 [info] Discovered env: /opt/anaconda3/envs/cgh/bin/python
2025-01-17 21:42:32.308 [info] Discovered env: /opt/anaconda3/envs/test8737/bin/python
2025-01-17 21:42:32.308 [info] Discovered env: /opt/anaconda3/envs/shkim/bin/python
2025-01-17 21:42:32.308 [info] Discovered env: /opt/anaconda3/envs/test123/bin/python
2025-01-17 21:42:32.308 [info] Discovered env: /opt/anaconda3/envs/torch/bin/python
2025-01-17 21:42:32.308 [info] Discovered env: /opt/anaconda3/envs/water/bin/python
2025-01-17 21:42:32.308 [info] Locator Conda took 65.466299ms
2025-01-17 21:42:32.308 [info] Locator Homebrew took 395.332µs
2025-01-17 21:42:32.308 [info] Locator LinuxGlobal took 64.011996ms
2025-01-17 21:42:32.308 [info] Locator PipEnv took 98.96µs
2025-01-17 21:42:32.308 [info] Locator Poetry took 630.727µs
2025-01-17 21:42:32.308 [info] Locator PyEnv took 309.462µs
2025-01-17 21:42:32.308 [info] Locator Venv took 69.634µs
2025-01-17 21:42:32.308 [info] Locator VirtualEnv took 74.211µs
2025-01-17 21:42:32.308 [info] Locator VirtualEnvWrapper took 97.44µs
2025-01-17 21:42:32.308 [info] Locator GlobalVirtualEnvs took 371.499µs
2025-01-17 21:42:32.308 [info] Locator Locators took 65.570334ms
2025-01-17 21:42:32.308 [info] Locator Path took 115.846697ms
2025-01-17 21:42:32.308 [info] Locator Workspaces took 2.075214ms
2025-01-17 21:42:32.308 [info] Refresh completed in 116ms
2025-01-17 21:42:32.314 [info] Resolved Python Environment /bin/python3
2025-01-17 21:42:32.419 [info] Resolved Python Environment /usr/bin/python3
2025-01-17 21:43:56.887 [info] Resolved Python Environment /usr/bin/python3
2025-01-17 21:46:06.952 [info] Resolved Python Environment /usr/bin/python3
2025-01-17 22:03:28.323 [info] Resolved Python Environment /usr/bin/python3
2025-01-17 22:04:10.808 [info] Resolved Python Environment /usr/bin/python3
2025-01-17 22:04:41.959 [info] Resolved Python Environment /usr/bin/python3
2025-01-17 22:08:00.436 [info] Resolved Python Environment /usr/bin/python3
2025-01-17 22:14:06.065 [info] Resolved Python Environment /usr/bin/python3
2025-01-17 22:14:52.505 [info] Resolved Python Environment /usr/bin/python3
2025-01-17 22:14:52.545 [info] Discovered manager: (Conda) /opt/anaconda3/bin/conda
2025-01-17 22:14:52.545 [info] Discovered env: /opt/anaconda3/bin/python
2025-01-17 22:14:52.571 [info] Discovered env: /opt/anaconda3/envs/JokerK/bin/python
2025-01-17 22:14:52.571 [info] Discovered env: /opt/anaconda3/envs/python=3.13
2025-01-17 22:14:52.572 [info] Discovered env: /opt/anaconda3/envs/bin123/bin/python
2025-01-17 22:14:52.572 [info] Discovered env: /opt/anaconda3/envs/aicar/bin/python
2025-01-17 22:14:52.573 [info] Discovered env: /opt/anaconda3/envs/bin234/bin/python
2025-01-17 22:14:52.574 [info] Discovered env: /opt/anaconda3/envs/bin345/bin/python
2025-01-17 22:14:52.576 [info] Discovered env: /opt/anaconda3/envs/autopilot_lsm/bin/python
2025-01-17 22:14:52.576 [info] Discovered env: /opt/anaconda3/envs/cdp310/bin/python
2025-01-17 22:14:52.576 [info] Discovered env: /opt/anaconda3/envs/env_lsy/bin/python
2025-01-17 22:14:52.577 [info] Discovered env: /opt/anaconda3/envs/basic/bin/python
2025-01-17 22:14:52.577 [info] Discovered env: /opt/anaconda3/envs/gps/bin/python
2025-01-17 22:14:52.578 [info] Discovered env: /opt/anaconda3/envs/ehdnjs_yolo/bin/python
2025-01-17 22:14:52.578 [info] Discovered env: /opt/anaconda3/envs/kaldi/bin/python
2025-01-17 22:14:52.579 [info] Discovered env: /opt/anaconda3/envs/jayeon/bin/python
2025-01-17 22:14:52.579 [info] Discovered env: /opt/anaconda3/envs/hansol/bin/python
2025-01-17 22:14:52.579 [info] Discovered env: /opt/anaconda3/envs/myenv/bin/python
2025-01-17 22:14:52.580 [info] Discovered env: /opt/anaconda3/envs/golf/bin/python
2025-01-17 22:14:52.580 [info] Discovered env: /opt/anaconda3/envs/ezh123/bin/python
2025-01-17 22:14:52.580 [info] Discovered env: /opt/anaconda3/envs/dlalsrb123/bin/python
2025-01-17 22:14:52.581 [info] Discovered env: /opt/anaconda3/envs/lanenet_env/bin/python
2025-01-17 22:14:52.581 [info] Discovered env: /opt/anaconda3/envs/newenv/bin/python
2025-01-17 22:14:52.582 [info] Discovered env: /opt/anaconda3/envs/kgjtest/bin/python
2025-01-17 22:14:52.582 [info] Discovered env: /opt/anaconda3/envs/bk7602/bin/python
2025-01-17 22:14:52.582 [info] Discovered env: /opt/anaconda3/envs/goguma/bin/python
2025-01-17 22:14:52.582 [info] Discovered env: /opt/anaconda3/envs/test1299/bin/python
2025-01-17 22:14:52.582 [info] Discovered env: /opt/anaconda3/envs/KGJ/bin/python
2025-01-17 22:14:52.582 [info] Discovered env: /opt/anaconda3/envs/water/bin/python
2025-01-17 22:14:52.583 [info] Discovered env: /opt/anaconda3/envs/surveybay/bin/python
2025-01-17 22:14:52.583 [info] Discovered env: /opt/anaconda3/envs/bogdong/bin/python
2025-01-17 22:14:52.589 [info] Discovered env: /opt/anaconda3/envs/adas_cju/bin/python
2025-01-17 22:14:52.590 [info] Discovered env: /opt/anaconda3/envs/skaigroove/bin/python
2025-01-17 22:14:52.590 [info] Discovered env: /opt/anaconda3/envs/test999/bin/python
2025-01-17 22:14:52.590 [info] Discovered env: /opt/anaconda3/envs/person_tracking/bin/python
2025-01-17 22:14:52.591 [info] Discovered env: /opt/anaconda3/envs/cju_mlane/bin/python
2025-01-17 22:14:52.591 [info] Discovered env: /opt/anaconda3/envs/hjjeon/bin/python
2025-01-17 22:14:52.591 [info] Discovered env: /opt/anaconda3/envs/test1026/bin/python
2025-01-17 22:14:52.591 [info] Discovered env: /opt/anaconda3/envs/jha/bin/python
2025-01-17 22:14:52.591 [info] Discovered env: /opt/anaconda3/envs/msoh/bin/python
2025-01-17 22:14:52.591 [info] Discovered env: /opt/anaconda3/envs/cju/bin/python
2025-01-17 22:14:52.591 [info] Discovered env: /opt/anaconda3/envs/yangpa/bin/python
2025-01-17 22:14:52.591 [info] Discovered env: /opt/anaconda3/envs/nanie1664/bin/python
2025-01-17 22:14:52.591 [info] Discovered env: /opt/anaconda3/envs/yolop/bin/python
2025-01-17 22:14:52.591 [info] Discovered env: /opt/anaconda3/envs/cgh/bin/python
2025-01-17 22:14:52.591 [info] Discovered env: /opt/anaconda3/envs/nanie/bin/python
2025-01-17 22:14:52.591 [info] Discovered env: /opt/anaconda3/envs/test123/bin/python
2025-01-17 22:14:52.591 [info] Discovered env: /opt/anaconda3/envs/nanie1/bin/python
2025-01-17 22:14:52.591 [info] Discovered env: /opt/anaconda3/envs/test8737/bin/python
2025-01-17 22:14:52.591 [info] Discovered env: /opt/anaconda3/envs/shkim/bin/python
2025-01-17 22:14:52.591 [info] Discovered env: /bin/python3
2025-01-17 22:14:52.591 [info] Discovered env: /opt/anaconda3/envs/torch/bin/python
2025-01-17 22:14:52.591 [info] Discovered env: /usr/bin/python3
2025-01-17 22:14:52.645 [info] Locator Conda took 55.400846ms
2025-01-17 22:14:52.645 [info] Locator Homebrew took 27.324µs
2025-01-17 22:14:52.645 [info] Locator LinuxGlobal took 56.268165ms
2025-01-17 22:14:52.645 [info] Locator PipEnv took 15.62µs
2025-01-17 22:14:52.646 [info] Locator Poetry took 142.624µs
2025-01-17 22:14:52.646 [info] Locator PyEnv took 95.392µs
2025-01-17 22:14:52.646 [info] Locator Venv took 28.252µs
2025-01-17 22:14:52.646 [info] Locator VirtualEnv took 10.71µs
2025-01-17 22:14:52.646 [info] Locator VirtualEnvWrapper took 24.159µs
2025-01-17 22:14:52.646 [info] Locator GlobalVirtualEnvs took 513.188µs
2025-01-17 22:14:52.646 [info] Locator Locators took 57.292433ms
2025-01-17 22:14:52.646 [info] Locator Path took 110.474313ms
2025-01-17 22:14:52.646 [info] Locator Workspaces took 2.120387ms
2025-01-17 22:14:52.646 [info] Refresh completed in 110ms
2025-01-17 22:16:36.663 [info] Resolved Python Environment /usr/bin/python3
2025-01-17 22:17:09.299 [info] Resolved Python Environment /usr/bin/python3
2025-01-17 22:18:06.668 [info] Resolved Python Environment /usr/bin/python3
2025-01-17 22:18:43.788 [info] Resolved Python Environment /usr/bin/python3
