2025-01-17 21:42:33.269 [info] (Client) Pylance async client (2024.12.1) started with python extension (2024.22.2)
2025-01-17 21:42:33.450 [info] [Info  - 오후 9:42:33] (23227) Server root directory: file:///home/iujeong/.vscode-server/extensions/ms-python.vscode-pylance-2024.12.1/dist
2025-01-17 21:42:33.454 [info] [Info  - 오후 9:42:33] (23227) Pylance language server 2024.12.1 (pyright version 1.1.389, commit ce1325fc) starting
2025-01-17 21:42:33.454 [info] [Info  - 오후 9:42:33] (23227) Starting service instance "iujeong"
2025-01-17 21:42:33.475 [info] [Info  - 오후 9:42:33] (23227) Setting environmentName for service "iujeong": "3.12.3 (글로벌)"
2025-01-17 21:42:33.475 [info] [Info  - 오후 9:42:33] (23227) Setting pythonPath for service "iujeong": "/usr/bin/python3"
2025-01-17 21:42:33.475 [info] [Info  - 오후 9:42:33] (23227) No include entries specified; assuming /home/iujeong
2025-01-17 21:42:33.475 [info] [Info  - 오후 9:42:33] (23227) Auto-excluding **/node_modules
2025-01-17 21:42:33.475 [info] [Info  - 오후 9:42:33] (23227) Auto-excluding **/__pycache__
2025-01-17 21:42:33.475 [info] [Info  - 오후 9:42:33] (23227) Auto-excluding **/.*
2025-01-17 21:42:33.491 [info] [Info  - 오후 9:42:33] (23227) Assuming Python version 3.12.3.final.0
2025-01-17 21:42:33.519 [info] [Info  - 오후 9:42:33] (23227) No source files found.
2025-01-17 21:42:33.793 [info] [Info  - 오후 9:42:33] (23227) Background analysis(1) root directory: file:///home/iujeong/.vscode-server/extensions/ms-python.vscode-pylance-2024.12.1/dist
2025-01-17 21:42:33.842 [info] [Info  - 오후 9:42:33] (23227) Background analysis(1) started
2025-01-17 21:42:33.870 [info] [Info  - 오후 9:42:33] (23227) Indexer background runner(2) root directory: file:///home/iujeong/.vscode-server/extensions/ms-python.vscode-pylance-2024.12.1/dist (index)
2025-01-17 21:42:33.872 [info] [Info  - 오후 9:42:33] (23227) Indexing(2) started
2025-01-17 21:42:33.935 [info] [Info  - 오후 9:42:33] (23227) scanned(2) 97 files over 1 exec env
2025-01-17 21:42:33.987 [info] [Info  - 오후 9:42:33] (23227) indexed(2) 97 files over 1 exec env
2025-01-17 21:42:34.004 [info] [Info  - 오후 9:42:34] (23227) Indexing finished(2).
2025-01-17 22:14:52.542 [info] [Info  - 오후 10:14:52] (23227) Starting service instance "iujeong"
2025-01-17 22:14:52.566 [info] [Info  - 오후 10:14:52] (23227) Setting environmentName for service "iujeong": "3.12.3 (글로벌)"
2025-01-17 22:14:52.566 [info] [Info  - 오후 10:14:52] (23227) Setting pythonPath for service "iujeong": "/home/iujeong"
2025-01-17 22:14:52.566 [info] [Info  - 오후 10:14:52] (23227) No include entries specified; assuming /home/iujeong
2025-01-17 22:14:52.566 [info] [Info  - 오후 10:14:52] (23227) Auto-excluding **/node_modules
2025-01-17 22:14:52.566 [info] [Info  - 오후 10:14:52] (23227) Auto-excluding **/__pycache__
2025-01-17 22:14:52.566 [info] [Info  - 오후 10:14:52] (23227) Auto-excluding **/.*
2025-01-17 22:14:52.580 [info] [Info  - 오후 10:14:52] (23227) Found 1 source file
2025-01-17 22:14:52.737 [info] [Info  - 오후 10:14:52] (23227) Background analysis(3) root directory: file:///home/iujeong/.vscode-server/extensions/ms-python.vscode-pylance-2024.12.1/dist
2025-01-17 22:14:52.738 [info] [Info  - 오후 10:14:52] (23227) Background analysis(3) started
2025-01-17 22:14:52.770 [info] [Info  - 오후 10:14:52] (23227) Indexer background runner(4) root directory: file:///home/iujeong/.vscode-server/extensions/ms-python.vscode-pylance-2024.12.1/dist (index)
2025-01-17 22:14:52.770 [info] [Info  - 오후 10:14:52] (23227) Indexing(4) started
2025-01-17 22:14:52.868 [info] [Info  - 오후 10:14:52] (23227) scanned(4) 1 files over 1 exec env
2025-01-17 22:14:52.947 [info] [Info  - 오후 10:14:52] (23227) indexed(4) 1 files over 1 exec env
2025-01-17 22:14:52.952 [info] [Info  - 오후 10:14:52] (23227) Indexing finished(4).
2025-01-17 22:14:53.380 [info] [Info  - 오후 10:14:53] (23227) Found 1 source file
2025-01-17 22:14:53.382 [info] [Info  - 오후 10:14:53] (23227) Found 4 source files
