2025-01-18 18:15:56.716 [info] Starting Python Locator /home/iujeong/.vscode-server/extensions/ms-python.python-2024.22.2/python-env-tools/bin/pet server
2025-01-18 18:15:56.723 [info] Discovered manager: (Conda) /opt/anaconda3/bin/conda
2025-01-18 18:15:56.727 [info] Discovered env: /opt/anaconda3/bin/python
2025-01-18 18:15:56.732 [info] Discovered env: /opt/anaconda3/envs/python=3.13
2025-01-18 18:15:56.733 [info] Discovered env: /opt/anaconda3/envs/aicar/bin/python
2025-01-18 18:15:56.734 [info] Discovered env: /opt/anaconda3/envs/kaldi/bin/python
2025-01-18 18:15:56.738 [info] Discovered env: /opt/anaconda3/envs/JokerK/bin/python
2025-01-18 18:15:56.739 [info] Discovered env: /opt/anaconda3/envs/cdp310/bin/python
2025-01-18 18:15:56.740 [info] Discovered env: /opt/anaconda3/envs/ehdnjs_yolo/bin/python
2025-01-18 18:15:56.742 [info] Discovered env: /opt/anaconda3/envs/lanenet_env/bin/python
2025-01-18 18:15:56.744 [info] Discovered env: /opt/anaconda3/envs/bin123/bin/python
2025-01-18 18:15:56.748 [info] Discovered env: /opt/anaconda3/envs/autopilot_lsm/bin/python
2025-01-18 18:15:56.777 [info] Discovered env: /opt/anaconda3/envs/newenv/bin/python
2025-01-18 18:15:56.779 [info] Discovered env: /opt/anaconda3/envs/test1299/bin/python
2025-01-18 18:15:56.784 [info] Discovered env: /opt/anaconda3/envs/surveybay/bin/python
2025-01-18 18:15:56.814 [info] Discovered env: /opt/anaconda3/envs/bin234/bin/python
2025-01-18 18:15:56.836 [info] Discovered env: /opt/anaconda3/envs/hansol/bin/python
2025-01-18 18:15:56.839 [info] Discovered env: /opt/anaconda3/envs/basic/bin/python
2025-01-18 18:15:56.841 [info] Discovered env: /opt/anaconda3/envs/ezh123/bin/python
2025-01-18 18:15:56.843 [info] Discovered env: /opt/anaconda3/envs/dlalsrb123/bin/python
2025-01-18 18:15:56.845 [info] Discovered env: /opt/anaconda3/envs/goguma/bin/python
2025-01-18 18:15:56.847 [info] Discovered env: /opt/anaconda3/envs/jayeon/bin/python
2025-01-18 18:15:56.848 [info] Discovered env: /opt/anaconda3/envs/myenv/bin/python
2025-01-18 18:15:56.850 [info] Discovered env: /opt/anaconda3/envs/golf/bin/python
2025-01-18 18:15:56.853 [info] Discovered env: /opt/anaconda3/envs/kgjtest/bin/python
2025-01-18 18:15:56.854 [info] Discovered env: /opt/anaconda3/envs/bin345/bin/python
2025-01-18 18:15:56.856 [info] Discovered env: /opt/anaconda3/envs/gps/bin/python
2025-01-18 18:15:56.857 [info] Discovered env: /opt/anaconda3/envs/env_lsy/bin/python
2025-01-18 18:15:56.859 [info] Discovered env: /opt/anaconda3/envs/skaigroove/bin/python
2025-01-18 18:15:56.860 [info] Discovered env: /opt/anaconda3/envs/water/bin/python
2025-01-18 18:15:56.861 [info] Discovered env: /opt/anaconda3/envs/person_tracking/bin/python
2025-01-18 18:15:56.863 [info] Discovered env: /opt/anaconda3/envs/test999/bin/python
2025-01-18 18:15:56.864 [info] Discovered env: /opt/anaconda3/envs/bk7602/bin/python
2025-01-18 18:15:56.867 [info] Discovered env: /opt/anaconda3/envs/yangpa/bin/python
2025-01-18 18:15:56.873 [info] Discovered env: /opt/anaconda3/envs/yolop/bin/python
2025-01-18 18:15:56.880 [info] Discovered env: /opt/anaconda3/envs/test1026/bin/python
2025-01-18 18:15:56.881 [info] Discovered env: /usr/bin/python3
2025-01-18 18:15:56.883 [info] Discovered env: /opt/anaconda3/envs/nanie1664/bin/python
2025-01-18 18:15:56.884 [info] Discovered env: /bin/python3
2025-01-18 18:15:56.886 [info] Discovered env: /opt/anaconda3/envs/jha/bin/python
2025-01-18 18:15:56.888 [info] Discovered env: /opt/anaconda3/envs/cju_mlane/bin/python
2025-01-18 18:15:56.890 [info] Discovered env: /opt/anaconda3/envs/hjjeon/bin/python
2025-01-18 18:15:56.891 [info] Discovered env: /opt/anaconda3/envs/adas_cju/bin/python
2025-01-18 18:15:56.893 [info] Discovered env: /opt/anaconda3/envs/KGJ/bin/python
2025-01-18 18:15:56.895 [info] Discovered env: /opt/anaconda3/envs/msoh/bin/python
2025-01-18 18:15:56.897 [info] Discovered env: /opt/anaconda3/envs/nanie1/bin/python
2025-01-18 18:15:56.899 [info] Discovered env: /opt/anaconda3/envs/test123/bin/python
2025-01-18 18:15:56.902 [info] Discovered env: /opt/anaconda3/envs/nanie/bin/python
2025-01-18 18:15:56.904 [info] Discovered env: /opt/anaconda3/envs/cju/bin/python
2025-01-18 18:15:56.906 [info] Discovered env: /opt/anaconda3/envs/bogdong/bin/python
2025-01-18 18:15:56.907 [info] Discovered env: /opt/anaconda3/envs/test8737/bin/python
2025-01-18 18:15:56.909 [info] Discovered env: /opt/anaconda3/envs/cgh/bin/python
2025-01-18 18:15:56.911 [info] Discovered env: /opt/anaconda3/envs/shkim/bin/python
2025-01-18 18:15:56.913 [info] Discovered env: /opt/anaconda3/envs/torch/bin/python
2025-01-18 18:15:56.915 [info] Locator Conda took 95.17418ms
2025-01-18 18:15:56.915 [info] Locator Homebrew took 100.771µs
2025-01-18 18:15:56.915 [info] Locator LinuxGlobal took 93.709926ms
2025-01-18 18:15:56.915 [info] Locator PipEnv took 35.849µs
2025-01-18 18:15:56.915 [info] Locator Poetry took 993.369µs
2025-01-18 18:15:56.915 [info] Locator PyEnv took 225.769µs
2025-01-18 18:15:56.915 [info] Locator Venv took 93.314µs
2025-01-18 18:15:56.915 [info] Locator VirtualEnv took 101.092µs
2025-01-18 18:15:56.915 [info] Locator VirtualEnvWrapper took 247.432µs
2025-01-18 18:15:56.915 [info] Locator GlobalVirtualEnvs took 418.066µs
2025-01-18 18:15:56.915 [info] Locator Locators took 95.279437ms
2025-01-18 18:15:56.915 [info] Locator Path took 143.835271ms
2025-01-18 18:15:56.915 [info] Locator Workspaces took 2.724675ms
2025-01-18 18:15:56.916 [info] Refresh completed in 143ms
2025-01-18 18:15:56.916 [warning] Inaccurate Python Environment Info for => 
Environment (Conda)
   Name        : base
   Executable  : /opt/anaconda3/bin/python
   Version     : 3.12.8
   Prefix      : /opt/anaconda3
   Architecture: x64
   Manager     : Conda, /opt/anaconda3/bin/conda
   Symlinks    : "/opt/anaconda3/bin/python"
               : "/opt/anaconda3/bin/python3"
               : "/opt/anaconda3/bin/python3.1"
               : "/opt/anaconda3/bin/python3.12"
.
Resolved as => 
Environment (Conda)
   Name        : base
   Executable  : /opt/anaconda3/bin/python
   Version     : 3.12.4.final.0
   Prefix      : /opt/anaconda3
   Architecture: x64
   Manager     : Conda, /opt/anaconda3/bin/conda
   Symlinks    : "/opt/anaconda3/bin/python"
               : "/opt/anaconda3/bin/python3"
               : "/opt/anaconda3/bin/python3.1"
               : "/opt/anaconda3/bin/python3.12"

Incorrect information => 
Environment Some(Conda) incorrectly identified
   Version is incorrect

2025-01-18 18:15:56.916 [info] Resolved Python Environment /opt/anaconda3/bin/python
2025-01-18 18:15:56.917 [info] Resolved Python Environment /opt/anaconda3/envs/bogdong/bin/python
2025-01-18 18:15:56.920 [info] Resolved Python Environment /bin/python3
2025-01-18 18:16:18.782 [info] Discovered manager: (Conda) /opt/anaconda3/bin/conda
2025-01-18 18:16:18.783 [info] Discovered env: /opt/anaconda3/bin/python
2025-01-18 18:16:18.804 [info] Discovered env: /opt/anaconda3/envs/JokerK/bin/python
2025-01-18 18:16:18.805 [info] Discovered env: /opt/anaconda3/envs/aicar/bin/python
2025-01-18 18:16:18.805 [info] Discovered env: /opt/anaconda3/envs/python=3.13
2025-01-18 18:16:18.806 [info] Discovered env: /opt/anaconda3/envs/ehdnjs_yolo/bin/python
2025-01-18 18:16:18.807 [info] Discovered env: /opt/anaconda3/envs/bin234/bin/python
2025-01-18 18:16:18.808 [info] Discovered env: /opt/anaconda3/envs/bin345/bin/python
2025-01-18 18:16:18.808 [info] Discovered env: /opt/anaconda3/envs/autopilot_lsm/bin/python
2025-01-18 18:16:18.809 [info] Discovered env: /opt/anaconda3/envs/bin123/bin/python
2025-01-18 18:16:18.809 [info] Discovered env: /opt/anaconda3/envs/basic/bin/python
2025-01-18 18:16:18.810 [info] Discovered env: /opt/anaconda3/envs/dlalsrb123/bin/python
2025-01-18 18:16:18.815 [info] Discovered env: /opt/anaconda3/envs/env_lsy/bin/python
2025-01-18 18:16:18.815 [info] Discovered env: /opt/anaconda3/envs/cdp310/bin/python
2025-01-18 18:16:18.816 [info] Discovered env: /opt/anaconda3/envs/kaldi/bin/python
2025-01-18 18:16:18.816 [info] Discovered env: /opt/anaconda3/envs/KGJ/bin/python
2025-01-18 18:16:18.816 [info] Discovered env: /opt/anaconda3/envs/hansol/bin/python
2025-01-18 18:16:18.816 [info] Discovered env: /opt/anaconda3/envs/jayeon/bin/python
2025-01-18 18:16:18.816 [info] Discovered env: /opt/anaconda3/envs/ezh123/bin/python
2025-01-18 18:16:18.816 [info] Discovered env: /opt/anaconda3/envs/bk7602/bin/python
2025-01-18 18:16:18.816 [info] Discovered env: /opt/anaconda3/envs/goguma/bin/python
2025-01-18 18:16:18.816 [info] Discovered env: /opt/anaconda3/envs/golf/bin/python
2025-01-18 18:16:18.816 [info] Discovered env: /opt/anaconda3/envs/surveybay/bin/python
2025-01-18 18:16:18.816 [info] Discovered env: /opt/anaconda3/envs/lanenet_env/bin/python
2025-01-18 18:16:18.817 [info] Discovered env: /opt/anaconda3/envs/gps/bin/python
2025-01-18 18:16:18.817 [info] Discovered env: /opt/anaconda3/envs/newenv/bin/python
2025-01-18 18:16:18.817 [info] Discovered env: /opt/anaconda3/envs/kgjtest/bin/python
2025-01-18 18:16:18.817 [info] Discovered env: /opt/anaconda3/envs/skaigroove/bin/python
2025-01-18 18:16:18.817 [info] Discovered env: /opt/anaconda3/envs/myenv/bin/python
2025-01-18 18:16:18.818 [info] Discovered env: /opt/anaconda3/envs/person_tracking/bin/python
2025-01-18 18:16:18.818 [info] Discovered env: /opt/anaconda3/envs/test1299/bin/python
2025-01-18 18:16:18.818 [info] Discovered env: /opt/anaconda3/envs/adas_cju/bin/python
2025-01-18 18:16:18.819 [info] Discovered env: /opt/anaconda3/envs/cju_mlane/bin/python
2025-01-18 18:16:18.819 [info] Discovered env: /opt/anaconda3/envs/nanie1664/bin/python
2025-01-18 18:16:18.819 [info] Discovered env: /opt/anaconda3/envs/yangpa/bin/python
2025-01-18 18:16:18.819 [info] Discovered env: /opt/anaconda3/envs/cgh/bin/python
2025-01-18 18:16:18.820 [info] Discovered env: /opt/anaconda3/envs/bogdong/bin/python
2025-01-18 18:16:18.820 [info] Discovered env: /opt/anaconda3/envs/yolop/bin/python
2025-01-18 18:16:18.820 [info] Discovered env: /opt/anaconda3/envs/hjjeon/bin/python
2025-01-18 18:16:18.820 [info] Discovered env: /opt/anaconda3/envs/msoh/bin/python
2025-01-18 18:16:18.820 [info] Discovered env: /opt/anaconda3/envs/test1026/bin/python
2025-01-18 18:16:18.820 [info] Discovered env: /opt/anaconda3/envs/cju/bin/python
2025-01-18 18:16:18.821 [info] Discovered env: /opt/anaconda3/envs/test999/bin/python
2025-01-18 18:16:18.821 [info] Discovered env: /opt/anaconda3/envs/water/bin/python
2025-01-18 18:16:18.821 [info] Discovered env: /opt/anaconda3/envs/jha/bin/python
2025-01-18 18:16:18.821 [info] Discovered env: /opt/anaconda3/envs/nanie/bin/python
2025-01-18 18:16:18.821 [info] Discovered env: /opt/anaconda3/envs/nanie1/bin/python
2025-01-18 18:16:18.822 [info] Discovered env: /opt/anaconda3/envs/test8737/bin/python
2025-01-18 18:16:18.822 [info] Discovered env: /opt/anaconda3/envs/test123/bin/python
2025-01-18 18:16:18.823 [info] Discovered env: /opt/anaconda3/envs/shkim/bin/python
2025-01-18 18:16:18.824 [info] Discovered env: /opt/anaconda3/envs/torch/bin/python
2025-01-18 18:16:18.826 [info] Discovered env: /bin/python3
2025-01-18 18:16:18.826 [info] Discovered env: /usr/bin/python3
2025-01-18 18:16:18.881 [info] Locator Conda took 55.016201ms
2025-01-18 18:16:18.881 [info] Locator Homebrew took 177.141µs
2025-01-18 18:16:18.881 [info] Locator LinuxGlobal took 55.945902ms
2025-01-18 18:16:18.881 [info] Locator PipEnv took 10.675µs
2025-01-18 18:16:18.881 [info] Locator Poetry took 91.143µs
2025-01-18 18:16:18.881 [info] Locator PyEnv took 68.71µs
2025-01-18 18:16:18.881 [info] Locator Venv took 10.488µs
2025-01-18 18:16:18.881 [info] Locator VirtualEnv took 11.536µs
2025-01-18 18:16:18.881 [info] Locator VirtualEnvWrapper took 15.645µs
2025-01-18 18:16:18.881 [info] Locator GlobalVirtualEnvs took 41.062µs
2025-01-18 18:16:18.881 [info] Locator Locators took 57.447662ms
2025-01-18 18:16:18.881 [info] Locator Path took 111.672387ms
2025-01-18 18:16:18.881 [info] Locator Workspaces took 2.744504ms
2025-01-18 18:16:18.881 [info] Refresh completed in 111ms
