2025-01-21 16:50:50.623 [info] 실험 'pythonRecommendTensorboardExt'이(가) 활성 상태입니다.
2025-01-21 16:50:50.623 [info] 실험 'pythonTerminalEnvVarActivation'이(가) 활성 상태입니다.
2025-01-21 16:50:50.623 [info] 실험 'pythonTestAdapter'이(가) 활성 상태입니다.
2025-01-21 16:50:50.623 [info] Native locator: Refresh started
2025-01-21 16:50:50.623 [info] Native locator: Refresh started
2025-01-21 16:50:50.629 [info] > pyenv which python
2025-01-21 16:50:50.629 [info] cwd: .
2025-01-21 16:50:50.639 [info] Native locator: Refresh started
2025-01-21 16:50:50.799 [info] > conda info --json
2025-01-21 16:50:50.810 [info] Conda environment manager found at: /opt/anaconda3/bin/conda
2025-01-21 16:50:50.984 [info] Native locator: Refresh finished in 847 ms
2025-01-21 16:50:50.987 [info] Python 인터프리터 경로: /opt/anaconda3/envs/bogdong/bin/python
2025-01-21 16:50:50.992 [info] > conda info --json
2025-01-21 16:50:50.992 [info] shell: bash
2025-01-21 16:50:51.028 [info] > /opt/anaconda3/bin/conda info --json
2025-01-21 16:50:51.474 [info] > /opt/anaconda3/bin/conda run -n bogdong --no-capture-output python ./.vscode-server/extensions/ms-python.python-2024.22.2/python_files/get_output_via_markers.py ./.vscode-server/extensions/ms-python.python-2024.22.2/python_files/printEnvVariables.py
2025-01-21 16:50:51.474 [info] shell: bash
2025-01-21 16:50:51.474 [info] > /opt/anaconda3/bin/conda run -n bogdong --no-capture-output python ./.vscode-server/extensions/ms-python.python-2024.22.2/python_files/get_output_via_markers.py ./.vscode-server/extensions/ms-python.python-2024.22.2/python_files/printEnvVariables.py
2025-01-21 16:50:51.474 [info] shell: bash
2025-01-21 16:50:51.474 [info] > conda run -n bogdong --no-capture-output python ./.vscode-server/extensions/ms-python.python-2024.22.2/python_files/get_output_via_markers.py ./.vscode-server/extensions/ms-python.python-2024.22.2/python_files/printEnvVariables.py
2025-01-21 16:50:51.474 [info] shell: bash
2025-01-21 16:50:52.577 [info] > /usr/bin/python3 ./.vscode-server/extensions/ms-python.python-2024.22.2/python_files/printEnvVariables.py
2025-01-21 16:50:52.577 [info] shell: bash
2025-01-21 16:50:52.599 [info] Setting environment variable GSETTINGS_SCHEMA_DIR in collection to /opt/anaconda3/envs/bogdong/share/glib-2.0/schemas {"applyAtShellIntegration":true,"applyAtProcessCreation":true}
2025-01-21 16:50:52.599 [info] Setting environment variable CONDA_ROOT in collection to /opt/anaconda3 {"applyAtShellIntegration":true,"applyAtProcessCreation":true}
2025-01-21 16:50:52.599 [info] Setting environment variable CONDA_PREFIX in collection to /opt/anaconda3/envs/bogdong {"applyAtShellIntegration":true,"applyAtProcessCreation":true}
2025-01-21 16:50:52.599 [info] Setting environment variable CONDA_PROMPT_MODIFIER in collection to (bogdong)  {"applyAtShellIntegration":true,"applyAtProcessCreation":true}
2025-01-21 16:50:52.599 [info] Setting environment variable CONDA_SHLVL in collection to 2 {"applyAtShellIntegration":true,"applyAtProcessCreation":true}
2025-01-21 16:50:52.599 [info] Setting environment variable CONDA_DEFAULT_ENV in collection to bogdong {"applyAtShellIntegration":true,"applyAtProcessCreation":true}
2025-01-21 16:50:52.599 [info] Setting environment variable CONDA_ALLOW_SOFTLINKS in collection to false {"applyAtShellIntegration":true,"applyAtProcessCreation":true}
2025-01-21 16:50:52.599 [info] Prepending environment variable PATH in collection to /home/iujeong/.vscode-server/cli/servers/Stable-91fbdddc47bc9c09064bf7acf133d22631cbf083/server/bin/remote-cli:/opt/anaconda3/envs/bogdong/bin:/opt/anaconda3/condabin:/opt/anaconda3/bin:/usr/local/sbin:/usr/local/bin:/usr/sbin:/usr/bin:/sbin:/bin:/usr/games:/usr/local/games:/snap/bin: {"applyAtShellIntegration":true,"applyAtProcessCreation":true}
2025-01-21 16:50:52.599 [info] Setting environment variable CONDA_PREFIX_1 in collection to /opt/anaconda3 {"applyAtShellIntegration":true,"applyAtProcessCreation":true}
2025-01-21 16:50:52.599 [info] Prepending environment variable PS1 in collection with (bogdong)  {"applyAtShellIntegration":true,"applyAtProcessCreation":false}
2025-01-21 16:50:52.600 [info] Send text to terminal: /usr/bin/python3 /home/iujeong/.vscode-server/extensions/ms-python.python-2024.22.2/python_files/printEnvVariablesToFile.py /home/iujeong/.vscode-server/extensions/ms-python.python-2024.22.2/python_files/deactivate/bash/envVars.txt
2025-01-21 16:50:53.225 [info] Discover tests for workspace name: iujeong - uri: /home/iujeong/project/withpaw/web/static/app.py
2025-01-21 16:51:01.502 [info] Pylance 언어 서버를 시작하는 중입니다.
2025-01-21 17:16:58.243 [info] Discover tests for workspace name: iujeong - uri: /home/iujeong/project/withpaw/app.py
2025-01-21 17:16:58.999 [info] Discover tests for workspace name: iujeong - uri: /home/iujeong/project/withpaw/app.py
