2025-01-20 10:59:56.734 [info] 실험 'pythonRecommendTensorboardExt'이(가) 활성 상태입니다.
2025-01-20 10:59:56.734 [info] 실험 'pythonTerminalEnvVarActivation'이(가) 활성 상태입니다.
2025-01-20 10:59:56.734 [info] 실험 'pythonTestAdapter'이(가) 활성 상태입니다.
2025-01-20 10:59:56.734 [info] Native locator: Refresh started
2025-01-20 10:59:56.734 [info] Native locator: Refresh started
2025-01-20 10:59:56.737 [info] Conda environment manager found at: /opt/anaconda3/bin/conda
2025-01-20 10:59:56.746 [info] Native locator: Refresh started
2025-01-20 10:59:56.775 [info] > /opt/anaconda3/bin/conda info --json
2025-01-20 10:59:56.864 [info] Native locator: Refresh finished in 601 ms
2025-01-20 10:59:56.867 [info] > pyenv which python
2025-01-20 10:59:56.867 [info] cwd: .
2025-01-20 10:59:56.876 [error] Python Extension: interpreterManager.refresh [l [Error]: Failed to resolve env "/usr/local/bin/python3"
	at ae (/home/iujeong/.vscode-server/extensions/ms-python.python-2024.22.2/out/client/extension.js:2:2036206)
	at oe (/home/iujeong/.vscode-server/extensions/ms-python.python-2024.22.2/out/client/extension.js:2:2034166)
	at Immediate.<anonymous> (/home/iujeong/.vscode-server/extensions/ms-python.python-2024.22.2/out/client/extension.js:2:2030460)
	at process.processImmediate (node:internal/timers:483:21)] {
  code: -4,
  data: undefined
}
2025-01-20 10:59:59.790 [info] CreateEnv Trigger - Skipping for /home/iujeong/Study/main.py
2025-01-20 11:00:00.310 [info] Send text to terminal: /usr/bin/python3 /home/iujeong/Study/main.py
2025-01-20 11:00:07.326 [info] Pylance 언어 서버를 시작하는 중입니다.
2025-01-20 11:00:07.997 [info] Python 인터프리터 경로: /usr/bin/python3
2025-01-20 11:01:58.086 [info] Discover tests for workspace name: Study - uri: /home/iujeong/Study/main.py
2025-01-20 11:01:58.583 [info] Discover tests for workspace name: Study - uri: /home/iujeong/Study/main.py
