2025-01-20 10:59:56.734 [info] Starting Python Locator /home/iujeong/.vscode-server/extensions/ms-python.python-2024.22.2/python-env-tools/bin/pet server
2025-01-20 10:59:56.737 [info] Discovered manager: (Conda) /opt/anaconda3/bin/conda
2025-01-20 10:59:56.737 [info] Discovered env: /opt/anaconda3/bin/python
2025-01-20 10:59:56.756 [info] Discovered env: /opt/anaconda3/envs/python=3.13
2025-01-20 10:59:56.762 [info] Discovered env: /opt/anaconda3/envs/aicar/bin/python
2025-01-20 10:59:56.772 [info] Discovered env: /opt/anaconda3/envs/jayeon/bin/python
2025-01-20 10:59:56.776 [info] Discovered env: /opt/anaconda3/envs/bin123/bin/python
2025-01-20 10:59:56.777 [info] Discovered env: /opt/anaconda3/envs/lanenet_env/bin/python
2025-01-20 10:59:56.778 [info] Discovered env: /opt/anaconda3/envs/ehdnjs_yolo/bin/python
2025-01-20 10:59:56.780 [info] Discovered env: /opt/anaconda3/envs/gps/bin/python
2025-01-20 10:59:56.781 [info] Discovered env: /opt/anaconda3/envs/bin345/bin/python
2025-01-20 10:59:56.782 [info] Discovered env: /opt/anaconda3/envs/basic/bin/python
2025-01-20 10:59:56.783 [info] Discovered env: /opt/anaconda3/envs/JokerK/bin/python
2025-01-20 10:59:56.785 [info] Discovered env: /opt/anaconda3/envs/kaldi/bin/python
2025-01-20 10:59:56.786 [info] Discovered env: /opt/anaconda3/envs/goguma/bin/python
2025-01-20 10:59:56.787 [info] Discovered env: /opt/anaconda3/envs/kgjtest/bin/python
2025-01-20 10:59:56.789 [info] Discovered env: /opt/anaconda3/envs/hansol/bin/python
2025-01-20 10:59:56.790 [info] Discovered env: /opt/anaconda3/envs/test999/bin/python
2025-01-20 10:59:56.792 [info] Discovered env: /opt/anaconda3/envs/water/bin/python
2025-01-20 10:59:56.793 [info] Discovered env: /opt/anaconda3/envs/autopilot_lsm/bin/python
2025-01-20 10:59:56.795 [info] Discovered env: /opt/anaconda3/envs/surveybay/bin/python
2025-01-20 10:59:56.796 [info] Discovered env: /opt/anaconda3/envs/golf/bin/python
2025-01-20 10:59:56.797 [info] Discovered env: /opt/anaconda3/envs/test1299/bin/python
2025-01-20 10:59:56.799 [info] Discovered env: /usr/bin/python3
2025-01-20 10:59:56.800 [info] Discovered env: /opt/anaconda3/envs/bin234/bin/python
2025-01-20 10:59:56.802 [info] Discovered env: /bin/python3
2025-01-20 10:59:56.803 [info] Discovered env: /opt/anaconda3/envs/myenv/bin/python
2025-01-20 10:59:56.805 [info] Discovered env: /opt/anaconda3/envs/newenv/bin/python
2025-01-20 10:59:56.806 [info] Discovered env: /opt/anaconda3/envs/env_lsy/bin/python
2025-01-20 10:59:56.807 [info] Discovered env: /opt/anaconda3/envs/ezh123/bin/python
2025-01-20 10:59:56.813 [info] Discovered env: /opt/anaconda3/envs/dlalsrb123/bin/python
2025-01-20 10:59:56.816 [info] Discovered env: /opt/anaconda3/envs/skaigroove/bin/python
2025-01-20 10:59:56.818 [info] Discovered env: /opt/anaconda3/envs/cdp310/bin/python
2025-01-20 10:59:56.820 [info] Discovered env: /opt/anaconda3/envs/person_tracking/bin/python
2025-01-20 10:59:56.821 [info] Discovered env: /opt/anaconda3/envs/yolop/bin/python
2025-01-20 10:59:56.823 [info] Discovered env: /opt/anaconda3/envs/yangpa/bin/python
2025-01-20 10:59:56.825 [info] Discovered env: /opt/anaconda3/envs/test1026/bin/python
2025-01-20 10:59:56.826 [info] Discovered env: /opt/anaconda3/envs/nanie1664/bin/python
2025-01-20 10:59:56.828 [info] Discovered env: /opt/anaconda3/envs/bk7602/bin/python
2025-01-20 10:59:56.830 [info] Discovered env: /opt/anaconda3/envs/msoh/bin/python
2025-01-20 10:59:56.831 [info] Discovered env: /opt/anaconda3/envs/KGJ/bin/python
2025-01-20 10:59:56.833 [info] Discovered env: /opt/anaconda3/envs/jha/bin/python
2025-01-20 10:59:56.835 [info] Discovered env: /opt/anaconda3/envs/nanie/bin/python
2025-01-20 10:59:56.838 [info] Discovered env: /opt/anaconda3/envs/test8737/bin/python
2025-01-20 10:59:56.840 [info] Discovered env: /opt/anaconda3/envs/cju_mlane/bin/python
2025-01-20 10:59:56.842 [info] Discovered env: /opt/anaconda3/envs/nanie1/bin/python
2025-01-20 10:59:56.844 [info] Discovered env: /opt/anaconda3/envs/hjjeon/bin/python
2025-01-20 10:59:56.846 [info] Discovered env: /opt/anaconda3/envs/adas_cju/bin/python
2025-01-20 10:59:56.849 [info] Discovered env: /opt/anaconda3/envs/bogdong/bin/python
2025-01-20 10:59:56.851 [info] Discovered env: /opt/anaconda3/envs/cju/bin/python
2025-01-20 10:59:56.853 [info] Discovered env: /opt/anaconda3/envs/test123/bin/python
2025-01-20 10:59:56.856 [info] Discovered env: /opt/anaconda3/envs/cgh/bin/python
2025-01-20 10:59:56.858 [info] Discovered env: /opt/anaconda3/envs/torch/bin/python
2025-01-20 10:59:56.860 [info] Discovered env: /opt/anaconda3/envs/shkim/bin/python
2025-01-20 10:59:56.863 [info] Locator Conda took 168.927714ms
2025-01-20 10:59:56.863 [info] Locator Homebrew took 156.261µs
2025-01-20 10:59:56.863 [info] Locator LinuxGlobal took 166.077606ms
2025-01-20 10:59:56.863 [info] Locator PipEnv took 59.78µs
2025-01-20 10:59:56.863 [info] Locator Poetry took 236.629µs
2025-01-20 10:59:56.863 [info] Locator PyEnv took 187.934µs
2025-01-20 10:59:56.863 [info] Locator Venv took 10.208µs
2025-01-20 10:59:56.863 [info] Locator VirtualEnv took 80.868µs
2025-01-20 10:59:56.863 [info] Locator VirtualEnvWrapper took 83.128µs
2025-01-20 10:59:56.863 [info] Locator GlobalVirtualEnvs took 182.237µs
2025-01-20 10:59:56.863 [info] Locator Locators took 169.149585ms
2025-01-20 10:59:56.863 [info] Locator Path took 213.457038ms
2025-01-20 10:59:56.863 [info] Locator Workspaces took 1.149933ms
2025-01-20 10:59:56.863 [info] Refresh completed in 213ms
2025-01-20 10:59:56.872 [info] Resolved Python Environment /opt/anaconda3/envs/bogdong/bin/python
2025-01-20 10:59:56.874 [warning] Inaccurate Python Environment Info for => 
Environment (Conda)
   Name        : base
   Executable  : /opt/anaconda3/bin/python
   Version     : 3.12.8
   Prefix      : /opt/anaconda3
   Architecture: x64
   Manager     : Conda, /opt/anaconda3/bin/conda
   Symlinks    : "/opt/anaconda3/bin/python"
               : "/opt/anaconda3/bin/python3"
               : "/opt/anaconda3/bin/python3.1"
               : "/opt/anaconda3/bin/python3.12"
.
Resolved as => 
Environment (Conda)
   Name        : base
   Executable  : /opt/anaconda3/bin/python
   Version     : 3.12.4.final.0
   Prefix      : /opt/anaconda3
   Architecture: x64
   Manager     : Conda, /opt/anaconda3/bin/conda
   Symlinks    : "/opt/anaconda3/bin/python"
               : "/opt/anaconda3/bin/python3"
               : "/opt/anaconda3/bin/python3.1"
               : "/opt/anaconda3/bin/python3.12"

Incorrect information => 
Environment Some(Conda) incorrectly identified
   Version is incorrect

2025-01-20 10:59:56.875 [info] Resolved Python Environment /opt/anaconda3/bin/python
2025-01-20 10:59:56.876 [error] Failed to execute Python to resolve info "/usr/local/bin/python3": No such file or directory (os error 2)
2025-01-20 10:59:56.876 [warning] Unknown Python Env "/usr/local/bin/python3"
2025-01-20 10:59:56.876 [error] Failed to resolve env "/usr/local/bin/python3"
2025-01-20 10:59:56.905 [info] Resolved Python Environment /usr/bin/python3
2025-01-20 11:01:23.767 [info] Resolved Python Environment /usr/bin/python3
