2025-01-20 10:59:57.136 [info] [Info  - 오전 10:59:57] (192185) Server root directory: file:///home/iujeong/.vscode-server/extensions/ms-python.vscode-pylance-2024.12.1/dist
2025-01-20 10:59:57.136 [info] [Info  - 오전 10:59:57] (192185) Pylance language server 2024.12.1 (pyright version 1.1.389, commit ce1325fc) starting
2025-01-20 10:59:57.139 [info] [Info  - 오전 10:59:57] (192185) Starting service instance "Study"
2025-01-20 10:59:57.161 [info] [Info  - 오전 10:59:57] (192185) Setting environmentName for service "Study": "3.12.3 (글로벌)"
2025-01-20 10:59:57.161 [info] [Info  - 오전 10:59:57] (192185) Setting pythonPath for service "Study": "/usr/bin/python3"
2025-01-20 10:59:57.162 [info] [Info  - 오전 10:59:57] (192185) No include entries specified; assuming /home/iujeong/Study
2025-01-20 10:59:57.162 [info] [Info  - 오전 10:59:57] (192185) Auto-excluding **/node_modules
2025-01-20 10:59:57.162 [info] [Info  - 오전 10:59:57] (192185) Auto-excluding **/__pycache__
2025-01-20 10:59:57.163 [info] [Info  - 오전 10:59:57] (192185) Auto-excluding **/.*
2025-01-20 10:59:57.176 [info] [Info  - 오전 10:59:57] (192185) Assuming Python version 3.12.3.final.0
2025-01-20 10:59:57.210 [info] [Info  - 오전 10:59:57] (192185) Found 9 source files
2025-01-20 10:59:57.410 [info] [Info  - 오전 10:59:57] (192185) Background analysis(1) root directory: file:///home/iujeong/.vscode-server/extensions/ms-python.vscode-pylance-2024.12.1/dist
2025-01-20 10:59:57.410 [info] [Info  - 오전 10:59:57] (192185) Background analysis(1) started
2025-01-20 10:59:57.439 [info] [Info  - 오전 10:59:57] (192185) Indexer background runner(2) root directory: file:///home/iujeong/.vscode-server/extensions/ms-python.vscode-pylance-2024.12.1/dist (index)
2025-01-20 10:59:57.439 [info] [Info  - 오전 10:59:57] (192185) Indexing(2) started
2025-01-20 10:59:57.590 [info] [Info  - 오전 10:59:57] (192185) scanned(2) 97 files over 1 exec env
2025-01-20 10:59:57.998 [info] [Info  - 오전 10:59:57] (192185) indexed(2) 97 files over 1 exec env
2025-01-20 10:59:58.016 [info] [Info  - 오전 10:59:58] (192185) Indexing finished(2).
2025-01-20 11:00:07.325 [info] (Client) The existing extension didn't exit within 10 seconds. New instance will start, but you might encounter issues.
2025-01-20 11:00:07.325 [info] (Client) Pylance async client (2024.12.1) started with python extension (2024.22.2)
2025-01-20 11:00:48.897 [info] [Info  - 오전 11:00:48] (192185) Found 9 source files
2025-01-20 11:00:57.990 [info] [Info  - 오전 11:00:57] (192185) Found 9 source files
2025-01-20 11:01:23.750 [info] [Info  - 오전 11:01:23] (192185) Starting service instance "<default>"
2025-01-20 11:01:23.779 [info] [Info  - 오전 11:01:23] (192185) Setting environmentName for service "<default>": "3.12.3 (글로벌)"
2025-01-20 11:01:23.779 [info] [Info  - 오전 11:01:23] (192185) Setting pythonPath for service "<default>": "/usr/bin/python3"
2025-01-20 11:01:23.779 [info] [Info  - 오전 11:01:23] (192185) No include entries specified; assuming /<default workspace root>
2025-01-20 11:01:23.779 [info] [Info  - 오전 11:01:23] (192185) Auto-excluding **/node_modules
2025-01-20 11:01:23.779 [info] [Info  - 오전 11:01:23] (192185) Auto-excluding **/__pycache__
2025-01-20 11:01:23.779 [info] [Info  - 오전 11:01:23] (192185) Auto-excluding **/.*
2025-01-20 11:01:23.791 [info] [Info  - 오전 11:01:23] (192185) Assuming Python version 3.12.3.final.0
2025-01-20 11:01:23.814 [info] [Error - 오전 11:01:23] (192185) File or directory "/<default workspace root>" does not exist.
2025-01-20 11:01:23.815 [info] [Info  - 오전 11:01:23] (192185) No source files found.
2025-01-20 11:01:23.973 [info] [Info  - 오전 11:01:23] (192185) Background analysis(3) root directory: file:///home/iujeong/.vscode-server/extensions/ms-python.vscode-pylance-2024.12.1/dist
2025-01-20 11:01:23.975 [info] [Info  - 오전 11:01:23] (192185) Background analysis(3) started
2025-01-20 11:01:49.224 [info] [Info  - 오전 11:01:49] (192185) Found 9 source files
