2025-01-17 16:04:20.409 [info] [main] 로그 수준: Info
2025-01-17 16:04:20.409 [info] [main] "git"에서 찾은 git 유효성을 검사하는 중
2025-01-17 16:04:20.409 [info] [main] "2.43.0"에서 git "git"을(를) 사용하는 중
2025-01-17 16:04:20.409 [info] [Model][doInitialScan] Initial repository scan started
2025-01-17 16:04:20.409 [info] > git rev-parse --show-toplevel [1ms]
2025-01-17 16:04:20.409 [info] fatal: not a git repository (or any of the parent directories): .git
2025-01-17 16:04:20.410 [info] > git rev-parse --show-toplevel [1ms]
2025-01-17 16:04:20.410 [info] fatal: not a git repository (or any of the parent directories): .git
2025-01-17 16:04:20.412 [info] > git rev-parse --show-toplevel [1ms]
2025-01-17 16:04:20.412 [info] fatal: not a git repository (or any of the parent directories): .git
2025-01-17 16:04:20.414 [info] > git rev-parse --show-toplevel [0ms]
2025-01-17 16:04:20.414 [info] fatal: not a git repository (or any of the parent directories): .git
2025-01-17 16:04:20.416 [info] > git rev-parse --show-toplevel [1ms]
2025-01-17 16:04:20.416 [info] fatal: not a git repository (or any of the parent directories): .git
2025-01-17 16:04:20.417 [info] > git rev-parse --show-toplevel [0ms]
2025-01-17 16:04:20.417 [info] fatal: not a git repository (or any of the parent directories): .git
2025-01-17 16:04:20.419 [info] [Model][doInitialScan] Initial repository scan completed - repositories (0), closed repositories (0), parent repositories (0), unsafe repositories (0)
2025-01-17 16:04:20.638 [info] > git rev-parse --show-toplevel [1ms]
2025-01-17 16:04:20.638 [info] fatal: not a git repository (or any of the parent directories): .git
2025-01-17 16:13:17.287 [info] > git rev-parse --show-toplevel [1ms]
2025-01-17 16:13:17.287 [info] fatal: not a git repository (or any of the parent directories): .git
2025-01-17 16:27:12.438 [info] > git rev-parse --show-toplevel [1ms]
2025-01-17 16:27:12.438 [info] fatal: not a git repository (or any of the parent directories): .git
2025-01-17 16:27:24.167 [info] > git rev-parse --show-toplevel [1ms]
2025-01-17 16:27:24.167 [info] fatal: not a git repository (or any of the parent directories): .git
2025-01-17 16:29:11.033 [info] > git rev-parse --show-toplevel [1ms]
2025-01-17 16:29:11.033 [info] fatal: not a git repository (or any of the parent directories): .git
2025-01-17 16:29:16.178 [info] > git rev-parse --show-toplevel [1ms]
2025-01-17 16:29:16.178 [info] fatal: not a git repository (or any of the parent directories): .git
2025-01-17 16:29:37.471 [info] > git rev-parse --show-toplevel [2ms]
2025-01-17 16:29:37.471 [info] fatal: not a git repository (or any of the parent directories): .git
2025-01-17 16:29:43.961 [info] > git rev-parse --show-toplevel [1ms]
2025-01-17 16:29:43.961 [info] fatal: not a git repository (or any of the parent directories): .git
2025-01-17 16:30:40.898 [info] > git rev-parse --show-toplevel [1ms]
2025-01-17 16:30:40.898 [info] fatal: not a git repository (or any of the parent directories): .git
2025-01-17 16:37:45.058 [info] > git rev-parse --show-toplevel [0ms]
2025-01-17 16:37:45.058 [info] fatal: not a git repository (or any of the parent directories): .git
2025-01-17 16:38:39.035 [info] > git rev-parse --show-toplevel [0ms]
2025-01-17 16:38:39.035 [info] fatal: not a git repository (or any of the parent directories): .git
2025-01-17 16:39:54.212 [info] > git rev-parse --show-toplevel [1ms]
2025-01-17 16:39:54.212 [info] fatal: not a git repository (or any of the parent directories): .git
2025-01-17 16:40:08.095 [info] > git rev-parse --show-toplevel [1ms]
2025-01-17 16:40:08.095 [info] fatal: not a git repository (or any of the parent directories): .git
2025-01-17 16:42:25.262 [info] > git rev-parse --show-toplevel [0ms]
2025-01-17 16:42:25.263 [info] fatal: not a git repository (or any of the parent directories): .git
2025-01-17 16:43:32.508 [info] > git rev-parse --show-toplevel [1ms]
2025-01-17 16:43:32.508 [info] fatal: not a git repository (or any of the parent directories): .git
2025-01-17 16:48:54.576 [info] > git rev-parse --show-toplevel [1ms]
2025-01-17 16:48:54.576 [info] fatal: not a git repository (or any of the parent directories): .git
