2025-01-18 11:59:09.244 [info] 실험 'pythonRecommendTensorboardExt'이(가) 활성 상태입니다.
2025-01-18 11:59:09.244 [info] 실험 'pythonTerminalEnvVarActivation'이(가) 활성 상태입니다.
2025-01-18 11:59:09.244 [info] 실험 'pythonTestAdapter'이(가) 활성 상태입니다.
2025-01-18 11:59:09.244 [info] Native locator: Refresh started
2025-01-18 11:59:09.244 [info] Native locator: Refresh started
2025-01-18 11:59:09.244 [info] Conda environment manager found at: /opt/anaconda3/bin/conda
2025-01-18 11:59:09.248 [info] Native locator: Refresh finished in 157 ms
2025-01-18 11:59:09.259 [info] Python 인터프리터 경로: /bin/python3
2025-01-18 11:59:09.269 [info] > pyenv which python
2025-01-18 11:59:09.269 [info] cwd: .
2025-01-18 11:59:10.436 [info] Pylance 언어 서버를 시작하는 중입니다.
2025-01-18 11:59:57.963 [info] Python 인터프리터 경로: /usr/bin/python3
2025-01-18 11:59:58.190 [info] > /opt/anaconda3/bin/conda info --json
2025-01-18 11:59:58.647 [info] > /opt/anaconda3/bin/conda run -n bogdong --no-capture-output python ./.vscode-server/extensions/ms-python.python-2024.22.2/python_files/get_output_via_markers.py ./.vscode-server/extensions/ms-python.python-2024.22.2/python_files/printEnvVariables.py
2025-01-18 11:59:58.647 [info] shell: bash
2025-01-18 11:59:58.647 [info] > /opt/anaconda3/bin/conda run -n bogdong --no-capture-output python ./.vscode-server/extensions/ms-python.python-2024.22.2/python_files/get_output_via_markers.py ./.vscode-server/extensions/ms-python.python-2024.22.2/python_files/printEnvVariables.py
2025-01-18 11:59:58.647 [info] shell: bash
2025-01-18 12:01:52.027 [info] Native locator: Refresh started
2025-01-18 12:01:52.041 [info] Conda environment manager found at: /opt/anaconda3/bin/conda
2025-01-18 12:01:52.165 [info] Native locator: Refresh finished in 138 ms
