2025-01-17 22:20:45.058 [info] (Client) Pylance async client (2024.12.1) started with python extension (2024.22.2)
2025-01-17 22:20:45.250 [info] [Info  - 오후 10:20:45] (32309) Server root directory: file:///home/iujeong/.vscode-server/extensions/ms-python.vscode-pylance-2024.12.1/dist
2025-01-17 22:20:45.250 [info] [Info  - 오후 10:20:45] (32309) Pylance language server 2024.12.1 (pyright version 1.1.389, commit ce1325fc) starting
2025-01-17 22:20:45.253 [info] [Info  - 오후 10:20:45] (32309) Starting service instance "iujeong"
2025-01-17 22:20:45.269 [info] [Info  - 오후 10:20:45] (32309) Setting environmentName for service "iujeong": "3.12.3 (글로벌)"
2025-01-17 22:20:45.269 [info] [Info  - 오후 10:20:45] (32309) Setting pythonPath for service "iujeong": "/usr/bin/python3"
2025-01-17 22:20:45.270 [info] [Info  - 오후 10:20:45] (32309) No include entries specified; assuming /home/iujeong
2025-01-17 22:20:45.270 [info] [Info  - 오후 10:20:45] (32309) Auto-excluding **/node_modules
2025-01-17 22:20:45.270 [info] [Info  - 오후 10:20:45] (32309) Auto-excluding **/__pycache__
2025-01-17 22:20:45.270 [info] [Info  - 오후 10:20:45] (32309) Auto-excluding **/.*
2025-01-17 22:20:45.283 [info] [Info  - 오후 10:20:45] (32309) Assuming Python version 3.12.3.final.0
2025-01-17 22:20:45.316 [info] [Info  - 오후 10:20:45] (32309) Found 1 source file
2025-01-17 22:20:45.461 [info] [Info  - 오후 10:20:45] (32309) Background analysis(1) root directory: file:///home/iujeong/.vscode-server/extensions/ms-python.vscode-pylance-2024.12.1/dist
2025-01-17 22:20:45.462 [info] [Info  - 오후 10:20:45] (32309) Background analysis(1) started
2025-01-17 22:22:12.050 [info] [Info  - 오후 10:22:12] (32309) Indexer background runner(2) root directory: file:///home/iujeong/.vscode-server/extensions/ms-python.vscode-pylance-2024.12.1/dist (index)
2025-01-17 22:22:12.050 [info] [Info  - 오후 10:22:12] (32309) Indexing(2) started
2025-01-17 22:22:12.191 [info] [Info  - 오후 10:22:12] (32309) scanned(2) 97 files over 1 exec env
2025-01-17 22:22:12.275 [info] [Info  - 오후 10:22:12] (32309) indexed(2) 97 files over 1 exec env
2025-01-17 22:22:12.290 [info] [Info  - 오후 10:22:12] (32309) Indexing finished(2).
2025-01-17 22:34:35.410 [info] [Info  - 오후 10:34:35] Server process exited successfully
2025-01-17 22:34:36.186 [info] (Client) Pylance async client (2024.12.1) started with python extension (2024.22.2)
2025-01-17 22:34:36.365 [info] [Info  - 오후 10:34:36] (36191) Server root directory: file:///home/iujeong/.vscode-server/extensions/ms-python.vscode-pylance-2024.12.1/dist
2025-01-17 22:34:36.365 [info] [Info  - 오후 10:34:36] (36191) Pylance language server 2024.12.1 (pyright version 1.1.389, commit ce1325fc) starting
2025-01-17 22:34:36.368 [info] [Info  - 오후 10:34:36] (36191) Starting service instance "iujeong"
2025-01-17 22:34:36.386 [info] [Info  - 오후 10:34:36] (36191) Setting environmentName for service "iujeong": "3.12.3 (글로벌)"
2025-01-17 22:34:36.387 [info] [Info  - 오후 10:34:36] (36191) Setting pythonPath for service "iujeong": "/usr/bin/python3"
2025-01-17 22:34:36.387 [info] [Info  - 오후 10:34:36] (36191) No include entries specified; assuming /home/iujeong
2025-01-17 22:34:36.387 [info] [Info  - 오후 10:34:36] (36191) Auto-excluding **/node_modules
2025-01-17 22:34:36.387 [info] [Info  - 오후 10:34:36] (36191) Auto-excluding **/__pycache__
2025-01-17 22:34:36.387 [info] [Info  - 오후 10:34:36] (36191) Auto-excluding **/.*
2025-01-17 22:34:36.399 [info] [Info  - 오후 10:34:36] (36191) Assuming Python version 3.12.3.final.0
2025-01-17 22:34:36.431 [info] [Info  - 오후 10:34:36] (36191) Found 1 source file
2025-01-17 22:34:36.583 [info] [Info  - 오후 10:34:36] (36191) Background analysis(1) root directory: file:///home/iujeong/.vscode-server/extensions/ms-python.vscode-pylance-2024.12.1/dist
2025-01-17 22:34:36.584 [info] [Info  - 오후 10:34:36] (36191) Background analysis(1) started
2025-01-17 22:34:36.699 [info] [Info  - 오후 10:34:36] (36191) Indexer background runner(2) root directory: file:///home/iujeong/.vscode-server/extensions/ms-python.vscode-pylance-2024.12.1/dist (index)
2025-01-17 22:34:36.699 [info] [Info  - 오후 10:34:36] (36191) Indexing(2) started
2025-01-17 22:34:36.791 [info] [Info  - 오후 10:34:36] (36191) scanned(2) 97 files over 1 exec env
2025-01-17 22:34:36.880 [info] [Info  - 오후 10:34:36] (36191) indexed(2) 97 files over 1 exec env
2025-01-17 22:34:36.895 [info] [Info  - 오후 10:34:36] (36191) Indexing finished(2).
2025-01-17 22:37:47.898 [info] [Info  - 오후 10:37:47] (36191) No source files found.
2025-01-17 23:02:48.572 [info] [Info  - 오후 11:02:48] (36191) Starting service instance "iujeong"
2025-01-17 23:02:48.579 [info] [Info  - 오후 11:02:48] (36191) Setting environmentName for service "iujeong": "3.12.3 (글로벌)"
2025-01-17 23:02:48.579 [info] [Info  - 오후 11:02:48] (36191) Setting pythonPath for service "iujeong": "/home/iujeong"
2025-01-17 23:02:48.579 [info] [Info  - 오후 11:02:48] (36191) No include entries specified; assuming /home/iujeong
2025-01-17 23:02:48.579 [info] [Info  - 오후 11:02:48] (36191) Auto-excluding **/node_modules
2025-01-17 23:02:48.579 [info] [Info  - 오후 11:02:48] (36191) Auto-excluding **/__pycache__
2025-01-17 23:02:48.580 [info] [Info  - 오후 11:02:48] (36191) Auto-excluding **/.*
2025-01-17 23:02:48.592 [info] [Info  - 오후 11:02:48] (36191) No source files found.
2025-01-17 23:02:48.756 [info] [Info  - 오후 11:02:48] (36191) Background analysis(3) root directory: file:///home/iujeong/.vscode-server/extensions/ms-python.vscode-pylance-2024.12.1/dist
2025-01-17 23:02:48.758 [info] [Info  - 오후 11:02:48] (36191) Background analysis(3) started
2025-01-17 23:02:48.786 [info] [Info  - 오후 11:02:48] (36191) Indexer background runner(4) root directory: file:///home/iujeong/.vscode-server/extensions/ms-python.vscode-pylance-2024.12.1/dist (index)
2025-01-17 23:02:48.786 [info] [Info  - 오후 11:02:48] (36191) Indexing(4) started
2025-01-17 23:02:48.916 [info] [Info  - 오후 11:02:48] (36191) scanned(4) 1 files over 1 exec env
2025-01-17 23:02:48.999 [info] [Info  - 오후 11:02:48] (36191) indexed(4) 1 files over 1 exec env
2025-01-17 23:02:49.003 [info] [Info  - 오후 11:02:49] (36191) Indexing finished(4).
2025-01-17 23:02:53.437 [info] [Info  - 오후 11:02:53] (36191) Starting service instance "iujeong"
2025-01-17 23:02:53.446 [info] [Info  - 오후 11:02:53] (36191) Setting environmentName for service "iujeong": "3.12.3 (글로벌)"
2025-01-17 23:02:53.446 [info] [Info  - 오후 11:02:53] (36191) Setting pythonPath for service "iujeong": "/home/iujeong"
2025-01-17 23:02:53.446 [info] [Info  - 오후 11:02:53] (36191) No include entries specified; assuming /home/iujeong
2025-01-17 23:02:53.446 [info] [Info  - 오후 11:02:53] (36191) Auto-excluding **/node_modules
2025-01-17 23:02:53.446 [info] [Info  - 오후 11:02:53] (36191) Auto-excluding **/__pycache__
2025-01-17 23:02:53.446 [info] [Info  - 오후 11:02:53] (36191) Auto-excluding **/.*
2025-01-17 23:02:53.456 [info] [Info  - 오후 11:02:53] (36191) No source files found.
2025-01-17 23:02:53.630 [info] [Info  - 오후 11:02:53] (36191) Background analysis(5) root directory: file:///home/iujeong/.vscode-server/extensions/ms-python.vscode-pylance-2024.12.1/dist
2025-01-17 23:02:53.632 [info] [Info  - 오후 11:02:53] (36191) Background analysis(5) started
2025-01-17 23:02:53.642 [info] [Info  - 오후 11:02:53] (36191) Indexer background runner(6) root directory: file:///home/iujeong/.vscode-server/extensions/ms-python.vscode-pylance-2024.12.1/dist (index)
2025-01-17 23:02:53.642 [info] [Info  - 오후 11:02:53] (36191) Indexing(6) started
2025-01-17 23:02:53.738 [info] [Info  - 오후 11:02:53] (36191) scanned(6) 1 files over 1 exec env
2025-01-17 23:02:53.817 [info] [Info  - 오후 11:02:53] (36191) indexed(6) 1 files over 1 exec env
2025-01-17 23:02:53.822 [info] [Info  - 오후 11:02:53] (36191) Indexing finished(6).
