2025-01-17 22:20:44.160 [info] Starting Python Locator /home/iujeong/.vscode-server/extensions/ms-python.python-2024.22.2/python-env-tools/bin/pet server
2025-01-17 22:20:44.167 [info] Discovered manager: (Conda) /opt/anaconda3/bin/conda
2025-01-17 22:20:44.168 [info] Discovered env: /opt/anaconda3/bin/python
2025-01-17 22:20:44.172 [info] Discovered env: /opt/anaconda3/envs/python=3.13
2025-01-17 22:20:44.174 [info] Discovered env: /opt/anaconda3/envs/aicar/bin/python
2025-01-17 22:20:44.182 [info] Discovered env: /opt/anaconda3/envs/autopilot_lsm/bin/python
2025-01-17 22:20:44.183 [info] Discovered env: /opt/anaconda3/envs/JokerK/bin/python
2025-01-17 22:20:44.185 [info] Discovered env: /opt/anaconda3/envs/bin234/bin/python
2025-01-17 22:20:44.186 [info] Discovered env: /opt/anaconda3/envs/gps/bin/python
2025-01-17 22:20:44.188 [info] Discovered env: /opt/anaconda3/envs/kaldi/bin/python
2025-01-17 22:20:44.189 [info] Discovered env: /opt/anaconda3/envs/bin123/bin/python
2025-01-17 22:20:44.190 [info] Discovered env: /opt/anaconda3/envs/env_lsy/bin/python
2025-01-17 22:20:44.191 [info] Discovered env: /opt/anaconda3/envs/hansol/bin/python
2025-01-17 22:20:44.193 [info] Discovered env: /opt/anaconda3/envs/golf/bin/python
2025-01-17 22:20:44.194 [info] Discovered env: /opt/anaconda3/envs/goguma/bin/python
2025-01-17 22:20:44.196 [info] Discovered env: /opt/anaconda3/envs/cdp310/bin/python
2025-01-17 22:20:44.197 [info] Discovered env: /opt/anaconda3/envs/bin345/bin/python
2025-01-17 22:20:44.198 [info] Discovered env: /opt/anaconda3/envs/ehdnjs_yolo/bin/python
2025-01-17 22:20:44.200 [info] Discovered env: /opt/anaconda3/envs/lanenet_env/bin/python
2025-01-17 22:20:44.201 [info] Discovered env: /opt/anaconda3/envs/basic/bin/python
2025-01-17 22:20:44.204 [info] Discovered env: /opt/anaconda3/envs/jayeon/bin/python
2025-01-17 22:20:44.205 [info] Discovered env: /opt/anaconda3/envs/ezh123/bin/python
2025-01-17 22:20:44.207 [info] Discovered env: /opt/anaconda3/envs/bk7602/bin/python
2025-01-17 22:20:44.208 [info] Discovered env: /opt/anaconda3/envs/person_tracking/bin/python
2025-01-17 22:20:44.209 [info] Discovered env: /opt/anaconda3/envs/myenv/bin/python
2025-01-17 22:20:44.236 [info] Discovered env: /opt/anaconda3/envs/kgjtest/bin/python
2025-01-17 22:20:44.239 [info] Discovered env: /opt/anaconda3/envs/dlalsrb123/bin/python
2025-01-17 22:20:44.246 [info] Discovered env: /opt/anaconda3/envs/newenv/bin/python
2025-01-17 22:20:44.250 [info] Discovered env: /opt/anaconda3/envs/test1299/bin/python
2025-01-17 22:20:44.251 [info] Discovered env: /opt/anaconda3/envs/surveybay/bin/python
2025-01-17 22:20:44.253 [info] Discovered env: /opt/anaconda3/envs/nanie1664/bin/python
2025-01-17 22:20:44.254 [info] Discovered env: /opt/anaconda3/envs/skaigroove/bin/python
2025-01-17 22:20:44.256 [info] Discovered env: /opt/anaconda3/envs/test1026/bin/python
2025-01-17 22:20:44.262 [info] Discovered env: /opt/anaconda3/envs/KGJ/bin/python
2025-01-17 22:20:44.263 [info] Discovered env: /opt/anaconda3/envs/water/bin/python
2025-01-17 22:20:44.265 [info] Discovered env: /bin/python3
2025-01-17 22:20:44.267 [info] Discovered env: /usr/bin/python3
2025-01-17 22:20:44.268 [info] Discovered env: /opt/anaconda3/envs/hjjeon/bin/python
2025-01-17 22:20:44.270 [info] Discovered env: /opt/anaconda3/envs/nanie/bin/python
2025-01-17 22:20:44.272 [info] Discovered env: /opt/anaconda3/envs/msoh/bin/python
2025-01-17 22:20:44.273 [info] Discovered env: /opt/anaconda3/envs/jha/bin/python
2025-01-17 22:20:44.275 [info] Discovered env: /opt/anaconda3/envs/cju_mlane/bin/python
2025-01-17 22:20:44.277 [info] Discovered env: /opt/anaconda3/envs/adas_cju/bin/python
2025-01-17 22:20:44.278 [info] Discovered env: /opt/anaconda3/envs/bogdong/bin/python
2025-01-17 22:20:44.280 [info] Discovered env: /opt/anaconda3/envs/yangpa/bin/python
2025-01-17 22:20:44.282 [info] Discovered env: /opt/anaconda3/envs/cju/bin/python
2025-01-17 22:20:44.285 [info] Discovered env: /opt/anaconda3/envs/test999/bin/python
2025-01-17 22:20:44.287 [info] Discovered env: /opt/anaconda3/envs/nanie1/bin/python
2025-01-17 22:20:44.289 [info] Discovered env: /opt/anaconda3/envs/cgh/bin/python
2025-01-17 22:20:44.291 [info] Discovered env: /opt/anaconda3/envs/yolop/bin/python
2025-01-17 22:20:44.293 [info] Discovered env: /opt/anaconda3/envs/test8737/bin/python
2025-01-17 22:20:44.294 [info] Discovered env: /opt/anaconda3/envs/test123/bin/python
2025-01-17 22:20:44.296 [info] Discovered env: /opt/anaconda3/envs/shkim/bin/python
2025-01-17 22:20:44.298 [info] Discovered env: /opt/anaconda3/envs/torch/bin/python
2025-01-17 22:20:44.300 [info] Locator Conda took 262.041829ms
2025-01-17 22:20:44.300 [info] Locator Homebrew took 274.871µs
2025-01-17 22:20:44.300 [info] Locator LinuxGlobal took 259.362973ms
2025-01-17 22:20:44.300 [info] Locator PipEnv took 11.269µs
2025-01-17 22:20:44.300 [info] Locator Poetry took 65.667µs
2025-01-17 22:20:44.300 [info] Locator PyEnv took 114.31µs
2025-01-17 22:20:44.300 [info] Locator Venv took 102.11µs
2025-01-17 22:20:44.300 [info] Locator VirtualEnv took 177.152µs
2025-01-17 22:20:44.300 [info] Locator VirtualEnvWrapper took 35.257µs
2025-01-17 22:20:44.300 [info] Locator GlobalVirtualEnvs took 181.297µs
2025-01-17 22:20:44.300 [info] Locator Locators took 262.277468ms
2025-01-17 22:20:44.300 [info] Locator Path took 308.463329ms
2025-01-17 22:20:44.300 [info] Locator Workspaces took 2.681726ms
2025-01-17 22:20:44.300 [info] Refresh completed in 308ms
2025-01-17 22:20:44.301 [info] Resolved Python Environment /opt/anaconda3/bin/python
2025-01-17 22:20:44.302 [info] Resolved Python Environment /usr/bin/python3
2025-01-17 22:20:44.600 [info] Discovered manager: (Conda) /opt/anaconda3/bin/conda
2025-01-17 22:20:44.601 [info] Discovered env: /opt/anaconda3/bin/python
2025-01-17 22:20:44.622 [info] Discovered env: /opt/anaconda3/envs/aicar/bin/python
2025-01-17 22:20:44.624 [info] Discovered env: /opt/anaconda3/envs/JokerK/bin/python
2025-01-17 22:20:44.625 [info] Discovered env: /opt/anaconda3/envs/bin234/bin/python
2025-01-17 22:20:44.625 [info] Discovered env: /opt/anaconda3/envs/basic/bin/python
2025-01-17 22:20:44.626 [info] Discovered env: /opt/anaconda3/envs/ehdnjs_yolo/bin/python
2025-01-17 22:20:44.626 [info] Discovered env: /opt/anaconda3/envs/autopilot_lsm/bin/python
2025-01-17 22:20:44.626 [info] Discovered env: /opt/anaconda3/envs/bin345/bin/python
2025-01-17 22:20:44.627 [info] Discovered env: /opt/anaconda3/envs/cdp310/bin/python
2025-01-17 22:20:44.627 [info] Discovered env: /opt/anaconda3/envs/bin123/bin/python
2025-01-17 22:20:44.627 [info] Discovered env: /opt/anaconda3/envs/gps/bin/python
2025-01-17 22:20:44.627 [info] Discovered env: /opt/anaconda3/envs/python=3.13
2025-01-17 22:20:44.628 [info] Discovered env: /opt/anaconda3/envs/ezh123/bin/python
2025-01-17 22:20:44.629 [info] Discovered env: /opt/anaconda3/envs/env_lsy/bin/python
2025-01-17 22:20:44.629 [info] Discovered env: /opt/anaconda3/envs/hansol/bin/python
2025-01-17 22:20:44.630 [info] Discovered env: /opt/anaconda3/envs/dlalsrb123/bin/python
2025-01-17 22:20:44.631 [info] Discovered env: /opt/anaconda3/envs/golf/bin/python
2025-01-17 22:20:44.632 [info] Discovered env: /opt/anaconda3/envs/kaldi/bin/python
2025-01-17 22:20:44.632 [info] Discovered env: /opt/anaconda3/envs/lanenet_env/bin/python
2025-01-17 22:20:44.632 [info] Discovered env: /opt/anaconda3/envs/jayeon/bin/python
2025-01-17 22:20:44.633 [info] Discovered env: /opt/anaconda3/envs/myenv/bin/python
2025-01-17 22:20:44.633 [info] Discovered env: /opt/anaconda3/envs/test999/bin/python
2025-01-17 22:20:44.633 [info] Discovered env: /opt/anaconda3/envs/kgjtest/bin/python
2025-01-17 22:20:44.633 [info] Discovered env: /opt/anaconda3/envs/water/bin/python
2025-01-17 22:20:44.634 [info] Discovered env: /opt/anaconda3/envs/goguma/bin/python
2025-01-17 22:20:44.634 [info] Discovered env: /opt/anaconda3/envs/cju_mlane/bin/python
2025-01-17 22:20:44.634 [info] Discovered env: /opt/anaconda3/envs/newenv/bin/python
2025-01-17 22:20:44.634 [info] Discovered env: /opt/anaconda3/envs/test1299/bin/python
2025-01-17 22:20:44.635 [info] Discovered env: /opt/anaconda3/envs/bk7602/bin/python
2025-01-17 22:20:44.635 [info] Discovered env: /opt/anaconda3/envs/adas_cju/bin/python
2025-01-17 22:20:44.635 [info] Discovered env: /opt/anaconda3/envs/person_tracking/bin/python
2025-01-17 22:20:44.635 [info] Discovered env: /opt/anaconda3/envs/surveybay/bin/python
2025-01-17 22:20:44.635 [info] Discovered env: /opt/anaconda3/envs/bogdong/bin/python
2025-01-17 22:20:44.635 [info] Discovered env: /opt/anaconda3/envs/test1026/bin/python
2025-01-17 22:20:44.636 [info] Discovered env: /opt/anaconda3/envs/KGJ/bin/python
2025-01-17 22:20:44.636 [info] Discovered env: /opt/anaconda3/envs/yolop/bin/python
2025-01-17 22:20:44.636 [info] Discovered env: /opt/anaconda3/envs/skaigroove/bin/python
2025-01-17 22:20:44.636 [info] Discovered env: /opt/anaconda3/envs/yangpa/bin/python
2025-01-17 22:20:44.636 [info] Discovered env: /opt/anaconda3/envs/nanie1664/bin/python
2025-01-17 22:20:44.636 [info] Discovered env: /opt/anaconda3/envs/msoh/bin/python
2025-01-17 22:20:44.637 [info] Discovered env: /opt/anaconda3/envs/cgh/bin/python
2025-01-17 22:20:44.637 [info] Discovered env: /opt/anaconda3/envs/nanie/bin/python
2025-01-17 22:20:44.637 [info] Discovered env: /opt/anaconda3/envs/cju/bin/python
2025-01-17 22:20:44.637 [info] Discovered env: /opt/anaconda3/envs/jha/bin/python
2025-01-17 22:20:44.637 [info] Discovered env: /opt/anaconda3/envs/hjjeon/bin/python
2025-01-17 22:20:44.637 [info] Discovered env: /opt/anaconda3/envs/nanie1/bin/python
2025-01-17 22:20:44.638 [info] Discovered env: /opt/anaconda3/envs/test8737/bin/python
2025-01-17 22:20:44.638 [info] Discovered env: /opt/anaconda3/envs/test123/bin/python
2025-01-17 22:20:44.639 [info] Discovered env: /opt/anaconda3/envs/shkim/bin/python
2025-01-17 22:20:44.639 [info] Discovered env: /opt/anaconda3/envs/torch/bin/python
2025-01-17 22:20:44.641 [info] Discovered env: /bin/python3
2025-01-17 22:20:44.642 [info] Discovered env: /usr/bin/python3
2025-01-17 22:20:44.689 [info] Locator Conda took 48.30553ms
2025-01-17 22:20:44.689 [info] Locator Homebrew took 28.306µs
2025-01-17 22:20:44.689 [info] Locator LinuxGlobal took 50.503033ms
2025-01-17 22:20:44.689 [info] Locator PipEnv took 10.683µs
2025-01-17 22:20:44.689 [info] Locator Poetry took 84.215µs
2025-01-17 22:20:44.689 [info] Locator PyEnv took 80.674µs
2025-01-17 22:20:44.689 [info] Locator Venv took 12.113µs
2025-01-17 22:20:44.689 [info] Locator VirtualEnv took 8.673µs
2025-01-17 22:20:44.689 [info] Locator VirtualEnvWrapper took 11.217µs
2025-01-17 22:20:44.689 [info] Locator GlobalVirtualEnvs took 88.781µs
2025-01-17 22:20:44.689 [info] Locator Locators took 51.529529ms
2025-01-17 22:20:44.689 [info] Locator Path took 98.383205ms
2025-01-17 22:20:44.689 [info] Locator Workspaces took 1.640867ms
2025-01-17 22:20:44.689 [info] Refresh completed in 98ms
2025-01-17 22:22:11.865 [info] Resolved Python Environment /usr/bin/python3
2025-01-17 22:23:56.315 [info] Resolved Python Environment /usr/bin/python3
2025-01-17 22:32:26.659 [info] Resolved Python Environment /usr/bin/python3
2025-01-17 22:34:08.480 [info] Resolved Python Environment /usr/bin/python3
2025-01-17 22:34:49.563 [info] Resolved Python Environment /usr/bin/python3
2025-01-17 22:35:24.900 [info] Resolved Python Environment /usr/bin/python3
2025-01-17 22:37:40.110 [info] Resolved Python Environment /usr/bin/python3
2025-01-17 22:38:24.101 [info] Resolved Python Environment /usr/bin/python3
2025-01-17 22:46:34.519 [info] Resolved Python Environment /usr/bin/python3
2025-01-17 22:47:18.600 [info] Resolved Python Environment /usr/bin/python3
2025-01-17 22:48:10.879 [info] Resolved Python Environment /usr/bin/python3
2025-01-17 22:49:29.357 [info] Resolved Python Environment /usr/bin/python3
2025-01-17 22:50:02.373 [info] Resolved Python Environment /usr/bin/python3
2025-01-17 22:55:16.649 [info] Resolved Python Environment /usr/bin/python3
2025-01-17 22:56:55.632 [info] Resolved Python Environment /usr/bin/python3
2025-01-17 23:01:20.438 [info] Resolved Python Environment /usr/bin/python3
2025-01-17 23:01:55.920 [info] Resolved Python Environment /usr/bin/python3
2025-01-17 23:02:31.912 [info] Resolved Python Environment /usr/bin/python3
2025-01-17 23:03:01.932 [info] Resolved Python Environment /usr/bin/python3
2025-01-17 23:03:33.797 [info] Resolved Python Environment /usr/bin/python3
