2025-01-17 22:20:43.504 [info] [main] 로그 수준: Info
2025-01-17 22:20:43.504 [info] [main] "git"에서 찾은 git 유효성을 검사하는 중
2025-01-17 22:20:43.504 [info] [main] "2.43.0"에서 git "git"을(를) 사용하는 중
2025-01-17 22:20:43.504 [info] [Model][doInitialScan] Initial repository scan started
2025-01-17 22:20:43.504 [info] > git rev-parse --show-toplevel [1ms]
2025-01-17 22:20:43.504 [info] fatal: not a git repository (or any of the parent directories): .git
2025-01-17 22:20:43.504 [info] > git rev-parse --show-toplevel [1ms]
2025-01-17 22:20:43.504 [info] fatal: not a git repository (or any of the parent directories): .git
2025-01-17 22:20:43.504 [info] > git rev-parse --show-toplevel [1ms]
2025-01-17 22:20:43.504 [info] fatal: not a git repository (or any of the parent directories): .git
2025-01-17 22:20:43.504 [info] > git rev-parse --show-toplevel [0ms]
2025-01-17 22:20:43.504 [info] fatal: not a git repository (or any of the parent directories): .git
2025-01-17 22:20:43.504 [info] > git rev-parse --show-toplevel [0ms]
2025-01-17 22:20:43.504 [info] fatal: not a git repository (or any of the parent directories): .git
2025-01-17 22:20:43.504 [info] > git rev-parse --show-toplevel [1ms]
2025-01-17 22:20:43.504 [info] fatal: not a git repository (or any of the parent directories): .git
2025-01-17 22:20:43.504 [info] > git rev-parse --show-toplevel [0ms]
2025-01-17 22:20:43.504 [info] fatal: not a git repository (or any of the parent directories): .git
2025-01-17 22:20:43.504 [info] > git rev-parse --show-toplevel [1ms]
2025-01-17 22:20:43.504 [info] fatal: not a git repository (or any of the parent directories): .git
2025-01-17 22:20:43.504 [info] > git rev-parse --show-toplevel [0ms]
2025-01-17 22:20:43.504 [info] fatal: not a git repository (or any of the parent directories): .git
2025-01-17 22:20:43.504 [info] > git rev-parse --show-toplevel [1ms]
2025-01-17 22:20:43.504 [info] fatal: not a git repository (or any of the parent directories): .git
2025-01-17 22:20:43.504 [info] > git rev-parse --show-toplevel [1ms]
2025-01-17 22:20:43.504 [info] fatal: not a git repository (or any of the parent directories): .git
2025-01-17 22:20:43.504 [info] [Model][doInitialScan] Initial repository scan completed - repositories (0), closed repositories (0), parent repositories (0), unsafe repositories (0)
2025-01-17 22:20:44.962 [info] > git rev-parse --show-toplevel [1ms]
2025-01-17 22:20:44.962 [info] fatal: not a git repository (or any of the parent directories): .git
2025-01-17 22:22:11.854 [info] > git rev-parse --show-toplevel [0ms]
2025-01-17 22:22:11.854 [info] fatal: not a git repository (or any of the parent directories): .git
2025-01-17 22:22:16.551 [info] > git rev-parse --show-toplevel [1ms]
2025-01-17 22:22:16.551 [info] fatal: not a git repository (or any of the parent directories): .git
2025-01-17 22:37:40.102 [info] > git rev-parse --show-toplevel [2ms]
2025-01-17 22:37:40.102 [info] fatal: not a git repository (or any of the parent directories): .git
2025-01-17 22:37:42.073 [info] > git rev-parse --show-toplevel [1ms]
2025-01-17 22:37:42.073 [info] fatal: not a git repository (or any of the parent directories): .git
2025-01-17 22:55:16.638 [info] > git rev-parse --show-toplevel [0ms]
2025-01-17 22:55:16.638 [info] fatal: not a git repository (or any of the parent directories): .git
2025-01-17 23:02:10.398 [info] > git rev-parse --show-toplevel [1ms]
2025-01-17 23:02:10.398 [info] fatal: not a git repository (or any of the parent directories): .git
2025-01-17 23:02:31.900 [info] > git rev-parse --show-toplevel [1ms]
2025-01-17 23:02:31.900 [info] fatal: not a git repository (or any of the parent directories): .git
2025-01-17 23:02:56.812 [info] > git rev-parse --show-toplevel [1ms]
2025-01-17 23:02:56.812 [info] fatal: not a git repository (or any of the parent directories): .git
