2025-01-17 23:16:54.920 [info] [Info  - 오후 11:16:54] (46693) Server root directory: file:///home/iujeong/.vscode-server/extensions/ms-python.vscode-pylance-2024.12.1/dist
2025-01-17 23:16:54.920 [info] [Info  - 오후 11:16:54] (46693) Pylance language server 2024.12.1 (pyright version 1.1.389, commit ce1325fc) starting
2025-01-17 23:16:54.920 [info] [Info  - 오후 11:16:54] (46693) Starting service instance "iujeong"
2025-01-17 23:16:54.962 [info] [Info  - 오후 11:16:54] (46693) Setting environmentName for service "iujeong": "3.12.3 (글로벌)"
2025-01-17 23:16:54.962 [info] [Info  - 오후 11:16:54] (46693) Setting pythonPath for service "iujeong": "/bin/python3"
2025-01-17 23:16:54.962 [info] [Info  - 오후 11:16:54] (46693) No include entries specified; assuming /home/iujeong
2025-01-17 23:16:54.963 [info] [Info  - 오후 11:16:54] (46693) Auto-excluding **/node_modules
2025-01-17 23:16:54.963 [info] [Info  - 오후 11:16:54] (46693) Auto-excluding **/__pycache__
2025-01-17 23:16:54.963 [info] [Info  - 오후 11:16:54] (46693) Auto-excluding **/.*
2025-01-17 23:16:54.978 [info] [Info  - 오후 11:16:54] (46693) Assuming Python version 3.12.3.final.0
2025-01-17 23:16:55.016 [info] [Info  - 오후 11:16:55] (46693) Found 1 source file
2025-01-17 23:16:55.222 [info] [Info  - 오후 11:16:55] (46693) Background analysis(1) root directory: file:///home/iujeong/.vscode-server/extensions/ms-python.vscode-pylance-2024.12.1/dist
2025-01-17 23:16:55.222 [info] [Info  - 오후 11:16:55] (46693) Background analysis(1) started
2025-01-17 23:16:55.223 [info] [Info  - 오후 11:16:55] (46693) Indexer background runner(2) root directory: file:///home/iujeong/.vscode-server/extensions/ms-python.vscode-pylance-2024.12.1/dist (index)
2025-01-17 23:16:55.223 [info] [Info  - 오후 11:16:55] (46693) Indexing(2) started
2025-01-17 23:16:55.360 [info] [Info  - 오후 11:16:55] (46693) scanned(2) 97 files over 1 exec env
2025-01-17 23:16:55.446 [info] [Info  - 오후 11:16:55] (46693) indexed(2) 97 files over 1 exec env
2025-01-17 23:16:55.463 [info] [Info  - 오후 11:16:55] (46693) Indexing finished(2).
2025-01-17 23:17:05.001 [info] (Client) The existing extension didn't exit within 10 seconds. New instance will start, but you might encounter issues.
2025-01-17 23:17:05.001 [info] (Client) Pylance async client (2024.12.1) started with python extension (2024.22.2)
2025-01-17 23:31:21.329 [info] [Info  - 오후 11:31:21] Server process exited successfully
2025-01-17 23:31:21.910 [info] (Client) Pylance async client (2024.12.1) started with python extension (2024.22.2)
2025-01-17 23:31:22.089 [info] [Info  - 오후 11:31:22] (49372) Server root directory: file:///home/iujeong/.vscode-server/extensions/ms-python.vscode-pylance-2024.12.1/dist
2025-01-17 23:31:22.090 [info] [Info  - 오후 11:31:22] (49372) Pylance language server 2024.12.1 (pyright version 1.1.389, commit ce1325fc) starting
2025-01-17 23:31:22.092 [info] [Info  - 오후 11:31:22] (49372) Starting service instance "iujeong"
2025-01-17 23:31:22.125 [info] [Info  - 오후 11:31:22] (49372) Setting environmentName for service "iujeong": "3.12.3 (글로벌)"
2025-01-17 23:31:22.125 [info] [Info  - 오후 11:31:22] (49372) Setting pythonPath for service "iujeong": "/bin/python3"
2025-01-17 23:31:22.125 [info] [Info  - 오후 11:31:22] (49372) No include entries specified; assuming /home/iujeong
2025-01-17 23:31:22.125 [info] [Info  - 오후 11:31:22] (49372) Auto-excluding **/node_modules
2025-01-17 23:31:22.126 [info] [Info  - 오후 11:31:22] (49372) Auto-excluding **/__pycache__
2025-01-17 23:31:22.126 [info] [Info  - 오후 11:31:22] (49372) Auto-excluding **/.*
2025-01-17 23:31:22.139 [info] [Info  - 오후 11:31:22] (49372) Assuming Python version 3.12.3.final.0
2025-01-17 23:31:22.174 [info] [Info  - 오후 11:31:22] (49372) Found 1 source file
2025-01-17 23:31:22.323 [info] [Info  - 오후 11:31:22] (49372) Background analysis(1) root directory: file:///home/iujeong/.vscode-server/extensions/ms-python.vscode-pylance-2024.12.1/dist
2025-01-17 23:31:22.324 [info] [Info  - 오후 11:31:22] (49372) Background analysis(1) started
2025-01-17 23:31:22.362 [info] [Info  - 오후 11:31:22] (49372) Indexer background runner(2) root directory: file:///home/iujeong/.vscode-server/extensions/ms-python.vscode-pylance-2024.12.1/dist (index)
2025-01-17 23:31:22.362 [info] [Info  - 오후 11:31:22] (49372) Indexing(2) started
2025-01-17 23:31:22.515 [info] [Info  - 오후 11:31:22] (49372) scanned(2) 97 files over 1 exec env
2025-01-17 23:31:22.601 [info] [Info  - 오후 11:31:22] (49372) indexed(2) 97 files over 1 exec env
2025-01-17 23:31:22.616 [info] [Info  - 오후 11:31:22] (49372) Indexing finished(2).
2025-01-17 23:31:27.746 [info] [Info  - 오후 11:31:27] Server process exited successfully
2025-01-17 23:31:28.307 [info] (Client) Pylance async client (2024.12.1) started with python extension (2024.22.2)
2025-01-17 23:31:28.489 [info] [Info  - 오후 11:31:28] (49433) Server root directory: file:///home/iujeong/.vscode-server/extensions/ms-python.vscode-pylance-2024.12.1/dist
2025-01-17 23:31:28.489 [info] [Info  - 오후 11:31:28] (49433) Pylance language server 2024.12.1 (pyright version 1.1.389, commit ce1325fc) starting
2025-01-17 23:31:28.492 [info] [Info  - 오후 11:31:28] (49433) Starting service instance "iujeong"
2025-01-17 23:31:28.505 [info] [Info  - 오후 11:31:28] (49433) Setting environmentName for service "iujeong": "3.12.3 (글로벌)"
2025-01-17 23:31:28.505 [info] [Info  - 오후 11:31:28] (49433) Setting pythonPath for service "iujeong": "/bin/python3"
2025-01-17 23:31:28.505 [info] [Info  - 오후 11:31:28] (49433) No include entries specified; assuming /home/iujeong
2025-01-17 23:31:28.506 [info] [Info  - 오후 11:31:28] (49433) Auto-excluding **/node_modules
2025-01-17 23:31:28.506 [info] [Info  - 오후 11:31:28] (49433) Auto-excluding **/__pycache__
2025-01-17 23:31:28.506 [info] [Info  - 오후 11:31:28] (49433) Auto-excluding **/.*
2025-01-17 23:31:28.521 [info] [Info  - 오후 11:31:28] (49433) Assuming Python version 3.12.3.final.0
2025-01-17 23:31:28.553 [info] [Info  - 오후 11:31:28] (49433) Found 1 source file
2025-01-17 23:31:28.704 [info] [Info  - 오후 11:31:28] (49433) Background analysis(1) root directory: file:///home/iujeong/.vscode-server/extensions/ms-python.vscode-pylance-2024.12.1/dist
2025-01-17 23:31:28.705 [info] [Info  - 오후 11:31:28] (49433) Background analysis(1) started
2025-01-17 23:31:28.742 [info] [Info  - 오후 11:31:28] (49433) Indexer background runner(2) root directory: file:///home/iujeong/.vscode-server/extensions/ms-python.vscode-pylance-2024.12.1/dist (index)
2025-01-17 23:31:28.742 [info] [Info  - 오후 11:31:28] (49433) Indexing(2) started
2025-01-17 23:31:28.893 [info] [Info  - 오후 11:31:28] (49433) scanned(2) 97 files over 1 exec env
2025-01-17 23:31:28.975 [info] [Info  - 오후 11:31:28] (49433) indexed(2) 97 files over 1 exec env
2025-01-17 23:31:28.991 [info] [Info  - 오후 11:31:28] (49433) Indexing finished(2).
