2025-01-17 23:16:54.606 [info] Starting Python Locator /home/iujeong/.vscode-server/extensions/ms-python.python-2024.22.2/python-env-tools/bin/pet server
2025-01-17 23:16:54.617 [info] Discovered manager: (Conda) /opt/anaconda3/bin/conda
2025-01-17 23:16:54.617 [info] Discovered env: /opt/anaconda3/bin/python
2025-01-17 23:16:54.619 [info] Discovered env: /opt/anaconda3/envs/python=3.13
2025-01-17 23:16:54.620 [info] Discovered env: /opt/anaconda3/envs/JokerK/bin/python
2025-01-17 23:16:54.621 [info] Discovered env: /opt/anaconda3/envs/autopilot_lsm/bin/python
2025-01-17 23:16:54.622 [info] Discovered env: /opt/anaconda3/envs/bin345/bin/python
2025-01-17 23:16:54.622 [info] Discovered env: /opt/anaconda3/envs/bin234/bin/python
2025-01-17 23:16:54.622 [info] Discovered env: /opt/anaconda3/envs/aicar/bin/python
2025-01-17 23:16:54.622 [info] Discovered env: /opt/anaconda3/envs/myenv/bin/python
2025-01-17 23:16:54.623 [info] Discovered env: /opt/anaconda3/envs/lanenet_env/bin/python
2025-01-17 23:16:54.624 [info] Discovered env: /opt/anaconda3/envs/golf/bin/python
2025-01-17 23:16:54.624 [info] Discovered env: /opt/anaconda3/envs/jayeon/bin/python
2025-01-17 23:16:54.624 [info] Discovered env: /opt/anaconda3/envs/bin123/bin/python
2025-01-17 23:16:54.624 [info] Discovered env: /opt/anaconda3/envs/kaldi/bin/python
2025-01-17 23:16:54.625 [info] Discovered env: /opt/anaconda3/envs/goguma/bin/python
2025-01-17 23:16:54.625 [info] Discovered env: /opt/anaconda3/envs/newenv/bin/python
2025-01-17 23:16:54.626 [info] Discovered env: /opt/anaconda3/envs/env_lsy/bin/python
2025-01-17 23:16:54.626 [info] Discovered env: /opt/anaconda3/envs/ehdnjs_yolo/bin/python
2025-01-17 23:16:54.627 [info] Discovered env: /opt/anaconda3/envs/kgjtest/bin/python
2025-01-17 23:16:54.627 [info] Discovered env: /opt/anaconda3/envs/skaigroove/bin/python
2025-01-17 23:16:54.627 [info] Discovered env: /opt/anaconda3/envs/basic/bin/python
2025-01-17 23:16:54.627 [info] Discovered env: /opt/anaconda3/envs/gps/bin/python
2025-01-17 23:16:54.627 [info] Discovered env: /opt/anaconda3/envs/dlalsrb123/bin/python
2025-01-17 23:16:54.627 [info] Discovered env: /opt/anaconda3/envs/ezh123/bin/python
2025-01-17 23:16:54.627 [info] Discovered env: /opt/anaconda3/envs/hansol/bin/python
2025-01-17 23:16:54.627 [info] Discovered env: /opt/anaconda3/envs/surveybay/bin/python
2025-01-17 23:16:54.629 [info] Discovered env: /opt/anaconda3/envs/water/bin/python
2025-01-17 23:16:54.629 [info] Discovered env: /opt/anaconda3/envs/test1299/bin/python
2025-01-17 23:16:54.629 [info] Discovered env: /opt/anaconda3/envs/yolop/bin/python
2025-01-17 23:16:54.629 [info] Discovered env: /opt/anaconda3/envs/cdp310/bin/python
2025-01-17 23:16:54.629 [info] Discovered env: /opt/anaconda3/envs/test1026/bin/python
2025-01-17 23:16:54.629 [info] Discovered env: /opt/anaconda3/envs/test999/bin/python
2025-01-17 23:16:54.629 [info] Discovered env: /opt/anaconda3/envs/bk7602/bin/python
2025-01-17 23:16:54.629 [info] Discovered env: /opt/anaconda3/envs/yangpa/bin/python
2025-01-17 23:16:54.629 [info] Discovered env: /opt/anaconda3/envs/nanie1664/bin/python
2025-01-17 23:16:54.630 [info] Discovered env: /opt/anaconda3/envs/cju_mlane/bin/python
2025-01-17 23:16:54.632 [info] Discovered env: /opt/anaconda3/envs/person_tracking/bin/python
2025-01-17 23:16:54.632 [info] Discovered env: /usr/bin/python3
2025-01-17 23:16:54.634 [info] Discovered env: /opt/anaconda3/envs/msoh/bin/python
2025-01-17 23:16:54.640 [info] Discovered env: /bin/python3
2025-01-17 23:16:54.641 [info] Discovered env: /opt/anaconda3/envs/nanie1/bin/python
2025-01-17 23:16:54.643 [info] Discovered env: /opt/anaconda3/envs/KGJ/bin/python
2025-01-17 23:16:54.643 [info] Discovered env: /opt/anaconda3/envs/adas_cju/bin/python
2025-01-17 23:16:54.643 [info] Discovered env: /opt/anaconda3/envs/hjjeon/bin/python
2025-01-17 23:16:54.643 [info] Discovered env: /opt/anaconda3/envs/bogdong/bin/python
2025-01-17 23:16:54.643 [info] Discovered env: /opt/anaconda3/envs/nanie/bin/python
2025-01-17 23:16:54.643 [info] Discovered env: /opt/anaconda3/envs/jha/bin/python
2025-01-17 23:16:54.643 [info] Discovered env: /opt/anaconda3/envs/cju/bin/python
2025-01-17 23:16:54.643 [info] Discovered env: /opt/anaconda3/envs/cgh/bin/python
2025-01-17 23:16:54.643 [info] Discovered env: /opt/anaconda3/envs/test8737/bin/python
2025-01-17 23:16:54.643 [info] Discovered env: /opt/anaconda3/envs/test123/bin/python
2025-01-17 23:16:54.643 [info] Discovered env: /opt/anaconda3/envs/shkim/bin/python
2025-01-17 23:16:54.643 [info] Discovered env: /opt/anaconda3/envs/torch/bin/python
2025-01-17 23:16:54.645 [info] Locator Conda took 86.176477ms
2025-01-17 23:16:54.645 [info] Locator Homebrew took 423.986µs
2025-01-17 23:16:54.646 [info] Locator LinuxGlobal took 84.928788ms
2025-01-17 23:16:54.646 [info] Locator PipEnv took 37.155µs
2025-01-17 23:16:54.646 [info] Locator Poetry took 958.935µs
2025-01-17 23:16:54.646 [info] Locator PyEnv took 335.145µs
2025-01-17 23:16:54.646 [info] Locator Venv took 24.175µs
2025-01-17 23:16:54.646 [info] Locator VirtualEnv took 52.531µs
2025-01-17 23:16:54.646 [info] Locator VirtualEnvWrapper took 57.691µs
2025-01-17 23:16:54.646 [info] Locator GlobalVirtualEnvs took 59.372µs
2025-01-17 23:16:54.646 [info] Locator Locators took 86.416635ms
2025-01-17 23:16:54.646 [info] Locator Path took 131.417732ms
2025-01-17 23:16:54.646 [info] Locator Workspaces took 2.637839ms
2025-01-17 23:16:54.646 [info] Refresh completed in 131ms
2025-01-17 23:16:54.649 [info] Resolved Python Environment /bin/python3
2025-01-17 23:31:22.117 [info] Resolved Python Environment /bin/python3
