2025-01-17 20:47:20.482 [info] [main] 로그 수준: Info
2025-01-17 20:47:20.482 [info] [main] "git"에서 찾은 git 유효성을 검사하는 중
2025-01-17 20:47:20.482 [info] [main] "2.43.0"에서 git "git"을(를) 사용하는 중
2025-01-17 20:47:20.482 [info] [Model][doInitialScan] Initial repository scan started
2025-01-17 20:47:20.482 [info] > git rev-parse --show-toplevel [1ms]
2025-01-17 20:47:20.482 [info] fatal: not a git repository (or any of the parent directories): .git
2025-01-17 20:47:20.482 [info] > git rev-parse --show-toplevel [1ms]
2025-01-17 20:47:20.482 [info] fatal: not a git repository (or any of the parent directories): .git
2025-01-17 20:47:20.482 [info] > git rev-parse --show-toplevel [1ms]
2025-01-17 20:47:20.482 [info] fatal: not a git repository (or any of the parent directories): .git
2025-01-17 20:47:20.482 [info] > git rev-parse --show-toplevel [0ms]
2025-01-17 20:47:20.482 [info] fatal: not a git repository (or any of the parent directories): .git
2025-01-17 20:47:20.482 [info] > git rev-parse --show-toplevel [1ms]
2025-01-17 20:47:20.482 [info] fatal: not a git repository (or any of the parent directories): .git
2025-01-17 20:47:20.482 [info] > git rev-parse --show-toplevel [0ms]
2025-01-17 20:47:20.482 [info] fatal: not a git repository (or any of the parent directories): .git
2025-01-17 20:47:20.482 [info] > git rev-parse --show-toplevel [1ms]
2025-01-17 20:47:20.482 [info] fatal: not a git repository (or any of the parent directories): .git
2025-01-17 20:47:20.483 [info] > git rev-parse --show-toplevel [1ms]
2025-01-17 20:47:20.483 [info] fatal: not a git repository (or any of the parent directories): .git
2025-01-17 20:47:20.484 [info] [Model][doInitialScan] Initial repository scan completed - repositories (0), closed repositories (0), parent repositories (0), unsafe repositories (0)
2025-01-17 20:47:21.469 [info] > git rev-parse --show-toplevel [1ms]
2025-01-17 20:47:21.469 [info] fatal: not a git repository (or any of the parent directories): .git
2025-01-17 20:58:59.544 [info] > git rev-parse --show-toplevel [1ms]
2025-01-17 20:58:59.544 [info] fatal: not a git repository (or any of the parent directories): .git
2025-01-17 21:00:41.804 [warning] [Model][getRepositoryExact] Failed to get repository realpath for: "/home/iujeong/.vscode-server/extensions/.148af99c-0ca0-429b-85e7-52d82ecd0537/". Error:Error: ENOENT: no such file or directory, realpath '/home/iujeong/.vscode-server/extensions/.148af99c-0ca0-429b-85e7-52d82ecd0537/'
2025-01-17 21:00:41.806 [warning] [Model][getRepositoryExact] Failed to get repository realpath for: "/home/iujeong/.vscode-server/extensions/.5de1d06f-70cb-481f-82c7-9a81c21367e7/". Error:Error: ENOENT: no such file or directory, realpath '/home/iujeong/.vscode-server/extensions/.5de1d06f-70cb-481f-82c7-9a81c21367e7/'
2025-01-17 21:00:42.130 [info] > git rev-parse --show-toplevel [1ms]
2025-01-17 21:00:42.130 [info] fatal: not a git repository (or any of the parent directories): .git
2025-01-17 21:00:59.564 [info] > git rev-parse --show-toplevel [1ms]
2025-01-17 21:00:59.564 [info] fatal: not a git repository (or any of the parent directories): .git
2025-01-17 21:00:59.637 [info] > git rev-parse --show-toplevel [1ms]
2025-01-17 21:00:59.637 [info] fatal: not a git repository (or any of the parent directories): .git
2025-01-17 21:00:59.830 [info] > git rev-parse --show-toplevel [2ms]
2025-01-17 21:00:59.830 [info] fatal: not a git repository (or any of the parent directories): .git
2025-01-17 21:01:05.835 [info] > git rev-parse --show-toplevel [3ms]
2025-01-17 21:01:05.835 [info] fatal: not a git repository (or any of the parent directories): .git
2025-01-17 21:01:09.245 [info] > git rev-parse --show-toplevel [1ms]
2025-01-17 21:01:09.245 [info] fatal: not a git repository (or any of the parent directories): .git
2025-01-17 21:01:09.894 [info] > git rev-parse --show-toplevel [2ms]
2025-01-17 21:01:09.894 [info] fatal: not a git repository (or any of the parent directories): .git
2025-01-17 21:01:10.486 [warning] [Model][getRepositoryExact] Failed to get repository realpath for: "/home/iujeong/.vscode-server/extensions/.6424b9ac-5edd-4870-9b45-f56a30523c36/bundled/libs/debugpy/_vendored/pydevd/_pydevd_frame_eval/". Error:Error: ENOENT: no such file or directory, realpath '/home/iujeong/.vscode-server/extensions/.6424b9ac-5edd-4870-9b45-f56a30523c36/bundled/libs/debugpy/_vendored/pydevd/_pydevd_frame_eval/'
2025-01-17 21:01:10.488 [warning] [Model][getRepositoryExact] Failed to get repository realpath for: "/home/iujeong/.vscode-server/extensions/.6424b9ac-5edd-4870-9b45-f56a30523c36/bundled/libs/debugpy/_vendored/pydevd/pydevd_attach_to_process/linux_and_mac/". Error:Error: ENOENT: no such file or directory, realpath '/home/iujeong/.vscode-server/extensions/.6424b9ac-5edd-4870-9b45-f56a30523c36/bundled/libs/debugpy/_vendored/pydevd/pydevd_attach_to_process/linux_and_mac/'
2025-01-17 21:06:29.635 [info] > git rev-parse --show-toplevel [3ms]
2025-01-17 21:06:29.635 [info] fatal: not a git repository (or any of the parent directories): .git
2025-01-17 21:06:30.130 [warning] [Model][getRepositoryExact] Failed to get repository realpath for: "/home/iujeong/.vscode-server/extensions/.5e5a3838-3537-44ea-b969-62b5c11d0ed4/". Error:Error: ENOENT: no such file or directory, realpath '/home/iujeong/.vscode-server/extensions/.5e5a3838-3537-44ea-b969-62b5c11d0ed4/'
