2025-01-17 21:00:59.860 [info] 실험 'pythonRecommendTensorboardExt'이(가) 활성 상태입니다.
2025-01-17 21:00:59.860 [info] 실험 'pythonTerminalEnvVarActivation'이(가) 활성 상태입니다.
2025-01-17 21:00:59.860 [info] 실험 'pythonTestAdapter'이(가) 활성 상태입니다.
2025-01-17 21:00:59.860 [info] Native locator: Refresh started
2025-01-17 21:00:59.860 [info] Native locator: Refresh started
2025-01-17 21:00:59.860 [info] Conda environment manager found at: /opt/anaconda3/bin/conda
2025-01-17 21:00:59.866 [error] Python Extension: interpreterManager.refresh [l [Error]: Failed to resolve env "/usr/local/bin/python3"
	at ae (/home/iujeong/.vscode-server/extensions/ms-python.python-2024.22.2-linux-x64/out/client/extension.js:2:2036206)
	at oe (/home/iujeong/.vscode-server/extensions/ms-python.python-2024.22.2-linux-x64/out/client/extension.js:2:2034166)
	at Immediate.<anonymous> (/home/iujeong/.vscode-server/extensions/ms-python.python-2024.22.2-linux-x64/out/client/extension.js:2:2030460)
	at process.processImmediate (node:internal/timers:483:21)] {
  code: -4,
  data: undefined
}
2025-01-17 21:00:59.954 [info] Native locator: Refresh started
2025-01-17 21:00:59.955 [info] Native locator: Refresh finished in 167 ms
2025-01-17 21:00:59.959 [info] > pyenv which python
2025-01-17 21:00:59.959 [info] cwd: .
2025-01-17 21:01:00.603 [info] iujeong에 대한 Jedi 언어 서버를 시작하는 중입니다.
2025-01-17 21:01:00.697 [info] Shell integration status changed, can confirm it's working.
2025-01-17 21:01:14.532 [info] Discover tests for workspace name: iujeong - uri: /home/iujeong/.vscode-server/extensions/.6b36055f-3716-4ab6-b7dd-307737cf65ea/python_files/pyproject.toml
2025-01-17 21:01:39.920 [info] Native locator: Refresh started
2025-01-17 21:01:39.920 [info] Native locator: Refresh started
2025-01-17 21:01:39.942 [info] Conda environment manager found at: /opt/anaconda3/bin/conda
2025-01-17 21:01:40.031 [info] Native locator: Refresh finished in 111 ms
2025-01-17 21:01:44.932 [info] Python 인터프리터 경로: /usr/bin/python3
2025-01-17 21:05:37.130 [info] > /opt/anaconda3/bin/conda info --json
2025-01-17 21:06:29.880 [info] Discover tests for workspace name: iujeong - uri: /home/iujeong/.vscode-server/extensions/.5e5a3838-3537-44ea-b969-62b5c11d0ed4/.vscode/settings.json
2025-01-17 21:08:18.564 [info] Native locator: Refresh started
2025-01-17 21:08:18.580 [info] Conda environment manager found at: /opt/anaconda3/bin/conda
2025-01-17 21:08:18.669 [info] Native locator: Refresh finished in 105 ms
