2025-01-21 09:14:47.320 [info] [main] 로그 수준: Info
2025-01-21 09:14:47.320 [info] [main] "git"에서 찾은 git 유효성을 검사하는 중
2025-01-21 09:14:47.320 [info] [main] "2.43.0"에서 git "git"을(를) 사용하는 중
2025-01-21 09:14:47.320 [info] [Model][doInitialScan] Initial repository scan started
2025-01-21 09:14:47.320 [info] > git rev-parse --show-toplevel [1ms]
2025-01-21 09:14:47.320 [info] fatal: not a git repository (or any of the parent directories): .git
2025-01-21 09:14:47.322 [info] > git rev-parse --show-toplevel [0ms]
2025-01-21 09:14:47.322 [info] fatal: not a git repository (or any of the parent directories): .git
2025-01-21 09:14:47.324 [info] > git rev-parse --show-toplevel [1ms]
2025-01-21 09:14:47.324 [info] fatal: not a git repository (or any of the parent directories): .git
2025-01-21 09:14:47.326 [info] > git rev-parse --show-toplevel [1ms]
2025-01-21 09:14:47.326 [info] fatal: not a git repository (or any of the parent directories): .git
2025-01-21 09:14:47.331 [info] > git rev-parse --show-toplevel [3ms]
2025-01-21 09:14:47.331 [info] fatal: not a git repository (or any of the parent directories): .git
2025-01-21 09:14:47.333 [info] > git rev-parse --show-toplevel [1ms]
2025-01-21 09:14:47.333 [info] fatal: not a git repository (or any of the parent directories): .git
2025-01-21 09:14:47.334 [info] > git rev-parse --show-toplevel [0ms]
2025-01-21 09:14:47.335 [info] fatal: not a git repository (or any of the parent directories): .git
2025-01-21 09:14:47.336 [info] > git rev-parse --show-toplevel [1ms]
2025-01-21 09:14:47.336 [info] fatal: not a git repository (or any of the parent directories): .git
2025-01-21 09:14:47.338 [info] > git rev-parse --show-toplevel [1ms]
2025-01-21 09:14:47.338 [info] fatal: not a git repository (or any of the parent directories): .git
2025-01-21 09:14:47.339 [info] > git rev-parse --show-toplevel [0ms]
2025-01-21 09:14:47.339 [info] fatal: not a git repository (or any of the parent directories): .git
2025-01-21 09:14:47.341 [info] > git rev-parse --show-toplevel [1ms]
2025-01-21 09:14:47.341 [info] fatal: not a git repository (or any of the parent directories): .git
2025-01-21 09:14:47.342 [info] > git rev-parse --show-toplevel [0ms]
2025-01-21 09:14:47.342 [info] fatal: not a git repository (or any of the parent directories): .git
2025-01-21 09:14:47.344 [info] > git rev-parse --show-toplevel [1ms]
2025-01-21 09:14:47.344 [info] fatal: not a git repository (or any of the parent directories): .git
2025-01-21 09:14:47.345 [info] [Model][doInitialScan] Initial repository scan completed - repositories (0), closed repositories (0), parent repositories (0), unsafe repositories (0)
2025-01-21 09:14:47.681 [info] > git rev-parse --show-toplevel [2ms]
2025-01-21 09:14:47.681 [info] fatal: not a git repository (or any of the parent directories): .git
2025-01-21 09:14:51.401 [info] > git rev-parse --show-toplevel [0ms]
2025-01-21 09:14:51.401 [info] fatal: not a git repository (or any of the parent directories): .git
2025-01-21 09:24:14.378 [info] > git rev-parse --show-toplevel [1ms]
2025-01-21 09:24:14.378 [info] fatal: not a git repository (or any of the parent directories): .git
2025-01-21 09:24:18.930 [info] > git rev-parse --show-toplevel [1ms]
2025-01-21 09:24:18.930 [info] fatal: not a git repository (or any of the parent directories): .git
2025-01-21 09:24:19.031 [info] > git rev-parse --show-toplevel [1ms]
2025-01-21 09:24:19.031 [info] fatal: not a git repository (or any of the parent directories): .git
2025-01-21 09:24:21.251 [info] > git rev-parse --show-toplevel [1ms]
2025-01-21 09:24:21.251 [info] fatal: not a git repository (or any of the parent directories): .git
2025-01-21 09:24:21.253 [info] > git rev-parse --show-toplevel [0ms]
2025-01-21 09:24:21.253 [info] fatal: not a git repository (or any of the parent directories): .git
2025-01-21 09:28:07.208 [info] > git rev-parse --show-toplevel [1ms]
2025-01-21 09:28:07.208 [info] fatal: not a git repository (or any of the parent directories): .git
2025-01-21 09:29:31.403 [info] > git rev-parse --show-toplevel [1ms]
2025-01-21 09:29:31.404 [info] fatal: not a git repository (or any of the parent directories): .git
2025-01-21 09:29:32.645 [info] > git rev-parse --show-toplevel [1ms]
2025-01-21 09:29:32.645 [info] fatal: not a git repository (or any of the parent directories): .git
2025-01-21 09:31:19.832 [info] > git rev-parse --show-toplevel [0ms]
2025-01-21 09:31:19.832 [info] fatal: not a git repository (or any of the parent directories): .git
2025-01-21 09:34:08.912 [info] > git rev-parse --show-toplevel [1ms]
2025-01-21 09:34:08.912 [info] fatal: not a git repository (or any of the parent directories): .git
2025-01-21 09:36:02.768 [info] > git rev-parse --show-toplevel [1ms]
2025-01-21 09:36:02.768 [info] fatal: not a git repository (or any of the parent directories): .git
2025-01-21 09:36:56.908 [info] > git rev-parse --show-toplevel [1ms]
2025-01-21 09:36:56.908 [info] fatal: not a git repository (or any of the parent directories): .git
2025-01-21 09:37:32.274 [info] > git rev-parse --show-toplevel [1ms]
2025-01-21 09:37:32.274 [info] fatal: not a git repository (or any of the parent directories): .git
2025-01-21 09:40:08.646 [info] > git rev-parse --show-toplevel [1ms]
2025-01-21 09:40:08.646 [info] fatal: not a git repository (or any of the parent directories): .git
2025-01-21 10:03:52.383 [info] > git rev-parse --show-toplevel [1ms]
2025-01-21 10:03:52.383 [info] fatal: not a git repository (or any of the parent directories): .git
2025-01-21 10:06:28.351 [info] > git rev-parse --show-toplevel [0ms]
2025-01-21 10:06:28.351 [info] fatal: not a git repository (or any of the parent directories): .git
2025-01-21 10:09:00.628 [info] > git rev-parse --show-toplevel [1ms]
2025-01-21 10:09:00.628 [info] fatal: not a git repository (or any of the parent directories): .git
2025-01-21 10:11:53.683 [info] > git rev-parse --show-toplevel [1ms]
2025-01-21 10:11:53.683 [info] fatal: not a git repository (or any of the parent directories): .git
2025-01-21 10:30:44.178 [info] > git rev-parse --show-toplevel [2ms]
2025-01-21 10:30:44.178 [info] fatal: not a git repository (or any of the parent directories): .git
2025-01-21 10:33:30.037 [info] > git rev-parse --show-toplevel [1ms]
2025-01-21 10:33:30.037 [info] fatal: not a git repository (or any of the parent directories): .git
2025-01-21 10:34:45.400 [info] > git rev-parse --show-toplevel [1ms]
2025-01-21 10:34:45.400 [info] fatal: not a git repository (or any of the parent directories): .git
2025-01-21 10:34:56.481 [info] > git rev-parse --show-toplevel [1ms]
2025-01-21 10:34:56.481 [info] fatal: not a git repository (or any of the parent directories): .git
2025-01-21 10:35:10.683 [info] > git rev-parse --show-toplevel [1ms]
2025-01-21 10:35:10.683 [info] fatal: not a git repository (or any of the parent directories): .git
2025-01-21 10:35:28.403 [info] > git rev-parse --show-toplevel [0ms]
2025-01-21 10:35:28.403 [info] fatal: not a git repository (or any of the parent directories): .git
2025-01-21 10:36:04.773 [info] > git rev-parse --show-toplevel [1ms]
2025-01-21 10:36:04.773 [info] fatal: not a git repository (or any of the parent directories): .git
2025-01-21 10:36:12.438 [info] > git rev-parse --show-toplevel [0ms]
2025-01-21 10:36:12.438 [info] fatal: not a git repository (or any of the parent directories): .git
2025-01-21 10:41:19.881 [info] > git rev-parse --show-toplevel [0ms]
2025-01-21 10:41:19.881 [info] fatal: not a git repository (or any of the parent directories): .git
2025-01-21 11:00:02.903 [info] > git rev-parse --show-toplevel [0ms]
2025-01-21 11:00:02.903 [info] fatal: not a git repository (or any of the parent directories): .git
2025-01-21 11:00:22.910 [info] > git rev-parse --show-toplevel [1ms]
2025-01-21 11:00:22.910 [info] fatal: not a git repository (or any of the parent directories): .git
2025-01-21 11:00:45.268 [info] > git rev-parse --show-toplevel [0ms]
2025-01-21 11:00:45.268 [info] fatal: not a git repository (or any of the parent directories): .git
2025-01-21 11:00:58.357 [info] > git rev-parse --show-toplevel [1ms]
2025-01-21 11:00:58.357 [info] fatal: not a git repository (or any of the parent directories): .git
2025-01-21 11:01:37.094 [info] > git rev-parse --show-toplevel [1ms]
2025-01-21 11:01:37.094 [info] fatal: not a git repository (or any of the parent directories): .git
2025-01-21 11:02:09.577 [info] > git rev-parse --show-toplevel [0ms]
2025-01-21 11:02:09.577 [info] fatal: not a git repository (or any of the parent directories): .git
2025-01-21 11:02:17.403 [info] > git rev-parse --show-toplevel [1ms]
2025-01-21 11:02:17.403 [info] fatal: not a git repository (or any of the parent directories): .git
2025-01-21 11:04:59.982 [info] > git rev-parse --show-toplevel [1ms]
2025-01-21 11:04:59.982 [info] fatal: not a git repository (or any of the parent directories): .git
2025-01-21 11:05:06.857 [info] > git rev-parse --show-toplevel [1ms]
2025-01-21 11:05:06.857 [info] fatal: not a git repository (or any of the parent directories): .git
2025-01-21 11:16:23.796 [info] > git rev-parse --show-toplevel [1ms]
2025-01-21 11:16:23.796 [info] fatal: not a git repository (or any of the parent directories): .git
2025-01-21 11:16:35.990 [info] > git rev-parse --show-toplevel [1ms]
2025-01-21 11:16:35.990 [info] fatal: not a git repository (or any of the parent directories): .git
2025-01-21 11:26:18.784 [info] > git rev-parse --show-toplevel [0ms]
2025-01-21 11:26:18.784 [info] fatal: not a git repository (or any of the parent directories): .git
2025-01-21 11:26:39.687 [info] > git rev-parse --show-toplevel [1ms]
2025-01-21 11:26:39.687 [info] fatal: not a git repository (or any of the parent directories): .git
2025-01-21 11:26:46.774 [info] > git rev-parse --show-toplevel [0ms]
2025-01-21 11:26:46.774 [info] fatal: not a git repository (or any of the parent directories): .git
2025-01-21 11:28:10.541 [info] > git rev-parse --show-toplevel [0ms]
2025-01-21 11:28:10.541 [info] fatal: not a git repository (or any of the parent directories): .git
2025-01-21 11:37:16.454 [info] > git rev-parse --show-toplevel [1ms]
2025-01-21 11:37:16.454 [info] fatal: not a git repository (or any of the parent directories): .git
2025-01-21 11:38:33.783 [info] > git rev-parse --show-toplevel [1ms]
2025-01-21 11:38:33.783 [info] fatal: not a git repository (or any of the parent directories): .git
2025-01-21 11:48:43.578 [info] > git rev-parse --show-toplevel [1ms]
2025-01-21 11:48:43.578 [info] fatal: not a git repository (or any of the parent directories): .git
2025-01-21 11:49:17.184 [info] > git rev-parse --show-toplevel [1ms]
2025-01-21 11:49:17.184 [info] fatal: not a git repository (or any of the parent directories): .git
2025-01-21 12:02:56.536 [info] > git rev-parse --show-toplevel [1ms]
2025-01-21 12:02:56.536 [info] fatal: not a git repository (or any of the parent directories): .git
2025-01-21 12:03:16.326 [info] > git rev-parse --show-toplevel [1ms]
2025-01-21 12:03:16.326 [info] fatal: not a git repository (or any of the parent directories): .git
2025-01-21 12:03:18.175 [info] > git rev-parse --show-toplevel [1ms]
2025-01-21 12:03:18.175 [info] fatal: not a git repository (or any of the parent directories): .git
2025-01-21 12:03:22.906 [info] > git rev-parse --show-toplevel [0ms]
2025-01-21 12:03:22.906 [info] fatal: not a git repository (or any of the parent directories): .git
2025-01-21 12:03:30.726 [info] > git rev-parse --show-toplevel [1ms]
2025-01-21 12:03:30.726 [info] fatal: not a git repository (or any of the parent directories): .git
2025-01-21 12:03:33.299 [info] > git rev-parse --show-toplevel [1ms]
2025-01-21 12:03:33.299 [info] fatal: not a git repository (or any of the parent directories): .git
2025-01-21 12:03:43.634 [info] > git rev-parse --show-toplevel [0ms]
2025-01-21 12:03:43.634 [info] fatal: not a git repository (or any of the parent directories): .git
2025-01-21 12:17:41.699 [info] > git rev-parse --show-toplevel [1ms]
2025-01-21 12:17:41.699 [info] fatal: not a git repository (or any of the parent directories): .git
2025-01-21 12:17:51.961 [info] > git rev-parse --show-toplevel [1ms]
2025-01-21 12:17:51.961 [info] fatal: not a git repository (or any of the parent directories): .git
2025-01-21 12:19:43.673 [info] > git rev-parse --show-toplevel [0ms]
2025-01-21 12:19:43.673 [info] fatal: not a git repository (or any of the parent directories): .git
2025-01-21 12:24:50.196 [info] > git rev-parse --show-toplevel [1ms]
2025-01-21 12:24:50.196 [info] fatal: not a git repository (or any of the parent directories): .git
2025-01-21 12:34:12.259 [info] > git rev-parse --show-toplevel [2ms]
2025-01-21 12:34:12.259 [info] fatal: not a git repository (or any of the parent directories): .git
2025-01-21 12:34:12.670 [info] > git rev-parse --show-toplevel [1ms]
2025-01-21 12:34:12.670 [info] fatal: not a git repository (or any of the parent directories): .git
2025-01-21 12:36:37.175 [info] > git rev-parse --show-toplevel [0ms]
2025-01-21 12:36:37.176 [info] fatal: not a git repository (or any of the parent directories): .git
2025-01-21 12:38:16.010 [info] > git rev-parse --show-toplevel [1ms]
2025-01-21 12:38:16.010 [info] fatal: not a git repository (or any of the parent directories): .git
2025-01-21 12:38:42.206 [info] > git rev-parse --show-toplevel [1ms]
2025-01-21 12:38:42.206 [info] fatal: not a git repository (or any of the parent directories): .git
2025-01-21 12:38:49.313 [info] > git rev-parse --show-toplevel [1ms]
2025-01-21 12:38:49.313 [info] fatal: not a git repository (or any of the parent directories): .git
2025-01-21 12:39:51.027 [info] > git rev-parse --show-toplevel [1ms]
2025-01-21 12:39:51.027 [info] fatal: not a git repository (or any of the parent directories): .git
2025-01-21 12:39:53.559 [info] > git rev-parse --show-toplevel [1ms]
2025-01-21 12:39:53.559 [info] fatal: not a git repository (or any of the parent directories): .git
2025-01-21 12:39:58.186 [info] > git rev-parse --show-toplevel [1ms]
2025-01-21 12:39:58.186 [info] fatal: not a git repository (or any of the parent directories): .git
2025-01-21 12:42:48.244 [info] > git rev-parse --show-toplevel [1ms]
2025-01-21 12:42:48.244 [info] fatal: not a git repository (or any of the parent directories): .git
2025-01-21 12:43:02.513 [info] > git rev-parse --show-toplevel [1ms]
2025-01-21 12:43:02.513 [info] fatal: not a git repository (or any of the parent directories): .git
2025-01-21 12:43:06.333 [info] > git rev-parse --show-toplevel [0ms]
2025-01-21 12:43:06.334 [info] fatal: not a git repository (or any of the parent directories): .git
2025-01-21 12:45:04.786 [info] > git rev-parse --show-toplevel [1ms]
2025-01-21 12:45:04.786 [info] fatal: not a git repository (or any of the parent directories): .git
2025-01-21 12:47:50.749 [info] > git rev-parse --show-toplevel [1ms]
2025-01-21 12:47:50.749 [info] fatal: not a git repository (or any of the parent directories): .git
2025-01-21 13:47:12.483 [info] > git rev-parse --show-toplevel [1ms]
2025-01-21 13:47:12.483 [info] fatal: not a git repository (or any of the parent directories): .git
2025-01-21 14:03:41.651 [info] > git rev-parse --show-toplevel [1ms]
2025-01-21 14:03:41.651 [info] fatal: not a git repository (or any of the parent directories): .git
2025-01-21 14:04:27.989 [info] > git rev-parse --show-toplevel [1ms]
2025-01-21 14:04:27.989 [info] fatal: not a git repository (or any of the parent directories): .git
2025-01-21 14:42:24.117 [info] > git rev-parse --show-toplevel [1ms]
2025-01-21 14:42:24.117 [info] fatal: not a git repository (or any of the parent directories): .git
2025-01-21 15:39:35.029 [info] > git rev-parse --show-toplevel [2ms]
2025-01-21 15:39:35.029 [info] fatal: not a git repository (or any of the parent directories): .git
2025-01-21 15:40:45.360 [info] > git rev-parse --show-toplevel [0ms]
2025-01-21 15:40:45.360 [info] fatal: not a git repository (or any of the parent directories): .git
2025-01-21 15:42:01.703 [info] > git rev-parse --show-toplevel [0ms]
2025-01-21 15:42:01.703 [info] fatal: not a git repository (or any of the parent directories): .git
2025-01-21 15:42:48.016 [info] > git rev-parse --show-toplevel [1ms]
2025-01-21 15:42:48.016 [info] fatal: not a git repository (or any of the parent directories): .git
2025-01-21 16:00:35.801 [info] > git rev-parse --show-toplevel [1ms]
2025-01-21 16:00:35.802 [info] fatal: not a git repository (or any of the parent directories): .git
2025-01-21 16:00:38.904 [info] > git rev-parse --show-toplevel [0ms]
2025-01-21 16:00:38.904 [info] fatal: not a git repository (or any of the parent directories): .git
2025-01-21 16:00:42.626 [info] > git rev-parse --show-toplevel [1ms]
2025-01-21 16:00:42.626 [info] fatal: not a git repository (or any of the parent directories): .git
2025-01-21 16:00:44.808 [info] > git rev-parse --show-toplevel [1ms]
2025-01-21 16:00:44.808 [info] fatal: not a git repository (or any of the parent directories): .git
2025-01-21 16:11:17.407 [info] > git rev-parse --show-toplevel [1ms]
2025-01-21 16:11:17.407 [info] fatal: not a git repository (or any of the parent directories): .git
2025-01-21 16:11:22.749 [info] > git rev-parse --show-toplevel [1ms]
2025-01-21 16:11:22.749 [info] fatal: not a git repository (or any of the parent directories): .git
2025-01-21 16:11:31.380 [info] > git rev-parse --show-toplevel [0ms]
2025-01-21 16:11:31.380 [info] fatal: not a git repository (or any of the parent directories): .git
2025-01-21 16:11:40.362 [info] > git rev-parse --show-toplevel [1ms]
2025-01-21 16:11:40.362 [info] fatal: not a git repository (or any of the parent directories): .git
2025-01-21 16:11:53.778 [info] > git rev-parse --show-toplevel [0ms]
2025-01-21 16:11:53.778 [info] fatal: not a git repository (or any of the parent directories): .git
2025-01-21 16:12:11.692 [info] > git rev-parse --show-toplevel [0ms]
2025-01-21 16:12:11.692 [info] fatal: not a git repository (or any of the parent directories): .git
2025-01-21 16:12:17.844 [info] > git rev-parse --show-toplevel [1ms]
2025-01-21 16:12:17.844 [info] fatal: not a git repository (or any of the parent directories): .git
2025-01-21 16:12:26.534 [info] > git rev-parse --show-toplevel [1ms]
2025-01-21 16:12:26.534 [info] fatal: not a git repository (or any of the parent directories): .git
2025-01-21 16:12:53.047 [info] > git rev-parse --show-toplevel [0ms]
2025-01-21 16:12:53.048 [info] fatal: not a git repository (or any of the parent directories): .git
2025-01-21 16:13:01.492 [info] > git rev-parse --show-toplevel [1ms]
2025-01-21 16:13:01.492 [info] fatal: not a git repository (or any of the parent directories): .git
2025-01-21 16:13:15.025 [info] > git rev-parse --show-toplevel [1ms]
2025-01-21 16:13:15.025 [info] fatal: not a git repository (or any of the parent directories): .git
2025-01-21 16:18:27.773 [info] > git rev-parse --show-toplevel [1ms]
2025-01-21 16:18:27.773 [info] fatal: not a git repository (or any of the parent directories): .git
2025-01-21 16:20:09.444 [info] > git rev-parse --show-toplevel [1ms]
2025-01-21 16:20:09.444 [info] fatal: not a git repository (or any of the parent directories): .git
2025-01-21 16:23:46.443 [info] > git rev-parse --show-toplevel [0ms]
2025-01-21 16:23:46.443 [info] fatal: not a git repository (or any of the parent directories): .git
2025-01-21 16:23:53.760 [info] > git rev-parse --show-toplevel [1ms]
2025-01-21 16:23:53.760 [info] fatal: not a git repository (or any of the parent directories): .git
2025-01-21 16:24:12.142 [info] > git rev-parse --show-toplevel [1ms]
2025-01-21 16:24:12.142 [info] fatal: not a git repository (or any of the parent directories): .git
2025-01-21 16:24:20.955 [info] > git rev-parse --show-toplevel [1ms]
2025-01-21 16:24:20.955 [info] fatal: not a git repository (or any of the parent directories): .git
2025-01-21 16:25:17.137 [info] > git rev-parse --show-toplevel [1ms]
2025-01-21 16:25:17.137 [info] fatal: not a git repository (or any of the parent directories): .git
2025-01-21 16:25:23.571 [info] > git rev-parse --show-toplevel [1ms]
2025-01-21 16:25:23.571 [info] fatal: not a git repository (or any of the parent directories): .git
2025-01-21 16:25:37.320 [info] > git rev-parse --show-toplevel [0ms]
2025-01-21 16:25:37.320 [info] fatal: not a git repository (or any of the parent directories): .git
2025-01-21 16:25:59.475 [info] > git rev-parse --show-toplevel [0ms]
2025-01-21 16:25:59.475 [info] fatal: not a git repository (or any of the parent directories): .git
2025-01-21 16:26:08.901 [info] > git rev-parse --show-toplevel [0ms]
2025-01-21 16:26:08.901 [info] fatal: not a git repository (or any of the parent directories): .git
2025-01-21 16:26:16.579 [info] > git rev-parse --show-toplevel [0ms]
2025-01-21 16:26:16.579 [info] fatal: not a git repository (or any of the parent directories): .git
2025-01-21 16:26:24.444 [info] > git rev-parse --show-toplevel [1ms]
2025-01-21 16:26:24.444 [info] fatal: not a git repository (or any of the parent directories): .git
2025-01-21 16:26:30.421 [info] > git rev-parse --show-toplevel [0ms]
2025-01-21 16:26:30.421 [info] fatal: not a git repository (or any of the parent directories): .git
2025-01-21 16:26:35.366 [info] > git rev-parse --show-toplevel [1ms]
2025-01-21 16:26:35.366 [info] fatal: not a git repository (or any of the parent directories): .git
2025-01-21 16:28:45.260 [info] > git rev-parse --show-toplevel [1ms]
2025-01-21 16:28:45.260 [info] fatal: not a git repository (or any of the parent directories): .git
2025-01-21 16:28:47.823 [info] > git rev-parse --show-toplevel [1ms]
2025-01-21 16:28:47.823 [info] fatal: not a git repository (or any of the parent directories): .git
2025-01-21 16:30:48.971 [info] > git rev-parse --show-toplevel [0ms]
2025-01-21 16:30:48.971 [info] fatal: not a git repository (or any of the parent directories): .git
2025-01-21 16:31:39.746 [info] > git rev-parse --show-toplevel [1ms]
2025-01-21 16:31:39.746 [info] fatal: not a git repository (or any of the parent directories): .git
2025-01-21 16:41:27.029 [info] > git rev-parse --show-toplevel [1ms]
2025-01-21 16:41:27.029 [info] fatal: not a git repository (or any of the parent directories): .git
2025-01-21 16:41:48.207 [info] > git rev-parse --show-toplevel [1ms]
2025-01-21 16:41:48.207 [info] fatal: not a git repository (or any of the parent directories): .git
2025-01-21 16:46:46.716 [info] > git rev-parse --show-toplevel [3ms]
2025-01-21 16:46:46.716 [info] fatal: not a git repository (or any of the parent directories): .git
2025-01-21 16:47:34.169 [info] > git rev-parse --show-toplevel [0ms]
2025-01-21 16:47:34.169 [info] fatal: not a git repository (or any of the parent directories): .git
