Visual Studio Code (1.96.3, ssh-remote, desktop)
Jupyter Extension Version: 2024.11.0.
Python Extension Version: 2024.22.2.
Pylance Extension Version: 2024.12.1.
Platform: linux (x64).
Temp Storage folder ~/.vscode-server/data/User/globalStorage/ms-toolsai.jupyter/version-2024.11.0
Workspace folder /home/iujeong, Home = /home/iujeong
19:35:33.819 [warn] No interpreter with path /opt/anaconda3/bin/python found in Python API, will convert Uri path to string as Id /opt/anaconda3/bin/python
19:35:33.820 [warn] No interpreter with path /opt/anaconda3/envs/bogdong/bin/python found in Python API, will convert Uri path to string as Id /opt/anaconda3/envs/bogdong/bin/python
20:59:16.759 [info] Starting Kernel (Python Path: /opt/anaconda3/envs/bogdong/bin/python, Conda, 3.12.8) for '~/Study/withpaw/withpaw.ipynb' (disableUI=false)
20:59:17.774 [info] Process Execution: /opt/anaconda3/envs/bogdong/bin/python -m pip list
20:59:17.797 [info] Process Execution: /opt/anaconda3/envs/bogdong/bin/python -c "import ipykernel; print(ipykernel.__version__); print("5dc3a68c-e34e-4080-9c3e-2a532b2ccb4d"); print(ipykernel.__file__)"
20:59:17.799 [info] Process Execution: /opt/anaconda3/envs/bogdong/bin/python -m ipykernel_launcher --f=/home/~/.local/share/jupyter/runtime/kernel-v3bb2352df15ca7e1b32a66c67e0a9b5bf432162f1.json
    > cwd: //home/~/Study/withpaw
20:59:18.057 [info] Kernel successfully started
20:59:18.062 [info] Process Execution: /opt/anaconda3/envs/bogdong/bin/python /home/~/.vscode-server/extensions/ms-toolsai.jupyter-2024.11.0-linux-x64/pythonFiles/printJupyterDataDir.py
21:00:26.251 [info] Interrupt kernel execution
21:00:26.251 [info] Interrupt requested ~/Study/withpaw/withpaw.ipynb
21:00:26.252 [info] Interrupt kernel execution
21:00:26.252 [info] Interrupting kernel: python3128jvsc74a57bd08825821440f3862603bbdaf866cc8ac10bfab06393672815caa87c47036074fb
21:00:26.252 [info] Interrupting kernel via SIGINT
21:00:27.836 [warn] Cell completed with errors (cancelled)
21:00:27.837 [info] Interrupt requested & sent for ~/Study/withpaw/withpaw.ipynb in notebookEditor.
21:01:12.858 [info] Interrupt kernel execution
21:01:12.858 [info] Interrupt requested ~/Study/withpaw/withpaw.ipynb
21:01:12.859 [info] Interrupt kernel execution
21:01:12.859 [info] Interrupting kernel: python3128jvsc74a57bd08825821440f3862603bbdaf866cc8ac10bfab06393672815caa87c47036074fb
21:01:12.859 [info] Interrupting kernel via SIGINT
21:01:21.361 [warn] Cell completed with errors (cancelled)
21:01:21.362 [info] Interrupt requested & sent for ~/Study/withpaw/withpaw.ipynb in notebookEditor.
21:05:22.507 [warn] Cell completed with errors [iu [Error]: unrecognized token: "#"
	at n.execute (/home/~/.vscode-server/extensions/ms-toolsai.jupyter-2024.11.0-linux-x64/dist/extension.node.js:297:4958)] {
  ename: 'OperationalError',
  evalue: 'unrecognized token: "#"',
  traceback: [
    '\x1B[0;31m---------------------------------------------------------------------------\x1B[0m',
    '\x1B[0;31mOperationalError\x1B[0m                          Traceback (most recent call last)',
    'Cell \x1B[0;32mIn[4], line 110\x1B[0m\n' +
      '\x1B[1;32m    108\x1B[0m \x1B[38;5;66;03m# 메인 실행 흐름\x1B[39;00m\n' +
      '\x1B[1;32m    109\x1B[0m \x1B[38;5;28;01mif\x1B[39;00m \x1B[38;5;18m__name__\x1B[39m \x1B[38;5;241m==\x1B[39m \x1B[38;5;124m"\x1B[39m\x1B[38;5;124m__main__\x1B[39m\x1B[38;5;124m"\x1B[39m:\n' +
      '\x1B[0;32m--> 110\x1B[0m     initialize_database()  \x1B[38;5;66;03m# 데이터베이스 초기화\x1B[39;00m\n' +
      '\x1B[1;32m    112\x1B[0m     \x1B[38;5;28;01mwhile\x1B[39;00m \x1B[38;5;28;01mTrue\x1B[39;00m:\n' +
      '\x1B[1;32m    113\x1B[0m         \x1B[38;5;28mprint\x1B[39m(\x1B[38;5;124m"\x1B[39m\x1B[38;5;130;01m\\n\x1B[39;00m\x1B[38;5;124m1. 사용자 프로필 설정\x1B[39m\x1B[38;5;124m"\x1B[39m)\n',
    'Cell \x1B[0;32mIn[4], line 10\x1B[0m, in \x1B[0;36minitialize_database\x1B[0;34m()\x1B[0m\n' +
      '\x1B[1;32m      7\x1B[0m cursor \x1B[38;5;241m=\x1B[39m conn\x1B[38;5;241m.\x1B[39mcursor()\n' +
      '\x1B[1;32m      9\x1B[0m \x1B[38;5;66;03m# 사용자 프로필 테이블 생성\x1B[39;00m\n' +
      '\x1B[0;32m---> 10\x1B[0m cursor\x1B[38;5;241m.\x1B[39mexecute(\x1B[38;5;124m"""\x1B[39m\n' +
      '\x1B[1;32m     11\x1B[0m \x1B[38;5;124mCREATE TABLE IF NOT EXISTS user_profile (\x1B[39m\n' +
      '\x1B[1;32m     12\x1B[0m \x1B[38;5;124m    id INTEGER PRIMARY KEY AUTOINCREMENT,  # 사용자 ID (자동 증가)\x1B[39m\n' +
      '\x1B[1;32m     13\x1B[0m \x1B[38;5;124m    name TEXT NOT NULL,                    # 사용자 이름\x1B[39m\n' +
      '\x1B[1;32m     14\x1B[0m \x1B[38;5;124m    email TEXT                            # 사용자 이메일 (선택)\x1B[39m\n' +
      '\x1B[1;32m     15\x1B[0m \x1B[38;5;124m)\x1B[39m\n' +
      '\x1B[1;32m     16\x1B[0m \x1B[38;5;124m\x1B[39m\x1B[38;5;124m"""\x1B[39m)\n' +
      '\x1B[1;32m     18\x1B[0m \x1B[38;5;66;03m# 반려동물 정보 테이블 생성\x1B[39;00m\n' +
      '\x1B[1;32m     19\x1B[0m cursor\x1B[38;5;241m.\x1B[39mexecute(\x1B[38;5;124m"""\x1B[39m\n' +
      '\x1B[1;32m     20\x1B[0m \x1B[38;5;124mCREATE TABLE IF NOT EXISTS pets (\x1B[39m\n' +
      '\x1B[1;32m     21\x1B[0m \x1B[38;5;124m    id INTEGER PRIMARY KEY AUTOINCREMENT, # 반려동물 ID (자동 증가)\x1B[39m\n' +
      '\x1B[0;32m   (...)\x1B[0m\n' +
      '\x1B[1;32m     28\x1B[0m \x1B[38;5;124m)\x1B[39m\n' +
      '\x1B[1;32m     29\x1B[0m \x1B[38;5;124m\x1B[39m\x1B[38;5;124m"""\x1B[39m)\n',
    '\x1B[0;31mOperationalError\x1B[0m: unrecognized token: "#"'
  ]
}
21:09:20.074 [warn] Cell completed with errors [iu [Error]: table user_profile has no column named username
	at n.execute (/home/~/.vscode-server/extensions/ms-toolsai.jupyter-2024.11.0-linux-x64/dist/extension.node.js:297:4958)] {
  ename: 'OperationalError',
  evalue: 'table user_profile has no column named username',
  traceback: [
    '\x1B[0;31m---------------------------------------------------------------------------\x1B[0m',
    '\x1B[0;31mOperationalError\x1B[0m                          Traceback (most recent call last)',
    'Cell \x1B[0;32mIn[5], line 136\x1B[0m\n' +
      '\x1B[1;32m    134\x1B[0m choice \x1B[38;5;241m=\x1B[39m \x1B[38;5;28minput\x1B[39m(\x1B[38;5;124m"\x1B[39m\x1B[38;5;124m선택: \x1B[39m\x1B[38;5;124m"\x1B[39m)\n' +
      '\x1B[1;32m    135\x1B[0m \x1B[38;5;28;01mif\x1B[39;00m choice \x1B[38;5;241m==\x1B[39m \x1B[38;5;124m"\x1B[39m\x1B[38;5;124m1\x1B[39m\x1B[38;5;124m"\x1B[39m:\n' +
      '\x1B[0;32m--> 136\x1B[0m     set_user_profile()\n' +
      '\x1B[1;32m    137\x1B[0m \x1B[38;5;28;01melif\x1B[39;00m choice \x1B[38;5;241m==\x1B[39m \x1B[38;5;124m"\x1B[39m\x1B[38;5;124m2\x1B[39m\x1B[38;5;124m"\x1B[39m:\n' +
      '\x1B[1;32m    138\x1B[0m     add_pet()\n',
    'Cell \x1B[0;32mIn[5], line 49\x1B[0m, in \x1B[0;36mset_user_profile\x1B[0;34m()\x1B[0m\n' +
      '\x1B[1;32m     46\x1B[0m email \x1B[38;5;241m=\x1B[39m \x1B[38;5;28minput\x1B[39m(\x1B[38;5;124m"\x1B[39m\x1B[38;5;124m사용자 이메일을 입력하세요 (선택): \x1B[39m\x1B[38;5;124m"\x1B[39m)\n' +
      '\x1B[1;32m     48\x1B[0m \x1B[38;5;66;03m# 사용자 정보를 테이블에 삽입\x1B[39;00m\n' +
      '\x1B[0;32m---> 49\x1B[0m cursor\x1B[38;5;241m.\x1B[39mexecute(\x1B[38;5;124m"""\x1B[39m\n' +
      '\x1B[1;32m     50\x1B[0m \x1B[38;5;124mINSERT INTO user_profile (username, password, name, email)\x1B[39m\n' +
      '\x1B[1;32m     51\x1B[0m \x1B[38;5;124mVALUES (?, ?, ?, ?)\x1B[39m\n' +
      '\x1B[1;32m     52\x1B[0m \x1B[38;5;124m\x1B[39m\x1B[38;5;124m"""\x1B[39m, (username, password, name, email))\n' +
      '\x1B[1;32m     53\x1B[0m conn\x1B[38;5;241m.\x1B[39mcommit()   \x1B[38;5;66;03m# 변경 사항 저장\x1B[39;00m\n' +
      '\x1B[1;32m     54\x1B[0m conn\x1B[38;5;241m.\x1B[39mclose()    \x1B[38;5;66;03m# 데이터베이스 연결 종료\x1B[39;00m\n',
    '\x1B[0;31mOperationalError\x1B[0m: table user_profile has no column named username'
  ]
}
21:44:37.631 [info] Disposing request as the cell (0) was deleted ~/Study/withpaw/withpaw.ipynb
21:44:37.631 [info] Disposing request as the cell (0) was deleted ~/Study/withpaw/withpaw.ipynb
21:44:37.631 [info] Disposing request as the cell (0) was deleted ~/Study/withpaw/withpaw.ipynb
21:44:37.631 [info] Disposing request as the cell (0) was deleted ~/Study/withpaw/withpaw.ipynb
21:44:37.631 [info] Disposing request as the cell (0) was deleted ~/Study/withpaw/withpaw.ipynb
21:44:37.631 [info] Disposing request as the cell (0) was deleted ~/Study/withpaw/withpaw.ipynb
21:44:37.632 [info] Dispose Kernel '~/Study/withpaw/withpaw.ipynb' associated with '~/Study/withpaw/withpaw.ipynb'
21:49:49.958 [info] Starting Kernel (Python Path: /opt/anaconda3/envs/bogdong/bin/python, Conda, 3.12.8) for '~/Study/250117.ipynb' (disableUI=true)
21:49:50.844 [info] Dispose Kernel '~/Study/250117.ipynb' associated with '~/Study/250117.ipynb'
21:49:50.845 [warn] Failed to shutdown kernel, .jvsc74a57bd08825821440f3862603bbdaf866cc8ac10bfab06393672815caa87c47036074fb./opt/anaconda3/envs/bogdong/python./opt/anaconda3/envs/bogdong/python.-m#ipykernel_launcher [TypeError: Cannot read properties of undefined (reading 'dispose')
	at $_.shutdown (/home/~/.vscode-server/extensions/ms-toolsai.jupyter-2024.11.0-linux-x64/dist/extension.node.js:304:13745)
	at process.processTicksAndRejections (node:internal/process/task_queues:95:5)
	at async q_.shutdown (/home/~/.vscode-server/extensions/ms-toolsai.jupyter-2024.11.0-linux-x64/dist/extension.node.js:304:22578)]
21:49:51.062 [info] Process Execution: /opt/anaconda3/envs/bogdong/bin/python -m pip list
21:49:51.074 [info] Process Execution: /opt/anaconda3/envs/bogdong/bin/python -c "import ipykernel; print(ipykernel.__version__); print("5dc3a68c-e34e-4080-9c3e-2a532b2ccb4d"); print(ipykernel.__file__)"
21:49:53.067 [info] Starting Kernel (Python Path: /opt/anaconda3/envs/bogdong/bin/python, Conda, 3.12.8) for '~/Study/withpaw/main.ipynb' (disableUI=false)
21:49:53.071 [info] Process Execution: /opt/anaconda3/envs/bogdong/bin/python -c "import ipykernel; print(ipykernel.__version__); print("5dc3a68c-e34e-4080-9c3e-2a532b2ccb4d"); print(ipykernel.__file__)"
21:49:53.077 [info] Process Execution: /opt/anaconda3/envs/bogdong/bin/python -m ipykernel_launcher --f=/home/~/.local/share/jupyter/runtime/kernel-v3883e278c6877a6070df056db308b65fff0b683e6.json
    > cwd: //home/~/Study/withpaw
21:49:53.339 [info] Kernel successfully started
21:49:53.476 [warn] Cell completed with errors [iu [Error]: No module named 'database'
	at n.execute (/home/~/.vscode-server/extensions/ms-toolsai.jupyter-2024.11.0-linux-x64/dist/extension.node.js:297:4958)] {
  ename: 'ModuleNotFoundError',
  evalue: "No module named 'database'",
  traceback: [
    '\x1B[0;31m---------------------------------------------------------------------------\x1B[0m',
    '\x1B[0;31mModuleNotFoundError\x1B[0m                       Traceback (most recent call last)',
    'Cell \x1B[0;32mIn[1], line 1\x1B[0m\n' +
      '\x1B[0;32m----> 1\x1B[0m \x1B[38;5;28;01mfrom\x1B[39;00m \x1B[38;5;21;01mdatabase\x1B[39;00m \x1B[38;5;28;01mimport\x1B[39;00m initialize_database, reset_database\n' +
      '\x1B[1;32m      2\x1B[0m \x1B[38;5;28;01mfrom\x1B[39;00m \x1B[38;5;21;01muser_management\x1B[39;00m \x1B[38;5;28;01mimport\x1B[39;00m set_user_profile, login\n' +
      '\x1B[1;32m      3\x1B[0m \x1B[38;5;28;01mfrom\x1B[39;00m \x1B[38;5;21;01mpet_management\x1B[39;00m \x1B[38;5;28;01mimport\x1B[39;00m add_pet, update_pet\n',
    "\x1B[0;31mModuleNotFoundError\x1B[0m: No module named 'database'"
  ]
}
21:50:06.783 [warn] Cell completed with errors [iu [Error]: No module named 'database'
	at n.execute (/home/~/.vscode-server/extensions/ms-toolsai.jupyter-2024.11.0-linux-x64/dist/extension.node.js:297:4958)] {
  ename: 'ModuleNotFoundError',
  evalue: "No module named 'database'",
  traceback: [
    '\x1B[0;31m---------------------------------------------------------------------------\x1B[0m',
    '\x1B[0;31mModuleNotFoundError\x1B[0m                       Traceback (most recent call last)',
    'Cell \x1B[0;32mIn[2], line 1\x1B[0m\n' +
      '\x1B[0;32m----> 1\x1B[0m \x1B[38;5;28;01mfrom\x1B[39;00m \x1B[38;5;21;01mdatabase\x1B[39;00m \x1B[38;5;28;01mimport\x1B[39;00m initialize_database, reset_database\n' +
      '\x1B[1;32m      2\x1B[0m \x1B[38;5;28;01mfrom\x1B[39;00m \x1B[38;5;21;01muser_management\x1B[39;00m \x1B[38;5;28;01mimport\x1B[39;00m set_user_profile, login\n' +
      '\x1B[1;32m      3\x1B[0m \x1B[38;5;28;01mfrom\x1B[39;00m \x1B[38;5;21;01mpet_management\x1B[39;00m \x1B[38;5;28;01mimport\x1B[39;00m add_pet, update_pet\n',
    "\x1B[0;31mModuleNotFoundError\x1B[0m: No module named 'database'"
  ]
}
21:52:03.175 [warn] Cell completed with errors [iu [Error]: No module named 'database'
	at n.execute (/home/~/.vscode-server/extensions/ms-toolsai.jupyter-2024.11.0-linux-x64/dist/extension.node.js:297:4958)] {
  ename: 'ModuleNotFoundError',
  evalue: "No module named 'database'",
  traceback: [
    '\x1B[0;31m---------------------------------------------------------------------------\x1B[0m',
    '\x1B[0;31mModuleNotFoundError\x1B[0m                       Traceback (most recent call last)',
    'Cell \x1B[0;32mIn[3], line 2\x1B[0m\n' +
      '\x1B[1;32m      1\x1B[0m \x1B[38;5;66;03m# 다른 파일에서 필요한 함수 가져오기\x1B[39;00m\n' +
      '\x1B[0;32m----> 2\x1B[0m \x1B[38;5;28;01mfrom\x1B[39;00m \x1B[38;5;21;01mdatabase\x1B[39;00m \x1B[38;5;28;01mimport\x1B[39;00m initialize_database\n' +
      '\x1B[1;32m      3\x1B[0m \x1B[38;5;28;01mfrom\x1B[39;00m \x1B[38;5;21;01muser_management\x1B[39;00m \x1B[38;5;28;01mimport\x1B[39;00m set_user_profile, login\n' +
      '\x1B[1;32m      4\x1B[0m \x1B[38;5;28;01mfrom\x1B[39;00m \x1B[38;5;21;01mpet_management\x1B[39;00m \x1B[38;5;28;01mimport\x1B[39;00m add_pet, update_pet\n',
    "\x1B[0;31mModuleNotFoundError\x1B[0m: No module named 'database'"
  ]
}
21:52:44.481 [info] Starting Kernel (Python Path: /opt/anaconda3/envs/bogdong/bin/python, Conda, 3.12.8) for '~/Study/withpaw/user_management.ipynb' (disableUI=false)
21:52:44.491 [info] Process Execution: /opt/anaconda3/envs/bogdong/bin/python -c "import ipykernel; print(ipykernel.__version__); print("5dc3a68c-e34e-4080-9c3e-2a532b2ccb4d"); print(ipykernel.__file__)"
21:52:44.495 [info] Process Execution: /opt/anaconda3/envs/bogdong/bin/python -m ipykernel_launcher --f=/home/~/.local/share/jupyter/runtime/kernel-v32769889ee82535fe051213cc0ab9085d87866aba.json
    > cwd: //home/~/Study/withpaw
21:52:44.774 [info] Kernel successfully started
21:54:45.195 [info] Disposing request as the cell (0) was deleted ~/Study/withpaw/user_management.ipynb
21:54:45.195 [info] Disposing request as the cell (0) was deleted ~/Study/withpaw/user_management.ipynb
21:54:45.195 [info] Disposing request as the cell (1) was deleted ~/Study/withpaw/user_management.ipynb
21:54:45.195 [info] Disposing request as the cell (1) was deleted ~/Study/withpaw/user_management.ipynb
21:54:45.195 [info] Dispose Kernel '~/Study/withpaw/user_management.ipynb' associated with '~/Study/withpaw/user_management.ipynb'
22:09:33.473 [info] Starting Kernel (Python Path: /opt/anaconda3/envs/bogdong/bin/python, Conda, 3.12.8) for '~/Study/250117.ipynb' (disableUI=true)
22:09:34.515 [info] Process Execution: /opt/anaconda3/envs/bogdong/bin/python -c "import ipykernel; print(ipykernel.__version__); print("5dc3a68c-e34e-4080-9c3e-2a532b2ccb4d"); print(ipykernel.__file__)"
22:09:34.517 [info] Process Execution: /opt/anaconda3/envs/bogdong/bin/python -m ipykernel_launcher --f=/home/~/.local/share/jupyter/runtime/kernel-v3229650d0aec3c15da9a860a0ffd279efe0213753.json
    > cwd: //home/~/Study
22:09:34.527 [info] Process Execution: /opt/anaconda3/envs/bogdong/bin/python -m pip list
22:09:34.754 [info] Kernel successfully started
02:56:51.547 [info] Dispose Kernel '~/Study/withpaw/withpaw.ipynb' associated with '~/Study/withpaw/withpaw.ipynb'
02:56:51.547 [info] Dispose Kernel '~/Study/250117.ipynb' associated with '~/Study/250117.ipynb'
02:56:51.547 [info] Dispose Kernel '~/Study/withpaw/main.ipynb' associated with '~/Study/withpaw/main.ipynb'
02:56:51.552 [info] Dispose Kernel '~/Study/withpaw/user_management.ipynb' associated with '~/Study/withpaw/user_management.ipynb'
02:56:51.552 [info] Dispose Kernel '~/Study/250117.ipynb' associated with '~/Study/250117.ipynb'
