2025-01-18 11:36:43.695 [info] [main] 로그 수준: Info
2025-01-18 11:36:43.695 [info] [main] "git"에서 찾은 git 유효성을 검사하는 중
2025-01-18 11:36:43.695 [info] [main] "2.43.0"에서 git "git"을(를) 사용하는 중
2025-01-18 11:36:43.695 [info] [Model][doInitialScan] Initial repository scan started
2025-01-18 11:36:43.695 [info] > git rev-parse --show-toplevel [1ms]
2025-01-18 11:36:43.695 [info] fatal: not a git repository (or any of the parent directories): .git
2025-01-18 11:36:43.695 [info] > git rev-parse --show-toplevel [0ms]
2025-01-18 11:36:43.695 [info] fatal: not a git repository (or any of the parent directories): .git
2025-01-18 11:36:43.695 [info] > git rev-parse --show-toplevel [1ms]
2025-01-18 11:36:43.695 [info] fatal: not a git repository (or any of the parent directories): .git
2025-01-18 11:36:43.695 [info] > git rev-parse --show-toplevel [0ms]
2025-01-18 11:36:43.695 [info] fatal: not a git repository (or any of the parent directories): .git
2025-01-18 11:36:43.695 [info] > git rev-parse --show-toplevel [1ms]
2025-01-18 11:36:43.695 [info] fatal: not a git repository (or any of the parent directories): .git
2025-01-18 11:36:43.695 [info] > git rev-parse --show-toplevel [0ms]
2025-01-18 11:36:43.695 [info] fatal: not a git repository (or any of the parent directories): .git
2025-01-18 11:36:43.695 [info] > git rev-parse --show-toplevel [1ms]
2025-01-18 11:36:43.695 [info] fatal: not a git repository (or any of the parent directories): .git
2025-01-18 11:36:43.695 [info] > git rev-parse --show-toplevel [1ms]
2025-01-18 11:36:43.695 [info] fatal: not a git repository (or any of the parent directories): .git
2025-01-18 11:36:43.695 [info] > git rev-parse --show-toplevel [0ms]
2025-01-18 11:36:43.695 [info] fatal: not a git repository (or any of the parent directories): .git
2025-01-18 11:36:43.695 [info] > git rev-parse --show-toplevel [1ms]
2025-01-18 11:36:43.695 [info] fatal: not a git repository (or any of the parent directories): .git
2025-01-18 11:36:43.695 [info] > git rev-parse --show-toplevel [0ms]
2025-01-18 11:36:43.695 [info] fatal: not a git repository (or any of the parent directories): .git
2025-01-18 11:36:43.695 [info] > git rev-parse --show-toplevel [1ms]
2025-01-18 11:36:43.695 [info] fatal: not a git repository (or any of the parent directories): .git
2025-01-18 11:36:43.695 [info] [Model][doInitialScan] Initial repository scan completed - repositories (0), closed repositories (0), parent repositories (0), unsafe repositories (0)
2025-01-18 11:36:44.546 [info] > git rev-parse --show-toplevel [1ms]
2025-01-18 11:36:44.546 [info] fatal: not a git repository (or any of the parent directories): .git
2025-01-18 11:44:14.897 [info] > git rev-parse --show-toplevel [2ms]
2025-01-18 11:44:14.897 [info] fatal: not a git repository (or any of the parent directories): .git
2025-01-18 11:44:26.819 [info] > git rev-parse --show-toplevel [1ms]
2025-01-18 11:44:26.819 [info] fatal: not a git repository (or any of the parent directories): .git
2025-01-18 11:45:01.494 [info] > git rev-parse --show-toplevel [0ms]
2025-01-18 11:45:01.494 [info] fatal: not a git repository (or any of the parent directories): .git
2025-01-18 11:54:28.243 [info] > git rev-parse --show-toplevel [1ms]
2025-01-18 11:54:28.243 [info] fatal: not a git repository (or any of the parent directories): .git
