2025-01-17 23:16:54.615 [info] [main] 로그 수준: Info
2025-01-17 23:16:54.615 [info] [main] "git"에서 찾은 git 유효성을 검사하는 중
2025-01-17 23:16:54.615 [info] [main] "2.43.0"에서 git "git"을(를) 사용하는 중
2025-01-17 23:16:54.615 [info] [Model][doInitialScan] Initial repository scan started
2025-01-17 23:16:54.615 [info] > git rev-parse --show-toplevel [3ms]
2025-01-17 23:16:54.615 [info] fatal: not a git repository (or any of the parent directories): .git
2025-01-17 23:16:54.616 [info] > git rev-parse --show-toplevel [2ms]
2025-01-17 23:16:54.616 [info] fatal: not a git repository (or any of the parent directories): .git
2025-01-17 23:16:54.620 [info] > git rev-parse --show-toplevel [1ms]
2025-01-17 23:16:54.620 [info] fatal: not a git repository (or any of the parent directories): .git
2025-01-17 23:16:54.622 [info] > git rev-parse --show-toplevel [1ms]
2025-01-17 23:16:54.622 [info] fatal: not a git repository (or any of the parent directories): .git
2025-01-17 23:16:54.624 [info] > git rev-parse --show-toplevel [1ms]
2025-01-17 23:16:54.624 [info] fatal: not a git repository (or any of the parent directories): .git
2025-01-17 23:16:54.626 [info] > git rev-parse --show-toplevel [1ms]
2025-01-17 23:16:54.626 [info] fatal: not a git repository (or any of the parent directories): .git
2025-01-17 23:16:54.627 [info] > git rev-parse --show-toplevel [0ms]
2025-01-17 23:16:54.627 [info] fatal: not a git repository (or any of the parent directories): .git
2025-01-17 23:16:54.629 [info] > git rev-parse --show-toplevel [0ms]
2025-01-17 23:16:54.629 [info] fatal: not a git repository (or any of the parent directories): .git
2025-01-17 23:16:54.632 [info] > git rev-parse --show-toplevel [2ms]
2025-01-17 23:16:54.632 [info] fatal: not a git repository (or any of the parent directories): .git
2025-01-17 23:16:54.634 [info] > git rev-parse --show-toplevel [1ms]
2025-01-17 23:16:54.634 [info] fatal: not a git repository (or any of the parent directories): .git
2025-01-17 23:16:54.641 [info] > git rev-parse --show-toplevel [5ms]
2025-01-17 23:16:54.641 [info] fatal: not a git repository (or any of the parent directories): .git
2025-01-17 23:16:54.643 [info] > git rev-parse --show-toplevel [1ms]
2025-01-17 23:16:54.643 [info] fatal: not a git repository (or any of the parent directories): .git
2025-01-17 23:16:54.645 [info] > git rev-parse --show-toplevel [1ms]
2025-01-17 23:16:54.645 [info] fatal: not a git repository (or any of the parent directories): .git
2025-01-17 23:16:54.646 [info] [Model][doInitialScan] Initial repository scan completed - repositories (0), closed repositories (0), parent repositories (0), unsafe repositories (0)
2025-01-17 23:16:56.013 [info] > git rev-parse --show-toplevel [1ms]
2025-01-17 23:16:56.013 [info] fatal: not a git repository (or any of the parent directories): .git
2025-01-17 23:31:27.712 [info] > git rev-parse --show-toplevel [0ms]
2025-01-17 23:31:27.712 [info] fatal: not a git repository (or any of the parent directories): .git
