2025-01-20 11:16:37.045 [info] 실험 'pythonRecommendTensorboardExt'이(가) 활성 상태입니다.
2025-01-20 11:16:37.045 [info] 실험 'pythonTerminalEnvVarActivation'이(가) 활성 상태입니다.
2025-01-20 11:16:37.045 [info] 실험 'pythonTestAdapter'이(가) 활성 상태입니다.
2025-01-20 11:16:37.045 [info] Native locator: Refresh started
2025-01-20 11:16:37.045 [info] Native locator: Refresh started
2025-01-20 11:16:37.056 [info] > pyenv which python
2025-01-20 11:16:37.056 [info] cwd: .
2025-01-20 11:16:37.075 [info] Conda environment manager found at: /opt/anaconda3/bin/conda
2025-01-20 11:16:37.158 [info] > /opt/anaconda3/bin/conda info --json
2025-01-20 11:16:37.259 [info] Native locator: Refresh finished in 776 ms
2025-01-20 11:16:37.264 [info] Python 인터프리터 경로: /bin/python3
2025-01-20 11:16:47.721 [info] Pylance 언어 서버를 시작하는 중입니다.
2025-01-20 11:21:48.409 [info] Discover tests for workspace name: iujeong - uri: /home/iujeong/Study/my_package2/module1.py
2025-01-20 11:21:48.981 [info] Discover tests for workspace name: iujeong - uri: /home/iujeong/Study/my_package2/module1.py
2025-01-20 11:23:21.038 [info] > /bin/python3 ./.vscode-server/extensions/ms-python.python-2024.22.2/python_files/normalizeSelection.py
2025-01-20 11:23:21.185 [info] Native locator: Refresh started
2025-01-20 11:23:21.197 [info] Conda environment manager found at: /opt/anaconda3/bin/conda
2025-01-20 11:23:21.288 [info] Native locator: Refresh finished in 102 ms
2025-01-20 11:23:27.284 [info] Discover tests for workspace name: iujeong - uri: /home/iujeong/Study/my_package2/sub_package/module2.py
2025-01-20 11:23:51.110 [info] Discover tests for workspace name: iujeong - uri: /home/iujeong/Study/my_package2/module1.py
2025-01-20 11:23:51.800 [info] Discover tests for workspace name: iujeong - uri: /home/iujeong/Study/my_package2/module1.py
2025-01-20 11:23:59.508 [info] Discover tests for workspace name: iujeong - uri: /home/iujeong/Study/my_package2/module1.py
2025-01-20 11:25:48.688 [info] Discover tests for workspace name: iujeong - uri: /home/iujeong/Study/my_package2/module1.py
2025-01-20 11:26:08.747 [info] Discover tests for workspace name: iujeong - uri: /home/iujeong/Study/my_package2/module1.py
2025-01-20 11:26:09.443 [info] Discover tests for workspace name: iujeong - uri: /home/iujeong/Study/my_package2/module1.py
2025-01-20 11:26:10.921 [info] Discover tests for workspace name: iujeong - uri: /home/iujeong/Study/my_package2/module1.py
2025-01-20 11:26:11.639 [info] Discover tests for workspace name: iujeong - uri: /home/iujeong/Study/my_package2/module1.py
2025-01-20 11:26:11.937 [info] Discover tests for workspace name: iujeong - uri: /home/iujeong/Study/my_package2/module1.py
