2025-01-20 11:16:37.488 [info] [Info  - 오전 11:16:37] (205096) Server root directory: file:///home/iujeong/.vscode-server/extensions/ms-python.vscode-pylance-2024.12.1/dist
2025-01-20 11:16:37.489 [info] [Info  - 오전 11:16:37] (205096) Pylance language server 2024.12.1 (pyright version 1.1.389, commit ce1325fc) starting
2025-01-20 11:16:37.491 [info] [Info  - 오전 11:16:37] (205096) Starting service instance "iujeong"
2025-01-20 11:16:37.510 [info] [Info  - 오전 11:16:37] (205096) Setting environmentName for service "iujeong": "3.12.3 (글로벌)"
2025-01-20 11:16:37.510 [info] [Info  - 오전 11:16:37] (205096) Setting pythonPath for service "iujeong": "/bin/python3"
2025-01-20 11:16:37.510 [info] [Info  - 오전 11:16:37] (205096) No include entries specified; assuming /home/iujeong
2025-01-20 11:16:37.510 [info] [Info  - 오전 11:16:37] (205096) Auto-excluding **/node_modules
2025-01-20 11:16:37.510 [info] [Info  - 오전 11:16:37] (205096) Auto-excluding **/__pycache__
2025-01-20 11:16:37.510 [info] [Info  - 오전 11:16:37] (205096) Auto-excluding **/.*
2025-01-20 11:16:37.522 [info] [Info  - 오전 11:16:37] (205096) Assuming Python version 3.12.3.final.0
2025-01-20 11:16:37.556 [info] [Info  - 오전 11:16:37] (205096) Found 9 source files
2025-01-20 11:16:37.708 [info] [Info  - 오전 11:16:37] (205096) Background analysis(1) root directory: file:///home/iujeong/.vscode-server/extensions/ms-python.vscode-pylance-2024.12.1/dist
2025-01-20 11:16:37.709 [info] [Info  - 오전 11:16:37] (205096) Background analysis(1) started
2025-01-20 11:16:37.788 [info] [Info  - 오전 11:16:37] (205096) Indexer background runner(2) root directory: file:///home/iujeong/.vscode-server/extensions/ms-python.vscode-pylance-2024.12.1/dist (index)
2025-01-20 11:16:37.788 [info] [Info  - 오전 11:16:37] (205096) Indexing(2) started
2025-01-20 11:16:37.908 [info] [Info  - 오전 11:16:37] (205096) scanned(2) 97 files over 1 exec env
2025-01-20 11:16:38.002 [info] [Info  - 오전 11:16:38] (205096) indexed(2) 97 files over 1 exec env
2025-01-20 11:16:38.017 [info] [Info  - 오전 11:16:38] (205096) Indexing finished(2).
2025-01-20 11:16:47.721 [info] (Client) The existing extension didn't exit within 10 seconds. New instance will start, but you might encounter issues.
2025-01-20 11:16:47.721 [info] (Client) Pylance async client (2024.12.1) started with python extension (2024.22.2)
2025-01-20 11:18:51.912 [info] [Info  - 오전 11:18:51] (205096) Found 10 source files
2025-01-20 11:19:08.893 [info] [Info  - 오전 11:19:08] (205096) Found 11 source files
2025-01-20 11:19:30.667 [info] [Info  - 오전 11:19:30] (205096) Found 11 source files
2025-01-20 11:19:39.608 [info] [Info  - 오전 11:19:39] (205096) Found 12 source files
2025-01-20 11:19:50.940 [info] [Info  - 오전 11:19:50] (205096) Found 13 source files
2025-01-20 11:21:31.600 [info] [Info  - 오전 11:21:31] (205096) Starting service instance "<default>"
2025-01-20 11:21:31.629 [info] [Info  - 오전 11:21:31] (205096) Setting environmentName for service "<default>": "3.12.3 (글로벌)"
2025-01-20 11:21:31.629 [info] [Info  - 오전 11:21:31] (205096) Setting pythonPath for service "<default>": "/bin/python3"
2025-01-20 11:21:31.630 [info] [Info  - 오전 11:21:31] (205096) No include entries specified; assuming /<default workspace root>
2025-01-20 11:21:31.630 [info] [Info  - 오전 11:21:31] (205096) Auto-excluding **/node_modules
2025-01-20 11:21:31.630 [info] [Info  - 오전 11:21:31] (205096) Auto-excluding **/__pycache__
2025-01-20 11:21:31.630 [info] [Info  - 오전 11:21:31] (205096) Auto-excluding **/.*
2025-01-20 11:21:31.645 [info] [Info  - 오전 11:21:31] (205096) Assuming Python version 3.12.3.final.0
2025-01-20 11:21:31.663 [info] [Error - 오전 11:21:31] (205096) File or directory "/<default workspace root>" does not exist.
2025-01-20 11:21:31.663 [info] [Info  - 오전 11:21:31] (205096) No source files found.
2025-01-20 11:21:31.822 [info] [Info  - 오전 11:21:31] (205096) Background analysis(3) root directory: file:///home/iujeong/.vscode-server/extensions/ms-python.vscode-pylance-2024.12.1/dist
2025-01-20 11:21:31.823 [info] [Info  - 오전 11:21:31] (205096) Background analysis(3) started
2025-01-20 11:23:21.241 [info] [Info  - 오전 11:23:21] (205096) Starting service instance "iujeong"
2025-01-20 11:23:21.269 [info] [Info  - 오전 11:23:21] (205096) Setting environmentName for service "iujeong": "3.12.3 (글로벌)"
2025-01-20 11:23:21.269 [info] [Info  - 오전 11:23:21] (205096) Setting pythonPath for service "iujeong": "/home/iujeong/.vscode-server/extensions/ms-python.vscode-pylance-2024.12.1/dist"
2025-01-20 11:23:21.269 [info] [Info  - 오전 11:23:21] (205096) No include entries specified; assuming /home/iujeong
2025-01-20 11:23:21.269 [info] [Info  - 오전 11:23:21] (205096) Auto-excluding **/node_modules
2025-01-20 11:23:21.269 [info] [Info  - 오전 11:23:21] (205096) Auto-excluding **/__pycache__
2025-01-20 11:23:21.270 [info] [Info  - 오전 11:23:21] (205096) Auto-excluding **/.*
2025-01-20 11:23:21.281 [info] [Info  - 오전 11:23:21] (205096) Found 13 source files
2025-01-20 11:23:21.451 [info] [Info  - 오전 11:23:21] (205096) Background analysis(4) root directory: file:///home/iujeong/.vscode-server/extensions/ms-python.vscode-pylance-2024.12.1/dist
2025-01-20 11:23:21.452 [info] [Info  - 오전 11:23:21] (205096) Background analysis(4) started
2025-01-20 11:23:21.493 [info] [Info  - 오전 11:23:21] (205096) Indexer background runner(5) root directory: file:///home/iujeong/.vscode-server/extensions/ms-python.vscode-pylance-2024.12.1/dist (index)
2025-01-20 11:23:21.493 [info] [Info  - 오전 11:23:21] (205096) Indexing(5) started
2025-01-20 11:23:21.619 [info] [Info  - 오전 11:23:21] (205096) scanned(5) 1 files over 1 exec env
2025-01-20 11:23:21.706 [info] [Info  - 오전 11:23:21] (205096) indexed(5) 1 files over 1 exec env
2025-01-20 11:23:21.716 [info] [Info  - 오전 11:23:21] (205096) Indexing finished(5).
2025-01-20 11:24:29.915 [info] [Info  - 오전 11:24:29] (205096) Found 13 source files
2025-01-20 11:25:15.799 [info] [Info  - 오전 11:25:15] (205096) Found 13 source files
