2025-01-17 17:16:07.286 [info] l10n: Problems loading vscode-local:/Users/iujeong/.vscode/extensions/ms-ceintl.vscode-language-pack-ko-1.96.2024121109/translations/extensions/vscode.json-language-features.i18n.json : Error: Unsupported protocol
2025-01-17 17:16:07.296 [info] read schema from vscode: vscode://schemas/settings/user
2025-01-17 17:16:07.296 [info] cancelled
2025-01-17 17:16:07.368 [info] read schema from vscode: vscode://schemas/settings/resourceLanguage
2025-01-17 17:16:07.372 [info] read schema from vscode: vscode://schemas/launch
2025-01-17 17:16:07.373 [info] read schema from vscode: vscode://schemas/token-styling
2025-01-17 17:16:07.373 [info] read schema from vscode: vscode://schemas/textmate-colors
2025-01-17 17:16:07.373 [info] read schema from vscode: vscode://schemas/workbench-colors
2025-01-17 17:16:07.374 [info] read schema from vscode: vscode://schemas/ignoredSettings
2025-01-17 17:16:08.263 [info] schema change detected vscode://schemas/settings/resourceLanguage
2025-01-17 17:16:08.264 [info] read schema from vscode: vscode://schemas/settings/user
2025-01-17 17:16:08.265 [info] schema change detected vscode://schemas/ignoredSettings
2025-01-17 17:16:08.317 [info] read schema from vscode: vscode://schemas/settings/resourceLanguage
2025-01-17 17:16:08.320 [info] read schema from vscode: vscode://schemas/ignoredSettings
2025-01-17 17:16:08.323 [info] schema change detected vscode://schemas/settings/user
2025-01-17 17:16:08.364 [info] cancelled
2025-01-17 17:16:08.365 [info] read schema from vscode: vscode://schemas/settings/user
2025-01-17 17:16:09.174 [info] schema change detected vscode://schemas/ignoredSettings
2025-01-17 17:16:09.182 [info] read schema from vscode: vscode://schemas/settings/user
2025-01-17 17:16:09.242 [info] schema change detected vscode://schemas/settings/user
2025-01-17 17:16:09.257 [info] read schema from vscode: vscode://schemas/settings/resourceLanguage
2025-01-17 17:16:09.259 [info] read schema from vscode: vscode://schemas/launch
2025-01-17 17:16:09.260 [info] read schema from vscode: vscode://schemas/token-styling
2025-01-17 17:16:09.260 [info] read schema from vscode: vscode://schemas/textmate-colors
2025-01-17 17:16:09.260 [info] read schema from vscode: vscode://schemas/workbench-colors
2025-01-17 17:16:09.260 [info] read schema from vscode: vscode://schemas/ignoredSettings
2025-01-17 17:16:09.365 [info] cancelled
2025-01-17 17:16:09.365 [info] read schema from vscode: vscode://schemas/settings/user
2025-01-17 17:16:09.535 [info] schema change detected vscode://schemas/settings/user
2025-01-17 17:16:09.537 [info] read schema from vscode: vscode://schemas/settings/user
2025-01-17 17:16:12.212 [info] schema change detected vscode://schemas/launch
2025-01-17 17:16:12.213 [info] read schema from vscode: vscode://schemas/settings/user
2025-01-17 17:16:12.317 [info] read schema from vscode: vscode://schemas/launch
2025-01-17 17:16:13.697 [info] schema change detected vscode://schemas/settings/user
2025-01-17 17:16:13.698 [info] read schema from vscode: vscode://schemas/settings/user
2025-01-17 17:16:18.902 [info] schema change detected vscode://schemas/settings/user
2025-01-17 17:16:18.903 [info] read schema from vscode: vscode://schemas/settings/user
2025-01-17 17:16:24.584 [info] schema change detected vscode://schemas/settings/user
2025-01-17 17:16:24.585 [info] read schema from vscode: vscode://schemas/settings/user
2025-01-17 17:17:28.087 [info] schema change detected vscode://schemas/settings/user
2025-01-17 17:17:28.088 [info] read schema from vscode: vscode://schemas/settings/user
2025-01-17 17:17:29.110 [info] schema change detected vscode://schemas/launch
2025-01-17 17:17:29.111 [info] read schema from vscode: vscode://schemas/settings/user
2025-01-17 17:17:29.246 [info] read schema from vscode: vscode://schemas/launch
