2025-01-17 21:08:53.475 [info] [main] 로그 수준: Info
2025-01-17 21:08:53.475 [info] [main] "git"에서 찾은 git 유효성을 검사하는 중
2025-01-17 21:08:53.475 [info] [main] "2.43.0"에서 git "git"을(를) 사용하는 중
2025-01-17 21:08:53.475 [info] [Model][doInitialScan] Initial repository scan started
2025-01-17 21:08:53.475 [info] > git rev-parse --show-toplevel [1ms]
2025-01-17 21:08:53.475 [info] fatal: not a git repository (or any of the parent directories): .git
2025-01-17 21:08:53.475 [info] > git rev-parse --show-toplevel [287ms]
2025-01-17 21:08:53.475 [info] fatal: not a git repository (or any of the parent directories): .git
2025-01-17 21:08:53.475 [info] > git rev-parse --show-toplevel [5ms]
2025-01-17 21:08:53.475 [info] fatal: not a git repository (or any of the parent directories): .git
2025-01-17 21:08:53.475 [info] > git rev-parse --show-toplevel [5ms]
2025-01-17 21:08:53.475 [info] fatal: not a git repository (or any of the parent directories): .git
2025-01-17 21:08:53.721 [info] > git rev-parse --show-toplevel [4ms]
2025-01-17 21:08:53.721 [info] fatal: not a git repository (or any of the parent directories): .git
2025-01-17 21:08:53.724 [info] > git rev-parse --show-toplevel [1ms]
2025-01-17 21:08:53.724 [info] fatal: not a git repository (or any of the parent directories): .git
2025-01-17 21:08:53.726 [info] > git rev-parse --show-toplevel [1ms]
2025-01-17 21:08:53.726 [info] fatal: not a git repository (or any of the parent directories): .git
2025-01-17 21:08:53.734 [info] > git rev-parse --show-toplevel [4ms]
2025-01-17 21:08:53.734 [info] fatal: not a git repository (or any of the parent directories): .git
2025-01-17 21:08:53.737 [info] > git rev-parse --show-toplevel [0ms]
2025-01-17 21:08:53.737 [info] fatal: not a git repository (or any of the parent directories): .git
2025-01-17 21:08:53.738 [info] [Model][doInitialScan] Initial repository scan completed - repositories (0), closed repositories (0), parent repositories (0), unsafe repositories (0)
2025-01-17 21:08:54.457 [info] > git rev-parse --show-toplevel [0ms]
2025-01-17 21:08:54.457 [info] fatal: not a git repository (or any of the parent directories): .git
