2025-01-18 11:36:43.985 [info] Starting Python Locator /home/iujeong/.vscode-server/extensions/ms-python.python-2024.22.2/python-env-tools/bin/pet server
2025-01-18 11:36:43.986 [info] Discovered manager: (Conda) /opt/anaconda3/bin/conda
2025-01-18 11:36:43.986 [info] Discovered env: /opt/anaconda3/bin/python
2025-01-18 11:36:43.990 [info] Discovered env: /opt/anaconda3/envs/python=3.13
2025-01-18 11:36:43.993 [info] Discovered env: /opt/anaconda3/envs/JokerK/bin/python
2025-01-18 11:36:43.993 [info] Discovered env: /opt/anaconda3/envs/aicar/bin/python
2025-01-18 11:36:43.993 [info] Discovered env: /opt/anaconda3/envs/bin345/bin/python
2025-01-18 11:36:43.993 [info] Discovered env: /opt/anaconda3/envs/bin123/bin/python
2025-01-18 11:36:43.993 [info] Discovered env: /opt/anaconda3/envs/hansol/bin/python
2025-01-18 11:36:43.993 [info] Discovered env: /opt/anaconda3/envs/dlalsrb123/bin/python
2025-01-18 11:36:43.993 [info] Discovered env: /opt/anaconda3/envs/autopilot_lsm/bin/python
2025-01-18 11:36:43.993 [info] Discovered env: /opt/anaconda3/envs/test999/bin/python
2025-01-18 11:36:43.994 [info] Discovered env: /opt/anaconda3/envs/env_lsy/bin/python
2025-01-18 11:36:43.994 [info] Discovered env: /opt/anaconda3/envs/goguma/bin/python
2025-01-18 11:36:43.994 [info] Discovered env: /opt/anaconda3/envs/gps/bin/python
2025-01-18 11:36:43.994 [info] Discovered env: /opt/anaconda3/envs/kaldi/bin/python
2025-01-18 11:36:43.994 [info] Discovered env: /opt/anaconda3/envs/basic/bin/python
2025-01-18 11:36:43.994 [info] Discovered env: /opt/anaconda3/envs/jayeon/bin/python
2025-01-18 11:36:43.994 [info] Discovered env: /opt/anaconda3/envs/myenv/bin/python
2025-01-18 11:36:43.994 [info] Discovered env: /opt/anaconda3/envs/bin234/bin/python
2025-01-18 11:36:43.994 [info] Discovered env: /opt/anaconda3/envs/ehdnjs_yolo/bin/python
2025-01-18 11:36:43.994 [info] Discovered env: /opt/anaconda3/envs/ezh123/bin/python
2025-01-18 11:36:43.994 [info] Discovered env: /opt/anaconda3/envs/golf/bin/python
2025-01-18 11:36:43.994 [info] Discovered env: /opt/anaconda3/envs/cdp310/bin/python
2025-01-18 11:36:43.994 [info] Discovered env: /opt/anaconda3/envs/newenv/bin/python
2025-01-18 11:36:43.994 [info] Discovered env: /opt/anaconda3/envs/lanenet_env/bin/python
2025-01-18 11:36:43.994 [info] Discovered env: /opt/anaconda3/envs/kgjtest/bin/python
2025-01-18 11:36:43.994 [info] Discovered env: /opt/anaconda3/envs/test1299/bin/python
2025-01-18 11:36:43.994 [info] Discovered env: /opt/anaconda3/envs/bk7602/bin/python
2025-01-18 11:36:43.994 [info] Discovered env: /opt/anaconda3/envs/skaigroove/bin/python
2025-01-18 11:36:43.994 [info] Discovered env: /opt/anaconda3/envs/surveybay/bin/python
2025-01-18 11:36:43.994 [info] Discovered env: /opt/anaconda3/envs/test1026/bin/python
2025-01-18 11:36:43.994 [info] Discovered env: /opt/anaconda3/envs/person_tracking/bin/python
2025-01-18 11:36:43.994 [info] Discovered env: /opt/anaconda3/envs/water/bin/python
2025-01-18 11:36:43.994 [info] Discovered env: /opt/anaconda3/envs/yolop/bin/python
2025-01-18 11:36:43.994 [info] Discovered env: /opt/anaconda3/envs/yangpa/bin/python
2025-01-18 11:36:43.994 [info] Discovered env: /usr/bin/python3
2025-01-18 11:36:43.995 [info] Discovered env: /opt/anaconda3/envs/nanie1664/bin/python
2025-01-18 11:36:43.995 [info] Discovered env: /bin/python3
2025-01-18 11:36:43.995 [info] Discovered env: /opt/anaconda3/envs/msoh/bin/python
2025-01-18 11:36:43.995 [info] Discovered env: /opt/anaconda3/envs/KGJ/bin/python
2025-01-18 11:36:43.995 [info] Discovered env: /opt/anaconda3/envs/cju_mlane/bin/python
2025-01-18 11:36:43.995 [info] Discovered env: /opt/anaconda3/envs/nanie/bin/python
2025-01-18 11:36:43.995 [info] Discovered env: /opt/anaconda3/envs/adas_cju/bin/python
2025-01-18 11:36:43.995 [info] Discovered env: /opt/anaconda3/envs/bogdong/bin/python
2025-01-18 11:36:43.995 [info] Discovered env: /opt/anaconda3/envs/cju/bin/python
2025-01-18 11:36:43.995 [info] Discovered env: /opt/anaconda3/envs/nanie1/bin/python
2025-01-18 11:36:43.995 [info] Discovered env: /opt/anaconda3/envs/hjjeon/bin/python
2025-01-18 11:36:43.995 [info] Discovered env: /opt/anaconda3/envs/jha/bin/python
2025-01-18 11:36:43.995 [info] Discovered env: /opt/anaconda3/envs/test8737/bin/python
2025-01-18 11:36:43.995 [info] Discovered env: /opt/anaconda3/envs/cgh/bin/python
2025-01-18 11:36:43.995 [info] Discovered env: /opt/anaconda3/envs/test123/bin/python
2025-01-18 11:36:43.995 [info] Discovered env: /opt/anaconda3/envs/shkim/bin/python
2025-01-18 11:36:43.995 [info] Discovered env: /opt/anaconda3/envs/torch/bin/python
2025-01-18 11:36:43.995 [info] Locator Conda took 67.998887ms
2025-01-18 11:36:43.995 [info] Locator Homebrew took 621.554µs
2025-01-18 11:36:43.995 [info] Locator LinuxGlobal took 66.055359ms
2025-01-18 11:36:43.995 [info] Locator PipEnv took 33.761µs
2025-01-18 11:36:43.995 [info] Locator Poetry took 347.961µs
2025-01-18 11:36:43.995 [info] Locator PyEnv took 373.014µs
2025-01-18 11:36:43.995 [info] Locator Venv took 27.01µs
2025-01-18 11:36:43.995 [info] Locator VirtualEnv took 142.686µs
2025-01-18 11:36:43.995 [info] Locator VirtualEnvWrapper took 45.976µs
2025-01-18 11:36:43.995 [info] Locator GlobalVirtualEnvs took 310.346µs
2025-01-18 11:36:43.995 [info] Locator Locators took 68.105768ms
2025-01-18 11:36:43.995 [info] Locator Path took 114.542843ms
2025-01-18 11:36:43.995 [info] Locator Workspaces took 2.713174ms
2025-01-18 11:36:43.995 [info] Refresh completed in 114ms
2025-01-18 11:36:44.000 [info] Resolved Python Environment /usr/bin/python3
2025-01-18 11:36:44.139 [info] Resolved Python Environment /bin/python3
2025-01-18 11:37:14.860 [info] Resolved Python Environment /bin/python3
2025-01-18 11:40:01.504 [info] Resolved Python Environment /bin/python3
2025-01-18 11:41:42.282 [info] Resolved Python Environment /bin/python3
2025-01-18 11:41:47.091 [info] Resolved Python Environment /usr/bin/python3
2025-01-18 11:44:14.920 [info] Resolved Python Environment /bin/python3
2025-01-18 11:45:01.504 [info] Resolved Python Environment /bin/python3
2025-01-18 11:45:13.875 [info] Discovered manager: (Conda) /opt/anaconda3/bin/conda
2025-01-18 11:45:13.875 [info] Discovered env: /opt/anaconda3/bin/python
2025-01-18 11:45:13.898 [info] Discovered env: /opt/anaconda3/envs/python=3.13
2025-01-18 11:45:13.899 [info] Discovered env: /opt/anaconda3/envs/bin123/bin/python
2025-01-18 11:45:13.899 [info] Discovered env: /opt/anaconda3/envs/basic/bin/python
2025-01-18 11:45:13.899 [info] Discovered env: /opt/anaconda3/envs/JokerK/bin/python
2025-01-18 11:45:13.899 [info] Discovered env: /opt/anaconda3/envs/autopilot_lsm/bin/python
2025-01-18 11:45:13.900 [info] Discovered env: /opt/anaconda3/envs/bin345/bin/python
2025-01-18 11:45:13.900 [info] Discovered env: /opt/anaconda3/envs/aicar/bin/python
2025-01-18 11:45:13.901 [info] Discovered env: /opt/anaconda3/envs/bin234/bin/python
2025-01-18 11:45:13.901 [info] Discovered env: /opt/anaconda3/envs/cdp310/bin/python
2025-01-18 11:45:13.902 [info] Discovered env: /opt/anaconda3/envs/ehdnjs_yolo/bin/python
2025-01-18 11:45:13.902 [info] Discovered env: /opt/anaconda3/envs/goguma/bin/python
2025-01-18 11:45:13.903 [info] Discovered env: /opt/anaconda3/envs/ezh123/bin/python
2025-01-18 11:45:13.904 [info] Discovered env: /opt/anaconda3/envs/gps/bin/python
2025-01-18 11:45:13.905 [info] Discovered env: /opt/anaconda3/envs/kaldi/bin/python
2025-01-18 11:45:13.905 [info] Discovered env: /opt/anaconda3/envs/jayeon/bin/python
2025-01-18 11:45:13.905 [info] Discovered env: /opt/anaconda3/envs/hansol/bin/python
2025-01-18 11:45:13.906 [info] Discovered env: /opt/anaconda3/envs/bk7602/bin/python
2025-01-18 11:45:13.906 [info] Discovered env: /opt/anaconda3/envs/dlalsrb123/bin/python
2025-01-18 11:45:13.907 [info] Discovered env: /opt/anaconda3/envs/golf/bin/python
2025-01-18 11:45:13.907 [info] Discovered env: /opt/anaconda3/envs/test1299/bin/python
2025-01-18 11:45:13.907 [info] Discovered env: /opt/anaconda3/envs/lanenet_env/bin/python
2025-01-18 11:45:13.908 [info] Discovered env: /opt/anaconda3/envs/env_lsy/bin/python
2025-01-18 11:45:13.908 [info] Discovered env: /opt/anaconda3/envs/test999/bin/python
2025-01-18 11:45:13.908 [info] Discovered env: /opt/anaconda3/envs/myenv/bin/python
2025-01-18 11:45:13.909 [info] Discovered env: /opt/anaconda3/envs/newenv/bin/python
2025-01-18 11:45:13.909 [info] Discovered env: /opt/anaconda3/envs/skaigroove/bin/python
2025-01-18 11:45:13.909 [info] Discovered env: /opt/anaconda3/envs/surveybay/bin/python
2025-01-18 11:45:13.910 [info] Discovered env: /opt/anaconda3/envs/person_tracking/bin/python
2025-01-18 11:45:13.910 [info] Discovered env: /opt/anaconda3/envs/water/bin/python
2025-01-18 11:45:13.910 [info] Discovered env: /opt/anaconda3/envs/kgjtest/bin/python
2025-01-18 11:45:13.910 [info] Discovered env: /opt/anaconda3/envs/yangpa/bin/python
2025-01-18 11:45:13.911 [info] Discovered env: /opt/anaconda3/envs/KGJ/bin/python
2025-01-18 11:45:13.911 [info] Discovered env: /opt/anaconda3/envs/yolop/bin/python
2025-01-18 11:45:13.911 [info] Discovered env: /opt/anaconda3/envs/cju_mlane/bin/python
2025-01-18 11:45:13.911 [info] Discovered env: /opt/anaconda3/envs/bogdong/bin/python
2025-01-18 11:45:13.911 [info] Discovered env: /opt/anaconda3/envs/nanie1664/bin/python
2025-01-18 11:45:13.912 [info] Discovered env: /opt/anaconda3/envs/test1026/bin/python
2025-01-18 11:45:13.912 [info] Discovered env: /opt/anaconda3/envs/adas_cju/bin/python
2025-01-18 11:45:13.912 [info] Discovered env: /opt/anaconda3/envs/nanie/bin/python
2025-01-18 11:45:13.912 [info] Discovered env: /opt/anaconda3/envs/msoh/bin/python
2025-01-18 11:45:13.912 [info] Discovered env: /opt/anaconda3/envs/cju/bin/python
2025-01-18 11:45:13.912 [info] Discovered env: /opt/anaconda3/envs/hjjeon/bin/python
2025-01-18 11:45:13.913 [info] Discovered env: /opt/anaconda3/envs/jha/bin/python
2025-01-18 11:45:13.913 [info] Discovered env: /opt/anaconda3/envs/nanie1/bin/python
2025-01-18 11:45:13.913 [info] Discovered env: /opt/anaconda3/envs/test8737/bin/python
2025-01-18 11:45:13.913 [info] Discovered env: /opt/anaconda3/envs/cgh/bin/python
2025-01-18 11:45:13.913 [info] Discovered env: /opt/anaconda3/envs/test123/bin/python
2025-01-18 11:45:13.915 [info] Discovered env: /opt/anaconda3/envs/shkim/bin/python
2025-01-18 11:45:13.915 [info] Discovered env: /opt/anaconda3/envs/torch/bin/python
2025-01-18 11:45:13.918 [info] Discovered env: /bin/python3
2025-01-18 11:45:13.920 [info] Discovered env: /usr/bin/python3
2025-01-18 11:45:13.963 [info] Locator Conda took 51.1245ms
2025-01-18 11:45:13.963 [info] Locator Homebrew took 27.245µs
2025-01-18 11:45:13.963 [info] Locator LinuxGlobal took 54.762432ms
2025-01-18 11:45:13.963 [info] Locator PipEnv took 11.169µs
2025-01-18 11:45:13.963 [info] Locator Poetry took 215.697µs
2025-01-18 11:45:13.963 [info] Locator PyEnv took 144.412µs
2025-01-18 11:45:13.963 [info] Locator Venv took 7.76µs
2025-01-18 11:45:13.963 [info] Locator VirtualEnv took 11.808µs
2025-01-18 11:45:13.963 [info] Locator VirtualEnvWrapper took 7.829µs
2025-01-18 11:45:13.963 [info] Locator GlobalVirtualEnvs took 89.548µs
2025-01-18 11:45:13.963 [info] Locator Locators took 56.19999ms
2025-01-18 11:45:13.963 [info] Locator Path took 99.635278ms
2025-01-18 11:45:13.963 [info] Locator Workspaces took 2.420146ms
2025-01-18 11:45:13.963 [info] Refresh completed in 99ms
2025-01-18 11:45:15.884 [info] Resolved Python Environment /usr/bin/python3
2025-01-18 11:45:34.172 [info] Discovered manager: (Conda) /opt/anaconda3/bin/conda
2025-01-18 11:45:34.172 [info] Discovered env: /opt/anaconda3/bin/python
2025-01-18 11:45:34.194 [info] Discovered env: /opt/anaconda3/envs/aicar/bin/python
2025-01-18 11:45:34.195 [info] Discovered env: /opt/anaconda3/envs/python=3.13
2025-01-18 11:45:34.195 [info] Discovered env: /opt/anaconda3/envs/bin123/bin/python
2025-01-18 11:45:34.195 [info] Discovered env: /opt/anaconda3/envs/JokerK/bin/python
2025-01-18 11:45:34.196 [info] Discovered env: /opt/anaconda3/envs/autopilot_lsm/bin/python
2025-01-18 11:45:34.196 [info] Discovered env: /opt/anaconda3/envs/basic/bin/python
2025-01-18 11:45:34.196 [info] Discovered env: /opt/anaconda3/envs/bin345/bin/python
2025-01-18 11:45:34.197 [info] Discovered env: /opt/anaconda3/envs/bin234/bin/python
2025-01-18 11:45:34.197 [info] Discovered env: /opt/anaconda3/envs/ehdnjs_yolo/bin/python
2025-01-18 11:45:34.198 [info] Discovered env: /opt/anaconda3/envs/cdp310/bin/python
2025-01-18 11:45:34.198 [info] Discovered env: /opt/anaconda3/envs/dlalsrb123/bin/python
2025-01-18 11:45:34.199 [info] Discovered env: /opt/anaconda3/envs/gps/bin/python
2025-01-18 11:45:34.199 [info] Discovered env: /opt/anaconda3/envs/ezh123/bin/python
2025-01-18 11:45:34.200 [info] Discovered env: /opt/anaconda3/envs/env_lsy/bin/python
2025-01-18 11:45:34.201 [info] Discovered env: /opt/anaconda3/envs/goguma/bin/python
2025-01-18 11:45:34.201 [info] Discovered env: /opt/anaconda3/envs/golf/bin/python
2025-01-18 11:45:34.201 [info] Discovered env: /opt/anaconda3/envs/jayeon/bin/python
2025-01-18 11:45:34.201 [info] Discovered env: /opt/anaconda3/envs/hansol/bin/python
2025-01-18 11:45:34.201 [info] Discovered env: /opt/anaconda3/envs/kaldi/bin/python
2025-01-18 11:45:34.202 [info] Discovered env: /opt/anaconda3/envs/myenv/bin/python
2025-01-18 11:45:34.202 [info] Discovered env: /opt/anaconda3/envs/bk7602/bin/python
2025-01-18 11:45:34.203 [info] Discovered env: /opt/anaconda3/envs/KGJ/bin/python
2025-01-18 11:45:34.203 [info] Discovered env: /opt/anaconda3/envs/lanenet_env/bin/python
2025-01-18 11:45:34.204 [info] Discovered env: /opt/anaconda3/envs/kgjtest/bin/python
2025-01-18 11:45:34.204 [info] Discovered env: /opt/anaconda3/envs/adas_cju/bin/python
2025-01-18 11:45:34.205 [info] Discovered env: /opt/anaconda3/envs/newenv/bin/python
2025-01-18 11:45:34.205 [info] Discovered env: /opt/anaconda3/envs/nanie1664/bin/python
2025-01-18 11:45:34.205 [info] Discovered env: /opt/anaconda3/envs/cju_mlane/bin/python
2025-01-18 11:45:34.206 [info] Discovered env: /opt/anaconda3/envs/surveybay/bin/python
2025-01-18 11:45:34.206 [info] Discovered env: /opt/anaconda3/envs/bogdong/bin/python
2025-01-18 11:45:34.206 [info] Discovered env: /opt/anaconda3/envs/test999/bin/python
2025-01-18 11:45:34.206 [info] Discovered env: /opt/anaconda3/envs/test1299/bin/python
2025-01-18 11:45:34.206 [info] Discovered env: /opt/anaconda3/envs/jha/bin/python
2025-01-18 11:45:34.207 [info] Discovered env: /opt/anaconda3/envs/water/bin/python
2025-01-18 11:45:34.207 [info] Discovered env: /opt/anaconda3/envs/skaigroove/bin/python
2025-01-18 11:45:34.207 [info] Discovered env: /opt/anaconda3/envs/cju/bin/python
2025-01-18 11:45:34.207 [info] Discovered env: /opt/anaconda3/envs/yangpa/bin/python
2025-01-18 11:45:34.207 [info] Discovered env: /opt/anaconda3/envs/yolop/bin/python
2025-01-18 11:45:34.208 [info] Discovered env: /opt/anaconda3/envs/person_tracking/bin/python
2025-01-18 11:45:34.208 [info] Discovered env: /opt/anaconda3/envs/nanie1/bin/python
2025-01-18 11:45:34.208 [info] Discovered env: /opt/anaconda3/envs/test1026/bin/python
2025-01-18 11:45:34.208 [info] Discovered env: /opt/anaconda3/envs/cgh/bin/python
2025-01-18 11:45:34.208 [info] Discovered env: /opt/anaconda3/envs/hjjeon/bin/python
2025-01-18 11:45:34.209 [info] Discovered env: /opt/anaconda3/envs/nanie/bin/python
2025-01-18 11:45:34.209 [info] Discovered env: /opt/anaconda3/envs/msoh/bin/python
2025-01-18 11:45:34.209 [info] Discovered env: /opt/anaconda3/envs/test123/bin/python
2025-01-18 11:45:34.210 [info] Discovered env: /opt/anaconda3/envs/test8737/bin/python
2025-01-18 11:45:34.210 [info] Discovered env: /opt/anaconda3/envs/shkim/bin/python
2025-01-18 11:45:34.210 [info] Discovered env: /opt/anaconda3/envs/torch/bin/python
2025-01-18 11:45:34.214 [info] Discovered env: /bin/python3
2025-01-18 11:45:34.214 [info] Discovered env: /usr/bin/python3
2025-01-18 11:45:34.261 [info] Locator Conda took 48.698509ms
2025-01-18 11:45:34.261 [info] Locator Homebrew took 31.689µs
2025-01-18 11:45:34.261 [info] Locator LinuxGlobal took 50.930688ms
2025-01-18 11:45:34.261 [info] Locator PipEnv took 8.818µs
2025-01-18 11:45:34.261 [info] Locator Poetry took 133.256µs
2025-01-18 11:45:34.261 [info] Locator PyEnv took 68.277µs
2025-01-18 11:45:34.261 [info] Locator Venv took 9.353µs
2025-01-18 11:45:34.261 [info] Locator VirtualEnv took 10.32µs
2025-01-18 11:45:34.261 [info] Locator VirtualEnvWrapper took 23.995µs
2025-01-18 11:45:34.261 [info] Locator GlobalVirtualEnvs took 49.076µs
2025-01-18 11:45:34.261 [info] Locator Locators took 52.65738ms
2025-01-18 11:45:34.261 [info] Locator Path took 99.372755ms
2025-01-18 11:45:34.261 [info] Locator Workspaces took 2.345608ms
2025-01-18 11:45:34.261 [info] Refresh completed in 99ms
2025-01-18 11:45:54.898 [info] Resolved Python Environment /opt/anaconda3/envs/bogdong/bin/python
2025-01-18 11:45:54.992 [info] Resolved Python Environment /bin/python3
2025-01-18 11:47:07.530 [info] Resolved Python Environment /bin/python3
2025-01-18 11:47:41.445 [info] Resolved Python Environment /bin/python3
2025-01-18 11:48:32.426 [info] Resolved Python Environment /bin/python3
2025-01-18 11:49:14.948 [info] Resolved Python Environment /bin/python3
2025-01-18 11:52:37.168 [info] Resolved Python Environment /bin/python3
2025-01-18 11:53:38.512 [info] Resolved Python Environment /bin/python3
2025-01-18 11:54:12.884 [info] Resolved Python Environment /bin/python3
