2025-01-18 11:36:43.985 [info] 실험 'pythonRecommendTensorboardExt'이(가) 활성 상태입니다.
2025-01-18 11:36:43.985 [info] 실험 'pythonTerminalEnvVarActivation'이(가) 활성 상태입니다.
2025-01-18 11:36:43.985 [info] 실험 'pythonTestAdapter'이(가) 활성 상태입니다.
2025-01-18 11:36:43.985 [info] Native locator: Refresh started
2025-01-18 11:36:43.985 [info] Native locator: Refresh started
2025-01-18 11:36:43.986 [info] Conda environment manager found at: /opt/anaconda3/bin/conda
2025-01-18 11:36:43.995 [info] Native locator: Refresh finished in 157 ms
2025-01-18 11:36:44.000 [info] Python 인터프리터 경로: /usr/bin/python3
2025-01-18 11:36:44.083 [info] > pyenv which python
2025-01-18 11:36:44.083 [info] cwd: .
2025-01-18 11:36:45.150 [info] Pylance 언어 서버를 시작하는 중입니다.
2025-01-18 11:36:45.522 [info] Python 인터프리터 경로: /bin/python3
2025-01-18 11:36:45.735 [info] > /opt/anaconda3/bin/conda info --json
2025-01-18 11:45:13.862 [info] Native locator: Refresh started
2025-01-18 11:45:13.875 [info] Conda environment manager found at: /opt/anaconda3/bin/conda
2025-01-18 11:45:13.964 [info] Native locator: Refresh finished in 101 ms
2025-01-18 11:45:34.153 [info] Native locator: Refresh started
2025-01-18 11:45:34.153 [info] Native locator: Refresh started
2025-01-18 11:45:34.172 [info] Conda environment manager found at: /opt/anaconda3/bin/conda
2025-01-18 11:45:34.261 [info] Native locator: Refresh finished in 109 ms
2025-01-18 11:45:54.908 [info] > /opt/anaconda3/bin/conda run -n bogdong --no-capture-output python ./.vscode-server/extensions/ms-python.python-2024.22.2/python_files/get_output_via_markers.py ./.vscode-server/extensions/ms-python.python-2024.22.2/python_files/printEnvVariables.py
2025-01-18 11:45:54.908 [info] shell: bash
2025-01-18 11:45:54.982 [info] > /opt/anaconda3/bin/conda run -n bogdong --no-capture-output python ./.vscode-server/extensions/ms-python.python-2024.22.2/python_files/get_output_via_markers.py ./.vscode-server/extensions/ms-python.python-2024.22.2/python_files/printEnvVariables.py
2025-01-18 11:45:54.982 [info] shell: bash
