2025-01-17 21:42:32.012 [info] [main] 로그 수준: Info
2025-01-17 21:42:32.012 [info] [main] "git"에서 찾은 git 유효성을 검사하는 중
2025-01-17 21:42:32.012 [info] [main] "2.43.0"에서 git "git"을(를) 사용하는 중
2025-01-17 21:42:32.012 [info] [Model][doInitialScan] Initial repository scan started
2025-01-17 21:42:32.012 [info] > git rev-parse --show-toplevel [1ms]
2025-01-17 21:42:32.012 [info] fatal: not a git repository (or any of the parent directories): .git
2025-01-17 21:42:32.012 [info] > git rev-parse --show-toplevel [1ms]
2025-01-17 21:42:32.012 [info] fatal: not a git repository (or any of the parent directories): .git
2025-01-17 21:42:32.012 [info] > git rev-parse --show-toplevel [0ms]
2025-01-17 21:42:32.012 [info] fatal: not a git repository (or any of the parent directories): .git
2025-01-17 21:42:32.012 [info] > git rev-parse --show-toplevel [0ms]
2025-01-17 21:42:32.012 [info] fatal: not a git repository (or any of the parent directories): .git
2025-01-17 21:42:32.012 [info] > git rev-parse --show-toplevel [1ms]
2025-01-17 21:42:32.012 [info] fatal: not a git repository (or any of the parent directories): .git
2025-01-17 21:42:32.012 [info] > git rev-parse --show-toplevel [0ms]
2025-01-17 21:42:32.012 [info] fatal: not a git repository (or any of the parent directories): .git
2025-01-17 21:42:32.012 [info] > git rev-parse --show-toplevel [1ms]
2025-01-17 21:42:32.012 [info] fatal: not a git repository (or any of the parent directories): .git
2025-01-17 21:42:32.012 [info] > git rev-parse --show-toplevel [0ms]
2025-01-17 21:42:32.012 [info] fatal: not a git repository (or any of the parent directories): .git
2025-01-17 21:42:32.012 [info] > git rev-parse --show-toplevel [1ms]
2025-01-17 21:42:32.012 [info] fatal: not a git repository (or any of the parent directories): .git
2025-01-17 21:42:32.012 [info] > git rev-parse --show-toplevel [1ms]
2025-01-17 21:42:32.012 [info] fatal: not a git repository (or any of the parent directories): .git
2025-01-17 21:42:32.012 [info] > git rev-parse --show-toplevel [1ms]
2025-01-17 21:42:32.012 [info] fatal: not a git repository (or any of the parent directories): .git
2025-01-17 21:42:32.012 [info] [Model][doInitialScan] Initial repository scan completed - repositories (0), closed repositories (0), parent repositories (0), unsafe repositories (0)
2025-01-17 21:42:33.133 [info] > git rev-parse --show-toplevel [0ms]
2025-01-17 21:42:33.133 [info] fatal: not a git repository (or any of the parent directories): .git
2025-01-17 22:14:52.496 [info] > git rev-parse --show-toplevel [1ms]
2025-01-17 22:14:52.496 [info] fatal: not a git repository (or any of the parent directories): .git
2025-01-17 22:17:10.082 [info] > git rev-parse --show-toplevel [1ms]
2025-01-17 22:17:10.082 [info] fatal: not a git repository (or any of the parent directories): .git
