2025-01-20 09:14:44.655 [info] Starting Python Locator /home/iujeong/.vscode-server/extensions/ms-python.python-2024.22.2/python-env-tools/bin/pet server
2025-01-20 09:14:44.670 [info] Discovered manager: (Conda) /opt/anaconda3/bin/conda
2025-01-20 09:14:44.671 [info] Discovered env: /opt/anaconda3/bin/python
2025-01-20 09:14:44.733 [info] Discovered env: /opt/anaconda3/envs/python=3.13
2025-01-20 09:14:44.737 [info] Discovered env: /opt/anaconda3/envs/autopilot_lsm/bin/python
2025-01-20 09:14:44.738 [info] Discovered env: /opt/anaconda3/envs/aicar/bin/python
2025-01-20 09:14:44.745 [info] Discovered env: /opt/anaconda3/envs/JokerK/bin/python
2025-01-20 09:14:44.748 [info] Discovered env: /opt/anaconda3/envs/bin234/bin/python
2025-01-20 09:14:44.750 [info] Discovered env: /opt/anaconda3/envs/bin123/bin/python
2025-01-20 09:14:44.751 [info] Discovered env: /opt/anaconda3/envs/basic/bin/python
2025-01-20 09:14:44.752 [info] Discovered env: /opt/anaconda3/envs/kaldi/bin/python
2025-01-20 09:14:44.754 [info] Discovered env: /opt/anaconda3/envs/surveybay/bin/python
2025-01-20 09:14:44.755 [info] Discovered env: /opt/anaconda3/envs/gps/bin/python
2025-01-20 09:14:44.756 [info] Discovered env: /opt/anaconda3/envs/bin345/bin/python
2025-01-20 09:14:44.757 [info] Discovered env: /opt/anaconda3/envs/skaigroove/bin/python
2025-01-20 09:14:44.759 [info] Discovered env: /opt/anaconda3/envs/jayeon/bin/python
2025-01-20 09:14:44.760 [info] Discovered env: /opt/anaconda3/envs/ezh123/bin/python
2025-01-20 09:14:44.761 [info] Discovered env: /opt/anaconda3/envs/cdp310/bin/python
2025-01-20 09:14:44.763 [info] Discovered env: /opt/anaconda3/envs/hansol/bin/python
2025-01-20 09:14:44.764 [info] Discovered env: /opt/anaconda3/envs/goguma/bin/python
2025-01-20 09:14:44.766 [info] Discovered env: /opt/anaconda3/envs/ehdnjs_yolo/bin/python
2025-01-20 09:14:44.767 [info] Discovered env: /opt/anaconda3/envs/myenv/bin/python
2025-01-20 09:14:44.770 [info] Discovered env: /opt/anaconda3/envs/env_lsy/bin/python
2025-01-20 09:14:44.771 [info] Discovered env: /opt/anaconda3/envs/lanenet_env/bin/python
2025-01-20 09:14:44.773 [info] Discovered env: /opt/anaconda3/envs/dlalsrb123/bin/python
2025-01-20 09:14:44.774 [info] Discovered env: /opt/anaconda3/envs/golf/bin/python
2025-01-20 09:14:44.778 [info] Discovered env: /opt/anaconda3/envs/newenv/bin/python
2025-01-20 09:14:44.779 [info] Discovered env: /opt/anaconda3/envs/kgjtest/bin/python
2025-01-20 09:14:44.781 [info] Discovered env: /opt/anaconda3/envs/person_tracking/bin/python
2025-01-20 09:14:44.782 [info] Discovered env: /opt/anaconda3/envs/test1299/bin/python
2025-01-20 09:14:44.784 [info] Discovered env: /opt/anaconda3/envs/test999/bin/python
2025-01-20 09:14:44.785 [info] Discovered env: /opt/anaconda3/envs/bk7602/bin/python
2025-01-20 09:14:44.787 [info] Discovered env: /opt/anaconda3/envs/test1026/bin/python
2025-01-20 09:14:44.789 [info] Discovered env: /opt/anaconda3/envs/nanie1664/bin/python
2025-01-20 09:14:44.790 [info] Discovered env: /opt/anaconda3/envs/yangpa/bin/python
2025-01-20 09:14:44.845 [info] Discovered env: /bin/python3
2025-01-20 09:14:44.848 [info] Discovered env: /opt/anaconda3/envs/nanie/bin/python
2025-01-20 09:14:44.849 [info] Discovered env: /opt/anaconda3/envs/hjjeon/bin/python
2025-01-20 09:14:44.851 [info] Discovered env: /opt/anaconda3/envs/KGJ/bin/python
2025-01-20 09:14:44.875 [info] Discovered env: /opt/anaconda3/envs/yolop/bin/python
2025-01-20 09:14:44.881 [info] Discovered env: /usr/bin/python3
2025-01-20 09:14:44.903 [info] Discovered env: /opt/anaconda3/envs/cju_mlane/bin/python
2025-01-20 09:14:44.910 [info] Discovered env: /opt/anaconda3/envs/water/bin/python
2025-01-20 09:14:44.915 [info] Discovered env: /opt/anaconda3/envs/bogdong/bin/python
2025-01-20 09:14:44.918 [info] Discovered env: /opt/anaconda3/envs/jha/bin/python
2025-01-20 09:14:44.922 [info] Discovered env: /opt/anaconda3/envs/msoh/bin/python
2025-01-20 09:14:44.925 [info] Discovered env: /opt/anaconda3/envs/adas_cju/bin/python
2025-01-20 09:14:44.931 [info] Discovered env: /opt/anaconda3/envs/nanie1/bin/python
2025-01-20 09:14:44.937 [info] Discovered env: /opt/anaconda3/envs/cju/bin/python
2025-01-20 09:14:44.940 [info] Discovered env: /opt/anaconda3/envs/cgh/bin/python
2025-01-20 09:14:44.941 [info] Discovered env: /opt/anaconda3/envs/test123/bin/python
2025-01-20 09:14:44.943 [info] Discovered env: /opt/anaconda3/envs/test8737/bin/python
2025-01-20 09:14:44.945 [info] Discovered env: /opt/anaconda3/envs/shkim/bin/python
2025-01-20 09:14:44.947 [info] Discovered env: /opt/anaconda3/envs/torch/bin/python
2025-01-20 09:14:44.950 [info] Locator Conda took 170.663004ms
2025-01-20 09:14:44.950 [info] Locator Homebrew took 46.837µs
2025-01-20 09:14:44.950 [info] Locator LinuxGlobal took 168.596765ms
2025-01-20 09:14:44.950 [info] Locator PipEnv took 17.678µs
2025-01-20 09:14:44.950 [info] Locator Poetry took 99.018µs
2025-01-20 09:14:44.950 [info] Locator PyEnv took 167.212µs
2025-01-20 09:14:44.950 [info] Locator Venv took 16.84µs
2025-01-20 09:14:44.950 [info] Locator VirtualEnv took 9.018µs
2025-01-20 09:14:44.950 [info] Locator VirtualEnvWrapper took 23.375µs
2025-01-20 09:14:44.950 [info] Locator GlobalVirtualEnvs took 161.365µs
2025-01-20 09:14:44.950 [info] Locator Locators took 170.894157ms
2025-01-20 09:14:44.950 [info] Locator Path took 214.780369ms
2025-01-20 09:14:44.950 [info] Locator Workspaces took 2.284862ms
2025-01-20 09:14:44.950 [info] Refresh completed in 214ms
2025-01-20 09:14:44.951 [warning] Inaccurate Python Environment Info for => 
Environment (Conda)
   Name        : base
   Executable  : /opt/anaconda3/bin/python
   Version     : 3.12.8
   Prefix      : /opt/anaconda3
   Architecture: x64
   Manager     : Conda, /opt/anaconda3/bin/conda
   Symlinks    : "/opt/anaconda3/bin/python"
               : "/opt/anaconda3/bin/python3"
               : "/opt/anaconda3/bin/python3.1"
               : "/opt/anaconda3/bin/python3.12"
.
Resolved as => 
Environment (Conda)
   Name        : base
   Executable  : /opt/anaconda3/bin/python
   Version     : 3.12.4.final.0
   Prefix      : /opt/anaconda3
   Architecture: x64
   Manager     : Conda, /opt/anaconda3/bin/conda
   Symlinks    : "/opt/anaconda3/bin/python"
               : "/opt/anaconda3/bin/python3"
               : "/opt/anaconda3/bin/python3.1"
               : "/opt/anaconda3/bin/python3.12"

Incorrect information => 
Environment Some(Conda) incorrectly identified
   Version is incorrect

2025-01-20 09:14:44.951 [info] Resolved Python Environment /opt/anaconda3/envs/bogdong/bin/python
2025-01-20 09:14:44.954 [info] Resolved Python Environment /opt/anaconda3/bin/python
2025-01-20 09:14:44.955 [info] Resolved Python Environment /bin/python3
2025-01-20 10:01:29.000 [info] Resolved Python Environment /bin/python3
2025-01-20 10:01:39.190 [info] Discovered manager: (Conda) /opt/anaconda3/bin/conda
2025-01-20 10:01:39.191 [info] Discovered env: /opt/anaconda3/bin/python
2025-01-20 10:01:39.212 [info] Discovered env: /opt/anaconda3/envs/basic/bin/python
2025-01-20 10:01:39.213 [info] Discovered env: /opt/anaconda3/envs/bin123/bin/python
2025-01-20 10:01:39.213 [info] Discovered env: /opt/anaconda3/envs/aicar/bin/python
2025-01-20 10:01:39.213 [info] Discovered env: /opt/anaconda3/envs/python=3.13
2025-01-20 10:01:39.214 [info] Discovered env: /opt/anaconda3/envs/bin345/bin/python
2025-01-20 10:01:39.223 [info] Discovered env: /opt/anaconda3/envs/JokerK/bin/python
2025-01-20 10:01:39.224 [info] Discovered env: /opt/anaconda3/envs/autopilot_lsm/bin/python
2025-01-20 10:01:39.224 [info] Discovered env: /opt/anaconda3/envs/bin234/bin/python
2025-01-20 10:01:39.224 [info] Discovered env: /opt/anaconda3/envs/cdp310/bin/python
2025-01-20 10:01:39.224 [info] Discovered env: /opt/anaconda3/envs/env_lsy/bin/python
2025-01-20 10:01:39.224 [info] Discovered env: /opt/anaconda3/envs/ehdnjs_yolo/bin/python
2025-01-20 10:01:39.224 [info] Discovered env: /opt/anaconda3/envs/dlalsrb123/bin/python
2025-01-20 10:01:39.224 [info] Discovered env: /opt/anaconda3/envs/gps/bin/python
2025-01-20 10:01:39.224 [info] Discovered env: /opt/anaconda3/envs/bk7602/bin/python
2025-01-20 10:01:39.224 [info] Discovered env: /opt/anaconda3/envs/ezh123/bin/python
2025-01-20 10:01:39.224 [info] Discovered env: /opt/anaconda3/envs/lanenet_env/bin/python
2025-01-20 10:01:39.224 [info] Discovered env: /opt/anaconda3/envs/golf/bin/python
2025-01-20 10:01:39.225 [info] Discovered env: /opt/anaconda3/envs/kaldi/bin/python
2025-01-20 10:01:39.225 [info] Discovered env: /opt/anaconda3/envs/hansol/bin/python
2025-01-20 10:01:39.225 [info] Discovered env: /opt/anaconda3/envs/surveybay/bin/python
2025-01-20 10:01:39.225 [info] Discovered env: /opt/anaconda3/envs/skaigroove/bin/python
2025-01-20 10:01:39.225 [info] Discovered env: /opt/anaconda3/envs/myenv/bin/python
2025-01-20 10:01:39.225 [info] Discovered env: /opt/anaconda3/envs/goguma/bin/python
2025-01-20 10:01:39.225 [info] Discovered env: /opt/anaconda3/envs/kgjtest/bin/python
2025-01-20 10:01:39.225 [info] Discovered env: /opt/anaconda3/envs/water/bin/python
2025-01-20 10:01:39.225 [info] Discovered env: /opt/anaconda3/envs/jayeon/bin/python
2025-01-20 10:01:39.225 [info] Discovered env: /opt/anaconda3/envs/test1299/bin/python
2025-01-20 10:01:39.226 [info] Discovered env: /opt/anaconda3/envs/newenv/bin/python
2025-01-20 10:01:39.226 [info] Discovered env: /opt/anaconda3/envs/test999/bin/python
2025-01-20 10:01:39.226 [info] Discovered env: /opt/anaconda3/envs/KGJ/bin/python
2025-01-20 10:01:39.226 [info] Discovered env: /opt/anaconda3/envs/person_tracking/bin/python
2025-01-20 10:01:39.226 [info] Discovered env: /opt/anaconda3/envs/yangpa/bin/python
2025-01-20 10:01:39.227 [info] Discovered env: /opt/anaconda3/envs/test1026/bin/python
2025-01-20 10:01:39.227 [info] Discovered env: /opt/anaconda3/envs/nanie1664/bin/python
2025-01-20 10:01:39.227 [info] Discovered env: /opt/anaconda3/envs/adas_cju/bin/python
2025-01-20 10:01:39.227 [info] Discovered env: /opt/anaconda3/envs/cju_mlane/bin/python
2025-01-20 10:01:39.227 [info] Discovered env: /opt/anaconda3/envs/bogdong/bin/python
2025-01-20 10:01:39.227 [info] Discovered env: /opt/anaconda3/envs/nanie/bin/python
2025-01-20 10:01:39.228 [info] Discovered env: /opt/anaconda3/envs/yolop/bin/python
2025-01-20 10:01:39.228 [info] Discovered env: /opt/anaconda3/envs/jha/bin/python
2025-01-20 10:01:39.228 [info] Discovered env: /opt/anaconda3/envs/hjjeon/bin/python
2025-01-20 10:01:39.228 [info] Discovered env: /opt/anaconda3/envs/cju/bin/python
2025-01-20 10:01:39.228 [info] Discovered env: /opt/anaconda3/envs/nanie1/bin/python
2025-01-20 10:01:39.228 [info] Discovered env: /opt/anaconda3/envs/cgh/bin/python
2025-01-20 10:01:39.228 [info] Discovered env: /opt/anaconda3/envs/msoh/bin/python
2025-01-20 10:01:39.229 [info] Discovered env: /opt/anaconda3/envs/test8737/bin/python
2025-01-20 10:01:39.229 [info] Discovered env: /opt/anaconda3/envs/test123/bin/python
2025-01-20 10:01:39.230 [info] Discovered env: /opt/anaconda3/envs/shkim/bin/python
2025-01-20 10:01:39.230 [info] Discovered env: /opt/anaconda3/envs/torch/bin/python
2025-01-20 10:01:39.233 [info] Discovered env: /bin/python3
2025-01-20 10:01:39.235 [info] Discovered env: /usr/bin/python3
2025-01-20 10:01:39.285 [info] Locator Conda took 50.399553ms
2025-01-20 10:01:39.285 [info] Locator Homebrew took 31.091µs
2025-01-20 10:01:39.285 [info] Locator LinuxGlobal took 54.204749ms
2025-01-20 10:01:39.285 [info] Locator PipEnv took 34.152µs
2025-01-20 10:01:39.285 [info] Locator Poetry took 218.721µs
2025-01-20 10:01:39.285 [info] Locator PyEnv took 152.743µs
2025-01-20 10:01:39.285 [info] Locator Venv took 7.571µs
2025-01-20 10:01:39.285 [info] Locator VirtualEnv took 14.789µs
2025-01-20 10:01:39.285 [info] Locator VirtualEnvWrapper took 12.078µs
2025-01-20 10:01:39.285 [info] Locator GlobalVirtualEnvs took 48.988µs
2025-01-20 10:01:39.285 [info] Locator Locators took 55.07707ms
2025-01-20 10:01:39.285 [info] Locator Path took 105.548905ms
2025-01-20 10:01:39.285 [info] Locator Workspaces took 1.363592ms
2025-01-20 10:01:39.285 [info] Refresh completed in 105ms
2025-01-20 10:01:42.460 [info] Resolved Python Environment /opt/anaconda3/envs/bogdong/bin/python
2025-01-20 10:02:25.321 [info] Resolved Python Environment /bin/python3
2025-01-20 10:03:24.146 [info] Resolved Python Environment /bin/python3
2025-01-20 10:04:24.885 [info] Resolved Python Environment /bin/python3
2025-01-20 10:04:56.552 [info] Resolved Python Environment /bin/python3
2025-01-20 10:30:04.095 [info] Resolved Python Environment /bin/python3
2025-01-20 10:31:59.887 [info] Resolved Python Environment /bin/python3
2025-01-20 10:35:32.160 [info] Resolved Python Environment /bin/python3
2025-01-20 10:36:50.479 [info] Resolved Python Environment /bin/python3
2025-01-20 10:38:08.531 [info] Resolved Python Environment /bin/python3
2025-01-20 10:38:57.999 [info] Resolved Python Environment /bin/python3
2025-01-20 10:39:36.373 [info] Resolved Python Environment /bin/python3
2025-01-20 10:40:06.819 [info] Resolved Python Environment /bin/python3
2025-01-20 10:40:46.799 [info] Resolved Python Environment /bin/python3
2025-01-20 10:42:38.756 [info] Resolved Python Environment /opt/anaconda3/envs/bogdong/bin/python
2025-01-20 10:42:38.767 [info] Resolved Python Environment /bin/python3
