2025-01-20 11:16:35.852 [info] Extension host with pid 204753 started
2025-01-20 11:16:35.855 [info] Lock '/home/iujeong/.vscode-server/data/User/workspaceStorage/d93eea3a3c3f435b3cabd9cc82da6704/vscode.lock': Lock acquired.
2025-01-20 11:16:35.982 [info] ExtensionService#_doActivateExtension vscode.git-base, startup: false, activationEvent: '*', root cause: vscode.git
2025-01-20 11:16:35.983 [info] ExtensionService#_doActivateExtension innerlee.nvidia-smi, startup: false, activationEvent: '*'
2025-01-20 11:16:35.983 [info] ExtensionService#_doActivateExtension mutantdino.resourcemonitor, startup: false, activationEvent: '*'
2025-01-20 11:16:35.983 [info] ExtensionService#_doActivateExtension mechatroner.rainbow-csv, startup: false, activationEvent: 'onLanguage:plaintext'
2025-01-20 11:16:35.983 [info] ExtensionService#_doActivateExtension vscode.emmet, startup: false, activationEvent: 'onLanguage'
2025-01-20 11:16:35.983 [info] ExtensionService#_doActivateExtension ms-python.python, startup: false, activationEvent: 'onLanguage:python', root cause: ms-python.debugpy
2025-01-20 11:16:35.983 [info] ExtensionService#_doActivateExtension ms-toolsai.jupyter, startup: false, activationEvent: 'onLanguage:python'
2025-01-20 11:16:36.337 [info] ExtensionService#_doActivateExtension vscode.git, startup: false, activationEvent: '*'
2025-01-20 11:16:36.338 [info] ExtensionService#_doActivateExtension vscode.github, startup: false, activationEvent: '*'
2025-01-20 11:16:36.440 [warning] Using default string since no string found in i18n bundle that has the key: Source map support is enabled in the Python Extension, this will adversely impact performance of the extension.
2025-01-20 11:16:36.440 [warning] Using default string since no string found in i18n bundle that has the key: Disable Source Map Support
2025-01-20 11:16:36.440 [warning] Using default string since no string found in i18n bundle that has the key: Enabling source map support in the Python Extension will adversely impact performance of the extension.
2025-01-20 11:16:36.440 [warning] Using default string since no string found in i18n bundle that has the key: Enable and reload Window.
2025-01-20 11:16:36.440 [warning] Using default string since no string found in i18n bundle that has the key: ▶ Launch TensorBoard Session
2025-01-20 11:16:36.440 [warning] Using default string since no string found in i18n bundle that has the key: Launch TensorBoard session
2025-01-20 11:16:36.515 [warning] Using default string since no string found in i18n bundle that has the key: The security certificate used by server was not issued by a trusted certificate authority.
This may indicate an attempt to steal your information.
2025-01-20 11:16:36.515 [warning] Using default string since no string found in i18n bundle that has the key: The security certificate used by server has expired.
This may indicate an attempt to steal your information.
2025-01-20 11:16:36.515 [warning] Using default string since no string found in i18n bundle that has the key: If you have not installed xelatex (TeX), you will need to do so before you can export to PDF. For further instructions, please see https://nbconvert.readthedocs.io/en/latest/install.html#installing-tex. 
To avoid installing xelatex (TeX), you might want to try exporting to HTML and using your browser's "Print to PDF" feature.
2025-01-20 11:16:36.631 [info] ExtensionService#_doActivateExtension ms-toolsai.jupyter-renderers, startup: false, activationEvent: 'api', root cause: ms-toolsai.jupyter
2025-01-20 11:16:36.664 [info] ExtensionService#_doActivateExtension ms-python.debugpy, startup: false, activationEvent: 'onLanguage:python'
2025-01-20 11:16:36.664 [info] ExtensionService#_doActivateExtension ms-python.vscode-pylance, startup: false, activationEvent: 'onLanguage:python'
2025-01-20 11:16:36.989 [info] Eager extensions activated
2025-01-20 11:16:36.989 [info] ExtensionService#_doActivateExtension vscode.debug-auto-launch, startup: false, activationEvent: 'onStartupFinished'
2025-01-20 11:16:36.989 [info] ExtensionService#_doActivateExtension vscode.merge-conflict, startup: false, activationEvent: 'onStartupFinished'
2025-01-20 11:16:36.989 [info] ExtensionService#_doActivateExtension hoovercj.vscode-power-mode, startup: false, activationEvent: 'onStartupFinished'
2025-01-20 11:16:36.989 [info] ExtensionService#_doActivateExtension ms-dotnettools.vscode-dotnet-runtime, startup: false, activationEvent: 'onStartupFinished'
2025-01-20 11:16:36.989 [info] ExtensionService#_doActivateExtension RSIP-Vision.nvidia-smi-plus, startup: false, activationEvent: 'onStartupFinished'
2025-01-20 11:16:36.989 [info] ExtensionService#_doActivateExtension YuTengjing.vscode-colorize-plus, startup: false, activationEvent: 'onStartupFinished'
2025-01-20 11:16:38.151 [info] ExtensionService#_doActivateExtension vscode.tunnel-forwarding, startup: false, activationEvent: 'onTunnel'
2025-01-20 11:23:21.099 [info] ExtensionService#_doActivateExtension vscode.ipynb, startup: false, activationEvent: 'onNotebookSerializer:jupyter-notebook'
2025-01-20 11:23:21.182 [info] ExtensionService#_doActivateExtension ms-toolsai.vscode-jupyter-cell-tags, startup: false, activationEvent: 'onNotebook:jupyter-notebook'
2025-01-20 11:23:21.182 [info] ExtensionService#_doActivateExtension ms-toolsai.vscode-jupyter-slideshow, startup: false, activationEvent: 'onNotebook:jupyter-notebook'
2025-01-20 11:24:45.079 [error] Error: ENOENT: no such file or directory, open '/home/iujeong/.vscode-server/data/User/workspaceStorage/d93eea3a3c3f435b3cabd9cc82da6704/vscode.lock'
	at async open (node:internal/fs/promises:639:25)
	at async Object.readFile (node:internal/fs/promises:1242:14)
	at async Sy (file:///home/iujeong/.vscode-server/cli/servers/Stable-91fbdddc47bc9c09064bf7acf133d22631cbf083/server/out/vs/workbench/api/node/extensionHostProcess.js:175:6082)
	at async file:///home/iujeong/.vscode-server/cli/servers/Stable-91fbdddc47bc9c09064bf7acf133d22631cbf083/server/out/vs/workbench/api/node/extensionHostProcess.js:175:5089
2025-01-20 11:24:45.079 [info] Lock '/home/iujeong/.vscode-server/data/User/workspaceStorage/d93eea3a3c3f435b3cabd9cc82da6704/vscode.lock': The lock was lost unexpectedly.
2025-01-20 11:24:45.079 [error] Error: ENOENT: no such file or directory, utime '/home/iujeong/.vscode-server/data/User/workspaceStorage/d93eea3a3c3f435b3cabd9cc82da6704/vscode.lock'
	at async Object.utimes (node:internal/fs/promises:1134:10)
	at async file:///home/iujeong/.vscode-server/cli/servers/Stable-91fbdddc47bc9c09064bf7acf133d22631cbf083/server/out/vs/workbench/api/node/extensionHostProcess.js:175:5207
2025-01-20 11:24:45.079 [info] Lock '/home/iujeong/.vscode-server/data/User/workspaceStorage/d93eea3a3c3f435b3cabd9cc82da6704/vscode.lock': Could not update mtime.
2025-01-20 11:31:28.701 [info] ExtensionService#_doActivateExtension vscode.npm, startup: false, activationEvent: 'onTerminalQuickFixRequest:ms-vscode.npm-command'
2025-01-20 11:31:28.722 [error] Activating extension vscode.npm failed due to an error:
2025-01-20 11:31:28.722 [error] Error: Cannot find module '/home/iujeong/.vscode-server/cli/servers/Stable-91fbdddc47bc9c09064bf7acf133d22631cbf083/server/extensions/npm/dist/npmMain'
Require stack:
- /home/iujeong/.vscode-server/cli/servers/Stable-91fbdddc47bc9c09064bf7acf133d22631cbf083/server/out/vs/workbench/api/node/extensionHostProcess.js
	at Module._resolveFilename (node:internal/modules/cjs/loader:1225:15)
	at t._resolveFilename (file:///home/iujeong/.vscode-server/cli/servers/Stable-91fbdddc47bc9c09064bf7acf133d22631cbf083/server/out/vs/workbench/api/node/extensionHostProcess.js:167:22816)
	at Module._load (node:internal/modules/cjs/loader:1051:27)
	at e._load (file:///home/iujeong/.vscode-server/cli/servers/Stable-91fbdddc47bc9c09064bf7acf133d22631cbf083/server/out/vs/workbench/api/node/extensionHostProcess.js:175:10896)
	at t._load (file:///home/iujeong/.vscode-server/cli/servers/Stable-91fbdddc47bc9c09064bf7acf133d22631cbf083/server/out/vs/workbench/api/node/extensionHostProcess.js:167:22534)
	at i._load (file:///home/iujeong/.vscode-server/cli/servers/Stable-91fbdddc47bc9c09064bf7acf133d22631cbf083/server/out/vs/workbench/api/node/extensionHostProcess.js:159:21138)
	at Module.require (node:internal/modules/cjs/loader:1311:19)
	at require (node:internal/modules/helpers:179:18)
	at zz.xb (file:///home/iujeong/.vscode-server/cli/servers/Stable-91fbdddc47bc9c09064bf7acf133d22631cbf083/server/out/vs/workbench/api/node/extensionHostProcess.js:167:23854)
	at process.processTicksAndRejections (node:internal/process/task_queues:95:5)
	at async Promise.all (index 0)
	at async K0.n (file:///home/iujeong/.vscode-server/cli/servers/Stable-91fbdddc47bc9c09064bf7acf133d22631cbf083/server/out/vs/workbench/api/node/extensionHostProcess.js:115:4447)
	at async K0.m (file:///home/iujeong/.vscode-server/cli/servers/Stable-91fbdddc47bc9c09064bf7acf133d22631cbf083/server/out/vs/workbench/api/node/extensionHostProcess.js:115:4410)
	at async K0.l (file:///home/iujeong/.vscode-server/cli/servers/Stable-91fbdddc47bc9c09064bf7acf133d22631cbf083/server/out/vs/workbench/api/node/extensionHostProcess.js:115:3866)
2025-01-20 11:31:57.162 [info] Extension host terminating: received terminate message from renderer
2025-01-20 11:31:57.162 [info] Lock '/home/iujeong/.vscode-server/data/User/workspaceStorage/d93eea3a3c3f435b3cabd9cc82da6704/vscode.lock': Marking the lockfile as scheduled to be released in 6000 ms.
2025-01-20 11:31:57.172 [error] An error occurred when disposing the subscriptions for extension 'ms-dotnettools.vscode-dotnet-runtime':
2025-01-20 11:31:57.173 [error] Error: ENOENT: no such file or directory, open '/home/iujeong/.vscode-server/data/logs/20250120T091442/exthost4/ms-dotnettools.vscode-dotnet-runtime/DotNetAcquisition-ms-dotnettools.vscode-dotnet-runtime-1737339397100.txt'
	at Object.writeFileSync (node:fs:2367:20)
	at t.LoggingObserver.dispose (/home/iujeong/.vscode-server/extensions/ms-dotnettools.vscode-dotnet-runtime-2.2.5/dist/extension.js:2:186331)
	at ai (file:///home/iujeong/.vscode-server/cli/servers/Stable-91fbdddc47bc9c09064bf7acf133d22631cbf083/server/out/vs/workbench/api/node/extensionHostProcess.js:25:699)
	at file:///home/iujeong/.vscode-server/cli/servers/Stable-91fbdddc47bc9c09064bf7acf133d22631cbf083/server/out/vs/workbench/api/node/extensionHostProcess.js:119:14992
	at file:///home/iujeong/.vscode-server/cli/servers/Stable-91fbdddc47bc9c09064bf7acf133d22631cbf083/server/out/vs/workbench/api/node/extensionHostProcess.js:25:1009
	at Object.dispose (file:///home/iujeong/.vscode-server/cli/servers/Stable-91fbdddc47bc9c09064bf7acf133d22631cbf083/server/out/vs/workbench/api/node/extensionHostProcess.js:8:705)
	at zz.eb (file:///home/iujeong/.vscode-server/cli/servers/Stable-91fbdddc47bc9c09064bf7acf133d22631cbf083/server/out/vs/workbench/api/node/extensionHostProcess.js:119:11919)
	at file:///home/iujeong/.vscode-server/cli/servers/Stable-91fbdddc47bc9c09064bf7acf133d22631cbf083/server/out/vs/workbench/api/node/extensionHostProcess.js:119:9874
	at Array.map (<anonymous>)
	at zz.$ (file:///home/iujeong/.vscode-server/cli/servers/Stable-91fbdddc47bc9c09064bf7acf133d22631cbf083/server/out/vs/workbench/api/node/extensionHostProcess.js:119:9862)
	at zz.terminate (file:///home/iujeong/.vscode-server/cli/servers/Stable-91fbdddc47bc9c09064bf7acf133d22631cbf083/server/out/vs/workbench/api/node/extensionHostProcess.js:119:10105)
	at Q3.terminate (file:///home/iujeong/.vscode-server/cli/servers/Stable-91fbdddc47bc9c09064bf7acf133d22631cbf083/server/out/vs/workbench/api/node/extensionHostProcess.js:120:1424)
	at Zi (file:///home/iujeong/.vscode-server/cli/servers/Stable-91fbdddc47bc9c09064bf7acf133d22631cbf083/server/out/vs/workbench/api/node/extensionHostProcess.js:175:15080)
	at Sh.value (file:///home/iujeong/.vscode-server/cli/servers/Stable-91fbdddc47bc9c09064bf7acf133d22631cbf083/server/out/vs/workbench/api/node/extensionHostProcess.js:175:13241)
	at P.B (file:///home/iujeong/.vscode-server/cli/servers/Stable-91fbdddc47bc9c09064bf7acf133d22631cbf083/server/out/vs/workbench/api/node/extensionHostProcess.js:30:746)
	at P.fire (file:///home/iujeong/.vscode-server/cli/servers/Stable-91fbdddc47bc9c09064bf7acf133d22631cbf083/server/out/vs/workbench/api/node/extensionHostProcess.js:30:964)
	at Vn.fire (file:///home/iujeong/.vscode-server/cli/servers/Stable-91fbdddc47bc9c09064bf7acf133d22631cbf083/server/out/vs/workbench/api/node/extensionHostProcess.js:32:9457)
	at Wm.A (file:///home/iujeong/.vscode-server/cli/servers/Stable-91fbdddc47bc9c09064bf7acf133d22631cbf083/server/out/vs/workbench/api/node/extensionHostProcess.js:32:12573)
	at Sh.value (file:///home/iujeong/.vscode-server/cli/servers/Stable-91fbdddc47bc9c09064bf7acf133d22631cbf083/server/out/vs/workbench/api/node/extensionHostProcess.js:32:10993)
	at P.B (file:///home/iujeong/.vscode-server/cli/servers/Stable-91fbdddc47bc9c09064bf7acf133d22631cbf083/server/out/vs/workbench/api/node/extensionHostProcess.js:30:746)
	at P.fire (file:///home/iujeong/.vscode-server/cli/servers/Stable-91fbdddc47bc9c09064bf7acf133d22631cbf083/server/out/vs/workbench/api/node/extensionHostProcess.js:30:964)
	at s6.acceptChunk (file:///home/iujeong/.vscode-server/cli/servers/Stable-91fbdddc47bc9c09064bf7acf133d22631cbf083/server/out/vs/workbench/api/node/extensionHostProcess.js:32:7940)
	at file:///home/iujeong/.vscode-server/cli/servers/Stable-91fbdddc47bc9c09064bf7acf133d22631cbf083/server/out/vs/workbench/api/node/extensionHostProcess.js:32:7226
	at Socket.t (file:///home/iujeong/.vscode-server/cli/servers/Stable-91fbdddc47bc9c09064bf7acf133d22631cbf083/server/out/vs/workbench/api/node/extensionHostProcess.js:32:15451)
	at Socket.emit (node:events:518:28)
	at addChunk (node:internal/streams/readable:561:12)
	at readableAddChunkPushByteMode (node:internal/streams/readable:512:3)
	at Readable.push (node:internal/streams/readable:392:5)
	at Pipe.onStreamRead (node:internal/stream_base_commons:191:23)
2025-01-20 11:31:57.175 [error] An error occurred when disposing the subscriptions for extension 'ms-python.python':
2025-01-20 11:31:57.175 [error] Error: Connection is disposed.
	at de (/home/iujeong/.vscode-server/extensions/ms-python.python-2024.22.2/out/client/extension.js:2:2037454)
	at Object.sendNotification (/home/iujeong/.vscode-server/extensions/ms-python.python-2024.22.2/out/client/extension.js:2:2038297)
	at m.dispose (/home/iujeong/.vscode-server/extensions/ms-python.python-2024.22.2/out/client/extension.js:2:784764)
	at /home/iujeong/.vscode-server/extensions/ms-python.python-2024.22.2/out/client/extension.js:2:780151
	at Array.forEach (<anonymous>)
	at m.dispose (/home/iujeong/.vscode-server/extensions/ms-python.python-2024.22.2/out/client/extension.js:2:780137)
	at ai (file:///home/iujeong/.vscode-server/cli/servers/Stable-91fbdddc47bc9c09064bf7acf133d22631cbf083/server/out/vs/workbench/api/node/extensionHostProcess.js:25:699)
	at file:///home/iujeong/.vscode-server/cli/servers/Stable-91fbdddc47bc9c09064bf7acf133d22631cbf083/server/out/vs/workbench/api/node/extensionHostProcess.js:119:14992
	at file:///home/iujeong/.vscode-server/cli/servers/Stable-91fbdddc47bc9c09064bf7acf133d22631cbf083/server/out/vs/workbench/api/node/extensionHostProcess.js:25:1009
	at Object.dispose (file:///home/iujeong/.vscode-server/cli/servers/Stable-91fbdddc47bc9c09064bf7acf133d22631cbf083/server/out/vs/workbench/api/node/extensionHostProcess.js:8:705)
	at zz.eb (file:///home/iujeong/.vscode-server/cli/servers/Stable-91fbdddc47bc9c09064bf7acf133d22631cbf083/server/out/vs/workbench/api/node/extensionHostProcess.js:119:11919)
	at file:///home/iujeong/.vscode-server/cli/servers/Stable-91fbdddc47bc9c09064bf7acf133d22631cbf083/server/out/vs/workbench/api/node/extensionHostProcess.js:119:9874
	at Array.map (<anonymous>)
	at zz.$ (file:///home/iujeong/.vscode-server/cli/servers/Stable-91fbdddc47bc9c09064bf7acf133d22631cbf083/server/out/vs/workbench/api/node/extensionHostProcess.js:119:9862)
	at zz.terminate (file:///home/iujeong/.vscode-server/cli/servers/Stable-91fbdddc47bc9c09064bf7acf133d22631cbf083/server/out/vs/workbench/api/node/extensionHostProcess.js:119:10105)
	at Q3.terminate (file:///home/iujeong/.vscode-server/cli/servers/Stable-91fbdddc47bc9c09064bf7acf133d22631cbf083/server/out/vs/workbench/api/node/extensionHostProcess.js:120:1424)
	at Zi (file:///home/iujeong/.vscode-server/cli/servers/Stable-91fbdddc47bc9c09064bf7acf133d22631cbf083/server/out/vs/workbench/api/node/extensionHostProcess.js:175:15080)
	at Sh.value (file:///home/iujeong/.vscode-server/cli/servers/Stable-91fbdddc47bc9c09064bf7acf133d22631cbf083/server/out/vs/workbench/api/node/extensionHostProcess.js:175:13241)
	at P.B (file:///home/iujeong/.vscode-server/cli/servers/Stable-91fbdddc47bc9c09064bf7acf133d22631cbf083/server/out/vs/workbench/api/node/extensionHostProcess.js:30:746)
	at P.fire (file:///home/iujeong/.vscode-server/cli/servers/Stable-91fbdddc47bc9c09064bf7acf133d22631cbf083/server/out/vs/workbench/api/node/extensionHostProcess.js:30:964)
	at Vn.fire (file:///home/iujeong/.vscode-server/cli/servers/Stable-91fbdddc47bc9c09064bf7acf133d22631cbf083/server/out/vs/workbench/api/node/extensionHostProcess.js:32:9457)
	at Wm.A (file:///home/iujeong/.vscode-server/cli/servers/Stable-91fbdddc47bc9c09064bf7acf133d22631cbf083/server/out/vs/workbench/api/node/extensionHostProcess.js:32:12573)
	at Sh.value (file:///home/iujeong/.vscode-server/cli/servers/Stable-91fbdddc47bc9c09064bf7acf133d22631cbf083/server/out/vs/workbench/api/node/extensionHostProcess.js:32:10993)
	at P.B (file:///home/iujeong/.vscode-server/cli/servers/Stable-91fbdddc47bc9c09064bf7acf133d22631cbf083/server/out/vs/workbench/api/node/extensionHostProcess.js:30:746)
	at P.fire (file:///home/iujeong/.vscode-server/cli/servers/Stable-91fbdddc47bc9c09064bf7acf133d22631cbf083/server/out/vs/workbench/api/node/extensionHostProcess.js:30:964)
	at s6.acceptChunk (file:///home/iujeong/.vscode-server/cli/servers/Stable-91fbdddc47bc9c09064bf7acf133d22631cbf083/server/out/vs/workbench/api/node/extensionHostProcess.js:32:7940)
	at file:///home/iujeong/.vscode-server/cli/servers/Stable-91fbdddc47bc9c09064bf7acf133d22631cbf083/server/out/vs/workbench/api/node/extensionHostProcess.js:32:7226
	at Socket.t (file:///home/iujeong/.vscode-server/cli/servers/Stable-91fbdddc47bc9c09064bf7acf133d22631cbf083/server/out/vs/workbench/api/node/extensionHostProcess.js:32:15451)
	at Socket.emit (node:events:518:28)
	at addChunk (node:internal/streams/readable:561:12)
	at readableAddChunkPushByteMode (node:internal/streams/readable:512:3)
	at Readable.push (node:internal/streams/readable:392:5)
	at Pipe.onStreamRead (node:internal/stream_base_commons:191:23)
2025-01-20 11:31:57.183 [error] Error: ENOENT: no such file or directory, open '/home/iujeong/.vscode-server/data/User/workspaceStorage/d93eea3a3c3f435b3cabd9cc82da6704/vscode.lock'
2025-01-20 11:31:57.184 [info] Extension host with pid 204753 exiting with code 0
