2025-01-20 12:32:04.051 [info] 실험 'pythonRecommendTensorboardExt'이(가) 활성 상태입니다.
2025-01-20 12:32:04.051 [info] 실험 'pythonTerminalEnvVarActivation'이(가) 활성 상태입니다.
2025-01-20 12:32:04.051 [info] 실험 'pythonTestAdapter'이(가) 활성 상태입니다.
2025-01-20 12:32:04.051 [info] Native locator: Refresh started
2025-01-20 12:32:04.051 [info] Native locator: Refresh started
2025-01-20 12:32:04.061 [info] > pyenv which python
2025-01-20 12:32:04.061 [info] cwd: .
2025-01-20 12:32:04.074 [info] Native locator: Refresh started
2025-01-20 12:32:04.165 [info] Conda environment manager found at: /opt/anaconda3/bin/conda
2025-01-20 12:32:04.188 [info] > /opt/anaconda3/bin/conda info --json
2025-01-20 12:32:04.479 [info] Native locator: Refresh finished in 935 ms
2025-01-20 12:32:04.484 [info] Python 인터프리터 경로: /bin/python3
2025-01-20 12:32:04.710 [info] > /opt/anaconda3/bin/conda run -n bogdong --no-capture-output python ./.vscode-server/extensions/ms-python.python-2024.22.2/python_files/get_output_via_markers.py ./.vscode-server/extensions/ms-python.python-2024.22.2/python_files/printEnvVariables.py
2025-01-20 12:32:04.710 [info] shell: bash
2025-01-20 12:32:04.710 [info] > /opt/anaconda3/bin/conda run -n bogdong --no-capture-output python ./.vscode-server/extensions/ms-python.python-2024.22.2/python_files/get_output_via_markers.py ./.vscode-server/extensions/ms-python.python-2024.22.2/python_files/printEnvVariables.py
2025-01-20 12:32:04.710 [info] shell: bash
2025-01-20 12:32:04.710 [info] > /opt/anaconda3/bin/conda run -n bogdong --no-capture-output python ./.vscode-server/extensions/ms-python.python-2024.22.2/python_files/get_output_via_markers.py ./.vscode-server/extensions/ms-python.python-2024.22.2/python_files/printEnvVariables.py
2025-01-20 12:32:04.710 [info] shell: bash
2025-01-20 12:32:05.258 [info] Pylance 언어 서버를 시작하는 중입니다.
2025-01-20 15:00:40.215 [info] Discover tests for workspace name: iujeong - uri: /home/iujeong/script.py
2025-01-20 15:00:40.487 [info] Discover tests for workspace name: iujeong - uri: /home/iujeong/script.py
2025-01-20 15:00:40.741 [info] Discover tests for workspace name: iujeong - uri: /home/iujeong/script.py
2025-01-20 15:02:40.362 [info] > /bin/python3 ./.vscode-server/extensions/ms-python.python-2024.22.2/python_files/normalizeSelection.py
2025-01-20 15:02:57.486 [info] Discover tests for workspace name: iujeong - uri: /home/iujeong/script.py
2025-01-20 15:02:57.939 [info] Discover tests for workspace name: iujeong - uri: /home/iujeong/script.py
