2025-01-21 18:07:44.977 [info] Starting Python Locator /home/iujeong/.vscode-server/extensions/ms-python.python-2024.22.2/python-env-tools/bin/pet server
2025-01-21 18:07:45.056 [info] Discovered manager: (Conda) /opt/anaconda3/bin/conda
2025-01-21 18:07:45.056 [info] Discovered env: /opt/anaconda3/bin/python
2025-01-21 18:07:45.062 [info] Discovered env: /opt/anaconda3/envs/python=3.13
2025-01-21 18:07:45.064 [info] Discovered env: /opt/anaconda3/envs/bin234/bin/python
2025-01-21 18:07:45.065 [info] Discovered env: /opt/anaconda3/envs/bin345/bin/python
2025-01-21 18:07:45.066 [info] Discovered env: /opt/anaconda3/envs/aicar/bin/python
2025-01-21 18:07:45.067 [info] Discovered env: /opt/anaconda3/envs/gps/bin/python
2025-01-21 18:07:45.069 [info] Discovered env: /opt/anaconda3/envs/cdp310/bin/python
2025-01-21 18:07:45.070 [info] Discovered env: /opt/anaconda3/envs/jayeon/bin/python
2025-01-21 18:07:45.071 [info] Discovered env: /opt/anaconda3/envs/myenv/bin/python
2025-01-21 18:07:45.072 [info] Discovered env: /opt/anaconda3/envs/basic/bin/python
2025-01-21 18:07:45.074 [info] Discovered env: /opt/anaconda3/envs/JokerK/bin/python
2025-01-21 18:07:45.075 [info] Discovered env: /opt/anaconda3/envs/bin123/bin/python
2025-01-21 18:07:45.076 [info] Discovered env: /opt/anaconda3/envs/water/bin/python
2025-01-21 18:07:45.077 [info] Discovered env: /opt/anaconda3/envs/surveybay/bin/python
2025-01-21 18:07:45.079 [info] Discovered env: /opt/anaconda3/envs/dlalsrb123/bin/python
2025-01-21 18:07:45.080 [info] Discovered env: /opt/anaconda3/envs/hansol/bin/python
2025-01-21 18:07:45.083 [info] Discovered env: /opt/anaconda3/envs/person_tracking/bin/python
2025-01-21 18:07:45.084 [info] Discovered env: /opt/anaconda3/envs/newenv/bin/python
2025-01-21 18:07:45.086 [info] Discovered env: /opt/anaconda3/envs/ezh123/bin/python
2025-01-21 18:07:45.099 [info] Discovered env: /opt/anaconda3/envs/test999/bin/python
2025-01-21 18:07:45.101 [info] Discovered env: /opt/anaconda3/envs/lanenet_env/bin/python
2025-01-21 18:07:45.107 [info] Discovered env: /opt/anaconda3/envs/ehdnjs_yolo/bin/python
2025-01-21 18:07:45.109 [info] Discovered env: /opt/anaconda3/envs/test1299/bin/python
2025-01-21 18:07:45.110 [info] Discovered env: /opt/anaconda3/envs/kaldi/bin/python
2025-01-21 18:07:45.112 [info] Discovered env: /opt/anaconda3/envs/autopilot_lsm/bin/python
2025-01-21 18:07:45.114 [info] Discovered env: /opt/anaconda3/envs/golf/bin/python
2025-01-21 18:07:45.116 [info] Discovered env: /opt/anaconda3/envs/env_lsy/bin/python
2025-01-21 18:07:45.117 [info] Discovered env: /opt/anaconda3/envs/goguma/bin/python
2025-01-21 18:07:45.119 [info] Discovered env: /opt/anaconda3/envs/kgjtest/bin/python
2025-01-21 18:07:45.123 [info] Discovered env: /opt/anaconda3/envs/skaigroove/bin/python
2025-01-21 18:07:45.125 [info] Discovered env: /opt/anaconda3/envs/yangpa/bin/python
2025-01-21 18:07:45.127 [info] Discovered env: /opt/anaconda3/envs/test1026/bin/python
2025-01-21 18:07:45.129 [info] Discovered env: /opt/anaconda3/envs/bk7602/bin/python
2025-01-21 18:07:45.130 [info] Discovered env: /opt/anaconda3/envs/yolop/bin/python
2025-01-21 18:07:45.132 [info] Discovered env: /usr/bin/python3
2025-01-21 18:07:45.134 [info] Discovered env: /bin/python3
2025-01-21 18:07:45.136 [warning] Inaccurate Python Environment Info for => 
Environment (Conda)
   Name        : base
   Executable  : /opt/anaconda3/bin/python
   Version     : 3.12.8
   Prefix      : /opt/anaconda3
   Architecture: x64
   Manager     : Conda, /opt/anaconda3/bin/conda
   Symlinks    : "/opt/anaconda3/bin/python"
               : "/opt/anaconda3/bin/python3"
               : "/opt/anaconda3/bin/python3.1"
               : "/opt/anaconda3/bin/python3.12"
.
Resolved as => 
Environment (Conda)
   Name        : base
   Executable  : /opt/anaconda3/bin/python
   Version     : 3.12.4.final.0
   Prefix      : /opt/anaconda3
   Architecture: x64
   Manager     : Conda, /opt/anaconda3/bin/conda
   Symlinks    : "/opt/anaconda3/bin/python"
               : "/opt/anaconda3/bin/python3"
               : "/opt/anaconda3/bin/python3.1"
               : "/opt/anaconda3/bin/python3.12"

Incorrect information => 
Environment Some(Conda) incorrectly identified
   Version is incorrect

2025-01-21 18:07:45.136 [info] Resolved Python Environment /opt/anaconda3/bin/python
2025-01-21 18:07:45.137 [info] Discovered env: /opt/anaconda3/envs/nanie1664/bin/python
2025-01-21 18:07:45.138 [info] Discovered env: /opt/anaconda3/envs/nanie1/bin/python
2025-01-21 18:07:45.140 [info] Discovered env: /opt/anaconda3/envs/msoh/bin/python
2025-01-21 18:07:45.142 [info] Discovered env: /opt/anaconda3/envs/hjjeon/bin/python
2025-01-21 18:07:45.144 [info] Discovered env: /opt/anaconda3/envs/test8737/bin/python
2025-01-21 18:07:45.147 [info] Resolved Python Environment /opt/anaconda3/envs/bogdong/bin/python
2025-01-21 18:07:45.185 [info] Discovered env: /opt/anaconda3/envs/jha/bin/python
2025-01-21 18:07:45.187 [info] Discovered env: /opt/anaconda3/envs/bogdong/bin/python
2025-01-21 18:07:45.188 [info] Discovered env: /opt/anaconda3/envs/KGJ/bin/python
2025-01-21 18:07:45.190 [info] Discovered env: /opt/anaconda3/envs/test123/bin/python
2025-01-21 18:07:45.192 [info] Discovered env: /opt/anaconda3/envs/cju/bin/python
2025-01-21 18:07:45.195 [info] Discovered env: /opt/anaconda3/envs/cju_mlane/bin/python
2025-01-21 18:07:45.200 [info] Discovered env: /opt/anaconda3/envs/adas_cju/bin/python
2025-01-21 18:07:45.205 [info] Discovered env: /opt/anaconda3/envs/cgh/bin/python
2025-01-21 18:07:45.215 [info] Discovered env: /opt/anaconda3/envs/shkim/bin/python
2025-01-21 18:07:45.220 [info] Discovered env: /opt/anaconda3/envs/torch/bin/python
2025-01-21 18:07:45.223 [info] Discovered env: /opt/anaconda3/envs/nanie/bin/python
2025-01-21 18:07:45.228 [info] Locator Conda took 290.082471ms
2025-01-21 18:07:45.228 [info] Locator Homebrew took 158.562µs
2025-01-21 18:07:45.228 [info] Locator LinuxGlobal took 285.386673ms
2025-01-21 18:07:45.228 [info] Locator PipEnv took 14.353µs
2025-01-21 18:07:45.228 [info] Locator Poetry took 330.99µs
2025-01-21 18:07:45.228 [info] Locator PyEnv took 646.805µs
2025-01-21 18:07:45.228 [info] Locator Venv took 30.258µs
2025-01-21 18:07:45.228 [info] Locator VirtualEnv took 11.097µs
2025-01-21 18:07:45.228 [info] Locator VirtualEnvWrapper took 44.912µs
2025-01-21 18:07:45.228 [info] Locator GlobalVirtualEnvs took 363.05µs
2025-01-21 18:07:45.228 [info] Locator Locators took 290.289807ms
2025-01-21 18:07:45.228 [info] Locator Path took 329.724282ms
2025-01-21 18:07:45.228 [info] Locator Workspaces took 2.519326ms
2025-01-21 18:07:45.228 [info] Refresh completed in 329ms
2025-01-21 18:14:41.481 [info] Resolved Python Environment /opt/anaconda3/envs/bogdong/bin/python
2025-01-21 18:18:31.623 [info] Resolved Python Environment /opt/anaconda3/envs/bogdong/bin/python
2025-01-21 18:22:17.979 [info] Resolved Python Environment /opt/anaconda3/envs/bogdong/bin/python
