Visual Studio Code (1.96.3, ssh-remote, desktop)
Jupyter Extension Version: 2024.11.0.
Python Extension Version: 2024.22.2.
Pylance Extension Version: 2024.12.1.
Platform: linux (x64).
Temp Storage folder ~/.vscode-server/data/User/globalStorage/ms-toolsai.jupyter/version-2024.11.0
Workspace folder /home/iujeong, Home = /home/iujeong
11:39:47.678 [info] Starting Kernel (Python Path: /opt/anaconda3/envs/bogdong/bin/python, Conda, 3.12.8) for '~/python.ipynb' (disableUI=true)
11:39:48.688 [error] Failed to get activated conda env vars for /opt/anaconda3/envs/bogdong/bin/python
                 in 1013ms
11:39:48.688 [error] Unable to determine site packages path for python /opt/anaconda3/envs/bogdong/bin/python (Conda)
11:39:48.692 [info] Process Execution: /opt/anaconda3/envs/bogdong/bin/python -m pip list
11:39:48.831 [error] Failed to get activated conda env vars for /opt/anaconda3/envs/bogdong/bin/python
                 in 1148ms
11:39:48.832 [error] Unable to determine site packages path for python /opt/anaconda3/envs/bogdong/bin/python (Conda)
11:39:48.835 [info] Process Execution: /opt/anaconda3/envs/bogdong/bin/python -c "import ipykernel; print(ipykernel.__version__); print("5dc3a68c-e34e-4080-9c3e-2a532b2ccb4d"); print(ipykernel.__file__)"
11:39:48.838 [info] Process Execution: /opt/anaconda3/envs/bogdong/bin/python -m ipykernel_launcher --f=/home/~/.local/share/jupyter/runtime/kernel-v3d424d37f7c5a05934b8347de7bc781730a71f5c9.json
    > cwd: //home/~
11:39:49.104 [info] Kernel successfully started
11:39:49.108 [info] Process Execution: /opt/anaconda3/envs/bogdong/bin/python /home/~/.vscode-server/extensions/ms-toolsai.jupyter-2024.11.0-linux-x64/pythonFiles/printJupyterDataDir.py
12:24:24.099 [info] Starting Kernel (Python Path: /opt/anaconda3/envs/bogdong/bin/python, Conda, 3.12.8) for '~/Jan_20.ipynb' (disableUI=true)
12:24:25.129 [error] Failed to get activated conda env vars for /opt/anaconda3/envs/bogdong/bin/python
                 in 1025ms
12:24:25.129 [error] Unable to determine site packages path for python /opt/anaconda3/envs/bogdong/bin/python (Conda)
12:24:25.133 [info] Process Execution: /opt/anaconda3/envs/bogdong/bin/python -c "import ipykernel; print(ipykernel.__version__); print("5dc3a68c-e34e-4080-9c3e-2a532b2ccb4d"); print(ipykernel.__file__)"
12:24:25.135 [info] Process Execution: /opt/anaconda3/envs/bogdong/bin/python -m ipykernel_launcher --f=/home/~/.local/share/jupyter/runtime/kernel-v3bbd12c4703b2d97e04ef3bf81981290819841d93.json
    > cwd: //home/~
12:24:25.150 [error] Failed to get activated conda env vars for /opt/anaconda3/envs/bogdong/bin/python
                 in 1051ms
12:24:25.151 [error] Unable to determine site packages path for python /opt/anaconda3/envs/bogdong/bin/python (Conda)
12:24:25.154 [info] Process Execution: /opt/anaconda3/envs/bogdong/bin/python -m pip list
12:24:25.372 [info] Kernel successfully started
