2025-01-18 16:47:13.026 [info] 실험 'pythonRecommendTensorboardExt'이(가) 활성 상태입니다.
2025-01-18 16:47:13.026 [info] 실험 'pythonTerminalEnvVarActivation'이(가) 활성 상태입니다.
2025-01-18 16:47:13.026 [info] 실험 'pythonTestAdapter'이(가) 활성 상태입니다.
2025-01-18 16:47:13.026 [info] Native locator: Refresh started
2025-01-18 16:47:13.026 [info] Conda environment manager found at: /opt/anaconda3/bin/conda
2025-01-18 16:47:13.026 [info] Native locator: Refresh started
2025-01-18 16:47:13.026 [info] Native locator: Refresh started
2025-01-18 16:47:13.142 [info] > pyenv which python
2025-01-18 16:47:13.142 [info] cwd: .
2025-01-18 16:47:13.197 [info] > /opt/anaconda3/bin/conda info --json
2025-01-18 16:47:13.219 [info] Python 인터프리터 경로: /bin/python3
2025-01-18 16:47:13.289 [info] Native locator: Refresh finished in 559 ms
2025-01-18 16:47:13.614 [info] > /opt/anaconda3/bin/conda run -n bogdong --no-capture-output python ./.vscode-server/extensions/ms-python.python-2024.22.2/python_files/get_output_via_markers.py ./.vscode-server/extensions/ms-python.python-2024.22.2/python_files/printEnvVariables.py
2025-01-18 16:47:13.615 [info] shell: bash
2025-01-18 16:47:13.615 [info] > /opt/anaconda3/bin/conda run -n bogdong --no-capture-output python ./.vscode-server/extensions/ms-python.python-2024.22.2/python_files/get_output_via_markers.py ./.vscode-server/extensions/ms-python.python-2024.22.2/python_files/printEnvVariables.py
2025-01-18 16:47:13.615 [info] shell: bash
2025-01-18 16:47:13.615 [info] > /opt/anaconda3/bin/conda run -n bogdong --no-capture-output python ./.vscode-server/extensions/ms-python.python-2024.22.2/python_files/get_output_via_markers.py ./.vscode-server/extensions/ms-python.python-2024.22.2/python_files/printEnvVariables.py
2025-01-18 16:47:13.615 [info] shell: bash
2025-01-18 16:47:13.615 [info] > /opt/anaconda3/bin/conda run -n bogdong --no-capture-output python ./.vscode-server/extensions/ms-python.python-2024.22.2/python_files/get_output_via_markers.py ./.vscode-server/extensions/ms-python.python-2024.22.2/python_files/printEnvVariables.py
2025-01-18 16:47:13.615 [info] shell: bash
2025-01-18 16:47:14.053 [info] Pylance 언어 서버를 시작하는 중입니다.
2025-01-18 16:59:16.395 [info] > /opt/anaconda3/bin/conda run -n bogdong --no-capture-output python ./.vscode-server/extensions/ms-python.python-2024.22.2/python_files/get_output_via_markers.py ./.vscode-server/extensions/ms-python.python-2024.22.2/python_files/printEnvVariables.py
2025-01-18 16:59:16.395 [info] shell: bash
2025-01-18 16:59:16.395 [info] > /opt/anaconda3/bin/conda run -n bogdong --no-capture-output python ./.vscode-server/extensions/ms-python.python-2024.22.2/python_files/get_output_via_markers.py ./.vscode-server/extensions/ms-python.python-2024.22.2/python_files/printEnvVariables.py
2025-01-18 16:59:16.395 [info] shell: bash
