2025-01-18 16:47:13.026 [info] Starting Python Locator /home/iujeong/.vscode-server/extensions/ms-python.python-2024.22.2/python-env-tools/bin/pet server
2025-01-18 16:47:13.026 [info] Discovered manager: (Conda) /opt/anaconda3/bin/conda
2025-01-18 16:47:13.026 [info] Discovered env: /opt/anaconda3/bin/python
2025-01-18 16:47:13.035 [info] Discovered env: /opt/anaconda3/envs/python=3.13
2025-01-18 16:47:13.037 [info] Discovered env: /opt/anaconda3/envs/JokerK/bin/python
2025-01-18 16:47:13.038 [info] Discovered env: /opt/anaconda3/envs/aicar/bin/python
2025-01-18 16:47:13.039 [info] Discovered env: /opt/anaconda3/envs/env_lsy/bin/python
2025-01-18 16:47:13.041 [info] Discovered env: /opt/anaconda3/envs/autopilot_lsm/bin/python
2025-01-18 16:47:13.042 [info] Discovered env: /opt/anaconda3/envs/bin123/bin/python
2025-01-18 16:47:13.043 [info] Discovered env: /opt/anaconda3/envs/bin345/bin/python
2025-01-18 16:47:13.049 [info] Discovered env: /opt/anaconda3/envs/hansol/bin/python
2025-01-18 16:47:13.051 [info] Discovered env: /opt/anaconda3/envs/dlalsrb123/bin/python
2025-01-18 16:47:13.052 [info] Discovered env: /opt/anaconda3/envs/basic/bin/python
2025-01-18 16:47:13.054 [info] Discovered env: /opt/anaconda3/envs/bin234/bin/python
2025-01-18 16:47:13.055 [info] Discovered env: /opt/anaconda3/envs/ehdnjs_yolo/bin/python
2025-01-18 16:47:13.057 [info] Discovered env: /opt/anaconda3/envs/lanenet_env/bin/python
2025-01-18 16:47:13.058 [info] Discovered env: /opt/anaconda3/envs/cdp310/bin/python
2025-01-18 16:47:13.059 [info] Discovered env: /opt/anaconda3/envs/golf/bin/python
2025-01-18 16:47:13.060 [info] Discovered env: /opt/anaconda3/envs/kaldi/bin/python
2025-01-18 16:47:13.062 [info] Discovered env: /opt/anaconda3/envs/gps/bin/python
2025-01-18 16:47:13.085 [info] Discovered env: /opt/anaconda3/envs/goguma/bin/python
2025-01-18 16:47:13.135 [info] Discovered env: /opt/anaconda3/envs/ezh123/bin/python
2025-01-18 16:47:13.143 [info] Discovered env: /opt/anaconda3/envs/jayeon/bin/python
2025-01-18 16:47:13.149 [info] Discovered env: /opt/anaconda3/envs/myenv/bin/python
2025-01-18 16:47:13.151 [info] Discovered env: /opt/anaconda3/envs/newenv/bin/python
2025-01-18 16:47:13.153 [info] Discovered env: /opt/anaconda3/envs/kgjtest/bin/python
2025-01-18 16:47:13.154 [info] Discovered env: /opt/anaconda3/envs/person_tracking/bin/python
2025-01-18 16:47:13.157 [info] Discovered env: /opt/anaconda3/envs/surveybay/bin/python
2025-01-18 16:47:13.158 [info] Discovered env: /opt/anaconda3/envs/bk7602/bin/python
2025-01-18 16:47:13.160 [info] Discovered env: /opt/anaconda3/envs/skaigroove/bin/python
2025-01-18 16:47:13.161 [info] Discovered env: /opt/anaconda3/envs/test1026/bin/python
2025-01-18 16:47:13.163 [info] Discovered env: /opt/anaconda3/envs/water/bin/python
2025-01-18 16:47:13.165 [info] Discovered env: /opt/anaconda3/envs/test999/bin/python
2025-01-18 16:47:13.166 [info] Discovered env: /opt/anaconda3/envs/nanie/bin/python
2025-01-18 16:47:13.169 [info] Discovered env: /opt/anaconda3/envs/hjjeon/bin/python
2025-01-18 16:47:13.171 [info] Discovered env: /opt/anaconda3/envs/adas_cju/bin/python
2025-01-18 16:47:13.173 [info] Discovered env: /opt/anaconda3/envs/nanie1/bin/python
2025-01-18 16:47:13.174 [info] Discovered env: /bin/python3
2025-01-18 16:47:13.176 [info] Discovered env: /usr/bin/python3
2025-01-18 16:47:13.178 [info] Discovered env: /opt/anaconda3/envs/test1299/bin/python
2025-01-18 16:47:13.180 [info] Discovered env: /opt/anaconda3/envs/yangpa/bin/python
2025-01-18 16:47:13.181 [info] Discovered env: /opt/anaconda3/envs/msoh/bin/python
2025-01-18 16:47:13.183 [info] Discovered env: /opt/anaconda3/envs/cju_mlane/bin/python
2025-01-18 16:47:13.185 [info] Discovered env: /opt/anaconda3/envs/bogdong/bin/python
2025-01-18 16:47:13.186 [info] Discovered env: /opt/anaconda3/envs/KGJ/bin/python
2025-01-18 16:47:13.188 [info] Discovered env: /opt/anaconda3/envs/jha/bin/python
2025-01-18 16:47:13.190 [info] Discovered env: /opt/anaconda3/envs/yolop/bin/python
2025-01-18 16:47:13.197 [info] Discovered env: /opt/anaconda3/envs/cju/bin/python
2025-01-18 16:47:13.203 [info] Discovered env: /opt/anaconda3/envs/cgh/bin/python
2025-01-18 16:47:13.205 [info] Discovered env: /opt/anaconda3/envs/nanie1664/bin/python
2025-01-18 16:47:13.207 [info] Discovered env: /opt/anaconda3/envs/test8737/bin/python
2025-01-18 16:47:13.209 [info] Discovered env: /opt/anaconda3/envs/test123/bin/python
2025-01-18 16:47:13.211 [info] Discovered env: /opt/anaconda3/envs/shkim/bin/python
2025-01-18 16:47:13.213 [info] Discovered env: /opt/anaconda3/envs/torch/bin/python
2025-01-18 16:47:13.215 [info] Resolved Python Environment /opt/anaconda3/envs/bogdong/bin/python
2025-01-18 16:47:13.218 [info] Resolved Python Environment /bin/python3
2025-01-18 16:47:13.274 [info] Locator Conda took 248.219748ms
2025-01-18 16:47:13.275 [info] Locator Homebrew took 307.068µs
2025-01-18 16:47:13.287 [info] Locator LinuxGlobal took 246.301603ms
2025-01-18 16:47:13.288 [info] Locator PipEnv took 33µs
2025-01-18 16:47:13.288 [info] Locator Poetry took 750.479µs
2025-01-18 16:47:13.288 [info] Locator PyEnv took 1.332932ms
2025-01-18 16:47:13.288 [info] Locator Venv took 255.068µs
2025-01-18 16:47:13.288 [info] Locator VirtualEnv took 67.616µs
2025-01-18 16:47:13.288 [info] Locator VirtualEnvWrapper took 201.07µs
2025-01-18 16:47:13.288 [info] Locator GlobalVirtualEnvs took 371.471µs
2025-01-18 16:47:13.288 [info] Locator Locators took 248.686204ms
2025-01-18 16:47:13.288 [info] Locator Path took 317.35028ms
2025-01-18 16:47:13.288 [info] Locator Workspaces took 2.75984ms
2025-01-18 16:47:13.289 [info] Refresh completed in 317ms
2025-01-18 16:59:04.572 [info] Resolved Python Environment /bin/python3
2025-01-18 16:59:16.389 [info] Resolved Python Environment /opt/anaconda3/envs/bogdong/bin/python
2025-01-18 17:01:57.623 [info] Resolved Python Environment /opt/anaconda3/envs/bogdong/bin/python
2025-01-18 17:01:59.054 [info] Resolved Python Environment /bin/python3
