2025-01-17 23:31:44.419 [info] 실험 'pythonRecommendTensorboardExt'이(가) 활성 상태입니다.
2025-01-17 23:31:44.419 [info] 실험 'pythonTerminalEnvVarActivation'이(가) 활성 상태입니다.
2025-01-17 23:31:44.419 [info] 실험 'pythonTestAdapter'이(가) 활성 상태입니다.
2025-01-17 23:31:44.419 [info] Native locator: Refresh started
2025-01-17 23:31:44.419 [info] Conda environment manager found at: /opt/anaconda3/bin/conda
2025-01-17 23:31:44.419 [info] Native locator: Refresh started
2025-01-17 23:31:44.437 [info] > pyenv which python
2025-01-17 23:31:44.437 [info] cwd: .
2025-01-17 23:31:44.480 [info] Native locator: Refresh finished in 562 ms
2025-01-17 23:31:44.480 [info] Python 인터프리터 경로: /bin/python3
2025-01-17 23:31:44.901 [info] > /opt/anaconda3/bin/conda info --json
2025-01-17 23:31:55.438 [info] Pylance 언어 서버를 시작하는 중입니다.
2025-01-17 23:32:29.131 [info] Python 인터프리터 경로: /usr/bin/python3
2025-01-17 23:47:08.867 [info] Native locator: Refresh started
2025-01-17 23:47:08.878 [info] Conda environment manager found at: /opt/anaconda3/bin/conda
2025-01-17 23:47:08.967 [info] Native locator: Refresh finished in 100 ms
2025-01-17 23:48:13.020 [info] > /opt/anaconda3/bin/conda run -n base --no-capture-output python ./.vscode-server/extensions/ms-python.python-2024.22.2/python_files/get_output_via_markers.py ./.vscode-server/extensions/ms-python.python-2024.22.2/python_files/printEnvVariables.py
2025-01-17 23:48:13.020 [info] shell: bash
2025-01-17 23:48:13.093 [info] > /opt/anaconda3/bin/conda run -n base --no-capture-output python ./.vscode-server/extensions/ms-python.python-2024.22.2/python_files/get_output_via_markers.py ./.vscode-server/extensions/ms-python.python-2024.22.2/python_files/printEnvVariables.py
2025-01-17 23:48:13.093 [info] shell: bash
2025-01-18 00:12:09.529 [info] > /opt/anaconda3/bin/conda run -n base --no-capture-output python ./.vscode-server/extensions/ms-python.python-2024.22.2/python_files/get_output_via_markers.py ./.vscode-server/extensions/ms-python.python-2024.22.2/python_files/printEnvVariables.py
2025-01-18 00:12:09.529 [info] shell: bash
2025-01-18 00:12:09.557 [info] > /opt/anaconda3/bin/conda run -n base --no-capture-output python ./.vscode-server/extensions/ms-python.python-2024.22.2/python_files/get_output_via_markers.py ./.vscode-server/extensions/ms-python.python-2024.22.2/python_files/printEnvVariables.py
2025-01-18 00:12:09.557 [info] shell: bash
