2025-01-17 23:31:45.117 [info] [Info  - 오후 11:31:45] (49767) Server root directory: file:///home/iujeong/.vscode-server/extensions/ms-python.vscode-pylance-2024.12.1/dist
2025-01-17 23:31:45.117 [info] [Info  - 오후 11:31:45] (49767) Pylance language server 2024.12.1 (pyright version 1.1.389, commit ce1325fc) starting
2025-01-17 23:31:45.119 [info] [Info  - 오후 11:31:45] (49767) Starting service instance "iujeong"
2025-01-17 23:31:45.147 [info] [Info  - 오후 11:31:45] (49767) Setting environmentName for service "iujeong": "3.12.3 (글로벌)"
2025-01-17 23:31:45.147 [info] [Info  - 오후 11:31:45] (49767) Setting pythonPath for service "iujeong": "/usr/bin/python3"
2025-01-17 23:31:45.147 [info] [Info  - 오후 11:31:45] (49767) No include entries specified; assuming /home/iujeong
2025-01-17 23:31:45.148 [info] [Info  - 오후 11:31:45] (49767) Auto-excluding **/node_modules
2025-01-17 23:31:45.148 [info] [Info  - 오후 11:31:45] (49767) Auto-excluding **/__pycache__
2025-01-17 23:31:45.148 [info] [Info  - 오후 11:31:45] (49767) Auto-excluding **/.*
2025-01-17 23:31:45.165 [info] [Info  - 오후 11:31:45] (49767) Assuming Python version 3.12.3.final.0
2025-01-17 23:31:45.197 [info] [Info  - 오후 11:31:45] (49767) Found 1 source file
2025-01-17 23:31:45.373 [info] [Info  - 오후 11:31:45] (49767) Background analysis(1) root directory: file:///home/iujeong/.vscode-server/extensions/ms-python.vscode-pylance-2024.12.1/dist
2025-01-17 23:31:45.373 [info] [Info  - 오후 11:31:45] (49767) Background analysis(1) started
2025-01-17 23:31:45.392 [info] [Info  - 오후 11:31:45] (49767) Indexer background runner(2) root directory: file:///home/iujeong/.vscode-server/extensions/ms-python.vscode-pylance-2024.12.1/dist (index)
2025-01-17 23:31:45.392 [info] [Info  - 오후 11:31:45] (49767) Indexing(2) started
2025-01-17 23:31:45.547 [info] [Info  - 오후 11:31:45] (49767) scanned(2) 97 files over 1 exec env
2025-01-17 23:31:45.628 [info] [Info  - 오후 11:31:45] (49767) indexed(2) 97 files over 1 exec env
2025-01-17 23:31:45.643 [info] [Info  - 오후 11:31:45] (49767) Indexing finished(2).
2025-01-17 23:31:55.437 [info] (Client) The existing extension didn't exit within 10 seconds. New instance will start, but you might encounter issues.
2025-01-17 23:31:55.437 [info] (Client) Pylance async client (2024.12.1) started with python extension (2024.22.2)
2025-01-17 23:47:33.457 [info] [Info  - 오후 11:47:33] (49767) Starting service instance "<default>"
2025-01-17 23:47:33.480 [info] [Info  - 오후 11:47:33] (49767) Setting environmentName for service "<default>": "3.12.3 (글로벌)"
2025-01-17 23:47:33.480 [info] [Info  - 오후 11:47:33] (49767) Setting pythonPath for service "<default>": "/usr/bin/python3"
2025-01-17 23:47:33.480 [info] [Info  - 오후 11:47:33] (49767) No include entries specified; assuming /<default workspace root>
2025-01-17 23:47:33.481 [info] [Info  - 오후 11:47:33] (49767) Auto-excluding **/node_modules
2025-01-17 23:47:33.481 [info] [Info  - 오후 11:47:33] (49767) Auto-excluding **/__pycache__
2025-01-17 23:47:33.481 [info] [Info  - 오후 11:47:33] (49767) Auto-excluding **/.*
2025-01-17 23:47:33.494 [info] [Info  - 오후 11:47:33] (49767) Assuming Python version 3.12.3.final.0
2025-01-17 23:47:33.514 [info] [Error - 오후 11:47:33] (49767) File or directory "/<default workspace root>" does not exist.
2025-01-17 23:47:33.514 [info] [Info  - 오후 11:47:33] (49767) No source files found.
2025-01-17 23:47:33.670 [info] [Info  - 오후 11:47:33] (49767) Background analysis(3) root directory: file:///home/iujeong/.vscode-server/extensions/ms-python.vscode-pylance-2024.12.1/dist
2025-01-17 23:47:33.671 [info] [Info  - 오후 11:47:33] (49767) Background analysis(3) started
2025-01-17 23:48:13.105 [info] [Info  - 오후 11:48:13] (49767) Starting service instance "iujeong"
2025-01-17 23:48:13.131 [info] [Info  - 오후 11:48:13] (49767) Setting environmentName for service "iujeong": "3.12.3 (글로벌)"
2025-01-17 23:48:13.131 [info] [Info  - 오후 11:48:13] (49767) Setting pythonPath for service "iujeong": "/opt/anaconda3/bin/python"
2025-01-17 23:48:13.131 [info] [Info  - 오후 11:48:13] (49767) No include entries specified; assuming /home/iujeong
2025-01-17 23:48:13.131 [info] [Info  - 오후 11:48:13] (49767) Auto-excluding **/node_modules
2025-01-17 23:48:13.131 [info] [Info  - 오후 11:48:13] (49767) Auto-excluding **/__pycache__
2025-01-17 23:48:13.131 [info] [Info  - 오후 11:48:13] (49767) Auto-excluding **/.*
2025-01-17 23:48:13.143 [info] [Info  - 오후 11:48:13] (49767) Assuming Python version 3.12.4.final.0
2025-01-17 23:48:13.164 [info] [Info  - 오후 11:48:13] (49767) Found 1 source file
2025-01-17 23:48:13.298 [info] [Info  - 오후 11:48:13] (49767) Background analysis(4) root directory: file:///home/iujeong/.vscode-server/extensions/ms-python.vscode-pylance-2024.12.1/dist
2025-01-17 23:48:13.299 [info] [Info  - 오후 11:48:13] (49767) Background analysis(4) started
2025-01-17 23:48:13.367 [info] [Info  - 오후 11:48:13] (49767) Indexer background runner(5) root directory: file:///home/iujeong/.vscode-server/extensions/ms-python.vscode-pylance-2024.12.1/dist (index)
2025-01-17 23:48:13.367 [info] [Info  - 오후 11:48:13] (49767) Indexing(5) started
2025-01-17 23:48:13.589 [info] [Info  - 오후 11:48:13] (49767) scanned(5) 256 files over 1 exec env
2025-01-17 23:48:14.650 [info] [Info  - 오후 11:48:14] (49767) indexed(5) 256 files over 1 exec env
2025-01-17 23:48:14.690 [info] [Info  - 오후 11:48:14] (49767) Indexing finished(5).
2025-01-17 23:55:55.867 [info] [Info  - 오후 11:55:55] (49767) Starting service instance "iujeong"
2025-01-17 23:55:55.892 [info] [Info  - 오후 11:55:55] (49767) Setting environmentName for service "iujeong": "3.12.3 (글로벌)"
2025-01-17 23:55:55.892 [info] [Info  - 오후 11:55:55] (49767) Setting pythonPath for service "iujeong": "/home/iujeong"
2025-01-17 23:55:55.892 [info] [Info  - 오후 11:55:55] (49767) No include entries specified; assuming /home/iujeong
2025-01-17 23:55:55.892 [info] [Info  - 오후 11:55:55] (49767) Auto-excluding **/node_modules
2025-01-17 23:55:55.892 [info] [Info  - 오후 11:55:55] (49767) Auto-excluding **/__pycache__
2025-01-17 23:55:55.892 [info] [Info  - 오후 11:55:55] (49767) Auto-excluding **/.*
2025-01-17 23:55:55.912 [info] [Info  - 오후 11:55:55] (49767) Found 1 source file
2025-01-17 23:55:56.080 [info] [Info  - 오후 11:55:56] (49767) Background analysis(6) root directory: file:///home/iujeong/.vscode-server/extensions/ms-python.vscode-pylance-2024.12.1/dist
2025-01-17 23:55:56.080 [info] [Info  - 오후 11:55:56] (49767) Background analysis(6) started
2025-01-17 23:55:56.105 [info] [Info  - 오후 11:55:56] (49767) Indexer background runner(7) root directory: file:///home/iujeong/.vscode-server/extensions/ms-python.vscode-pylance-2024.12.1/dist (index)
2025-01-17 23:55:56.105 [info] [Info  - 오후 11:55:56] (49767) Indexing(7) started
2025-01-17 23:55:56.226 [info] [Info  - 오후 11:55:56] (49767) scanned(7) 1 files over 1 exec env
2025-01-17 23:55:56.338 [info] [Info  - 오후 11:55:56] (49767) indexed(7) 1 files over 1 exec env
2025-01-17 23:55:56.343 [info] [Info  - 오후 11:55:56] (49767) Indexing finished(7).
2025-01-17 23:56:14.458 [info] [Info  - 오후 11:56:14] (49767) No source files found.
2025-01-17 23:56:14.461 [info] [Info  - 오후 11:56:14] (49767) Found 4 source files
2025-01-18 00:16:15.351 [info] [Info  - 오전 12:16:15] (49767) Starting service instance "iujeong"
2025-01-18 00:16:15.369 [info] [Info  - 오전 12:16:15] (49767) Setting environmentName for service "iujeong": "3.12.3 (글로벌)"
2025-01-18 00:16:15.369 [info] [Info  - 오전 12:16:15] (49767) Setting pythonPath for service "iujeong": "/home/iujeong"
2025-01-18 00:16:15.369 [info] [Info  - 오전 12:16:15] (49767) No include entries specified; assuming /home/iujeong
2025-01-18 00:16:15.369 [info] [Info  - 오전 12:16:15] (49767) Auto-excluding **/node_modules
2025-01-18 00:16:15.369 [info] [Info  - 오전 12:16:15] (49767) Auto-excluding **/__pycache__
2025-01-18 00:16:15.369 [info] [Info  - 오전 12:16:15] (49767) Auto-excluding **/.*
2025-01-18 00:16:15.383 [info] [Info  - 오전 12:16:15] (49767) No source files found.
