Visual Studio Code (1.96.3, ssh-remote, desktop)
Jupyter Extension Version: 2024.11.0.
Python Extension Version: 2024.22.2.
Pylance Extension Version: 2024.12.1.
Platform: linux (x64).
Temp Storage folder ~/.vscode-server/data/User/globalStorage/ms-toolsai.jupyter/version-2024.11.0
Workspace folder /home/iujeong, Home = /home/iujeong
22:20:44.150 [warn] No interpreter with path /opt/anaconda3/bin/python found in Python API, will convert Uri path to string as Id /opt/anaconda3/bin/python
22:20:44.394 [info] Starting Kernel (Python Path: /usr/bin/python3, Unknown, 3.12.3) for '~/Study/dddd.ipynb' (disableUI=true)
22:20:44.525 [warn] Failed to get activated env vars for /usr/bin/python3 in 131ms
22:20:44.527 [warn] Failed to get activated env vars for /usr/bin/python3 in 129ms
22:20:44.529 [info] Process Execution: /usr/bin/python3 -c "import site;print("USER_BASE_VALUE");print(site.USER_BASE);print("USER_BASE_VALUE");"
22:20:44.537 [info] Process Execution: /usr/bin/python3 -m pip list
22:20:44.539 [info] Process Execution: /usr/bin/python3 -c "import ipykernel; print(ipykernel.__version__); print("5dc3a68c-e34e-4080-9c3e-2a532b2ccb4d"); print(ipykernel.__file__)"
22:20:44.541 [info] Process Execution: /usr/bin/python3 -m ipykernel_launcher --f=/home/~/.local/share/jupyter/runtime/kernel-v3f92de29e1e650d742b4f1951dbb4a3b38e54909d.json
    > cwd: //home/~/Study
22:20:44.551 [info] Process Execution: /usr/bin/python3 -c "import pip;print('6af208d0-cb9c-427f-b937-ff563e17efdf')"
22:20:44.553 [error] Disposing kernel process due to an error Error: 커널이 종료되었습니다. 오류: /usr/bin/python3: No module named ipykernel_launcher... 자세한 내용은 Jupyter [로그](command:jupyter.viewOutput)를 참조하세요.
    > Kernel Id = .jvsc74a57bd031f2aee4e71d21fbe5cf8b01ff0e069b9275f58929596ceb00d14d90e3e16cd6./usr/bin/python3./usr/bin/python3.-m#ipykernel_launcher
    > Interpreter Id = /usr/bin/python3
    > at ChildProcess.<anonymous> (/home/~/.vscode-server/extensions/ms-toolsai.jupyter-2024.11.0-linux-x64/dist/extension.node.js:299:44847)
    > stdErr = /usr/bin/python3: No module named ipykernel_launcher
22:20:44.554 [error] Failed to connect raw kernel session: Error: 커널이 종료되었습니다. 오류: /usr/bin/python3: No module named ipykernel_launcher... 자세한 내용은 Jupyter [로그](command:jupyter.viewOutput)를 참조하세요.
22:20:44.554 [error] Failed to connect raw kernel session: Error: 커널이 종료되었습니다. 오류: /usr/bin/python3: No module named ipykernel_launcher... 자세한 내용은 Jupyter [로그](command:jupyter.viewOutput)를 참조하세요.
22:20:44.555 [warn] Failed to shutdown kernel, .jvsc74a57bd031f2aee4e71d21fbe5cf8b01ff0e069b9275f58929596ceb00d14d90e3e16cd6./usr/bin/python3./usr/bin/python3.-m#ipykernel_launcher [TypeError: Cannot read properties of undefined (reading 'dispose')
	at $_.shutdown (/home/~/.vscode-server/extensions/ms-toolsai.jupyter-2024.11.0-linux-x64/dist/extension.node.js:304:13745)
	at process.processTicksAndRejections (node:internal/process/task_queues:95:5)
	at async q_.shutdown (/home/~/.vscode-server/extensions/ms-toolsai.jupyter-2024.11.0-linux-x64/dist/extension.node.js:304:22578)]
22:20:44.555 [warn] Error occurred while trying to start the kernel, options.disableUI=true Error: 커널이 종료되었습니다. 오류: /usr/bin/python3: No module named ipykernel_launcher... 자세한 내용은 Jupyter [로그](command:jupyter.viewOutput)를 참조하세요.
    > Kernel Id = .jvsc74a57bd031f2aee4e71d21fbe5cf8b01ff0e069b9275f58929596ceb00d14d90e3e16cd6./usr/bin/python3./usr/bin/python3.-m#ipykernel_launcher
    > Interpreter Id = /usr/bin/python3
    > at ChildProcess.<anonymous> (/home/~/.vscode-server/extensions/ms-toolsai.jupyter-2024.11.0-linux-x64/dist/extension.node.js:299:44847)
    > stdErr = /usr/bin/python3: No module named ipykernel_launcher
22:22:22.267 [info] Starting Kernel (Python Path: /usr/bin/python3, Unknown, 3.12.3) for '~/Study/dddd.ipynb' (disableUI=false)
22:22:22.325 [warn] Failed to get activated env vars for /usr/bin/python3 in 55ms
22:22:22.328 [info] Process Execution: /usr/bin/python3 -c "import ipykernel; print(ipykernel.__version__); print("5dc3a68c-e34e-4080-9c3e-2a532b2ccb4d"); print(ipykernel.__file__)"
22:22:22.330 [info] Process Execution: /usr/bin/python3 -m ipykernel_launcher --f=/home/~/.local/share/jupyter/runtime/kernel-v34b4ee70f1492b2f57435d11cafda03f7c6d6dd47.json
    > cwd: //home/~/Study
22:22:22.338 [error] Disposing kernel process due to an error Error: 커널이 종료되었습니다. 오류: /usr/bin/python3: No module named ipykernel_launcher... 자세한 내용은 Jupyter [로그](command:jupyter.viewOutput)를 참조하세요.
    > Kernel Id = .jvsc74a57bd031f2aee4e71d21fbe5cf8b01ff0e069b9275f58929596ceb00d14d90e3e16cd6./usr/bin/python3./usr/bin/python3.-m#ipykernel_launcher
    > Interpreter Id = /usr/bin/python3
    > at ChildProcess.<anonymous> (/home/~/.vscode-server/extensions/ms-toolsai.jupyter-2024.11.0-linux-x64/dist/extension.node.js:299:44847)
    > stdErr = /usr/bin/python3: No module named ipykernel_launcher
22:22:22.339 [error] Failed to connect raw kernel session: Error: 커널이 종료되었습니다. 오류: /usr/bin/python3: No module named ipykernel_launcher... 자세한 내용은 Jupyter [로그](command:jupyter.viewOutput)를 참조하세요.
22:22:22.340 [error] Failed to connect raw kernel session: Error: 커널이 종료되었습니다. 오류: /usr/bin/python3: No module named ipykernel_launcher... 자세한 내용은 Jupyter [로그](command:jupyter.viewOutput)를 참조하세요.
22:22:22.340 [warn] Failed to shutdown kernel, .jvsc74a57bd031f2aee4e71d21fbe5cf8b01ff0e069b9275f58929596ceb00d14d90e3e16cd6./usr/bin/python3./usr/bin/python3.-m#ipykernel_launcher [TypeError: Cannot read properties of undefined (reading 'dispose')
	at $_.shutdown (/home/~/.vscode-server/extensions/ms-toolsai.jupyter-2024.11.0-linux-x64/dist/extension.node.js:304:13745)
	at process.processTicksAndRejections (node:internal/process/task_queues:95:5)
	at async q_.shutdown (/home/~/.vscode-server/extensions/ms-toolsai.jupyter-2024.11.0-linux-x64/dist/extension.node.js:304:22578)]
22:22:22.341 [warn] Error occurred while trying to start the kernel, options.disableUI=false Error: 커널이 종료되었습니다. 오류: /usr/bin/python3: No module named ipykernel_launcher... 자세한 내용은 Jupyter [로그](command:jupyter.viewOutput)를 참조하세요.
    > Kernel Id = .jvsc74a57bd031f2aee4e71d21fbe5cf8b01ff0e069b9275f58929596ceb00d14d90e3e16cd6./usr/bin/python3./usr/bin/python3.-m#ipykernel_launcher
    > Interpreter Id = /usr/bin/python3
    > at ChildProcess.<anonymous> (/home/~/.vscode-server/extensions/ms-toolsai.jupyter-2024.11.0-linux-x64/dist/extension.node.js:299:44847)
    > stdErr = /usr/bin/python3: No module named ipykernel_launcher
22:22:22.341 [warn] Kernel Error, context = start Error: 커널이 종료되었습니다. 오류: /usr/bin/python3: No module named ipykernel_launcher... 자세한 내용은 Jupyter [로그](command:jupyter.viewOutput)를 참조하세요.
    > Kernel Id = .jvsc74a57bd031f2aee4e71d21fbe5cf8b01ff0e069b9275f58929596ceb00d14d90e3e16cd6./usr/bin/python3./usr/bin/python3.-m#ipykernel_launcher
    > Interpreter Id = /usr/bin/python3
    > at ChildProcess.<anonymous> (/home/~/.vscode-server/extensions/ms-toolsai.jupyter-2024.11.0-linux-x64/dist/extension.node.js:299:44847)
    > stdErr = /usr/bin/python3: No module named ipykernel_launcher
22:22:22.418 [warn] Failed to get activated env vars for /usr/bin/python3 in 76ms
22:22:22.421 [info] Process Execution: /usr/bin/python3 -c "import ipykernel;print('6af208d0-cb9c-427f-b937-ff563e17efdf')"
22:22:22.471 [info] Check & install missing Kernel dependencies for /usr/bin/python3, ui.disabled=false for resource '~/Study/dddd.ipynb'
22:22:22.474 [info] Process Execution: /usr/bin/python3 -c "import ipykernel;print('6af208d0-cb9c-427f-b937-ff563e17efdf')"
22:22:22.537 [info] Process Execution: /usr/bin/python3 -c "import pip;print('6af208d0-cb9c-427f-b937-ff563e17efdf')"
22:22:25.426 [info] Dispose Kernel '~/Study/dddd.ipynb' associated with '~/Study/dddd.ipynb'
22:22:25.427 [error] Error in notebook cell execution Error: 커널이 종료되었습니다. 오류: /usr/bin/python3: No module named ipykernel_launcher... 자세한 내용은 Jupyter [로그](command:jupyter.viewOutput)를 참조하세요.
    > Kernel Id = .jvsc74a57bd031f2aee4e71d21fbe5cf8b01ff0e069b9275f58929596ceb00d14d90e3e16cd6./usr/bin/python3./usr/bin/python3.-m#ipykernel_launcher
    > Interpreter Id = /usr/bin/python3
    > at ChildProcess.<anonymous> (/home/~/.vscode-server/extensions/ms-toolsai.jupyter-2024.11.0-linux-x64/dist/extension.node.js:299:44847)
    > stdErr = /usr/bin/python3: No module named ipykernel_launcher
22:22:25.427 [error] Error in execution (get message for cell) Error: 커널이 종료되었습니다. 오류: /usr/bin/python3: No module named ipykernel_launcher... 자세한 내용은 Jupyter [로그](command:jupyter.viewOutput)를 참조하세요.
    > Kernel Id = .jvsc74a57bd031f2aee4e71d21fbe5cf8b01ff0e069b9275f58929596ceb00d14d90e3e16cd6./usr/bin/python3./usr/bin/python3.-m#ipykernel_launcher
    > Interpreter Id = /usr/bin/python3
    > at ChildProcess.<anonymous> (/home/~/.vscode-server/extensions/ms-toolsai.jupyter-2024.11.0-linux-x64/dist/extension.node.js:299:44847)
    > stdErr = /usr/bin/python3: No module named ipykernel_launcher
22:22:25.430 [info] Process Execution: /usr/bin/python3 -c "import ipykernel;print('6af208d0-cb9c-427f-b937-ff563e17efdf')"
22:23:57.072 [info] Starting Kernel (Python Path: /usr/bin/python3, Unknown, 3.12.3) for '~/Study/dddd.ipynb' (disableUI=false)
22:23:57.117 [warn] Failed to get activated env vars for /usr/bin/python3 in 43ms
22:23:57.120 [info] Process Execution: /usr/bin/python3 -c "import ipykernel; print(ipykernel.__version__); print("5dc3a68c-e34e-4080-9c3e-2a532b2ccb4d"); print(ipykernel.__file__)"
22:23:57.121 [info] Process Execution: /usr/bin/python3 -m ipykernel_launcher --f=/home/~/.local/share/jupyter/runtime/kernel-v3cfa66245a564277a501a65c8049f41ce68d81832.json
    > cwd: //home/~/Study
22:23:57.131 [error] Disposing kernel process due to an error Error: 커널이 종료되었습니다. 오류: /usr/bin/python3: No module named ipykernel_launcher... 자세한 내용은 Jupyter [로그](command:jupyter.viewOutput)를 참조하세요.
    > Kernel Id = .jvsc74a57bd031f2aee4e71d21fbe5cf8b01ff0e069b9275f58929596ceb00d14d90e3e16cd6./usr/bin/python3./usr/bin/python3.-m#ipykernel_launcher
    > Interpreter Id = /usr/bin/python3
    > at ChildProcess.<anonymous> (/home/~/.vscode-server/extensions/ms-toolsai.jupyter-2024.11.0-linux-x64/dist/extension.node.js:299:44847)
    > stdErr = /usr/bin/python3: No module named ipykernel_launcher
22:23:57.131 [error] Failed to connect raw kernel session: Error: 커널이 종료되었습니다. 오류: /usr/bin/python3: No module named ipykernel_launcher... 자세한 내용은 Jupyter [로그](command:jupyter.viewOutput)를 참조하세요.
22:23:57.131 [error] Failed to connect raw kernel session: Error: 커널이 종료되었습니다. 오류: /usr/bin/python3: No module named ipykernel_launcher... 자세한 내용은 Jupyter [로그](command:jupyter.viewOutput)를 참조하세요.
22:23:57.131 [warn] Failed to shutdown kernel, .jvsc74a57bd031f2aee4e71d21fbe5cf8b01ff0e069b9275f58929596ceb00d14d90e3e16cd6./usr/bin/python3./usr/bin/python3.-m#ipykernel_launcher [TypeError: Cannot read properties of undefined (reading 'dispose')
	at $_.shutdown (/home/~/.vscode-server/extensions/ms-toolsai.jupyter-2024.11.0-linux-x64/dist/extension.node.js:304:13745)
	at process.processTicksAndRejections (node:internal/process/task_queues:95:5)
	at async q_.shutdown (/home/~/.vscode-server/extensions/ms-toolsai.jupyter-2024.11.0-linux-x64/dist/extension.node.js:304:22578)]
22:23:57.132 [warn] Error occurred while trying to start the kernel, options.disableUI=false Error: 커널이 종료되었습니다. 오류: /usr/bin/python3: No module named ipykernel_launcher... 자세한 내용은 Jupyter [로그](command:jupyter.viewOutput)를 참조하세요.
    > Kernel Id = .jvsc74a57bd031f2aee4e71d21fbe5cf8b01ff0e069b9275f58929596ceb00d14d90e3e16cd6./usr/bin/python3./usr/bin/python3.-m#ipykernel_launcher
    > Interpreter Id = /usr/bin/python3
    > at ChildProcess.<anonymous> (/home/~/.vscode-server/extensions/ms-toolsai.jupyter-2024.11.0-linux-x64/dist/extension.node.js:299:44847)
    > stdErr = /usr/bin/python3: No module named ipykernel_launcher
22:23:57.132 [warn] Kernel Error, context = start Error: 커널이 종료되었습니다. 오류: /usr/bin/python3: No module named ipykernel_launcher... 자세한 내용은 Jupyter [로그](command:jupyter.viewOutput)를 참조하세요.
    > Kernel Id = .jvsc74a57bd031f2aee4e71d21fbe5cf8b01ff0e069b9275f58929596ceb00d14d90e3e16cd6./usr/bin/python3./usr/bin/python3.-m#ipykernel_launcher
    > Interpreter Id = /usr/bin/python3
    > at ChildProcess.<anonymous> (/home/~/.vscode-server/extensions/ms-toolsai.jupyter-2024.11.0-linux-x64/dist/extension.node.js:299:44847)
    > stdErr = /usr/bin/python3: No module named ipykernel_launcher
22:23:57.213 [warn] Failed to get activated env vars for /usr/bin/python3 in 81ms
22:23:57.215 [info] Process Execution: /usr/bin/python3 -c "import ipykernel;print('6af208d0-cb9c-427f-b937-ff563e17efdf')"
22:23:57.265 [info] Check & install missing Kernel dependencies for /usr/bin/python3, ui.disabled=false for resource '~/Study/dddd.ipynb'
22:23:57.268 [info] Process Execution: /usr/bin/python3 -c "import ipykernel;print('6af208d0-cb9c-427f-b937-ff563e17efdf')"
22:23:57.325 [info] Process Execution: /usr/bin/python3 -c "import pip;print('6af208d0-cb9c-427f-b937-ff563e17efdf')"
22:23:59.655 [info] Dispose Kernel '~/Study/dddd.ipynb' associated with '~/Study/dddd.ipynb'
22:23:59.656 [error] Error in notebook cell execution Error: 커널이 종료되었습니다. 오류: /usr/bin/python3: No module named ipykernel_launcher... 자세한 내용은 Jupyter [로그](command:jupyter.viewOutput)를 참조하세요.
    > Kernel Id = .jvsc74a57bd031f2aee4e71d21fbe5cf8b01ff0e069b9275f58929596ceb00d14d90e3e16cd6./usr/bin/python3./usr/bin/python3.-m#ipykernel_launcher
    > Interpreter Id = /usr/bin/python3
    > at ChildProcess.<anonymous> (/home/~/.vscode-server/extensions/ms-toolsai.jupyter-2024.11.0-linux-x64/dist/extension.node.js:299:44847)
    > stdErr = /usr/bin/python3: No module named ipykernel_launcher
22:23:59.656 [error] Error in execution (get message for cell) Error: 커널이 종료되었습니다. 오류: /usr/bin/python3: No module named ipykernel_launcher... 자세한 내용은 Jupyter [로그](command:jupyter.viewOutput)를 참조하세요.
    > Kernel Id = .jvsc74a57bd031f2aee4e71d21fbe5cf8b01ff0e069b9275f58929596ceb00d14d90e3e16cd6./usr/bin/python3./usr/bin/python3.-m#ipykernel_launcher
    > Interpreter Id = /usr/bin/python3
    > at ChildProcess.<anonymous> (/home/~/.vscode-server/extensions/ms-toolsai.jupyter-2024.11.0-linux-x64/dist/extension.node.js:299:44847)
    > stdErr = /usr/bin/python3: No module named ipykernel_launcher
22:23:59.659 [info] Process Execution: /usr/bin/python3 -c "import ipykernel;print('6af208d0-cb9c-427f-b937-ff563e17efdf')"
22:32:27.485 [info] Starting Kernel (Python Path: /usr/bin/python3, Unknown, 3.12.3) for '~/Study/dddd.ipynb' (disableUI=false)
22:32:27.547 [warn] Failed to get activated env vars for /usr/bin/python3 in 59ms
22:32:27.550 [info] Process Execution: /usr/bin/python3 -c "import ipykernel; print(ipykernel.__version__); print("5dc3a68c-e34e-4080-9c3e-2a532b2ccb4d"); print(ipykernel.__file__)"
22:32:27.552 [info] Process Execution: /usr/bin/python3 -m ipykernel_launcher --f=/home/~/.local/share/jupyter/runtime/kernel-v3949ae7d761e671d2143169591d930054088ab251.json
    > cwd: //home/~/Study
22:32:27.561 [error] Disposing kernel process due to an error Error: 커널이 종료되었습니다. 오류: /usr/bin/python3: No module named ipykernel_launcher... 자세한 내용은 Jupyter [로그](command:jupyter.viewOutput)를 참조하세요.
    > Kernel Id = .jvsc74a57bd031f2aee4e71d21fbe5cf8b01ff0e069b9275f58929596ceb00d14d90e3e16cd6./usr/bin/python3./usr/bin/python3.-m#ipykernel_launcher
    > Interpreter Id = /usr/bin/python3
    > at ChildProcess.<anonymous> (/home/~/.vscode-server/extensions/ms-toolsai.jupyter-2024.11.0-linux-x64/dist/extension.node.js:299:44847)
    > stdErr = /usr/bin/python3: No module named ipykernel_launcher
22:32:27.562 [error] Failed to connect raw kernel session: Error: 커널이 종료되었습니다. 오류: /usr/bin/python3: No module named ipykernel_launcher... 자세한 내용은 Jupyter [로그](command:jupyter.viewOutput)를 참조하세요.
22:32:27.562 [error] Failed to connect raw kernel session: Error: 커널이 종료되었습니다. 오류: /usr/bin/python3: No module named ipykernel_launcher... 자세한 내용은 Jupyter [로그](command:jupyter.viewOutput)를 참조하세요.
22:32:27.562 [warn] Failed to shutdown kernel, .jvsc74a57bd031f2aee4e71d21fbe5cf8b01ff0e069b9275f58929596ceb00d14d90e3e16cd6./usr/bin/python3./usr/bin/python3.-m#ipykernel_launcher [TypeError: Cannot read properties of undefined (reading 'dispose')
	at $_.shutdown (/home/~/.vscode-server/extensions/ms-toolsai.jupyter-2024.11.0-linux-x64/dist/extension.node.js:304:13745)
	at process.processTicksAndRejections (node:internal/process/task_queues:95:5)
	at async q_.shutdown (/home/~/.vscode-server/extensions/ms-toolsai.jupyter-2024.11.0-linux-x64/dist/extension.node.js:304:22578)]
22:32:27.563 [warn] Error occurred while trying to start the kernel, options.disableUI=false Error: 커널이 종료되었습니다. 오류: /usr/bin/python3: No module named ipykernel_launcher... 자세한 내용은 Jupyter [로그](command:jupyter.viewOutput)를 참조하세요.
    > Kernel Id = .jvsc74a57bd031f2aee4e71d21fbe5cf8b01ff0e069b9275f58929596ceb00d14d90e3e16cd6./usr/bin/python3./usr/bin/python3.-m#ipykernel_launcher
    > Interpreter Id = /usr/bin/python3
    > at ChildProcess.<anonymous> (/home/~/.vscode-server/extensions/ms-toolsai.jupyter-2024.11.0-linux-x64/dist/extension.node.js:299:44847)
    > stdErr = /usr/bin/python3: No module named ipykernel_launcher
22:32:27.563 [warn] Kernel Error, context = start Error: 커널이 종료되었습니다. 오류: /usr/bin/python3: No module named ipykernel_launcher... 자세한 내용은 Jupyter [로그](command:jupyter.viewOutput)를 참조하세요.
    > Kernel Id = .jvsc74a57bd031f2aee4e71d21fbe5cf8b01ff0e069b9275f58929596ceb00d14d90e3e16cd6./usr/bin/python3./usr/bin/python3.-m#ipykernel_launcher
    > Interpreter Id = /usr/bin/python3
    > at ChildProcess.<anonymous> (/home/~/.vscode-server/extensions/ms-toolsai.jupyter-2024.11.0-linux-x64/dist/extension.node.js:299:44847)
    > stdErr = /usr/bin/python3: No module named ipykernel_launcher
22:32:27.627 [warn] Failed to get activated env vars for /usr/bin/python3 in 63ms
22:32:27.630 [info] Process Execution: /usr/bin/python3 -c "import ipykernel;print('6af208d0-cb9c-427f-b937-ff563e17efdf')"
22:32:27.681 [info] Check & install missing Kernel dependencies for /usr/bin/python3, ui.disabled=false for resource '~/Study/dddd.ipynb'
22:32:27.684 [info] Process Execution: /usr/bin/python3 -c "import ipykernel;print('6af208d0-cb9c-427f-b937-ff563e17efdf')"
22:32:27.740 [info] Process Execution: /usr/bin/python3 -c "import pip;print('6af208d0-cb9c-427f-b937-ff563e17efdf')"
22:32:30.095 [info] Dispose Kernel '~/Study/dddd.ipynb' associated with '~/Study/dddd.ipynb'
22:32:30.095 [error] Error in notebook cell execution Error: 커널이 종료되었습니다. 오류: /usr/bin/python3: No module named ipykernel_launcher... 자세한 내용은 Jupyter [로그](command:jupyter.viewOutput)를 참조하세요.
    > Kernel Id = .jvsc74a57bd031f2aee4e71d21fbe5cf8b01ff0e069b9275f58929596ceb00d14d90e3e16cd6./usr/bin/python3./usr/bin/python3.-m#ipykernel_launcher
    > Interpreter Id = /usr/bin/python3
    > at ChildProcess.<anonymous> (/home/~/.vscode-server/extensions/ms-toolsai.jupyter-2024.11.0-linux-x64/dist/extension.node.js:299:44847)
    > stdErr = /usr/bin/python3: No module named ipykernel_launcher
22:32:30.096 [error] Error in execution (get message for cell) Error: 커널이 종료되었습니다. 오류: /usr/bin/python3: No module named ipykernel_launcher... 자세한 내용은 Jupyter [로그](command:jupyter.viewOutput)를 참조하세요.
    > Kernel Id = .jvsc74a57bd031f2aee4e71d21fbe5cf8b01ff0e069b9275f58929596ceb00d14d90e3e16cd6./usr/bin/python3./usr/bin/python3.-m#ipykernel_launcher
    > Interpreter Id = /usr/bin/python3
    > at ChildProcess.<anonymous> (/home/~/.vscode-server/extensions/ms-toolsai.jupyter-2024.11.0-linux-x64/dist/extension.node.js:299:44847)
    > stdErr = /usr/bin/python3: No module named ipykernel_launcher
22:32:30.100 [info] Process Execution: /usr/bin/python3 -c "import ipykernel;print('6af208d0-cb9c-427f-b937-ff563e17efdf')"
22:34:52.920 [info] Starting Kernel (Python Path: /usr/bin/python3, Unknown, 3.12.3) for '~/Study/dddd.ipynb' (disableUI=false)
22:34:52.964 [warn] Failed to get activated env vars for /usr/bin/python3 in 42ms
22:34:52.967 [info] Process Execution: /usr/bin/python3 -c "import ipykernel; print(ipykernel.__version__); print("5dc3a68c-e34e-4080-9c3e-2a532b2ccb4d"); print(ipykernel.__file__)"
22:34:52.969 [info] Process Execution: /usr/bin/python3 -m ipykernel_launcher --f=/home/~/.local/share/jupyter/runtime/kernel-v329eadb3f1ae8d36cbd369b69ed793b51a7f5b14e.json
    > cwd: //home/~/Study
22:34:52.977 [error] Disposing kernel process due to an error Error: 커널이 종료되었습니다. 오류: /usr/bin/python3: No module named ipykernel_launcher... 자세한 내용은 Jupyter [로그](command:jupyter.viewOutput)를 참조하세요.
    > Kernel Id = .jvsc74a57bd031f2aee4e71d21fbe5cf8b01ff0e069b9275f58929596ceb00d14d90e3e16cd6./usr/bin/python3./usr/bin/python3.-m#ipykernel_launcher
    > Interpreter Id = /usr/bin/python3
    > at ChildProcess.<anonymous> (/home/~/.vscode-server/extensions/ms-toolsai.jupyter-2024.11.0-linux-x64/dist/extension.node.js:299:44847)
    > stdErr = /usr/bin/python3: No module named ipykernel_launcher
22:34:52.977 [error] Failed to connect raw kernel session: Error: 커널이 종료되었습니다. 오류: /usr/bin/python3: No module named ipykernel_launcher... 자세한 내용은 Jupyter [로그](command:jupyter.viewOutput)를 참조하세요.
22:34:52.977 [error] Failed to connect raw kernel session: Error: 커널이 종료되었습니다. 오류: /usr/bin/python3: No module named ipykernel_launcher... 자세한 내용은 Jupyter [로그](command:jupyter.viewOutput)를 참조하세요.
22:34:52.978 [warn] Failed to shutdown kernel, .jvsc74a57bd031f2aee4e71d21fbe5cf8b01ff0e069b9275f58929596ceb00d14d90e3e16cd6./usr/bin/python3./usr/bin/python3.-m#ipykernel_launcher [TypeError: Cannot read properties of undefined (reading 'dispose')
	at $_.shutdown (/home/~/.vscode-server/extensions/ms-toolsai.jupyter-2024.11.0-linux-x64/dist/extension.node.js:304:13745)
	at process.processTicksAndRejections (node:internal/process/task_queues:95:5)
	at async q_.shutdown (/home/~/.vscode-server/extensions/ms-toolsai.jupyter-2024.11.0-linux-x64/dist/extension.node.js:304:22578)]
22:34:52.978 [warn] Error occurred while trying to start the kernel, options.disableUI=false Error: 커널이 종료되었습니다. 오류: /usr/bin/python3: No module named ipykernel_launcher... 자세한 내용은 Jupyter [로그](command:jupyter.viewOutput)를 참조하세요.
    > Kernel Id = .jvsc74a57bd031f2aee4e71d21fbe5cf8b01ff0e069b9275f58929596ceb00d14d90e3e16cd6./usr/bin/python3./usr/bin/python3.-m#ipykernel_launcher
    > Interpreter Id = /usr/bin/python3
    > at ChildProcess.<anonymous> (/home/~/.vscode-server/extensions/ms-toolsai.jupyter-2024.11.0-linux-x64/dist/extension.node.js:299:44847)
    > stdErr = /usr/bin/python3: No module named ipykernel_launcher
22:34:52.978 [warn] Kernel Error, context = start Error: 커널이 종료되었습니다. 오류: /usr/bin/python3: No module named ipykernel_launcher... 자세한 내용은 Jupyter [로그](command:jupyter.viewOutput)를 참조하세요.
    > Kernel Id = .jvsc74a57bd031f2aee4e71d21fbe5cf8b01ff0e069b9275f58929596ceb00d14d90e3e16cd6./usr/bin/python3./usr/bin/python3.-m#ipykernel_launcher
    > Interpreter Id = /usr/bin/python3
    > at ChildProcess.<anonymous> (/home/~/.vscode-server/extensions/ms-toolsai.jupyter-2024.11.0-linux-x64/dist/extension.node.js:299:44847)
    > stdErr = /usr/bin/python3: No module named ipykernel_launcher
22:34:53.057 [warn] Failed to get activated env vars for /usr/bin/python3 in 79ms
22:34:53.060 [info] Process Execution: /usr/bin/python3 -c "import ipykernel;print('6af208d0-cb9c-427f-b937-ff563e17efdf')"
22:34:53.114 [info] Check & install missing Kernel dependencies for /usr/bin/python3, ui.disabled=false for resource '~/Study/dddd.ipynb'
22:34:53.117 [info] Process Execution: /usr/bin/python3 -c "import ipykernel;print('6af208d0-cb9c-427f-b937-ff563e17efdf')"
22:34:53.183 [info] Process Execution: /usr/bin/python3 -c "import pip;print('6af208d0-cb9c-427f-b937-ff563e17efdf')"
22:34:55.535 [info] Dispose Kernel '~/Study/dddd.ipynb' associated with '~/Study/dddd.ipynb'
22:34:55.536 [error] Error in notebook cell execution Error: 커널이 종료되었습니다. 오류: /usr/bin/python3: No module named ipykernel_launcher... 자세한 내용은 Jupyter [로그](command:jupyter.viewOutput)를 참조하세요.
    > Kernel Id = .jvsc74a57bd031f2aee4e71d21fbe5cf8b01ff0e069b9275f58929596ceb00d14d90e3e16cd6./usr/bin/python3./usr/bin/python3.-m#ipykernel_launcher
    > Interpreter Id = /usr/bin/python3
    > at ChildProcess.<anonymous> (/home/~/.vscode-server/extensions/ms-toolsai.jupyter-2024.11.0-linux-x64/dist/extension.node.js:299:44847)
    > stdErr = /usr/bin/python3: No module named ipykernel_launcher
22:34:55.536 [error] Error in execution (get message for cell) Error: 커널이 종료되었습니다. 오류: /usr/bin/python3: No module named ipykernel_launcher... 자세한 내용은 Jupyter [로그](command:jupyter.viewOutput)를 참조하세요.
    > Kernel Id = .jvsc74a57bd031f2aee4e71d21fbe5cf8b01ff0e069b9275f58929596ceb00d14d90e3e16cd6./usr/bin/python3./usr/bin/python3.-m#ipykernel_launcher
    > Interpreter Id = /usr/bin/python3
    > at ChildProcess.<anonymous> (/home/~/.vscode-server/extensions/ms-toolsai.jupyter-2024.11.0-linux-x64/dist/extension.node.js:299:44847)
    > stdErr = /usr/bin/python3: No module named ipykernel_launcher
22:34:55.539 [info] Process Execution: /usr/bin/python3 -c "import ipykernel;print('6af208d0-cb9c-427f-b937-ff563e17efdf')"
22:35:24.883 [info] Starting Kernel (Python Path: /usr/bin/python3, Unknown, 3.12.3) for '~/Study/dddd.ipynb' (disableUI=false)
22:35:24.902 [info] Process Execution: /usr/bin/python3 -c "import ipykernel; print(ipykernel.__version__); print("5dc3a68c-e34e-4080-9c3e-2a532b2ccb4d"); print(ipykernel.__file__)"
22:35:24.904 [info] Process Execution: /usr/bin/python3 -m ipykernel_launcher --f=/home/~/.local/share/jupyter/runtime/kernel-v3247b77b26fe3a7f5be78a33726f5b12df12f78f8.json
    > cwd: //home/~/Study
22:35:24.916 [error] Disposing kernel process due to an error Error: 커널이 종료되었습니다. 오류: /usr/bin/python3: No module named ipykernel_launcher... 자세한 내용은 Jupyter [로그](command:jupyter.viewOutput)를 참조하세요.
    > Kernel Id = .jvsc74a57bd031f2aee4e71d21fbe5cf8b01ff0e069b9275f58929596ceb00d14d90e3e16cd6./usr/bin/python3./usr/bin/python3.-m#ipykernel_launcher
    > Interpreter Id = /usr/bin/python3
    > at ChildProcess.<anonymous> (/home/~/.vscode-server/extensions/ms-toolsai.jupyter-2024.11.0-linux-x64/dist/extension.node.js:299:44847)
    > stdErr = /usr/bin/python3: No module named ipykernel_launcher
22:35:24.917 [error] Failed to connect raw kernel session: Error: 커널이 종료되었습니다. 오류: /usr/bin/python3: No module named ipykernel_launcher... 자세한 내용은 Jupyter [로그](command:jupyter.viewOutput)를 참조하세요.
22:35:24.917 [error] Failed to connect raw kernel session: Error: 커널이 종료되었습니다. 오류: /usr/bin/python3: No module named ipykernel_launcher... 자세한 내용은 Jupyter [로그](command:jupyter.viewOutput)를 참조하세요.
22:35:24.917 [warn] Failed to shutdown kernel, .jvsc74a57bd031f2aee4e71d21fbe5cf8b01ff0e069b9275f58929596ceb00d14d90e3e16cd6./usr/bin/python3./usr/bin/python3.-m#ipykernel_launcher [TypeError: Cannot read properties of undefined (reading 'dispose')
	at $_.shutdown (/home/~/.vscode-server/extensions/ms-toolsai.jupyter-2024.11.0-linux-x64/dist/extension.node.js:304:13745)
	at process.processTicksAndRejections (node:internal/process/task_queues:95:5)
	at async q_.shutdown (/home/~/.vscode-server/extensions/ms-toolsai.jupyter-2024.11.0-linux-x64/dist/extension.node.js:304:22578)]
22:35:24.917 [warn] Error occurred while trying to start the kernel, options.disableUI=false Error: 커널이 종료되었습니다. 오류: /usr/bin/python3: No module named ipykernel_launcher... 자세한 내용은 Jupyter [로그](command:jupyter.viewOutput)를 참조하세요.
    > Kernel Id = .jvsc74a57bd031f2aee4e71d21fbe5cf8b01ff0e069b9275f58929596ceb00d14d90e3e16cd6./usr/bin/python3./usr/bin/python3.-m#ipykernel_launcher
    > Interpreter Id = /usr/bin/python3
    > at ChildProcess.<anonymous> (/home/~/.vscode-server/extensions/ms-toolsai.jupyter-2024.11.0-linux-x64/dist/extension.node.js:299:44847)
    > stdErr = /usr/bin/python3: No module named ipykernel_launcher
22:35:24.917 [warn] Kernel Error, context = start Error: 커널이 종료되었습니다. 오류: /usr/bin/python3: No module named ipykernel_launcher... 자세한 내용은 Jupyter [로그](command:jupyter.viewOutput)를 참조하세요.
    > Kernel Id = .jvsc74a57bd031f2aee4e71d21fbe5cf8b01ff0e069b9275f58929596ceb00d14d90e3e16cd6./usr/bin/python3./usr/bin/python3.-m#ipykernel_launcher
    > Interpreter Id = /usr/bin/python3
    > at ChildProcess.<anonymous> (/home/~/.vscode-server/extensions/ms-toolsai.jupyter-2024.11.0-linux-x64/dist/extension.node.js:299:44847)
    > stdErr = /usr/bin/python3: No module named ipykernel_launcher
22:35:24.920 [info] Process Execution: /usr/bin/python3 -c "import ipykernel;print('6af208d0-cb9c-427f-b937-ff563e17efdf')"
22:35:24.971 [info] Check & install missing Kernel dependencies for /usr/bin/python3, ui.disabled=false for resource '~/Study/dddd.ipynb'
22:35:24.974 [info] Process Execution: /usr/bin/python3 -c "import ipykernel;print('6af208d0-cb9c-427f-b937-ff563e17efdf')"
22:35:25.038 [info] Process Execution: /usr/bin/python3 -c "import pip;print('6af208d0-cb9c-427f-b937-ff563e17efdf')"
22:35:29.999 [info] Dispose Kernel '~/Study/dddd.ipynb' associated with '~/Study/dddd.ipynb'
22:35:30.000 [error] Error in notebook cell execution Error: 커널이 종료되었습니다. 오류: /usr/bin/python3: No module named ipykernel_launcher... 자세한 내용은 Jupyter [로그](command:jupyter.viewOutput)를 참조하세요.
    > Kernel Id = .jvsc74a57bd031f2aee4e71d21fbe5cf8b01ff0e069b9275f58929596ceb00d14d90e3e16cd6./usr/bin/python3./usr/bin/python3.-m#ipykernel_launcher
    > Interpreter Id = /usr/bin/python3
    > at ChildProcess.<anonymous> (/home/~/.vscode-server/extensions/ms-toolsai.jupyter-2024.11.0-linux-x64/dist/extension.node.js:299:44847)
    > stdErr = /usr/bin/python3: No module named ipykernel_launcher
22:35:30.000 [error] Error in execution (get message for cell) Error: 커널이 종료되었습니다. 오류: /usr/bin/python3: No module named ipykernel_launcher... 자세한 내용은 Jupyter [로그](command:jupyter.viewOutput)를 참조하세요.
    > Kernel Id = .jvsc74a57bd031f2aee4e71d21fbe5cf8b01ff0e069b9275f58929596ceb00d14d90e3e16cd6./usr/bin/python3./usr/bin/python3.-m#ipykernel_launcher
    > Interpreter Id = /usr/bin/python3
    > at ChildProcess.<anonymous> (/home/~/.vscode-server/extensions/ms-toolsai.jupyter-2024.11.0-linux-x64/dist/extension.node.js:299:44847)
    > stdErr = /usr/bin/python3: No module named ipykernel_launcher
22:35:30.005 [info] Process Execution: /usr/bin/python3 -c "import ipykernel;print('6af208d0-cb9c-427f-b937-ff563e17efdf')"
22:38:26.278 [info] Starting Kernel (Python Path: /usr/bin/python3, Unknown, 3.12.3) for '~/Study/test.ipynb' (disableUI=true)
22:38:26.355 [warn] Failed to get activated env vars for /usr/bin/python3 in 75ms
22:38:26.359 [info] Process Execution: /usr/bin/python3 -c "import ipykernel; print(ipykernel.__version__); print("5dc3a68c-e34e-4080-9c3e-2a532b2ccb4d"); print(ipykernel.__file__)"
22:38:26.361 [info] Process Execution: /usr/bin/python3 -m ipykernel_launcher --f=/home/~/.local/share/jupyter/runtime/kernel-v3b6f7ffd647c3e6182edcdbef83418ea664e60244.json
    > cwd: //home/~/Study
22:38:26.369 [warn] Failed to get activated env vars for /usr/bin/python3 in 66ms
22:38:26.371 [info] Process Execution: /usr/bin/python3 -m pip list
22:38:26.374 [error] Disposing kernel process due to an error Error: 커널이 종료되었습니다. 오류: /usr/bin/python3: No module named ipykernel_launcher... 자세한 내용은 Jupyter [로그](command:jupyter.viewOutput)를 참조하세요.
    > Kernel Id = .jvsc74a57bd031f2aee4e71d21fbe5cf8b01ff0e069b9275f58929596ceb00d14d90e3e16cd6./usr/bin/python3./usr/bin/python3.-m#ipykernel_launcher
    > Interpreter Id = /usr/bin/python3
    > at ChildProcess.<anonymous> (/home/~/.vscode-server/extensions/ms-toolsai.jupyter-2024.11.0-linux-x64/dist/extension.node.js:299:44847)
    > stdErr = /usr/bin/python3: No module named ipykernel_launcher
22:38:26.375 [error] Failed to connect raw kernel session: Error: 커널이 종료되었습니다. 오류: /usr/bin/python3: No module named ipykernel_launcher... 자세한 내용은 Jupyter [로그](command:jupyter.viewOutput)를 참조하세요.
22:38:26.375 [error] Failed to connect raw kernel session: Error: 커널이 종료되었습니다. 오류: /usr/bin/python3: No module named ipykernel_launcher... 자세한 내용은 Jupyter [로그](command:jupyter.viewOutput)를 참조하세요.
22:38:26.375 [warn] Failed to shutdown kernel, .jvsc74a57bd031f2aee4e71d21fbe5cf8b01ff0e069b9275f58929596ceb00d14d90e3e16cd6./usr/bin/python3./usr/bin/python3.-m#ipykernel_launcher [TypeError: Cannot read properties of undefined (reading 'dispose')
	at $_.shutdown (/home/~/.vscode-server/extensions/ms-toolsai.jupyter-2024.11.0-linux-x64/dist/extension.node.js:304:13745)
	at process.processTicksAndRejections (node:internal/process/task_queues:95:5)
	at async q_.shutdown (/home/~/.vscode-server/extensions/ms-toolsai.jupyter-2024.11.0-linux-x64/dist/extension.node.js:304:22578)]
22:38:26.377 [warn] Error occurred while trying to start the kernel, options.disableUI=true Error: 커널이 종료되었습니다. 오류: /usr/bin/python3: No module named ipykernel_launcher... 자세한 내용은 Jupyter [로그](command:jupyter.viewOutput)를 참조하세요.
    > Kernel Id = .jvsc74a57bd031f2aee4e71d21fbe5cf8b01ff0e069b9275f58929596ceb00d14d90e3e16cd6./usr/bin/python3./usr/bin/python3.-m#ipykernel_launcher
    > Interpreter Id = /usr/bin/python3
    > at ChildProcess.<anonymous> (/home/~/.vscode-server/extensions/ms-toolsai.jupyter-2024.11.0-linux-x64/dist/extension.node.js:299:44847)
    > stdErr = /usr/bin/python3: No module named ipykernel_launcher
22:38:26.387 [info] Process Execution: /usr/bin/python3 -c "import pip;print('6af208d0-cb9c-427f-b937-ff563e17efdf')"
22:38:30.822 [info] Starting Kernel (Python Path: /usr/bin/python3, Unknown, 3.12.3) for '~/Study/test.ipynb' (disableUI=false)
22:38:30.826 [info] Process Execution: /usr/bin/python3 -c "import ipykernel; print(ipykernel.__version__); print("5dc3a68c-e34e-4080-9c3e-2a532b2ccb4d"); print(ipykernel.__file__)"
22:38:30.830 [info] Process Execution: /usr/bin/python3 -m ipykernel_launcher --f=/home/~/.local/share/jupyter/runtime/kernel-v3066248225dd249014155bd33f2d4c8e44f0703d9.json
    > cwd: //home/~/Study
22:38:30.838 [error] Disposing kernel process due to an error Error: 커널이 종료되었습니다. 오류: /usr/bin/python3: No module named ipykernel_launcher... 자세한 내용은 Jupyter [로그](command:jupyter.viewOutput)를 참조하세요.
    > Kernel Id = .jvsc74a57bd031f2aee4e71d21fbe5cf8b01ff0e069b9275f58929596ceb00d14d90e3e16cd6./usr/bin/python3./usr/bin/python3.-m#ipykernel_launcher
    > Interpreter Id = /usr/bin/python3
    > at ChildProcess.<anonymous> (/home/~/.vscode-server/extensions/ms-toolsai.jupyter-2024.11.0-linux-x64/dist/extension.node.js:299:44847)
    > stdErr = /usr/bin/python3: No module named ipykernel_launcher
22:38:30.838 [error] Failed to connect raw kernel session: Error: 커널이 종료되었습니다. 오류: /usr/bin/python3: No module named ipykernel_launcher... 자세한 내용은 Jupyter [로그](command:jupyter.viewOutput)를 참조하세요.
22:38:30.838 [error] Failed to connect raw kernel session: Error: 커널이 종료되었습니다. 오류: /usr/bin/python3: No module named ipykernel_launcher... 자세한 내용은 Jupyter [로그](command:jupyter.viewOutput)를 참조하세요.
22:38:30.838 [warn] Failed to shutdown kernel, .jvsc74a57bd031f2aee4e71d21fbe5cf8b01ff0e069b9275f58929596ceb00d14d90e3e16cd6./usr/bin/python3./usr/bin/python3.-m#ipykernel_launcher [TypeError: Cannot read properties of undefined (reading 'dispose')
	at $_.shutdown (/home/~/.vscode-server/extensions/ms-toolsai.jupyter-2024.11.0-linux-x64/dist/extension.node.js:304:13745)
	at process.processTicksAndRejections (node:internal/process/task_queues:95:5)
	at async q_.shutdown (/home/~/.vscode-server/extensions/ms-toolsai.jupyter-2024.11.0-linux-x64/dist/extension.node.js:304:22578)]
22:38:30.839 [warn] Error occurred while trying to start the kernel, options.disableUI=false Error: 커널이 종료되었습니다. 오류: /usr/bin/python3: No module named ipykernel_launcher... 자세한 내용은 Jupyter [로그](command:jupyter.viewOutput)를 참조하세요.
    > Kernel Id = .jvsc74a57bd031f2aee4e71d21fbe5cf8b01ff0e069b9275f58929596ceb00d14d90e3e16cd6./usr/bin/python3./usr/bin/python3.-m#ipykernel_launcher
    > Interpreter Id = /usr/bin/python3
    > at ChildProcess.<anonymous> (/home/~/.vscode-server/extensions/ms-toolsai.jupyter-2024.11.0-linux-x64/dist/extension.node.js:299:44847)
    > stdErr = /usr/bin/python3: No module named ipykernel_launcher
22:38:30.839 [warn] Kernel Error, context = start Error: 커널이 종료되었습니다. 오류: /usr/bin/python3: No module named ipykernel_launcher... 자세한 내용은 Jupyter [로그](command:jupyter.viewOutput)를 참조하세요.
    > Kernel Id = .jvsc74a57bd031f2aee4e71d21fbe5cf8b01ff0e069b9275f58929596ceb00d14d90e3e16cd6./usr/bin/python3./usr/bin/python3.-m#ipykernel_launcher
    > Interpreter Id = /usr/bin/python3
    > at ChildProcess.<anonymous> (/home/~/.vscode-server/extensions/ms-toolsai.jupyter-2024.11.0-linux-x64/dist/extension.node.js:299:44847)
    > stdErr = /usr/bin/python3: No module named ipykernel_launcher
22:38:30.841 [info] Process Execution: /usr/bin/python3 -c "import ipykernel;print('6af208d0-cb9c-427f-b937-ff563e17efdf')"
22:38:30.901 [info] Check & install missing Kernel dependencies for /usr/bin/python3, ui.disabled=false for resource '~/Study/test.ipynb'
22:38:30.904 [info] Process Execution: /usr/bin/python3 -c "import ipykernel;print('6af208d0-cb9c-427f-b937-ff563e17efdf')"
22:38:30.956 [info] Process Execution: /usr/bin/python3 -c "import pip;print('6af208d0-cb9c-427f-b937-ff563e17efdf')"
22:38:34.302 [info] Process Execution: /usr/bin/python3 -c "import pip;print('6af208d0-cb9c-427f-b937-ff563e17efdf')"
22:38:36.188 [info] Dispose Kernel '~/Study/test.ipynb' associated with '~/Study/test.ipynb'
22:38:36.189 [error] Error in notebook cell execution Error: 커널이 종료되었습니다. 오류: /usr/bin/python3: No module named ipykernel_launcher... 자세한 내용은 Jupyter [로그](command:jupyter.viewOutput)를 참조하세요.
    > Kernel Id = .jvsc74a57bd031f2aee4e71d21fbe5cf8b01ff0e069b9275f58929596ceb00d14d90e3e16cd6./usr/bin/python3./usr/bin/python3.-m#ipykernel_launcher
    > Interpreter Id = /usr/bin/python3
    > at ChildProcess.<anonymous> (/home/~/.vscode-server/extensions/ms-toolsai.jupyter-2024.11.0-linux-x64/dist/extension.node.js:299:44847)
    > stdErr = /usr/bin/python3: No module named ipykernel_launcher
22:38:36.189 [error] Error in execution (get message for cell) Error: 커널이 종료되었습니다. 오류: /usr/bin/python3: No module named ipykernel_launcher... 자세한 내용은 Jupyter [로그](command:jupyter.viewOutput)를 참조하세요.
    > Kernel Id = .jvsc74a57bd031f2aee4e71d21fbe5cf8b01ff0e069b9275f58929596ceb00d14d90e3e16cd6./usr/bin/python3./usr/bin/python3.-m#ipykernel_launcher
    > Interpreter Id = /usr/bin/python3
    > at ChildProcess.<anonymous> (/home/~/.vscode-server/extensions/ms-toolsai.jupyter-2024.11.0-linux-x64/dist/extension.node.js:299:44847)
    > stdErr = /usr/bin/python3: No module named ipykernel_launcher
22:38:36.192 [info] Process Execution: /usr/bin/python3 -c "import ipykernel;print('6af208d0-cb9c-427f-b937-ff563e17efdf')"
22:46:34.498 [info] Starting Kernel (Python Path: /usr/bin/python3, Unknown, 3.12.3) for '~/Study/test.ipynb' (disableUI=false)
22:46:34.619 [warn] Failed to get activated env vars for /usr/bin/python3 in 100ms
22:46:34.623 [info] Process Execution: /usr/bin/python3 -c "import ipykernel; print(ipykernel.__version__); print("5dc3a68c-e34e-4080-9c3e-2a532b2ccb4d"); print(ipykernel.__file__)"
22:46:34.626 [info] Process Execution: /usr/bin/python3 -m ipykernel_launcher --f=/home/~/.local/share/jupyter/runtime/kernel-v3339a5f90b552ffea2c9ec99c0d39aedaba225141.json
    > cwd: //home/~/Study
22:46:34.638 [error] Disposing kernel process due to an error Error: 커널이 종료되었습니다. 오류: /usr/bin/python3: No module named ipykernel_launcher... 자세한 내용은 Jupyter [로그](command:jupyter.viewOutput)를 참조하세요.
    > Kernel Id = .jvsc74a57bd031f2aee4e71d21fbe5cf8b01ff0e069b9275f58929596ceb00d14d90e3e16cd6./usr/bin/python3./usr/bin/python3.-m#ipykernel_launcher
    > Interpreter Id = /usr/bin/python3
    > at ChildProcess.<anonymous> (/home/~/.vscode-server/extensions/ms-toolsai.jupyter-2024.11.0-linux-x64/dist/extension.node.js:299:44847)
    > stdErr = /usr/bin/python3: No module named ipykernel_launcher
22:46:34.639 [error] Failed to connect raw kernel session: Error: 커널이 종료되었습니다. 오류: /usr/bin/python3: No module named ipykernel_launcher... 자세한 내용은 Jupyter [로그](command:jupyter.viewOutput)를 참조하세요.
22:46:34.640 [error] Failed to connect raw kernel session: Error: 커널이 종료되었습니다. 오류: /usr/bin/python3: No module named ipykernel_launcher... 자세한 내용은 Jupyter [로그](command:jupyter.viewOutput)를 참조하세요.
22:46:34.640 [warn] Failed to shutdown kernel, .jvsc74a57bd031f2aee4e71d21fbe5cf8b01ff0e069b9275f58929596ceb00d14d90e3e16cd6./usr/bin/python3./usr/bin/python3.-m#ipykernel_launcher [TypeError: Cannot read properties of undefined (reading 'dispose')
	at $_.shutdown (/home/~/.vscode-server/extensions/ms-toolsai.jupyter-2024.11.0-linux-x64/dist/extension.node.js:304:13745)
	at process.processTicksAndRejections (node:internal/process/task_queues:95:5)
	at async q_.shutdown (/home/~/.vscode-server/extensions/ms-toolsai.jupyter-2024.11.0-linux-x64/dist/extension.node.js:304:22578)]
22:46:34.641 [warn] Error occurred while trying to start the kernel, options.disableUI=false Error: 커널이 종료되었습니다. 오류: /usr/bin/python3: No module named ipykernel_launcher... 자세한 내용은 Jupyter [로그](command:jupyter.viewOutput)를 참조하세요.
    > Kernel Id = .jvsc74a57bd031f2aee4e71d21fbe5cf8b01ff0e069b9275f58929596ceb00d14d90e3e16cd6./usr/bin/python3./usr/bin/python3.-m#ipykernel_launcher
    > Interpreter Id = /usr/bin/python3
    > at ChildProcess.<anonymous> (/home/~/.vscode-server/extensions/ms-toolsai.jupyter-2024.11.0-linux-x64/dist/extension.node.js:299:44847)
    > stdErr = /usr/bin/python3: No module named ipykernel_launcher
22:46:34.641 [warn] Kernel Error, context = start Error: 커널이 종료되었습니다. 오류: /usr/bin/python3: No module named ipykernel_launcher... 자세한 내용은 Jupyter [로그](command:jupyter.viewOutput)를 참조하세요.
    > Kernel Id = .jvsc74a57bd031f2aee4e71d21fbe5cf8b01ff0e069b9275f58929596ceb00d14d90e3e16cd6./usr/bin/python3./usr/bin/python3.-m#ipykernel_launcher
    > Interpreter Id = /usr/bin/python3
    > at ChildProcess.<anonymous> (/home/~/.vscode-server/extensions/ms-toolsai.jupyter-2024.11.0-linux-x64/dist/extension.node.js:299:44847)
    > stdErr = /usr/bin/python3: No module named ipykernel_launcher
22:46:34.716 [warn] Failed to get activated env vars for /usr/bin/python3 in 74ms
22:46:34.718 [info] Process Execution: /usr/bin/python3 -c "import ipykernel;print('6af208d0-cb9c-427f-b937-ff563e17efdf')"
22:46:34.769 [info] Check & install missing Kernel dependencies for /usr/bin/python3, ui.disabled=false for resource '~/Study/test.ipynb'
22:46:34.772 [info] Process Execution: /usr/bin/python3 -c "import ipykernel;print('6af208d0-cb9c-427f-b937-ff563e17efdf')"
22:46:34.830 [info] Process Execution: /usr/bin/python3 -c "import pip;print('6af208d0-cb9c-427f-b937-ff563e17efdf')"
22:46:38.595 [info] Dispose Kernel '~/Study/test.ipynb' associated with '~/Study/test.ipynb'
22:46:38.596 [error] Error in notebook cell execution Error: 커널이 종료되었습니다. 오류: /usr/bin/python3: No module named ipykernel_launcher... 자세한 내용은 Jupyter [로그](command:jupyter.viewOutput)를 참조하세요.
    > Kernel Id = .jvsc74a57bd031f2aee4e71d21fbe5cf8b01ff0e069b9275f58929596ceb00d14d90e3e16cd6./usr/bin/python3./usr/bin/python3.-m#ipykernel_launcher
    > Interpreter Id = /usr/bin/python3
    > at ChildProcess.<anonymous> (/home/~/.vscode-server/extensions/ms-toolsai.jupyter-2024.11.0-linux-x64/dist/extension.node.js:299:44847)
    > stdErr = /usr/bin/python3: No module named ipykernel_launcher
22:46:38.596 [error] Error in execution (get message for cell) Error: 커널이 종료되었습니다. 오류: /usr/bin/python3: No module named ipykernel_launcher... 자세한 내용은 Jupyter [로그](command:jupyter.viewOutput)를 참조하세요.
    > Kernel Id = .jvsc74a57bd031f2aee4e71d21fbe5cf8b01ff0e069b9275f58929596ceb00d14d90e3e16cd6./usr/bin/python3./usr/bin/python3.-m#ipykernel_launcher
    > Interpreter Id = /usr/bin/python3
    > at ChildProcess.<anonymous> (/home/~/.vscode-server/extensions/ms-toolsai.jupyter-2024.11.0-linux-x64/dist/extension.node.js:299:44847)
    > stdErr = /usr/bin/python3: No module named ipykernel_launcher
22:46:38.606 [info] Process Execution: /usr/bin/python3 -c "import ipykernel;print('6af208d0-cb9c-427f-b937-ff563e17efdf')"
22:47:18.584 [info] Starting Kernel (Python Path: /usr/bin/python3, Unknown, 3.12.3) for '~/Study/test.ipynb' (disableUI=false)
22:47:18.602 [info] Process Execution: /usr/bin/python3 -c "import ipykernel; print(ipykernel.__version__); print("5dc3a68c-e34e-4080-9c3e-2a532b2ccb4d"); print(ipykernel.__file__)"
22:47:18.604 [info] Process Execution: /usr/bin/python3 -m ipykernel_launcher --f=/home/~/.local/share/jupyter/runtime/kernel-v35f683eb79f564007c6553b5a753e989d9ab3bce0.json
    > cwd: //home/~/Study
22:47:18.614 [error] Disposing kernel process due to an error Error: 커널이 종료되었습니다. 오류: /usr/bin/python3: No module named ipykernel_launcher... 자세한 내용은 Jupyter [로그](command:jupyter.viewOutput)를 참조하세요.
    > Kernel Id = .jvsc74a57bd031f2aee4e71d21fbe5cf8b01ff0e069b9275f58929596ceb00d14d90e3e16cd6./usr/bin/python3./usr/bin/python3.-m#ipykernel_launcher
    > Interpreter Id = /usr/bin/python3
    > at ChildProcess.<anonymous> (/home/~/.vscode-server/extensions/ms-toolsai.jupyter-2024.11.0-linux-x64/dist/extension.node.js:299:44847)
    > stdErr = /usr/bin/python3: No module named ipykernel_launcher
22:47:18.614 [error] Failed to connect raw kernel session: Error: 커널이 종료되었습니다. 오류: /usr/bin/python3: No module named ipykernel_launcher... 자세한 내용은 Jupyter [로그](command:jupyter.viewOutput)를 참조하세요.
22:47:18.614 [error] Failed to connect raw kernel session: Error: 커널이 종료되었습니다. 오류: /usr/bin/python3: No module named ipykernel_launcher... 자세한 내용은 Jupyter [로그](command:jupyter.viewOutput)를 참조하세요.
22:47:18.614 [warn] Failed to shutdown kernel, .jvsc74a57bd031f2aee4e71d21fbe5cf8b01ff0e069b9275f58929596ceb00d14d90e3e16cd6./usr/bin/python3./usr/bin/python3.-m#ipykernel_launcher [TypeError: Cannot read properties of undefined (reading 'dispose')
	at $_.shutdown (/home/~/.vscode-server/extensions/ms-toolsai.jupyter-2024.11.0-linux-x64/dist/extension.node.js:304:13745)
	at process.processTicksAndRejections (node:internal/process/task_queues:95:5)
	at async q_.shutdown (/home/~/.vscode-server/extensions/ms-toolsai.jupyter-2024.11.0-linux-x64/dist/extension.node.js:304:22578)]
22:47:18.614 [warn] Error occurred while trying to start the kernel, options.disableUI=false Error: 커널이 종료되었습니다. 오류: /usr/bin/python3: No module named ipykernel_launcher... 자세한 내용은 Jupyter [로그](command:jupyter.viewOutput)를 참조하세요.
    > Kernel Id = .jvsc74a57bd031f2aee4e71d21fbe5cf8b01ff0e069b9275f58929596ceb00d14d90e3e16cd6./usr/bin/python3./usr/bin/python3.-m#ipykernel_launcher
    > Interpreter Id = /usr/bin/python3
    > at ChildProcess.<anonymous> (/home/~/.vscode-server/extensions/ms-toolsai.jupyter-2024.11.0-linux-x64/dist/extension.node.js:299:44847)
    > stdErr = /usr/bin/python3: No module named ipykernel_launcher
22:47:18.615 [warn] Kernel Error, context = start Error: 커널이 종료되었습니다. 오류: /usr/bin/python3: No module named ipykernel_launcher... 자세한 내용은 Jupyter [로그](command:jupyter.viewOutput)를 참조하세요.
    > Kernel Id = .jvsc74a57bd031f2aee4e71d21fbe5cf8b01ff0e069b9275f58929596ceb00d14d90e3e16cd6./usr/bin/python3./usr/bin/python3.-m#ipykernel_launcher
    > Interpreter Id = /usr/bin/python3
    > at ChildProcess.<anonymous> (/home/~/.vscode-server/extensions/ms-toolsai.jupyter-2024.11.0-linux-x64/dist/extension.node.js:299:44847)
    > stdErr = /usr/bin/python3: No module named ipykernel_launcher
22:47:18.617 [info] Process Execution: /usr/bin/python3 -c "import ipykernel;print('6af208d0-cb9c-427f-b937-ff563e17efdf')"
22:47:18.666 [info] Check & install missing Kernel dependencies for /usr/bin/python3, ui.disabled=false for resource '~/Study/test.ipynb'
22:47:18.669 [info] Process Execution: /usr/bin/python3 -c "import ipykernel;print('6af208d0-cb9c-427f-b937-ff563e17efdf')"
22:47:18.735 [info] Process Execution: /usr/bin/python3 -c "import pip;print('6af208d0-cb9c-427f-b937-ff563e17efdf')"
22:47:23.047 [info] Dispose Kernel '~/Study/test.ipynb' associated with '~/Study/test.ipynb'
22:47:23.047 [error] Error in notebook cell execution Error: 커널이 종료되었습니다. 오류: /usr/bin/python3: No module named ipykernel_launcher... 자세한 내용은 Jupyter [로그](command:jupyter.viewOutput)를 참조하세요.
    > Kernel Id = .jvsc74a57bd031f2aee4e71d21fbe5cf8b01ff0e069b9275f58929596ceb00d14d90e3e16cd6./usr/bin/python3./usr/bin/python3.-m#ipykernel_launcher
    > Interpreter Id = /usr/bin/python3
    > at ChildProcess.<anonymous> (/home/~/.vscode-server/extensions/ms-toolsai.jupyter-2024.11.0-linux-x64/dist/extension.node.js:299:44847)
    > stdErr = /usr/bin/python3: No module named ipykernel_launcher
22:47:23.047 [error] Error in execution (get message for cell) Error: 커널이 종료되었습니다. 오류: /usr/bin/python3: No module named ipykernel_launcher... 자세한 내용은 Jupyter [로그](command:jupyter.viewOutput)를 참조하세요.
    > Kernel Id = .jvsc74a57bd031f2aee4e71d21fbe5cf8b01ff0e069b9275f58929596ceb00d14d90e3e16cd6./usr/bin/python3./usr/bin/python3.-m#ipykernel_launcher
    > Interpreter Id = /usr/bin/python3
    > at ChildProcess.<anonymous> (/home/~/.vscode-server/extensions/ms-toolsai.jupyter-2024.11.0-linux-x64/dist/extension.node.js:299:44847)
    > stdErr = /usr/bin/python3: No module named ipykernel_launcher
22:47:23.050 [info] Process Execution: /usr/bin/python3 -c "import ipykernel;print('6af208d0-cb9c-427f-b937-ff563e17efdf')"
22:48:10.861 [info] Starting Kernel (Python Path: /usr/bin/python3, Unknown, 3.12.3) for '~/Study/test.ipynb' (disableUI=false)
22:48:10.920 [warn] Failed to get activated env vars for /usr/bin/python3 in 41ms
22:48:10.923 [info] Process Execution: /usr/bin/python3 -c "import ipykernel; print(ipykernel.__version__); print("5dc3a68c-e34e-4080-9c3e-2a532b2ccb4d"); print(ipykernel.__file__)"
22:48:10.925 [info] Process Execution: /usr/bin/python3 -m ipykernel_launcher --f=/home/~/.local/share/jupyter/runtime/kernel-v3eb4891762283b594bd3ab017a428880d552b41af.json
    > cwd: //home/~/Study
22:48:10.934 [error] Disposing kernel process due to an error Error: 커널이 종료되었습니다. 오류: /usr/bin/python3: No module named ipykernel_launcher... 자세한 내용은 Jupyter [로그](command:jupyter.viewOutput)를 참조하세요.
    > Kernel Id = .jvsc74a57bd031f2aee4e71d21fbe5cf8b01ff0e069b9275f58929596ceb00d14d90e3e16cd6./usr/bin/python3./usr/bin/python3.-m#ipykernel_launcher
    > Interpreter Id = /usr/bin/python3
    > at ChildProcess.<anonymous> (/home/~/.vscode-server/extensions/ms-toolsai.jupyter-2024.11.0-linux-x64/dist/extension.node.js:299:44847)
    > stdErr = /usr/bin/python3: No module named ipykernel_launcher
22:48:10.935 [error] Failed to connect raw kernel session: Error: 커널이 종료되었습니다. 오류: /usr/bin/python3: No module named ipykernel_launcher... 자세한 내용은 Jupyter [로그](command:jupyter.viewOutput)를 참조하세요.
22:48:10.935 [error] Failed to connect raw kernel session: Error: 커널이 종료되었습니다. 오류: /usr/bin/python3: No module named ipykernel_launcher... 자세한 내용은 Jupyter [로그](command:jupyter.viewOutput)를 참조하세요.
22:48:10.935 [warn] Failed to shutdown kernel, .jvsc74a57bd031f2aee4e71d21fbe5cf8b01ff0e069b9275f58929596ceb00d14d90e3e16cd6./usr/bin/python3./usr/bin/python3.-m#ipykernel_launcher [TypeError: Cannot read properties of undefined (reading 'dispose')
	at $_.shutdown (/home/~/.vscode-server/extensions/ms-toolsai.jupyter-2024.11.0-linux-x64/dist/extension.node.js:304:13745)
	at process.processTicksAndRejections (node:internal/process/task_queues:95:5)
	at async q_.shutdown (/home/~/.vscode-server/extensions/ms-toolsai.jupyter-2024.11.0-linux-x64/dist/extension.node.js:304:22578)]
22:48:10.935 [warn] Error occurred while trying to start the kernel, options.disableUI=false Error: 커널이 종료되었습니다. 오류: /usr/bin/python3: No module named ipykernel_launcher... 자세한 내용은 Jupyter [로그](command:jupyter.viewOutput)를 참조하세요.
    > Kernel Id = .jvsc74a57bd031f2aee4e71d21fbe5cf8b01ff0e069b9275f58929596ceb00d14d90e3e16cd6./usr/bin/python3./usr/bin/python3.-m#ipykernel_launcher
    > Interpreter Id = /usr/bin/python3
    > at ChildProcess.<anonymous> (/home/~/.vscode-server/extensions/ms-toolsai.jupyter-2024.11.0-linux-x64/dist/extension.node.js:299:44847)
    > stdErr = /usr/bin/python3: No module named ipykernel_launcher
22:48:10.935 [warn] Kernel Error, context = start Error: 커널이 종료되었습니다. 오류: /usr/bin/python3: No module named ipykernel_launcher... 자세한 내용은 Jupyter [로그](command:jupyter.viewOutput)를 참조하세요.
    > Kernel Id = .jvsc74a57bd031f2aee4e71d21fbe5cf8b01ff0e069b9275f58929596ceb00d14d90e3e16cd6./usr/bin/python3./usr/bin/python3.-m#ipykernel_launcher
    > Interpreter Id = /usr/bin/python3
    > at ChildProcess.<anonymous> (/home/~/.vscode-server/extensions/ms-toolsai.jupyter-2024.11.0-linux-x64/dist/extension.node.js:299:44847)
    > stdErr = /usr/bin/python3: No module named ipykernel_launcher
22:48:11.003 [warn] Failed to get activated env vars for /usr/bin/python3 in 67ms
22:48:11.005 [info] Process Execution: /usr/bin/python3 -c "import ipykernel;print('6af208d0-cb9c-427f-b937-ff563e17efdf')"
22:48:11.056 [info] Check & install missing Kernel dependencies for /usr/bin/python3, ui.disabled=false for resource '~/Study/test.ipynb'
22:48:11.059 [info] Process Execution: /usr/bin/python3 -c "import ipykernel;print('6af208d0-cb9c-427f-b937-ff563e17efdf')"
22:48:11.116 [info] Process Execution: /usr/bin/python3 -c "import pip;print('6af208d0-cb9c-427f-b937-ff563e17efdf')"
22:48:13.950 [info] Process Execution: /usr/bin/python3 -m pip list
22:48:13.953 [info] Process Execution: /usr/bin/python3 -c "import pip;print('6af208d0-cb9c-427f-b937-ff563e17efdf')"
22:48:13.962 [info] Process Execution: /usr/bin/python3 -c "import pip;print('6af208d0-cb9c-427f-b937-ff563e17efdf')"
22:48:15.465 [info] Dispose Kernel '~/Study/test.ipynb' associated with '~/Study/test.ipynb'
22:48:15.465 [error] Error in notebook cell execution Error: 커널이 종료되었습니다. 오류: /usr/bin/python3: No module named ipykernel_launcher... 자세한 내용은 Jupyter [로그](command:jupyter.viewOutput)를 참조하세요.
    > Kernel Id = .jvsc74a57bd031f2aee4e71d21fbe5cf8b01ff0e069b9275f58929596ceb00d14d90e3e16cd6./usr/bin/python3./usr/bin/python3.-m#ipykernel_launcher
    > Interpreter Id = /usr/bin/python3
    > at ChildProcess.<anonymous> (/home/~/.vscode-server/extensions/ms-toolsai.jupyter-2024.11.0-linux-x64/dist/extension.node.js:299:44847)
    > stdErr = /usr/bin/python3: No module named ipykernel_launcher
22:48:15.466 [error] Error in execution (get message for cell) Error: 커널이 종료되었습니다. 오류: /usr/bin/python3: No module named ipykernel_launcher... 자세한 내용은 Jupyter [로그](command:jupyter.viewOutput)를 참조하세요.
    > Kernel Id = .jvsc74a57bd031f2aee4e71d21fbe5cf8b01ff0e069b9275f58929596ceb00d14d90e3e16cd6./usr/bin/python3./usr/bin/python3.-m#ipykernel_launcher
    > Interpreter Id = /usr/bin/python3
    > at ChildProcess.<anonymous> (/home/~/.vscode-server/extensions/ms-toolsai.jupyter-2024.11.0-linux-x64/dist/extension.node.js:299:44847)
    > stdErr = /usr/bin/python3: No module named ipykernel_launcher
22:48:15.468 [info] Process Execution: /usr/bin/python3 -c "import ipykernel;print('6af208d0-cb9c-427f-b937-ff563e17efdf')"
22:49:29.338 [info] Starting Kernel (Python Path: /usr/bin/python3, Unknown, 3.12.3) for '~/Study/test.ipynb' (disableUI=false)
22:49:29.453 [warn] Failed to get activated env vars for /usr/bin/python3 in 96ms
22:49:29.456 [info] Process Execution: /usr/bin/python3 -c "import ipykernel; print(ipykernel.__version__); print("5dc3a68c-e34e-4080-9c3e-2a532b2ccb4d"); print(ipykernel.__file__)"
22:49:29.458 [info] Process Execution: /usr/bin/python3 -m ipykernel_launcher --f=/home/~/.local/share/jupyter/runtime/kernel-v3c03afac2f0e1a6c7e25aae50c1a6b7f14aa1910f.json
    > cwd: //home/~/Study
22:49:29.468 [error] Disposing kernel process due to an error Error: 커널이 종료되었습니다. 오류: /usr/bin/python3: No module named ipykernel_launcher... 자세한 내용은 Jupyter [로그](command:jupyter.viewOutput)를 참조하세요.
    > Kernel Id = .jvsc74a57bd031f2aee4e71d21fbe5cf8b01ff0e069b9275f58929596ceb00d14d90e3e16cd6./usr/bin/python3./usr/bin/python3.-m#ipykernel_launcher
    > Interpreter Id = /usr/bin/python3
    > at ChildProcess.<anonymous> (/home/~/.vscode-server/extensions/ms-toolsai.jupyter-2024.11.0-linux-x64/dist/extension.node.js:299:44847)
    > stdErr = /usr/bin/python3: No module named ipykernel_launcher
22:49:29.468 [error] Failed to connect raw kernel session: Error: 커널이 종료되었습니다. 오류: /usr/bin/python3: No module named ipykernel_launcher... 자세한 내용은 Jupyter [로그](command:jupyter.viewOutput)를 참조하세요.
22:49:29.468 [error] Failed to connect raw kernel session: Error: 커널이 종료되었습니다. 오류: /usr/bin/python3: No module named ipykernel_launcher... 자세한 내용은 Jupyter [로그](command:jupyter.viewOutput)를 참조하세요.
22:49:29.469 [warn] Failed to shutdown kernel, .jvsc74a57bd031f2aee4e71d21fbe5cf8b01ff0e069b9275f58929596ceb00d14d90e3e16cd6./usr/bin/python3./usr/bin/python3.-m#ipykernel_launcher [TypeError: Cannot read properties of undefined (reading 'dispose')
	at $_.shutdown (/home/~/.vscode-server/extensions/ms-toolsai.jupyter-2024.11.0-linux-x64/dist/extension.node.js:304:13745)
	at process.processTicksAndRejections (node:internal/process/task_queues:95:5)
	at async q_.shutdown (/home/~/.vscode-server/extensions/ms-toolsai.jupyter-2024.11.0-linux-x64/dist/extension.node.js:304:22578)]
22:49:29.469 [warn] Error occurred while trying to start the kernel, options.disableUI=false Error: 커널이 종료되었습니다. 오류: /usr/bin/python3: No module named ipykernel_launcher... 자세한 내용은 Jupyter [로그](command:jupyter.viewOutput)를 참조하세요.
    > Kernel Id = .jvsc74a57bd031f2aee4e71d21fbe5cf8b01ff0e069b9275f58929596ceb00d14d90e3e16cd6./usr/bin/python3./usr/bin/python3.-m#ipykernel_launcher
    > Interpreter Id = /usr/bin/python3
    > at ChildProcess.<anonymous> (/home/~/.vscode-server/extensions/ms-toolsai.jupyter-2024.11.0-linux-x64/dist/extension.node.js:299:44847)
    > stdErr = /usr/bin/python3: No module named ipykernel_launcher
22:49:29.469 [warn] Kernel Error, context = start Error: 커널이 종료되었습니다. 오류: /usr/bin/python3: No module named ipykernel_launcher... 자세한 내용은 Jupyter [로그](command:jupyter.viewOutput)를 참조하세요.
    > Kernel Id = .jvsc74a57bd031f2aee4e71d21fbe5cf8b01ff0e069b9275f58929596ceb00d14d90e3e16cd6./usr/bin/python3./usr/bin/python3.-m#ipykernel_launcher
    > Interpreter Id = /usr/bin/python3
    > at ChildProcess.<anonymous> (/home/~/.vscode-server/extensions/ms-toolsai.jupyter-2024.11.0-linux-x64/dist/extension.node.js:299:44847)
    > stdErr = /usr/bin/python3: No module named ipykernel_launcher
22:49:29.528 [warn] Failed to get activated env vars for /usr/bin/python3 in 59ms
22:49:29.531 [info] Process Execution: /usr/bin/python3 -c "import ipykernel;print('6af208d0-cb9c-427f-b937-ff563e17efdf')"
22:49:29.586 [info] Check & install missing Kernel dependencies for /usr/bin/python3, ui.disabled=false for resource '~/Study/test.ipynb'
22:49:29.590 [info] Process Execution: /usr/bin/python3 -c "import ipykernel;print('6af208d0-cb9c-427f-b937-ff563e17efdf')"
22:49:29.659 [info] Process Execution: /usr/bin/python3 -c "import pip;print('6af208d0-cb9c-427f-b937-ff563e17efdf')"
22:49:32.834 [info] Process Execution: /usr/bin/python3 -c "import pip;print('6af208d0-cb9c-427f-b937-ff563e17efdf')"
22:49:34.374 [info] Dispose Kernel '~/Study/test.ipynb' associated with '~/Study/test.ipynb'
22:49:34.374 [error] Error in notebook cell execution Error: 커널이 종료되었습니다. 오류: /usr/bin/python3: No module named ipykernel_launcher... 자세한 내용은 Jupyter [로그](command:jupyter.viewOutput)를 참조하세요.
    > Kernel Id = .jvsc74a57bd031f2aee4e71d21fbe5cf8b01ff0e069b9275f58929596ceb00d14d90e3e16cd6./usr/bin/python3./usr/bin/python3.-m#ipykernel_launcher
    > Interpreter Id = /usr/bin/python3
    > at ChildProcess.<anonymous> (/home/~/.vscode-server/extensions/ms-toolsai.jupyter-2024.11.0-linux-x64/dist/extension.node.js:299:44847)
    > stdErr = /usr/bin/python3: No module named ipykernel_launcher
22:49:34.375 [error] Error in execution (get message for cell) Error: 커널이 종료되었습니다. 오류: /usr/bin/python3: No module named ipykernel_launcher... 자세한 내용은 Jupyter [로그](command:jupyter.viewOutput)를 참조하세요.
    > Kernel Id = .jvsc74a57bd031f2aee4e71d21fbe5cf8b01ff0e069b9275f58929596ceb00d14d90e3e16cd6./usr/bin/python3./usr/bin/python3.-m#ipykernel_launcher
    > Interpreter Id = /usr/bin/python3
    > at ChildProcess.<anonymous> (/home/~/.vscode-server/extensions/ms-toolsai.jupyter-2024.11.0-linux-x64/dist/extension.node.js:299:44847)
    > stdErr = /usr/bin/python3: No module named ipykernel_launcher
22:49:34.378 [info] Process Execution: /usr/bin/python3 -c "import ipykernel;print('6af208d0-cb9c-427f-b937-ff563e17efdf')"
22:55:39.348 [info] Starting Kernel (Python Path: /usr/bin/python3, Unknown, 3.12.3) for '~/Study/test.ipynb' (disableUI=false)
22:55:39.388 [warn] Failed to get activated env vars for /usr/bin/python3 in 38ms
22:55:39.391 [info] Process Execution: /usr/bin/python3 -c "import ipykernel; print(ipykernel.__version__); print("5dc3a68c-e34e-4080-9c3e-2a532b2ccb4d"); print(ipykernel.__file__)"
22:55:39.393 [info] Process Execution: /usr/bin/python3 -m ipykernel_launcher --f=/home/~/.local/share/jupyter/runtime/kernel-v3099abaae6419530ab335565045196fd7ebd545af.json
    > cwd: //home/~/Study
22:55:39.403 [error] Disposing kernel process due to an error Error: 커널이 종료되었습니다. 오류: /usr/bin/python3: No module named ipykernel_launcher... 자세한 내용은 Jupyter [로그](command:jupyter.viewOutput)를 참조하세요.
    > Kernel Id = .jvsc74a57bd031f2aee4e71d21fbe5cf8b01ff0e069b9275f58929596ceb00d14d90e3e16cd6./usr/bin/python3./usr/bin/python3.-m#ipykernel_launcher
    > Interpreter Id = /usr/bin/python3
    > at ChildProcess.<anonymous> (/home/~/.vscode-server/extensions/ms-toolsai.jupyter-2024.11.0-linux-x64/dist/extension.node.js:299:44847)
    > stdErr = /usr/bin/python3: No module named ipykernel_launcher
22:55:39.403 [error] Failed to connect raw kernel session: Error: 커널이 종료되었습니다. 오류: /usr/bin/python3: No module named ipykernel_launcher... 자세한 내용은 Jupyter [로그](command:jupyter.viewOutput)를 참조하세요.
22:55:39.404 [error] Failed to connect raw kernel session: Error: 커널이 종료되었습니다. 오류: /usr/bin/python3: No module named ipykernel_launcher... 자세한 내용은 Jupyter [로그](command:jupyter.viewOutput)를 참조하세요.
22:55:39.404 [warn] Failed to shutdown kernel, .jvsc74a57bd031f2aee4e71d21fbe5cf8b01ff0e069b9275f58929596ceb00d14d90e3e16cd6./usr/bin/python3./usr/bin/python3.-m#ipykernel_launcher [TypeError: Cannot read properties of undefined (reading 'dispose')
	at $_.shutdown (/home/~/.vscode-server/extensions/ms-toolsai.jupyter-2024.11.0-linux-x64/dist/extension.node.js:304:13745)
	at process.processTicksAndRejections (node:internal/process/task_queues:95:5)
	at async q_.shutdown (/home/~/.vscode-server/extensions/ms-toolsai.jupyter-2024.11.0-linux-x64/dist/extension.node.js:304:22578)]
22:55:39.405 [warn] Error occurred while trying to start the kernel, options.disableUI=false Error: 커널이 종료되었습니다. 오류: /usr/bin/python3: No module named ipykernel_launcher... 자세한 내용은 Jupyter [로그](command:jupyter.viewOutput)를 참조하세요.
    > Kernel Id = .jvsc74a57bd031f2aee4e71d21fbe5cf8b01ff0e069b9275f58929596ceb00d14d90e3e16cd6./usr/bin/python3./usr/bin/python3.-m#ipykernel_launcher
    > Interpreter Id = /usr/bin/python3
    > at ChildProcess.<anonymous> (/home/~/.vscode-server/extensions/ms-toolsai.jupyter-2024.11.0-linux-x64/dist/extension.node.js:299:44847)
    > stdErr = /usr/bin/python3: No module named ipykernel_launcher
22:55:39.405 [warn] Kernel Error, context = start Error: 커널이 종료되었습니다. 오류: /usr/bin/python3: No module named ipykernel_launcher... 자세한 내용은 Jupyter [로그](command:jupyter.viewOutput)를 참조하세요.
    > Kernel Id = .jvsc74a57bd031f2aee4e71d21fbe5cf8b01ff0e069b9275f58929596ceb00d14d90e3e16cd6./usr/bin/python3./usr/bin/python3.-m#ipykernel_launcher
    > Interpreter Id = /usr/bin/python3
    > at ChildProcess.<anonymous> (/home/~/.vscode-server/extensions/ms-toolsai.jupyter-2024.11.0-linux-x64/dist/extension.node.js:299:44847)
    > stdErr = /usr/bin/python3: No module named ipykernel_launcher
22:55:39.470 [warn] Failed to get activated env vars for /usr/bin/python3 in 65ms
22:55:39.472 [info] Process Execution: /usr/bin/python3 -c "import ipykernel;print('6af208d0-cb9c-427f-b937-ff563e17efdf')"
22:55:39.523 [info] Check & install missing Kernel dependencies for /usr/bin/python3, ui.disabled=false for resource '~/Study/test.ipynb'
22:55:39.526 [info] Process Execution: /usr/bin/python3 -c "import ipykernel;print('6af208d0-cb9c-427f-b937-ff563e17efdf')"
22:55:39.584 [info] Process Execution: /usr/bin/python3 -c "import pip;print('6af208d0-cb9c-427f-b937-ff563e17efdf')"
22:55:41.886 [info] Dispose Kernel '~/Study/test.ipynb' associated with '~/Study/test.ipynb'
22:55:41.887 [error] Error in notebook cell execution Error: 커널이 종료되었습니다. 오류: /usr/bin/python3: No module named ipykernel_launcher... 자세한 내용은 Jupyter [로그](command:jupyter.viewOutput)를 참조하세요.
    > Kernel Id = .jvsc74a57bd031f2aee4e71d21fbe5cf8b01ff0e069b9275f58929596ceb00d14d90e3e16cd6./usr/bin/python3./usr/bin/python3.-m#ipykernel_launcher
    > Interpreter Id = /usr/bin/python3
    > at ChildProcess.<anonymous> (/home/~/.vscode-server/extensions/ms-toolsai.jupyter-2024.11.0-linux-x64/dist/extension.node.js:299:44847)
    > stdErr = /usr/bin/python3: No module named ipykernel_launcher
22:55:41.887 [error] Error in execution (get message for cell) Error: 커널이 종료되었습니다. 오류: /usr/bin/python3: No module named ipykernel_launcher... 자세한 내용은 Jupyter [로그](command:jupyter.viewOutput)를 참조하세요.
    > Kernel Id = .jvsc74a57bd031f2aee4e71d21fbe5cf8b01ff0e069b9275f58929596ceb00d14d90e3e16cd6./usr/bin/python3./usr/bin/python3.-m#ipykernel_launcher
    > Interpreter Id = /usr/bin/python3
    > at ChildProcess.<anonymous> (/home/~/.vscode-server/extensions/ms-toolsai.jupyter-2024.11.0-linux-x64/dist/extension.node.js:299:44847)
    > stdErr = /usr/bin/python3: No module named ipykernel_launcher
22:55:41.890 [info] Process Execution: /usr/bin/python3 -c "import ipykernel;print('6af208d0-cb9c-427f-b937-ff563e17efdf')"
22:56:55.613 [info] Starting Kernel (Python Path: /usr/bin/python3, Unknown, 3.12.3) for '~/Study/test.ipynb' (disableUI=false)
22:56:55.676 [warn] Failed to get activated env vars for /usr/bin/python3 in 44ms
22:56:55.678 [info] Process Execution: /usr/bin/python3 -c "import ipykernel; print(ipykernel.__version__); print("5dc3a68c-e34e-4080-9c3e-2a532b2ccb4d"); print(ipykernel.__file__)"
22:56:55.680 [info] Process Execution: /usr/bin/python3 -m ipykernel_launcher --f=/home/~/.local/share/jupyter/runtime/kernel-v39ab91fdfbc6b409dd15b3ce6a5bd4b13e9ed2c09.json
    > cwd: //home/~/Study
22:56:55.688 [error] Disposing kernel process due to an error Error: 커널이 종료되었습니다. 오류: /usr/bin/python3: No module named ipykernel_launcher... 자세한 내용은 Jupyter [로그](command:jupyter.viewOutput)를 참조하세요.
    > Kernel Id = .jvsc74a57bd031f2aee4e71d21fbe5cf8b01ff0e069b9275f58929596ceb00d14d90e3e16cd6./usr/bin/python3./usr/bin/python3.-m#ipykernel_launcher
    > Interpreter Id = /usr/bin/python3
    > at ChildProcess.<anonymous> (/home/~/.vscode-server/extensions/ms-toolsai.jupyter-2024.11.0-linux-x64/dist/extension.node.js:299:44847)
    > stdErr = /usr/bin/python3: No module named ipykernel_launcher
22:56:55.689 [error] Failed to connect raw kernel session: Error: 커널이 종료되었습니다. 오류: /usr/bin/python3: No module named ipykernel_launcher... 자세한 내용은 Jupyter [로그](command:jupyter.viewOutput)를 참조하세요.
22:56:55.689 [error] Failed to connect raw kernel session: Error: 커널이 종료되었습니다. 오류: /usr/bin/python3: No module named ipykernel_launcher... 자세한 내용은 Jupyter [로그](command:jupyter.viewOutput)를 참조하세요.
22:56:55.689 [warn] Failed to shutdown kernel, .jvsc74a57bd031f2aee4e71d21fbe5cf8b01ff0e069b9275f58929596ceb00d14d90e3e16cd6./usr/bin/python3./usr/bin/python3.-m#ipykernel_launcher [TypeError: Cannot read properties of undefined (reading 'dispose')
	at $_.shutdown (/home/~/.vscode-server/extensions/ms-toolsai.jupyter-2024.11.0-linux-x64/dist/extension.node.js:304:13745)
	at process.processTicksAndRejections (node:internal/process/task_queues:95:5)
	at async q_.shutdown (/home/~/.vscode-server/extensions/ms-toolsai.jupyter-2024.11.0-linux-x64/dist/extension.node.js:304:22578)]
22:56:55.689 [warn] Error occurred while trying to start the kernel, options.disableUI=false Error: 커널이 종료되었습니다. 오류: /usr/bin/python3: No module named ipykernel_launcher... 자세한 내용은 Jupyter [로그](command:jupyter.viewOutput)를 참조하세요.
    > Kernel Id = .jvsc74a57bd031f2aee4e71d21fbe5cf8b01ff0e069b9275f58929596ceb00d14d90e3e16cd6./usr/bin/python3./usr/bin/python3.-m#ipykernel_launcher
    > Interpreter Id = /usr/bin/python3
    > at ChildProcess.<anonymous> (/home/~/.vscode-server/extensions/ms-toolsai.jupyter-2024.11.0-linux-x64/dist/extension.node.js:299:44847)
    > stdErr = /usr/bin/python3: No module named ipykernel_launcher
22:56:55.689 [warn] Kernel Error, context = start Error: 커널이 종료되었습니다. 오류: /usr/bin/python3: No module named ipykernel_launcher... 자세한 내용은 Jupyter [로그](command:jupyter.viewOutput)를 참조하세요.
    > Kernel Id = .jvsc74a57bd031f2aee4e71d21fbe5cf8b01ff0e069b9275f58929596ceb00d14d90e3e16cd6./usr/bin/python3./usr/bin/python3.-m#ipykernel_launcher
    > Interpreter Id = /usr/bin/python3
    > at ChildProcess.<anonymous> (/home/~/.vscode-server/extensions/ms-toolsai.jupyter-2024.11.0-linux-x64/dist/extension.node.js:299:44847)
    > stdErr = /usr/bin/python3: No module named ipykernel_launcher
22:56:55.769 [warn] Failed to get activated env vars for /usr/bin/python3 in 79ms
22:56:55.771 [info] Process Execution: /usr/bin/python3 -c "import ipykernel;print('6af208d0-cb9c-427f-b937-ff563e17efdf')"
22:56:55.823 [info] Check & install missing Kernel dependencies for /usr/bin/python3, ui.disabled=false for resource '~/Study/test.ipynb'
22:56:55.826 [info] Process Execution: /usr/bin/python3 -c "import ipykernel;print('6af208d0-cb9c-427f-b937-ff563e17efdf')"
22:56:55.880 [info] Process Execution: /usr/bin/python3 -c "import pip;print('6af208d0-cb9c-427f-b937-ff563e17efdf')"
22:56:58.366 [info] Dispose Kernel '~/Study/test.ipynb' associated with '~/Study/test.ipynb'
22:56:58.366 [error] Error in notebook cell execution Error: 커널이 종료되었습니다. 오류: /usr/bin/python3: No module named ipykernel_launcher... 자세한 내용은 Jupyter [로그](command:jupyter.viewOutput)를 참조하세요.
    > Kernel Id = .jvsc74a57bd031f2aee4e71d21fbe5cf8b01ff0e069b9275f58929596ceb00d14d90e3e16cd6./usr/bin/python3./usr/bin/python3.-m#ipykernel_launcher
    > Interpreter Id = /usr/bin/python3
    > at ChildProcess.<anonymous> (/home/~/.vscode-server/extensions/ms-toolsai.jupyter-2024.11.0-linux-x64/dist/extension.node.js:299:44847)
    > stdErr = /usr/bin/python3: No module named ipykernel_launcher
22:56:58.367 [error] Error in execution (get message for cell) Error: 커널이 종료되었습니다. 오류: /usr/bin/python3: No module named ipykernel_launcher... 자세한 내용은 Jupyter [로그](command:jupyter.viewOutput)를 참조하세요.
    > Kernel Id = .jvsc74a57bd031f2aee4e71d21fbe5cf8b01ff0e069b9275f58929596ceb00d14d90e3e16cd6./usr/bin/python3./usr/bin/python3.-m#ipykernel_launcher
    > Interpreter Id = /usr/bin/python3
    > at ChildProcess.<anonymous> (/home/~/.vscode-server/extensions/ms-toolsai.jupyter-2024.11.0-linux-x64/dist/extension.node.js:299:44847)
    > stdErr = /usr/bin/python3: No module named ipykernel_launcher
22:56:58.369 [info] Process Execution: /usr/bin/python3 -c "import ipykernel;print('6af208d0-cb9c-427f-b937-ff563e17efdf')"
23:01:20.418 [info] Starting Kernel (Python Path: /usr/bin/python3, Unknown, 3.12.3) for '~/Study/test.ipynb' (disableUI=false)
23:01:20.523 [warn] Failed to get activated env vars for /usr/bin/python3 in 85ms
23:01:20.525 [info] Process Execution: /usr/bin/python3 -c "import ipykernel; print(ipykernel.__version__); print("5dc3a68c-e34e-4080-9c3e-2a532b2ccb4d"); print(ipykernel.__file__)"
23:01:20.527 [info] Process Execution: /usr/bin/python3 -m ipykernel_launcher --f=/home/~/.local/share/jupyter/runtime/kernel-v38010f95e85905b7838d300fb8f685ca8e9032893.json
    > cwd: //home/~/Study
23:01:20.537 [error] Disposing kernel process due to an error Error: 커널이 종료되었습니다. 오류: /usr/bin/python3: No module named ipykernel_launcher... 자세한 내용은 Jupyter [로그](command:jupyter.viewOutput)를 참조하세요.
    > Kernel Id = .jvsc74a57bd031f2aee4e71d21fbe5cf8b01ff0e069b9275f58929596ceb00d14d90e3e16cd6./usr/bin/python3./usr/bin/python3.-m#ipykernel_launcher
    > Interpreter Id = /usr/bin/python3
    > at ChildProcess.<anonymous> (/home/~/.vscode-server/extensions/ms-toolsai.jupyter-2024.11.0-linux-x64/dist/extension.node.js:299:44847)
    > stdErr = /usr/bin/python3: No module named ipykernel_launcher
23:01:20.538 [error] Failed to connect raw kernel session: Error: 커널이 종료되었습니다. 오류: /usr/bin/python3: No module named ipykernel_launcher... 자세한 내용은 Jupyter [로그](command:jupyter.viewOutput)를 참조하세요.
23:01:20.538 [error] Failed to connect raw kernel session: Error: 커널이 종료되었습니다. 오류: /usr/bin/python3: No module named ipykernel_launcher... 자세한 내용은 Jupyter [로그](command:jupyter.viewOutput)를 참조하세요.
23:01:20.538 [warn] Failed to shutdown kernel, .jvsc74a57bd031f2aee4e71d21fbe5cf8b01ff0e069b9275f58929596ceb00d14d90e3e16cd6./usr/bin/python3./usr/bin/python3.-m#ipykernel_launcher [TypeError: Cannot read properties of undefined (reading 'dispose')
	at $_.shutdown (/home/~/.vscode-server/extensions/ms-toolsai.jupyter-2024.11.0-linux-x64/dist/extension.node.js:304:13745)
	at process.processTicksAndRejections (node:internal/process/task_queues:95:5)
	at async q_.shutdown (/home/~/.vscode-server/extensions/ms-toolsai.jupyter-2024.11.0-linux-x64/dist/extension.node.js:304:22578)]
23:01:20.539 [warn] Error occurred while trying to start the kernel, options.disableUI=false Error: 커널이 종료되었습니다. 오류: /usr/bin/python3: No module named ipykernel_launcher... 자세한 내용은 Jupyter [로그](command:jupyter.viewOutput)를 참조하세요.
    > Kernel Id = .jvsc74a57bd031f2aee4e71d21fbe5cf8b01ff0e069b9275f58929596ceb00d14d90e3e16cd6./usr/bin/python3./usr/bin/python3.-m#ipykernel_launcher
    > Interpreter Id = /usr/bin/python3
    > at ChildProcess.<anonymous> (/home/~/.vscode-server/extensions/ms-toolsai.jupyter-2024.11.0-linux-x64/dist/extension.node.js:299:44847)
    > stdErr = /usr/bin/python3: No module named ipykernel_launcher
23:01:20.539 [warn] Kernel Error, context = start Error: 커널이 종료되었습니다. 오류: /usr/bin/python3: No module named ipykernel_launcher... 자세한 내용은 Jupyter [로그](command:jupyter.viewOutput)를 참조하세요.
    > Kernel Id = .jvsc74a57bd031f2aee4e71d21fbe5cf8b01ff0e069b9275f58929596ceb00d14d90e3e16cd6./usr/bin/python3./usr/bin/python3.-m#ipykernel_launcher
    > Interpreter Id = /usr/bin/python3
    > at ChildProcess.<anonymous> (/home/~/.vscode-server/extensions/ms-toolsai.jupyter-2024.11.0-linux-x64/dist/extension.node.js:299:44847)
    > stdErr = /usr/bin/python3: No module named ipykernel_launcher
23:01:20.581 [warn] Failed to get activated env vars for /usr/bin/python3 in 42ms
23:01:20.583 [info] Process Execution: /usr/bin/python3 -c "import ipykernel;print('6af208d0-cb9c-427f-b937-ff563e17efdf')"
23:01:20.635 [info] Check & install missing Kernel dependencies for /usr/bin/python3, ui.disabled=false for resource '~/Study/test.ipynb'
23:01:20.638 [info] Process Execution: /usr/bin/python3 -c "import ipykernel;print('6af208d0-cb9c-427f-b937-ff563e17efdf')"
23:01:20.696 [info] Process Execution: /usr/bin/python3 -c "import pip;print('6af208d0-cb9c-427f-b937-ff563e17efdf')"
23:01:55.901 [info] Dispose Kernel '~/Study/test.ipynb' associated with '~/Study/test.ipynb'
23:01:55.901 [error] Error in notebook cell execution Error: 커널이 종료되었습니다. 오류: /usr/bin/python3: No module named ipykernel_launcher... 자세한 내용은 Jupyter [로그](command:jupyter.viewOutput)를 참조하세요.
    > Kernel Id = .jvsc74a57bd031f2aee4e71d21fbe5cf8b01ff0e069b9275f58929596ceb00d14d90e3e16cd6./usr/bin/python3./usr/bin/python3.-m#ipykernel_launcher
    > Interpreter Id = /usr/bin/python3
    > at ChildProcess.<anonymous> (/home/~/.vscode-server/extensions/ms-toolsai.jupyter-2024.11.0-linux-x64/dist/extension.node.js:299:44847)
    > stdErr = /usr/bin/python3: No module named ipykernel_launcher
23:01:55.902 [error] Error in execution (get message for cell) Error: 커널이 종료되었습니다. 오류: /usr/bin/python3: No module named ipykernel_launcher... 자세한 내용은 Jupyter [로그](command:jupyter.viewOutput)를 참조하세요.
    > Kernel Id = .jvsc74a57bd031f2aee4e71d21fbe5cf8b01ff0e069b9275f58929596ceb00d14d90e3e16cd6./usr/bin/python3./usr/bin/python3.-m#ipykernel_launcher
    > Interpreter Id = /usr/bin/python3
    > at ChildProcess.<anonymous> (/home/~/.vscode-server/extensions/ms-toolsai.jupyter-2024.11.0-linux-x64/dist/extension.node.js:299:44847)
    > stdErr = /usr/bin/python3: No module named ipykernel_launcher
23:01:55.923 [info] Process Execution: /usr/bin/python3 -c "import ipykernel;print('6af208d0-cb9c-427f-b937-ff563e17efdf')"
23:03:01.845 [info] Starting Kernel (Python Path: /usr/bin/python3, Unknown, 3.12.3) for '~/Study/test.ipynb' (disableUI=true)
23:03:01.924 [warn] Failed to get activated env vars for /usr/bin/python3 in 79ms
23:03:01.927 [info] Process Execution: /usr/bin/python3 -m pip list
23:03:01.927 [warn] Failed to get activated env vars for /usr/bin/python3 in 79ms
23:03:01.929 [info] Process Execution: /usr/bin/python3 -c "import ipykernel; print(ipykernel.__version__); print("5dc3a68c-e34e-4080-9c3e-2a532b2ccb4d"); print(ipykernel.__file__)"
23:03:01.931 [info] Process Execution: /usr/bin/python3 -m ipykernel_launcher --f=/home/~/.local/share/jupyter/runtime/kernel-v37a893c1a6a743e88140975c33168adbcd853e238.json
    > cwd: //home/~/Study
23:03:01.941 [info] Process Execution: /usr/bin/python3 -c "import pip;print('6af208d0-cb9c-427f-b937-ff563e17efdf')"
23:03:01.944 [error] Disposing kernel process due to an error Error: 커널이 종료되었습니다. 오류: /usr/bin/python3: No module named ipykernel_launcher... 자세한 내용은 Jupyter [로그](command:jupyter.viewOutput)를 참조하세요.
    > Kernel Id = .jvsc74a57bd031f2aee4e71d21fbe5cf8b01ff0e069b9275f58929596ceb00d14d90e3e16cd6./usr/bin/python3./usr/bin/python3.-m#ipykernel_launcher
    > Interpreter Id = /usr/bin/python3
    > at ChildProcess.<anonymous> (/home/~/.vscode-server/extensions/ms-toolsai.jupyter-2024.11.0-linux-x64/dist/extension.node.js:299:44847)
    > stdErr = /usr/bin/python3: No module named ipykernel_launcher
23:03:01.944 [error] Failed to connect raw kernel session: Error: 커널이 종료되었습니다. 오류: /usr/bin/python3: No module named ipykernel_launcher... 자세한 내용은 Jupyter [로그](command:jupyter.viewOutput)를 참조하세요.
23:03:01.944 [error] Failed to connect raw kernel session: Error: 커널이 종료되었습니다. 오류: /usr/bin/python3: No module named ipykernel_launcher... 자세한 내용은 Jupyter [로그](command:jupyter.viewOutput)를 참조하세요.
23:03:01.944 [warn] Failed to shutdown kernel, .jvsc74a57bd031f2aee4e71d21fbe5cf8b01ff0e069b9275f58929596ceb00d14d90e3e16cd6./usr/bin/python3./usr/bin/python3.-m#ipykernel_launcher [TypeError: Cannot read properties of undefined (reading 'dispose')
	at $_.shutdown (/home/~/.vscode-server/extensions/ms-toolsai.jupyter-2024.11.0-linux-x64/dist/extension.node.js:304:13745)
	at process.processTicksAndRejections (node:internal/process/task_queues:95:5)
	at async q_.shutdown (/home/~/.vscode-server/extensions/ms-toolsai.jupyter-2024.11.0-linux-x64/dist/extension.node.js:304:22578)]
23:03:01.945 [warn] Error occurred while trying to start the kernel, options.disableUI=true Error: 커널이 종료되었습니다. 오류: /usr/bin/python3: No module named ipykernel_launcher... 자세한 내용은 Jupyter [로그](command:jupyter.viewOutput)를 참조하세요.
    > Kernel Id = .jvsc74a57bd031f2aee4e71d21fbe5cf8b01ff0e069b9275f58929596ceb00d14d90e3e16cd6./usr/bin/python3./usr/bin/python3.-m#ipykernel_launcher
    > Interpreter Id = /usr/bin/python3
    > at ChildProcess.<anonymous> (/home/~/.vscode-server/extensions/ms-toolsai.jupyter-2024.11.0-linux-x64/dist/extension.node.js:299:44847)
    > stdErr = /usr/bin/python3: No module named ipykernel_launcher
23:03:04.357 [info] Starting Kernel (Python Path: /usr/bin/python3, Unknown, 3.12.3) for '~/Study/test.ipynb' (disableUI=false)
23:03:04.361 [info] Process Execution: /usr/bin/python3 -c "import ipykernel; print(ipykernel.__version__); print("5dc3a68c-e34e-4080-9c3e-2a532b2ccb4d"); print(ipykernel.__file__)"
23:03:04.365 [info] Process Execution: /usr/bin/python3 -m ipykernel_launcher --f=/home/~/.local/share/jupyter/runtime/kernel-v31711319bf2cb3ff45ba774eebcf5880ec5bbb905.json
    > cwd: //home/~/Study
23:03:04.374 [error] Disposing kernel process due to an error Error: 커널이 종료되었습니다. 오류: /usr/bin/python3: No module named ipykernel_launcher... 자세한 내용은 Jupyter [로그](command:jupyter.viewOutput)를 참조하세요.
    > Kernel Id = .jvsc74a57bd031f2aee4e71d21fbe5cf8b01ff0e069b9275f58929596ceb00d14d90e3e16cd6./usr/bin/python3./usr/bin/python3.-m#ipykernel_launcher
    > Interpreter Id = /usr/bin/python3
    > at ChildProcess.<anonymous> (/home/~/.vscode-server/extensions/ms-toolsai.jupyter-2024.11.0-linux-x64/dist/extension.node.js:299:44847)
    > stdErr = /usr/bin/python3: No module named ipykernel_launcher
23:03:04.374 [error] Failed to connect raw kernel session: Error: 커널이 종료되었습니다. 오류: /usr/bin/python3: No module named ipykernel_launcher... 자세한 내용은 Jupyter [로그](command:jupyter.viewOutput)를 참조하세요.
23:03:04.374 [error] Failed to connect raw kernel session: Error: 커널이 종료되었습니다. 오류: /usr/bin/python3: No module named ipykernel_launcher... 자세한 내용은 Jupyter [로그](command:jupyter.viewOutput)를 참조하세요.
23:03:04.374 [warn] Failed to shutdown kernel, .jvsc74a57bd031f2aee4e71d21fbe5cf8b01ff0e069b9275f58929596ceb00d14d90e3e16cd6./usr/bin/python3./usr/bin/python3.-m#ipykernel_launcher [TypeError: Cannot read properties of undefined (reading 'dispose')
	at $_.shutdown (/home/~/.vscode-server/extensions/ms-toolsai.jupyter-2024.11.0-linux-x64/dist/extension.node.js:304:13745)
	at process.processTicksAndRejections (node:internal/process/task_queues:95:5)
	at async q_.shutdown (/home/~/.vscode-server/extensions/ms-toolsai.jupyter-2024.11.0-linux-x64/dist/extension.node.js:304:22578)]
23:03:04.374 [warn] Error occurred while trying to start the kernel, options.disableUI=false Error: 커널이 종료되었습니다. 오류: /usr/bin/python3: No module named ipykernel_launcher... 자세한 내용은 Jupyter [로그](command:jupyter.viewOutput)를 참조하세요.
    > Kernel Id = .jvsc74a57bd031f2aee4e71d21fbe5cf8b01ff0e069b9275f58929596ceb00d14d90e3e16cd6./usr/bin/python3./usr/bin/python3.-m#ipykernel_launcher
    > Interpreter Id = /usr/bin/python3
    > at ChildProcess.<anonymous> (/home/~/.vscode-server/extensions/ms-toolsai.jupyter-2024.11.0-linux-x64/dist/extension.node.js:299:44847)
    > stdErr = /usr/bin/python3: No module named ipykernel_launcher
23:03:04.375 [warn] Kernel Error, context = start Error: 커널이 종료되었습니다. 오류: /usr/bin/python3: No module named ipykernel_launcher... 자세한 내용은 Jupyter [로그](command:jupyter.viewOutput)를 참조하세요.
    > Kernel Id = .jvsc74a57bd031f2aee4e71d21fbe5cf8b01ff0e069b9275f58929596ceb00d14d90e3e16cd6./usr/bin/python3./usr/bin/python3.-m#ipykernel_launcher
    > Interpreter Id = /usr/bin/python3
    > at ChildProcess.<anonymous> (/home/~/.vscode-server/extensions/ms-toolsai.jupyter-2024.11.0-linux-x64/dist/extension.node.js:299:44847)
    > stdErr = /usr/bin/python3: No module named ipykernel_launcher
23:03:04.377 [info] Process Execution: /usr/bin/python3 -c "import ipykernel;print('6af208d0-cb9c-427f-b937-ff563e17efdf')"
23:03:04.435 [info] Check & install missing Kernel dependencies for /usr/bin/python3, ui.disabled=false for resource '~/Study/test.ipynb'
23:03:04.439 [info] Process Execution: /usr/bin/python3 -c "import ipykernel;print('6af208d0-cb9c-427f-b937-ff563e17efdf')"
23:03:04.509 [info] Process Execution: /usr/bin/python3 -c "import pip;print('6af208d0-cb9c-427f-b937-ff563e17efdf')"
23:03:09.052 [info] Dispose Kernel '~/Study/test.ipynb' associated with '~/Study/test.ipynb'
23:03:09.052 [error] Error in notebook cell execution Error: 커널이 종료되었습니다. 오류: /usr/bin/python3: No module named ipykernel_launcher... 자세한 내용은 Jupyter [로그](command:jupyter.viewOutput)를 참조하세요.
    > Kernel Id = .jvsc74a57bd031f2aee4e71d21fbe5cf8b01ff0e069b9275f58929596ceb00d14d90e3e16cd6./usr/bin/python3./usr/bin/python3.-m#ipykernel_launcher
    > Interpreter Id = /usr/bin/python3
    > at ChildProcess.<anonymous> (/home/~/.vscode-server/extensions/ms-toolsai.jupyter-2024.11.0-linux-x64/dist/extension.node.js:299:44847)
    > stdErr = /usr/bin/python3: No module named ipykernel_launcher
23:03:09.052 [error] Error in execution (get message for cell) Error: 커널이 종료되었습니다. 오류: /usr/bin/python3: No module named ipykernel_launcher... 자세한 내용은 Jupyter [로그](command:jupyter.viewOutput)를 참조하세요.
    > Kernel Id = .jvsc74a57bd031f2aee4e71d21fbe5cf8b01ff0e069b9275f58929596ceb00d14d90e3e16cd6./usr/bin/python3./usr/bin/python3.-m#ipykernel_launcher
    > Interpreter Id = /usr/bin/python3
    > at ChildProcess.<anonymous> (/home/~/.vscode-server/extensions/ms-toolsai.jupyter-2024.11.0-linux-x64/dist/extension.node.js:299:44847)
    > stdErr = /usr/bin/python3: No module named ipykernel_launcher
23:03:09.055 [info] Process Execution: /usr/bin/python3 -c "import ipykernel;print('6af208d0-cb9c-427f-b937-ff563e17efdf')"
23:03:21.388 [info] Starting Kernel (Python Path: /usr/bin/python3, Unknown, 3.12.3) for '~/Study/test.ipynb' (disableUI=true)
23:03:21.393 [info] Process Execution: /usr/bin/python3 -c "import ipykernel; print(ipykernel.__version__); print("5dc3a68c-e34e-4080-9c3e-2a532b2ccb4d"); print(ipykernel.__file__)"
23:03:21.399 [info] Process Execution: /usr/bin/python3 -m ipykernel_launcher --f=/home/~/.local/share/jupyter/runtime/kernel-v31919bd1f11a010f499905cfc10ffa2b70c98d7fc.json
    > cwd: //home/~/Study
23:03:21.408 [error] Disposing kernel process due to an error Error: 커널이 종료되었습니다. 오류: /usr/bin/python3: No module named ipykernel_launcher... 자세한 내용은 Jupyter [로그](command:jupyter.viewOutput)를 참조하세요.
    > Kernel Id = .jvsc74a57bd031f2aee4e71d21fbe5cf8b01ff0e069b9275f58929596ceb00d14d90e3e16cd6./usr/bin/python3./usr/bin/python3.-m#ipykernel_launcher
    > Interpreter Id = /usr/bin/python3
    > at ChildProcess.<anonymous> (/home/~/.vscode-server/extensions/ms-toolsai.jupyter-2024.11.0-linux-x64/dist/extension.node.js:299:44847)
    > stdErr = /usr/bin/python3: No module named ipykernel_launcher
23:03:21.409 [error] Failed to connect raw kernel session: Error: 커널이 종료되었습니다. 오류: /usr/bin/python3: No module named ipykernel_launcher... 자세한 내용은 Jupyter [로그](command:jupyter.viewOutput)를 참조하세요.
23:03:21.409 [error] Failed to connect raw kernel session: Error: 커널이 종료되었습니다. 오류: /usr/bin/python3: No module named ipykernel_launcher... 자세한 내용은 Jupyter [로그](command:jupyter.viewOutput)를 참조하세요.
23:03:21.409 [warn] Failed to shutdown kernel, .jvsc74a57bd031f2aee4e71d21fbe5cf8b01ff0e069b9275f58929596ceb00d14d90e3e16cd6./usr/bin/python3./usr/bin/python3.-m#ipykernel_launcher [TypeError: Cannot read properties of undefined (reading 'dispose')
	at $_.shutdown (/home/~/.vscode-server/extensions/ms-toolsai.jupyter-2024.11.0-linux-x64/dist/extension.node.js:304:13745)
	at process.processTicksAndRejections (node:internal/process/task_queues:95:5)
	at async q_.shutdown (/home/~/.vscode-server/extensions/ms-toolsai.jupyter-2024.11.0-linux-x64/dist/extension.node.js:304:22578)]
23:03:21.409 [warn] Error occurred while trying to start the kernel, options.disableUI=true Error: 커널이 종료되었습니다. 오류: /usr/bin/python3: No module named ipykernel_launcher... 자세한 내용은 Jupyter [로그](command:jupyter.viewOutput)를 참조하세요.
    > Kernel Id = .jvsc74a57bd031f2aee4e71d21fbe5cf8b01ff0e069b9275f58929596ceb00d14d90e3e16cd6./usr/bin/python3./usr/bin/python3.-m#ipykernel_launcher
    > Interpreter Id = /usr/bin/python3
    > at ChildProcess.<anonymous> (/home/~/.vscode-server/extensions/ms-toolsai.jupyter-2024.11.0-linux-x64/dist/extension.node.js:299:44847)
    > stdErr = /usr/bin/python3: No module named ipykernel_launcher
23:03:34.943 [info] Dispose Kernel '~/Study/test.ipynb' associated with '~/Study/test.ipynb'
23:03:36.179 [info] Dispose Kernel '~/Study/dddd.ipynb' associated with '~/Study/dddd.ipynb'
23:03:36.179 [info] Dispose Kernel '~/Study/dddd.ipynb' associated with '~/Study/dddd.ipynb'
23:03:36.179 [info] Dispose Kernel '~/Study/dddd.ipynb' associated with '~/Study/dddd.ipynb'
23:03:36.179 [info] Dispose Kernel '~/Study/dddd.ipynb' associated with '~/Study/dddd.ipynb'
23:03:36.179 [info] Dispose Kernel '~/Study/dddd.ipynb' associated with '~/Study/dddd.ipynb'
23:03:36.179 [info] Dispose Kernel '~/Study/test.ipynb' associated with '~/Study/test.ipynb'
23:03:36.179 [info] Dispose Kernel '~/Study/test.ipynb' associated with '~/Study/test.ipynb'
23:03:36.179 [info] Dispose Kernel '~/Study/test.ipynb' associated with '~/Study/test.ipynb'
23:03:36.179 [info] Dispose Kernel '~/Study/test.ipynb' associated with '~/Study/test.ipynb'
23:03:36.179 [info] Dispose Kernel '~/Study/test.ipynb' associated with '~/Study/test.ipynb'
23:03:36.179 [info] Dispose Kernel '~/Study/test.ipynb' associated with '~/Study/test.ipynb'
23:03:36.179 [info] Dispose Kernel '~/Study/test.ipynb' associated with '~/Study/test.ipynb'
23:03:36.179 [info] Dispose Kernel '~/Study/test.ipynb' associated with '~/Study/test.ipynb'
23:03:36.179 [info] Dispose Kernel '~/Study/test.ipynb' associated with '~/Study/test.ipynb'
23:03:36.179 [info] Dispose Kernel '~/Study/test.ipynb' associated with '~/Study/test.ipynb'
