2025-01-19 19:08:51.169 [info] [main] 로그 수준: Info
2025-01-19 19:08:51.169 [info] [main] "git"에서 찾은 git 유효성을 검사하는 중
2025-01-19 19:08:51.169 [info] [main] "2.43.0"에서 git "git"을(를) 사용하는 중
2025-01-19 19:08:51.169 [info] [Model][doInitialScan] Initial repository scan started
2025-01-19 19:08:51.169 [info] > git rev-parse --show-toplevel [2ms]
2025-01-19 19:08:51.169 [info] fatal: not a git repository (or any of the parent directories): .git
2025-01-19 19:08:51.169 [info] > git rev-parse --show-toplevel [2ms]
2025-01-19 19:08:51.169 [info] fatal: not a git repository (or any of the parent directories): .git
2025-01-19 19:08:51.169 [info] > git rev-parse --show-toplevel [2ms]
2025-01-19 19:08:51.169 [info] fatal: not a git repository (or any of the parent directories): .git
2025-01-19 19:08:51.169 [info] > git rev-parse --show-toplevel [1ms]
2025-01-19 19:08:51.169 [info] fatal: not a git repository (or any of the parent directories): .git
2025-01-19 19:08:51.170 [info] > git rev-parse --show-toplevel [2ms]
2025-01-19 19:08:51.170 [info] fatal: not a git repository (or any of the parent directories): .git
2025-01-19 19:08:51.176 [info] > git rev-parse --show-toplevel [4ms]
2025-01-19 19:08:51.176 [info] fatal: not a git repository (or any of the parent directories): .git
2025-01-19 19:08:51.180 [info] > git rev-parse --show-toplevel [2ms]
2025-01-19 19:08:51.180 [info] fatal: not a git repository (or any of the parent directories): .git
2025-01-19 19:08:51.183 [info] > git rev-parse --show-toplevel [1ms]
2025-01-19 19:08:51.183 [info] fatal: not a git repository (or any of the parent directories): .git
2025-01-19 19:08:51.187 [info] > git rev-parse --show-toplevel [2ms]
2025-01-19 19:08:51.187 [info] fatal: not a git repository (or any of the parent directories): .git
2025-01-19 19:08:51.192 [info] > git rev-parse --show-toplevel [3ms]
2025-01-19 19:08:51.192 [info] fatal: not a git repository (or any of the parent directories): .git
2025-01-19 19:08:51.195 [info] > git rev-parse --show-toplevel [1ms]
2025-01-19 19:08:51.195 [info] fatal: not a git repository (or any of the parent directories): .git
2025-01-19 19:08:51.203 [info] > git rev-parse --show-toplevel [6ms]
2025-01-19 19:08:51.203 [info] fatal: not a git repository (or any of the parent directories): .git
2025-01-19 19:08:51.207 [info] > git rev-parse --show-toplevel [3ms]
2025-01-19 19:08:51.207 [info] fatal: not a git repository (or any of the parent directories): .git
2025-01-19 19:08:51.207 [info] [Model][doInitialScan] Initial repository scan completed - repositories (0), closed repositories (0), parent repositories (0), unsafe repositories (0)
