2025-01-17 23:16:32.424 [info] 실험 'pythonRecommendTensorboardExt'이(가) 활성 상태입니다.
2025-01-17 23:16:32.424 [info] 실험 'pythonTerminalEnvVarActivation'이(가) 활성 상태입니다.
2025-01-17 23:16:32.424 [info] 실험 'pythonTestAdapter'이(가) 활성 상태입니다.
2025-01-17 23:16:32.424 [info] Native locator: Refresh started
2025-01-17 23:16:32.424 [info] Native locator: Refresh started
2025-01-17 23:16:32.424 [info] Conda environment manager found at: /opt/anaconda3/bin/conda
2025-01-17 23:16:32.433 [error] Python Extension: interpreterManager.refresh [l [Error]: Failed to resolve env "/usr/local/bin/python3"
	at ae (/home/iujeong/.vscode-server/extensions/ms-python.python-2024.22.2/out/client/extension.js:2:2036206)
	at oe (/home/iujeong/.vscode-server/extensions/ms-python.python-2024.22.2/out/client/extension.js:2:2034166)
	at Immediate.<anonymous> (/home/iujeong/.vscode-server/extensions/ms-python.python-2024.22.2/out/client/extension.js:2:2030460)
	at process.processImmediate (node:internal/timers:483:21)] {
  code: -4,
  data: undefined
}
2025-01-17 23:16:32.449 [error] [
  'getActivatedEnvironmentVariables, Class name = M, completed in 0ms, has a falsy return value, Arg 1: undefined, Arg 2: undefined, Arg 3: undefined, Arg 4: "/bin/bash"',
  [l [Error]: Failed to resolve env "/usr/local/bin/python3"
  	at ae (/home/iujeong/.vscode-server/extensions/ms-python.python-2024.22.2/out/client/extension.js:2:2036206)
  	at oe (/home/iujeong/.vscode-server/extensions/ms-python.python-2024.22.2/out/client/extension.js:2:2034166)
  	at Immediate.<anonymous> (/home/iujeong/.vscode-server/extensions/ms-python.python-2024.22.2/out/client/extension.js:2:2030460)
  	at process.processImmediate (node:internal/timers:483:21)] {
    code: -4,
    data: undefined
  }
]
2025-01-17 23:16:32.449 [error] Failed to apply terminal env vars undefined [l [Error]: Failed to resolve env "/usr/local/bin/python3"
	at ae (/home/iujeong/.vscode-server/extensions/ms-python.python-2024.22.2/out/client/extension.js:2:2036206)
	at oe (/home/iujeong/.vscode-server/extensions/ms-python.python-2024.22.2/out/client/extension.js:2:2034166)
	at Immediate.<anonymous> (/home/iujeong/.vscode-server/extensions/ms-python.python-2024.22.2/out/client/extension.js:2:2030460)
	at process.processImmediate (node:internal/timers:483:21)] {
  code: -4,
  data: undefined
}
2025-01-17 23:16:32.449 [error] [
  'Failed to activate a workspace, Class name = v, completed in 35ms, has a falsy return value, Arg 1: undefined, Arg 2: {"started":1737123392332}, Return Value: undefined',
  [l [Error]: Failed to resolve env "/usr/local/bin/python3"
  	at ae (/home/iujeong/.vscode-server/extensions/ms-python.python-2024.22.2/out/client/extension.js:2:2036206)
  	at oe (/home/iujeong/.vscode-server/extensions/ms-python.python-2024.22.2/out/client/extension.js:2:2034166)
  	at Immediate.<anonymous> (/home/iujeong/.vscode-server/extensions/ms-python.python-2024.22.2/out/client/extension.js:2:2030460)
  	at process.processImmediate (node:internal/timers:483:21)] {
    code: -4,
    data: undefined
  }
]
2025-01-17 23:16:32.449 [error] Failure during activation. [l [Error]: Failed to resolve env "/usr/local/bin/python3"
	at ae (/home/iujeong/.vscode-server/extensions/ms-python.python-2024.22.2/out/client/extension.js:2:2036206)
	at oe (/home/iujeong/.vscode-server/extensions/ms-python.python-2024.22.2/out/client/extension.js:2:2034166)
	at Immediate.<anonymous> (/home/iujeong/.vscode-server/extensions/ms-python.python-2024.22.2/out/client/extension.js:2:2030460)
	at process.processImmediate (node:internal/timers:483:21)] {
  code: -4,
  data: undefined
}
2025-01-17 23:16:32.449 [error] sendStartupTelemetry() failed. [l [Error]: Failed to resolve env "/usr/local/bin/python3"
	at ae (/home/iujeong/.vscode-server/extensions/ms-python.python-2024.22.2/out/client/extension.js:2:2036206)
	at oe (/home/iujeong/.vscode-server/extensions/ms-python.python-2024.22.2/out/client/extension.js:2:2034166)
	at Immediate.<anonymous> (/home/iujeong/.vscode-server/extensions/ms-python.python-2024.22.2/out/client/extension.js:2:2030460)
	at process.processImmediate (node:internal/timers:483:21)] {
  code: -4,
  data: undefined
}
2025-01-17 23:16:32.496 [info] Native locator: Refresh finished in 150 ms
