2025-01-17 23:16:32.424 [info] Starting Python Locator /home/iujeong/.vscode-server/extensions/ms-python.python-2024.22.2/python-env-tools/bin/pet server
2025-01-17 23:16:32.424 [info] Discovered manager: (Conda) /opt/anaconda3/bin/conda
2025-01-17 23:16:32.424 [info] Discovered env: /opt/anaconda3/bin/python
2025-01-17 23:16:32.426 [info] Discovered env: /opt/anaconda3/envs/python=3.13
2025-01-17 23:16:32.428 [info] Discovered env: /opt/anaconda3/envs/aicar/bin/python
2025-01-17 23:16:32.428 [error] Failed to execute Python to resolve info "/usr/local/bin/python3": No such file or directory (os error 2)
2025-01-17 23:16:32.429 [warning] Unknown Python Env "/usr/local/bin/python3"
2025-01-17 23:16:32.429 [error] Failed to resolve env "/usr/local/bin/python3"
2025-01-17 23:16:32.434 [info] Discovered env: /opt/anaconda3/envs/JokerK/bin/python
2025-01-17 23:16:32.434 [info] Discovered env: /opt/anaconda3/envs/myenv/bin/python
2025-01-17 23:16:32.434 [info] Discovered env: /opt/anaconda3/envs/bin123/bin/python
2025-01-17 23:16:32.434 [info] Discovered env: /opt/anaconda3/envs/bin234/bin/python
2025-01-17 23:16:32.434 [info] Discovered env: /opt/anaconda3/envs/ezh123/bin/python
2025-01-17 23:16:32.434 [info] Discovered env: /opt/anaconda3/envs/env_lsy/bin/python
2025-01-17 23:16:32.435 [info] Discovered env: /opt/anaconda3/envs/kaldi/bin/python
2025-01-17 23:16:32.435 [info] Discovered env: /opt/anaconda3/envs/autopilot_lsm/bin/python
2025-01-17 23:16:32.435 [info] Discovered env: /opt/anaconda3/envs/basic/bin/python
2025-01-17 23:16:32.435 [info] Discovered env: /opt/anaconda3/envs/ehdnjs_yolo/bin/python
2025-01-17 23:16:32.435 [info] Discovered env: /opt/anaconda3/envs/bin345/bin/python
2025-01-17 23:16:32.435 [info] Discovered env: /opt/anaconda3/envs/cdp310/bin/python
2025-01-17 23:16:32.435 [info] Discovered env: /opt/anaconda3/envs/lanenet_env/bin/python
2025-01-17 23:16:32.436 [info] Discovered env: /opt/anaconda3/envs/gps/bin/python
2025-01-17 23:16:32.436 [info] Discovered env: /opt/anaconda3/envs/golf/bin/python
2025-01-17 23:16:32.436 [info] Discovered env: /opt/anaconda3/envs/dlalsrb123/bin/python
2025-01-17 23:16:32.436 [info] Discovered env: /opt/anaconda3/envs/kgjtest/bin/python
2025-01-17 23:16:32.436 [info] Discovered env: /opt/anaconda3/envs/jayeon/bin/python
2025-01-17 23:16:32.436 [info] Discovered env: /opt/anaconda3/envs/hansol/bin/python
2025-01-17 23:16:32.436 [info] Discovered env: /opt/anaconda3/envs/goguma/bin/python
2025-01-17 23:16:32.436 [info] Discovered env: /opt/anaconda3/envs/newenv/bin/python
2025-01-17 23:16:32.436 [info] Discovered env: /opt/anaconda3/envs/test999/bin/python
2025-01-17 23:16:32.437 [info] Discovered env: /opt/anaconda3/envs/surveybay/bin/python
2025-01-17 23:16:32.437 [info] Discovered env: /opt/anaconda3/envs/water/bin/python
2025-01-17 23:16:32.437 [info] Discovered env: /opt/anaconda3/envs/skaigroove/bin/python
2025-01-17 23:16:32.440 [info] Discovered env: /opt/anaconda3/envs/yangpa/bin/python
2025-01-17 23:16:32.440 [info] Discovered env: /opt/anaconda3/envs/test1299/bin/python
2025-01-17 23:16:32.440 [info] Discovered env: /opt/anaconda3/envs/person_tracking/bin/python
2025-01-17 23:16:32.440 [info] Discovered env: /opt/anaconda3/envs/test1026/bin/python
2025-01-17 23:16:32.440 [info] Discovered env: /opt/anaconda3/envs/nanie1664/bin/python
2025-01-17 23:16:32.440 [info] Discovered env: /opt/anaconda3/envs/nanie1/bin/python
2025-01-17 23:16:32.440 [info] Discovered env: /opt/anaconda3/envs/bk7602/bin/python
2025-01-17 23:16:32.440 [info] Discovered env: /opt/anaconda3/envs/KGJ/bin/python
2025-01-17 23:16:32.440 [info] Discovered env: /opt/anaconda3/envs/yolop/bin/python
2025-01-17 23:16:32.440 [info] Discovered env: /opt/anaconda3/envs/msoh/bin/python
2025-01-17 23:16:32.441 [info] Discovered env: /opt/anaconda3/envs/hjjeon/bin/python
2025-01-17 23:16:32.441 [info] Discovered env: /opt/anaconda3/envs/jha/bin/python
2025-01-17 23:16:32.441 [info] Discovered env: /opt/anaconda3/envs/cju_mlane/bin/python
2025-01-17 23:16:32.441 [info] Discovered env: /opt/anaconda3/envs/bogdong/bin/python
2025-01-17 23:16:32.441 [info] Discovered env: /opt/anaconda3/envs/adas_cju/bin/python
2025-01-17 23:16:32.441 [info] Discovered env: /opt/anaconda3/envs/nanie/bin/python
2025-01-17 23:16:32.441 [info] Discovered env: /opt/anaconda3/envs/cju/bin/python
2025-01-17 23:16:32.441 [info] Discovered env: /opt/anaconda3/envs/cgh/bin/python
2025-01-17 23:16:32.441 [info] Discovered env: /opt/anaconda3/envs/test8737/bin/python
2025-01-17 23:16:32.441 [info] Discovered env: /opt/anaconda3/envs/test123/bin/python
2025-01-17 23:16:32.442 [info] Discovered env: /opt/anaconda3/envs/shkim/bin/python
2025-01-17 23:16:32.442 [info] Discovered env: /opt/anaconda3/envs/torch/bin/python
2025-01-17 23:16:32.443 [info] Discovered env: /bin/python3
2025-01-17 23:16:32.446 [info] Discovered env: /usr/bin/python3
2025-01-17 23:16:32.495 [info] Locator Conda took 60.673315ms
2025-01-17 23:16:32.495 [info] Locator Homebrew took 335.844µs
2025-01-17 23:16:32.495 [info] Locator LinuxGlobal took 63.784927ms
2025-01-17 23:16:32.495 [info] Locator PipEnv took 60.406µs
2025-01-17 23:16:32.495 [info] Locator Poetry took 293.195µs
2025-01-17 23:16:32.495 [info] Locator PyEnv took 335.735µs
2025-01-17 23:16:32.495 [info] Locator Venv took 52.613µs
2025-01-17 23:16:32.495 [info] Locator VirtualEnv took 57.684µs
2025-01-17 23:16:32.495 [info] Locator VirtualEnvWrapper took 212.552µs
2025-01-17 23:16:32.495 [info] Locator GlobalVirtualEnvs took 233.634µs
2025-01-17 23:16:32.495 [info] Locator Locators took 64.225957ms
2025-01-17 23:16:32.495 [info] Locator Path took 112.918449ms
2025-01-17 23:16:32.495 [info] Locator Workspaces took 960ns
2025-01-17 23:16:32.495 [info] Refresh completed in 113ms
