2025-01-17 23:31:43.060 [info] Extension host with pid 49509 started
2025-01-17 23:31:43.068 [info] Lock '/home/iujeong/.vscode-server/data/User/workspaceStorage/d93eea3a3c3f435b3cabd9cc82da6704/vscode.lock': Lock acquired.
2025-01-17 23:31:43.194 [info] ExtensionService#_doActivateExtension mechatroner.rainbow-csv, startup: false, activationEvent: 'onLanguage:plaintext'
2025-01-17 23:31:43.194 [info] ExtensionService#_doActivateExtension vscode.emmet, startup: false, activationEvent: 'onLanguage'
2025-01-17 23:31:43.195 [info] ExtensionService#_doActivateExtension vscode.git-base, startup: false, activationEvent: '*', root cause: vscode.git
2025-01-17 23:31:43.195 [info] ExtensionService#_doActivateExtension innerlee.nvidia-smi, startup: false, activationEvent: '*'
2025-01-17 23:31:43.195 [info] ExtensionService#_doActivateExtension mutantdino.resourcemonitor, startup: false, activationEvent: '*'
2025-01-17 23:31:43.195 [info] ExtensionService#_doActivateExtension ms-python.python, startup: false, activationEvent: 'onLanguage:python', root cause: ms-python.debugpy
2025-01-17 23:31:43.195 [info] ExtensionService#_doActivateExtension ms-toolsai.jupyter, startup: false, activationEvent: 'onLanguage:python'
2025-01-17 23:31:43.876 [warning] Using default string since no string found in i18n bundle that has the key: Source map support is enabled in the Python Extension, this will adversely impact performance of the extension.
2025-01-17 23:31:43.876 [warning] Using default string since no string found in i18n bundle that has the key: Disable Source Map Support
2025-01-17 23:31:43.876 [warning] Using default string since no string found in i18n bundle that has the key: Enabling source map support in the Python Extension will adversely impact performance of the extension.
2025-01-17 23:31:43.876 [warning] Using default string since no string found in i18n bundle that has the key: Enable and reload Window.
2025-01-17 23:31:43.876 [warning] Using default string since no string found in i18n bundle that has the key: ▶ Launch TensorBoard Session
2025-01-17 23:31:43.876 [warning] Using default string since no string found in i18n bundle that has the key: Launch TensorBoard session
2025-01-17 23:31:43.946 [warning] Using default string since no string found in i18n bundle that has the key: The security certificate used by server was not issued by a trusted certificate authority.
This may indicate an attempt to steal your information.
2025-01-17 23:31:43.946 [warning] Using default string since no string found in i18n bundle that has the key: The security certificate used by server has expired.
This may indicate an attempt to steal your information.
2025-01-17 23:31:43.946 [warning] Using default string since no string found in i18n bundle that has the key: If you have not installed xelatex (TeX), you will need to do so before you can export to PDF. For further instructions, please see https://nbconvert.readthedocs.io/en/latest/install.html#installing-tex. 
To avoid installing xelatex (TeX), you might want to try exporting to HTML and using your browser's "Print to PDF" feature.
2025-01-17 23:31:44.067 [info] ExtensionService#_doActivateExtension ms-toolsai.jupyter-renderers, startup: false, activationEvent: 'api', root cause: ms-toolsai.jupyter
2025-01-17 23:31:44.193 [info] ExtensionService#_doActivateExtension vscode.git, startup: false, activationEvent: '*'
2025-01-17 23:31:44.193 [info] ExtensionService#_doActivateExtension vscode.github, startup: false, activationEvent: '*'
2025-01-17 23:31:44.207 [info] ExtensionService#_doActivateExtension ms-python.debugpy, startup: false, activationEvent: 'onLanguage:python'
2025-01-17 23:31:44.207 [info] ExtensionService#_doActivateExtension ms-python.vscode-pylance, startup: false, activationEvent: 'onLanguage:python'
2025-01-17 23:31:44.808 [info] Eager extensions activated
2025-01-17 23:31:44.809 [info] ExtensionService#_doActivateExtension vscode.debug-auto-launch, startup: false, activationEvent: 'onStartupFinished'
2025-01-17 23:31:44.809 [info] ExtensionService#_doActivateExtension vscode.merge-conflict, startup: false, activationEvent: 'onStartupFinished'
2025-01-17 23:31:44.809 [info] ExtensionService#_doActivateExtension hoovercj.vscode-power-mode, startup: false, activationEvent: 'onStartupFinished'
2025-01-17 23:31:44.809 [info] ExtensionService#_doActivateExtension ms-dotnettools.vscode-dotnet-runtime, startup: false, activationEvent: 'onStartupFinished'
2025-01-17 23:31:44.809 [info] ExtensionService#_doActivateExtension RSIP-Vision.nvidia-smi-plus, startup: false, activationEvent: 'onStartupFinished'
2025-01-17 23:31:44.809 [info] ExtensionService#_doActivateExtension YuTengjing.vscode-colorize-plus, startup: false, activationEvent: 'onStartupFinished'
2025-01-17 23:31:45.282 [info] ExtensionService#_doActivateExtension vscode.tunnel-forwarding, startup: false, activationEvent: 'onTunnel'
2025-01-17 23:34:57.809 [info] ExtensionService#_doActivateExtension vscode.npm, startup: false, activationEvent: 'onTerminalQuickFixRequest:ms-vscode.npm-command'
2025-01-17 23:35:03.094 [info] ExtensionService#_doActivateExtension vscode.configuration-editing, startup: false, activationEvent: 'onLanguage:json'
2025-01-17 23:35:03.095 [info] ExtensionService#_doActivateExtension vscode.extension-editing, startup: false, activationEvent: 'onLanguage:json'
2025-01-17 23:35:03.095 [info] ExtensionService#_doActivateExtension vscode.json-language-features, startup: false, activationEvent: 'onLanguage:json'
2025-01-17 23:47:08.727 [info] ExtensionService#_doActivateExtension vscode.ipynb, startup: false, activationEvent: 'onNotebookSerializer:jupyter-notebook'
2025-01-17 23:47:08.864 [info] ExtensionService#_doActivateExtension ms-toolsai.vscode-jupyter-cell-tags, startup: false, activationEvent: 'onNotebook:jupyter-notebook'
2025-01-17 23:47:08.864 [info] ExtensionService#_doActivateExtension ms-toolsai.vscode-jupyter-slideshow, startup: false, activationEvent: 'onNotebook:jupyter-notebook'
2025-01-17 23:47:13.719 [error] Error: 커널이 종료되었습니다. 오류: /usr/bin/python3: No module named ipykernel_launcher... 자세한 내용은 Jupyter [로그](command:jupyter.viewOutput)를 참조하세요.
	at ChildProcess.<anonymous> (/home/iujeong/.vscode-server/extensions/ms-toolsai.jupyter-2024.11.0-linux-x64/dist/extension.node.js:299:44847)
	at ChildProcess.emit (node:events:530:35)
	at ChildProcess._handle.onexit (node:internal/child_process:293:12)
2025-01-17 23:48:15.186 [error] Error: 커널이 종료되었습니다. 오류: /opt/anaconda3/bin/python: No module named ipykernel_launcher... 자세한 내용은 Jupyter [로그](command:jupyter.viewOutput)를 참조하세요.
	at ChildProcess.<anonymous> (/home/iujeong/.vscode-server/extensions/ms-toolsai.jupyter-2024.11.0-linux-x64/dist/extension.node.js:299:44847)
	at ChildProcess.emit (node:events:530:35)
	at ChildProcess._handle.onexit (node:internal/child_process:293:12)
2025-01-17 23:49:09.219 [error] Canceled: Canceled
	at yI.handleCommand (/home/iujeong/.vscode-server/extensions/ms-toolsai.jupyter-2024.11.0-linux-x64/dist/extension.node.js:424:9915)
	at process.processTicksAndRejections (node:internal/process/task_queues:95:5)
	at async lb.selectRemoteServerFromRemoteKernelFinder (/home/iujeong/.vscode-server/extensions/ms-toolsai.jupyter-2024.11.0-linux-x64/dist/extension.node.js:304:151553)
	at async lb.getRemoteServersFromProvider (/home/iujeong/.vscode-server/extensions/ms-toolsai.jupyter-2024.11.0-linux-x64/dist/extension.node.js:304:151208)
	at async bC.stepThrough (/home/iujeong/.vscode-server/extensions/ms-toolsai.jupyter-2024.11.0-linux-x64/dist/extension.node.js:183:12010)
	at async lb.selectRemoteKernel (/home/iujeong/.vscode-server/extensions/ms-toolsai.jupyter-2024.11.0-linux-x64/dist/extension.node.js:304:146184)
	at async ib.onSelectRemoteKernel (/home/iujeong/.vscode-server/extensions/ms-toolsai.jupyter-2024.11.0-linux-x64/dist/extension.node.js:304:119836)
	at async cw.h (file:///home/iujeong/.vscode-server/cli/servers/Stable-91fbdddc47bc9c09064bf7acf133d22631cbf083/server/out/vs/workbench/api/node/extensionHostProcess.js:115:32825)
	at async cw.h (file:///home/iujeong/.vscode-server/cli/servers/Stable-91fbdddc47bc9c09064bf7acf133d22631cbf083/server/out/vs/workbench/api/node/extensionHostProcess.js:115:32825) jupyter.kernel.selectJupyterServerKernel {"value":"ms-toolsai.jupyter","_lower":"ms-toolsai.jupyter"}
2025-01-17 23:49:09.220 [error] Canceled: Canceled
	at yI.handleCommand (/home/iujeong/.vscode-server/extensions/ms-toolsai.jupyter-2024.11.0-linux-x64/dist/extension.node.js:424:9915)
	at process.processTicksAndRejections (node:internal/process/task_queues:95:5)
	at async lb.selectRemoteServerFromRemoteKernelFinder (/home/iujeong/.vscode-server/extensions/ms-toolsai.jupyter-2024.11.0-linux-x64/dist/extension.node.js:304:151553)
	at async lb.getRemoteServersFromProvider (/home/iujeong/.vscode-server/extensions/ms-toolsai.jupyter-2024.11.0-linux-x64/dist/extension.node.js:304:151208)
	at async bC.stepThrough (/home/iujeong/.vscode-server/extensions/ms-toolsai.jupyter-2024.11.0-linux-x64/dist/extension.node.js:183:12010)
	at async lb.selectRemoteKernel (/home/iujeong/.vscode-server/extensions/ms-toolsai.jupyter-2024.11.0-linux-x64/dist/extension.node.js:304:146184)
	at async ib.onSelectRemoteKernel (/home/iujeong/.vscode-server/extensions/ms-toolsai.jupyter-2024.11.0-linux-x64/dist/extension.node.js:304:119836)
	at async cw.h (file:///home/iujeong/.vscode-server/cli/servers/Stable-91fbdddc47bc9c09064bf7acf133d22631cbf083/server/out/vs/workbench/api/node/extensionHostProcess.js:115:32825)
	at async cw.h (file:///home/iujeong/.vscode-server/cli/servers/Stable-91fbdddc47bc9c09064bf7acf133d22631cbf083/server/out/vs/workbench/api/node/extensionHostProcess.js:115:32825) jupyter.kernel.selectJupyterServerKernel undefined
2025-01-17 23:51:19.817 [error] Canceled: Canceled
	at yI.handleCommand (/home/iujeong/.vscode-server/extensions/ms-toolsai.jupyter-2024.11.0-linux-x64/dist/extension.node.js:424:9915)
	at process.processTicksAndRejections (node:internal/process/task_queues:95:5)
	at async lb.selectRemoteServerFromRemoteKernelFinder (/home/iujeong/.vscode-server/extensions/ms-toolsai.jupyter-2024.11.0-linux-x64/dist/extension.node.js:304:151553)
	at async lb.getRemoteServersFromProvider (/home/iujeong/.vscode-server/extensions/ms-toolsai.jupyter-2024.11.0-linux-x64/dist/extension.node.js:304:151208)
	at async bC.stepThrough (/home/iujeong/.vscode-server/extensions/ms-toolsai.jupyter-2024.11.0-linux-x64/dist/extension.node.js:183:12010)
	at async lb.selectRemoteKernel (/home/iujeong/.vscode-server/extensions/ms-toolsai.jupyter-2024.11.0-linux-x64/dist/extension.node.js:304:146184)
	at async ib.onSelectRemoteKernel (/home/iujeong/.vscode-server/extensions/ms-toolsai.jupyter-2024.11.0-linux-x64/dist/extension.node.js:304:119836)
	at async cw.h (file:///home/iujeong/.vscode-server/cli/servers/Stable-91fbdddc47bc9c09064bf7acf133d22631cbf083/server/out/vs/workbench/api/node/extensionHostProcess.js:115:32825)
	at async cw.h (file:///home/iujeong/.vscode-server/cli/servers/Stable-91fbdddc47bc9c09064bf7acf133d22631cbf083/server/out/vs/workbench/api/node/extensionHostProcess.js:115:32825) jupyter.kernel.selectJupyterServerKernel {"value":"ms-toolsai.jupyter","_lower":"ms-toolsai.jupyter"}
2025-01-17 23:51:19.817 [error] Canceled: Canceled
	at yI.handleCommand (/home/iujeong/.vscode-server/extensions/ms-toolsai.jupyter-2024.11.0-linux-x64/dist/extension.node.js:424:9915)
	at process.processTicksAndRejections (node:internal/process/task_queues:95:5)
	at async lb.selectRemoteServerFromRemoteKernelFinder (/home/iujeong/.vscode-server/extensions/ms-toolsai.jupyter-2024.11.0-linux-x64/dist/extension.node.js:304:151553)
	at async lb.getRemoteServersFromProvider (/home/iujeong/.vscode-server/extensions/ms-toolsai.jupyter-2024.11.0-linux-x64/dist/extension.node.js:304:151208)
	at async bC.stepThrough (/home/iujeong/.vscode-server/extensions/ms-toolsai.jupyter-2024.11.0-linux-x64/dist/extension.node.js:183:12010)
	at async lb.selectRemoteKernel (/home/iujeong/.vscode-server/extensions/ms-toolsai.jupyter-2024.11.0-linux-x64/dist/extension.node.js:304:146184)
	at async ib.onSelectRemoteKernel (/home/iujeong/.vscode-server/extensions/ms-toolsai.jupyter-2024.11.0-linux-x64/dist/extension.node.js:304:119836)
	at async cw.h (file:///home/iujeong/.vscode-server/cli/servers/Stable-91fbdddc47bc9c09064bf7acf133d22631cbf083/server/out/vs/workbench/api/node/extensionHostProcess.js:115:32825)
	at async cw.h (file:///home/iujeong/.vscode-server/cli/servers/Stable-91fbdddc47bc9c09064bf7acf133d22631cbf083/server/out/vs/workbench/api/node/extensionHostProcess.js:115:32825) jupyter.kernel.selectJupyterServerKernel undefined
2025-01-17 23:56:14.056 [error] Error: Request workspace/willRenameFiles failed with message: Debug Failure. Notebook file should not be passed to getWorkspaceForFile: file:///home/iujeong/Study/25.01.17.ipynb
	at ae (/home/iujeong/.vscode-server/extensions/ms-python.python-2024.22.2/out/client/extension.js:2:2036206)
	at oe (/home/iujeong/.vscode-server/extensions/ms-python.python-2024.22.2/out/client/extension.js:2:2034166)
	at Immediate.<anonymous> (/home/iujeong/.vscode-server/extensions/ms-python.python-2024.22.2/out/client/extension.js:2:2030460)
	at process.processImmediate (node:internal/timers:483:21)
2025-01-18 00:53:57.462 [info] Extension host terminating: received terminate message from renderer
2025-01-18 00:53:57.463 [info] Lock '/home/iujeong/.vscode-server/data/User/workspaceStorage/d93eea3a3c3f435b3cabd9cc82da6704/vscode.lock': Marking the lockfile as scheduled to be released in 6000 ms.
2025-01-18 00:53:57.497 [info] Extension host with pid 49509 exiting with code 0
