2025-01-17 21:11:50.396 [info] [main] 로그 수준: Info
2025-01-17 21:11:50.396 [info] [main] "git"에서 찾은 git 유효성을 검사하는 중
2025-01-17 21:11:50.396 [info] [main] "2.43.0"에서 git "git"을(를) 사용하는 중
2025-01-17 21:11:50.396 [info] [Model][doInitialScan] Initial repository scan started
2025-01-17 21:11:50.396 [info] > git rev-parse --show-toplevel [1ms]
2025-01-17 21:11:50.396 [info] fatal: not a git repository (or any of the parent directories): .git
2025-01-17 21:11:50.396 [info] > git rev-parse --show-toplevel [0ms]
2025-01-17 21:11:50.396 [info] fatal: not a git repository (or any of the parent directories): .git
2025-01-17 21:11:50.396 [info] > git rev-parse --show-toplevel [1ms]
2025-01-17 21:11:50.396 [info] fatal: not a git repository (or any of the parent directories): .git
2025-01-17 21:11:50.396 [info] > git rev-parse --show-toplevel [1ms]
2025-01-17 21:11:50.396 [info] fatal: not a git repository (or any of the parent directories): .git
2025-01-17 21:11:50.397 [info] > git rev-parse --show-toplevel [1ms]
2025-01-17 21:11:50.397 [info] fatal: not a git repository (or any of the parent directories): .git
2025-01-17 21:11:50.398 [info] > git rev-parse --show-toplevel [0ms]
2025-01-17 21:11:50.398 [info] fatal: not a git repository (or any of the parent directories): .git
2025-01-17 21:11:50.400 [info] > git rev-parse --show-toplevel [1ms]
2025-01-17 21:11:50.400 [info] fatal: not a git repository (or any of the parent directories): .git
2025-01-17 21:11:50.401 [info] > git rev-parse --show-toplevel [0ms]
2025-01-17 21:11:50.401 [info] fatal: not a git repository (or any of the parent directories): .git
2025-01-17 21:11:50.403 [info] > git rev-parse --show-toplevel [1ms]
2025-01-17 21:11:50.403 [info] fatal: not a git repository (or any of the parent directories): .git
2025-01-17 21:11:50.404 [info] [Model][doInitialScan] Initial repository scan completed - repositories (0), closed repositories (0), parent repositories (0), unsafe repositories (0)
2025-01-17 21:11:51.493 [info] > git rev-parse --show-toplevel [0ms]
2025-01-17 21:11:51.493 [info] fatal: not a git repository (or any of the parent directories): .git
2025-01-17 21:13:35.711 [info] > git rev-parse --show-toplevel [1ms]
2025-01-17 21:13:35.711 [info] fatal: not a git repository (or any of the parent directories): .git
2025-01-17 21:25:11.595 [info] > git rev-parse --show-toplevel [1ms]
2025-01-17 21:25:11.595 [info] fatal: not a git repository (or any of the parent directories): .git
2025-01-17 21:33:41.231 [info] > git rev-parse --show-toplevel [1ms]
2025-01-17 21:33:41.231 [info] fatal: not a git repository (or any of the parent directories): .git
