Visual Studio Code (1.96.3, ssh-remote, desktop)
Jupyter Extension Version: 2024.11.0.
Python Extension Version: 2024.22.2.
Pylance Extension Version: 2024.12.1.
Platform: linux (x64).
Temp Storage folder ~/.vscode-server/data/User/globalStorage/ms-toolsai.jupyter/version-2024.11.0
Workspace folder /home/iujeong, Home = /home/iujeong
09:42:58.928 [info] Starting Kernel (Python Path: /opt/anaconda3/envs/bogdong/bin/python, Conda, 3.12.8) for '~/Study/Jan_21.ipynb' (disableUI=true)
09:43:00.075 [info] Process Execution: /opt/anaconda3/envs/bogdong/bin/python -c "import ipykernel; print(ipykernel.__version__); print("5dc3a68c-e34e-4080-9c3e-2a532b2ccb4d"); print(ipykernel.__file__)"
09:43:00.077 [info] Process Execution: /opt/anaconda3/envs/bogdong/bin/python -m ipykernel_launcher --f=/home/~/.local/share/jupyter/runtime/kernel-v3e00edda556a5ab2f1cb97e7fafbbd505a6931a44.json
    > cwd: //home/~/Study
09:43:00.105 [info] Process Execution: /opt/anaconda3/envs/bogdong/bin/python -m pip list
09:43:00.538 [info] Kernel successfully started
09:43:00.542 [info] Process Execution: /opt/anaconda3/envs/bogdong/bin/python /home/~/.vscode-server/extensions/ms-toolsai.jupyter-2024.11.0-linux-x64/pythonFiles/printJupyterDataDir.py
10:15:42.322 [warn] Cell completed with errors [iu [Error]: module 'os' has no attribute 'abspath'
	at n.execute (/home/~/.vscode-server/extensions/ms-toolsai.jupyter-2024.11.0-linux-x64/dist/extension.node.js:297:4958)] {
  ename: 'AttributeError',
  evalue: "module 'os' has no attribute 'abspath'",
  traceback: [
    '\x1B[0;31m---------------------------------------------------------------------------\x1B[0m',
    '\x1B[0;31mAttributeError\x1B[0m                            Traceback (most recent call last)',
    'Cell \x1B[0;32mIn[2], line 5\x1B[0m\n' +
      '\x1B[1;32m      3\x1B[0m file_path \x1B[38;5;241m=\x1B[39m os\x1B[38;5;241m.\x1B[39mpath\x1B[38;5;241m.\x1B[39mjoin(\x1B[38;5;124m"\x1B[39m\x1B[38;5;124mdocuments\x1B[39m\x1B[38;5;124m"\x1B[39m, \x1B[38;5;124m"\x1B[39m\x1B[38;5;124mexample.txt\x1B[39m\x1B[38;5;124m"\x1B[39m)\n' +
      '\x1B[1;32m      4\x1B[0m \x1B[38;5;28mprint\x1B[39m(\x1B[38;5;124m"\x1B[39m\x1B[38;5;124m파일 경로 : \x1B[39m\x1B[38;5;124m"\x1B[39m, file_path)\n' +
      '\x1B[0;32m----> 5\x1B[0m \x1B[38;5;28mprint\x1B[39m(\x1B[38;5;124m"\x1B[39m\x1B[38;5;124m절대 경로 : \x1B[39m\x1B[38;5;124m"\x1B[39m, os\x1B[38;5;241m.\x1B[39mabspath(file_path))\n' +
      '\x1B[1;32m      6\x1B[0m \x1B[38;5;28mprint\x1B[39m(\x1B[38;5;124m"\x1B[39m\x1B[38;5;124m파일 존재 여부 : \x1B[39m\x1B[38;5;124m"\x1B[39m, os\x1B[38;5;241m.\x1B[39mpath\x1B[38;5;241m.\x1B[39mexists(file_path))\n' +
      '\x1B[1;32m      7\x1B[0m \x1B[38;5;28mprint\x1B[39m(\x1B[38;5;124m"\x1B[39m\x1B[38;5;124m파일명과 확장자 : \x1B[39m\x1B[38;5;124m"\x1B[39m, os\x1B[38;5;241m.\x1B[39mpath\x1B[38;5;241m.\x1B[39msplitext(file_path))\n',
    "\x1B[0;31mAttributeError\x1B[0m: module 'os' has no attribute 'abspath'"
  ]
}
10:16:11.171 [warn] Cell completed with errors [iu [Error]: module 'os' has no attribute 'abspath'
	at n.execute (/home/~/.vscode-server/extensions/ms-toolsai.jupyter-2024.11.0-linux-x64/dist/extension.node.js:297:4958)] {
  ename: 'AttributeError',
  evalue: "module 'os' has no attribute 'abspath'",
  traceback: [
    '\x1B[0;31m---------------------------------------------------------------------------\x1B[0m',
    '\x1B[0;31mAttributeError\x1B[0m                            Traceback (most recent call last)',
    'Cell \x1B[0;32mIn[3], line 5\x1B[0m\n' +
      '\x1B[1;32m      3\x1B[0m file_path \x1B[38;5;241m=\x1B[39m os\x1B[38;5;241m.\x1B[39mpath\x1B[38;5;241m.\x1B[39mjoin(\x1B[38;5;124m"\x1B[39m\x1B[38;5;124mdocuments\x1B[39m\x1B[38;5;124m"\x1B[39m, \x1B[38;5;124m"\x1B[39m\x1B[38;5;124mexample.txt\x1B[39m\x1B[38;5;124m"\x1B[39m)\n' +
      '\x1B[1;32m      4\x1B[0m \x1B[38;5;28mprint\x1B[39m(\x1B[38;5;124m"\x1B[39m\x1B[38;5;124m파일 경로 : \x1B[39m\x1B[38;5;124m"\x1B[39m, file_path)\n' +
      '\x1B[0;32m----> 5\x1B[0m \x1B[38;5;28mprint\x1B[39m(\x1B[38;5;124m"\x1B[39m\x1B[38;5;124m절대 경로 : \x1B[39m\x1B[38;5;124m"\x1B[39m, os\x1B[38;5;241m.\x1B[39mabspath(file_path))\n' +
      '\x1B[1;32m      6\x1B[0m \x1B[38;5;28mprint\x1B[39m(\x1B[38;5;124m"\x1B[39m\x1B[38;5;124m파일 존재 여부 : \x1B[39m\x1B[38;5;124m"\x1B[39m, os\x1B[38;5;241m.\x1B[39mpath\x1B[38;5;241m.\x1B[39mexists(file_path))\n' +
      '\x1B[1;32m      7\x1B[0m \x1B[38;5;28mprint\x1B[39m(\x1B[38;5;124m"\x1B[39m\x1B[38;5;124m파일명과 확장자 : \x1B[39m\x1B[38;5;124m"\x1B[39m, os\x1B[38;5;241m.\x1B[39mpath\x1B[38;5;241m.\x1B[39msplitext(file_path))\n',
    "\x1B[0;31mAttributeError\x1B[0m: module 'os' has no attribute 'abspath'"
  ]
}
11:35:21.422 [warn] Cell completed with errors [iu [Error]: [Errno 2] No such file or directory: 'documents/example.txt'
	at n.execute (/home/~/.vscode-server/extensions/ms-toolsai.jupyter-2024.11.0-linux-x64/dist/extension.node.js:297:4958)] {
  ename: 'FileNotFoundError',
  evalue: "[Errno 2] No such file or directory: 'documents/example.txt'",
  traceback: [
    '\x1B[0;31m---------------------------------------------------------------------------\x1B[0m',
    '\x1B[0;31mFileNotFoundError\x1B[0m                         Traceback (most recent call last)',
    'Cell \x1B[0;32mIn[4], line 2\x1B[0m\n' +
      '\x1B[1;32m      1\x1B[0m \x1B[38;5;66;03m# 파일을 읽기 전용으로 설정\x1B[39;00m\n' +
      '\x1B[0;32m----> 2\x1B[0m os\x1B[38;5;241m.\x1B[39mchmod(file_path, \x1B[38;5;241m0o444\x1B[39m)  \x1B[38;5;66;03m# 읽기 전용 권한 설정\x1B[39;00m\n' +
      '\x1B[1;32m      4\x1B[0m \x1B[38;5;66;03m# 파일에 쓰기 권한이 있는지 확인\x1B[39;00m\n' +
      '\x1B[1;32m      5\x1B[0m \x1B[38;5;28;01mif\x1B[39;00m os\x1B[38;5;241m.\x1B[39maccess(file_path, os\x1B[38;5;241m.\x1B[39mW_OK):\n',
    "\x1B[0;31mFileNotFoundError\x1B[0m: [Errno 2] No such file or directory: 'documents/example.txt'"
  ]
}
14:03:21.783 [info] Ending debug session 3a5397b7-f31b-4847-a2ec-531114b84fd9
14:03:21.783 [info] Ending debug session 3a5397b7-f31b-4847-a2ec-531114b84fd9
14:06:57.105 [info] Ending debug session 7faaae71-7440-4f58-8345-a40af9f43faa
14:06:57.105 [info] Ending debug session 7faaae71-7440-4f58-8345-a40af9f43faa
14:12:41.312 [info] Ending debug session 7faaae71-7440-4f58-8345-a40af9f43faa
14:12:41.312 [info] Ending debug session 7faaae71-7440-4f58-8345-a40af9f43faa
16:00:38.892 [info] Disposing request as the cell (1) was deleted ~/Study/Jan_21.ipynb
16:00:38.892 [info] Disposing request as the cell (3) was deleted ~/Study/Jan_21.ipynb
16:00:38.892 [info] Disposing request as the cell (3) was deleted ~/Study/Jan_21.ipynb
16:00:38.892 [info] Disposing request as the cell (3) was deleted ~/Study/Jan_21.ipynb
16:00:38.892 [info] Disposing request as the cell (4) was deleted ~/Study/Jan_21.ipynb
16:00:38.892 [info] Disposing request as the cell (5) was deleted ~/Study/Jan_21.ipynb
16:00:38.892 [info] Disposing request as the cell (7) was deleted ~/Study/Jan_21.ipynb
16:00:38.892 [info] Disposing request as the cell (7) was deleted ~/Study/Jan_21.ipynb
16:00:38.892 [info] Disposing request as the cell (8) was deleted ~/Study/Jan_21.ipynb
16:00:38.892 [info] Disposing request as the cell (9) was deleted ~/Study/Jan_21.ipynb
16:00:38.893 [info] Dispose Kernel '~/Study/Jan_21.ipynb' associated with '~/Study/Jan_21.ipynb'
16:18:29.300 [info] Starting Kernel (Python Path: /opt/anaconda3/envs/bogdong/bin/python, Conda, 3.12.8) for '~/Study/Jan_21.ipynb' (disableUI=true)
16:18:30.483 [info] Process Execution: /opt/anaconda3/envs/bogdong/bin/python -c "import ipykernel; print(ipykernel.__version__); print("5dc3a68c-e34e-4080-9c3e-2a532b2ccb4d"); print(ipykernel.__file__)"
16:18:30.485 [info] Process Execution: /opt/anaconda3/envs/bogdong/bin/python -m ipykernel_launcher --f=/home/~/.local/share/jupyter/runtime/kernel-v3fb964d1a62af3dc93b3467252fe835ddae631681.json
    > cwd: //home/~/Study
16:18:30.488 [info] Process Execution: /opt/anaconda3/envs/bogdong/bin/python -m pip list
16:18:30.734 [info] Kernel successfully started
16:55:49.258 [info] Dispose Kernel '~/Study/Jan_21.ipynb' associated with '~/Study/Jan_21.ipynb'
16:55:49.258 [info] Dispose Kernel '~/Study/Jan_21.ipynb' associated with '~/Study/Jan_21.ipynb'
